2023-07-23 20:07:47,618 [INFO] Starting News Gatherer
2023-07-23 20:07:47,618 [INFO] Collecting news content from 32 domains.
2023-07-23 20:07:47,619 [INFO] 
-------------------------------------------------------------------------------------------------------
2023-07-23 20:07:47,619 [INFO] Gathering news articles from crikey from 2022-09-01 to 2022-10-01
2023-07-23 20:07:47,619 [INFO] 
API call:
https://newsdata.io/api/1/archive?apikey=pub_200592638f3f0a1a0b3548daf92b7304983f8&q=&domain=crikey&language=en&from_date=2022-09-01&to_date=2022-10-01&country=au
2023-07-23 20:07:49,410 [INFO] Response: 200
2023-07-23 20:07:49,412 [INFO] Gathering page 1 of 4
2023-07-23 20:07:49,419 [INFO] 
API call:
https://newsdata.io/api/1/archive?apikey=pub_200592638f3f0a1a0b3548daf92b7304983f8&q=&domain=crikey&language=en&from_date=2022-09-01&to_date=2022-10-01&country=au&page=166390080100a6bbd50a52e39bd466a1701f80f29b
2023-07-23 20:07:50,714 [INFO] Response: 200
2023-07-23 20:07:50,716 [INFO] Gathering page 2 of 4
2023-07-23 20:07:50,720 [INFO] 
API call:
https://newsdata.io/api/1/archive?apikey=pub_200592638f3f0a1a0b3548daf92b7304983f8&q=&domain=crikey&language=en&from_date=2022-09-01&to_date=2022-10-01&country=au&page=166318910717421706fc7fff0566002e0929b696d7
2023-07-23 20:07:52,324 [INFO] Response: 200
2023-07-23 20:07:52,327 [INFO] Gathering page 3 of 4
2023-07-23 20:07:52,331 [INFO] 
API call:
https://newsdata.io/api/1/archive?apikey=pub_200592638f3f0a1a0b3548daf92b7304983f8&q=&domain=crikey&language=en&from_date=2022-09-01&to_date=2022-10-01&country=au&page=16624264678eb4f053859599f852791014dca0acf5
2023-07-23 20:07:53,402 [INFO] Response: 200
2023-07-23 20:07:53,404 [INFO] Gathering page 4 of 4
2023-07-23 20:07:53,407 [INFO] 
Compiling 4 pages of results...
2023-07-23 20:07:53,413 [INFO] All news articles gathered from crikey from 2022-09-01 to 2022-10-01!
2023-07-23 20:07:53,414 [INFO] Processing tables...
