2023-07-12 09:20:45,610 [INFO] Starting News Gatherer
2023-07-12 09:20:45,610 [INFO] Collecting news content from 31 domains.
2023-07-12 09:20:45,611 [INFO] 
-------------------------------------------------------------------------------------------------------
2023-07-12 09:20:45,611 [INFO] Gathering news articles from heraldsun from 2022-09-01 to 2022-10-01
2023-07-12 09:20:45,611 [INFO] 
API call:
https://newsdata.io/api/1/archive?apikey=pub_200592638f3f0a1a0b3548daf92b7304983f8&q=&domain=heraldsun&language=en&from_date=2022-09-01&to_date=2022-10-01&country=au
2023-07-12 09:20:56,536 [INFO] Response: 500
2023-07-12 09:20:56,536 [INFO] Bad response: 500
2023-07-12 09:20:56,537 [INFO] 
-------------------------------------------------------------------------------------------------------
2023-07-12 09:20:56,537 [INFO] Gathering news articles from abc_net from 2022-09-01 to 2022-10-01
2023-07-12 09:20:56,537 [INFO] 
API call:
https://newsdata.io/api/1/archive?apikey=pub_200592638f3f0a1a0b3548daf92b7304983f8&q=&domain=abc_net&language=en&from_date=2022-09-01&to_date=2022-10-01&country=au
2023-07-12 09:21:06,718 [INFO] Response: 200
2023-07-12 09:21:06,720 [INFO] Gathering page 1 of 7
2023-07-12 09:21:06,722 [INFO] 
API call:
https://newsdata.io/api/1/archive?apikey=pub_200592638f3f0a1a0b3548daf92b7304983f8&q=&domain=abc_net&language=en&from_date=2022-09-01&to_date=2022-10-01&country=au&page=16642412609f22f0dfe866703882379353ca2ea1a4
2023-07-12 09:21:17,825 [INFO] Response: 200
2023-07-12 09:21:17,826 [INFO] Gathering page 2 of 7
2023-07-12 09:21:17,828 [INFO] 
API call:
https://newsdata.io/api/1/archive?apikey=pub_200592638f3f0a1a0b3548daf92b7304983f8&q=&domain=abc_net&language=en&from_date=2022-09-01&to_date=2022-10-01&country=au&page=166388948848de3065962dbe83c27317e21a62b258
2023-07-12 09:21:28,664 [INFO] Response: 500
2023-07-12 09:21:28,664 [INFO] 'totalResults'
2023-07-12 09:21:28,664 [INFO] 
Gather complete!
