2023-12-15 17:28:43,605 [INFO] Starting News Gatherer
2023-12-15 17:28:43,605 [INFO] Collecting news content from 22 domains.
2023-12-15 17:28:43,605 [INFO] 
-------------------------------------------------------------------------------------------------------
2023-12-15 17:28:43,606 [INFO] Gathering news articles from thewest from 2023-11-05 to 2023-11-10
2023-12-15 17:28:43,606 [INFO] 
API call:
https://newsdata.io/api/1/archive?apikey=pub_200592638f3f0a1a0b3548daf92b7304983f8&q=*&domain=thewest&language=en&from_date=2023-11-05&to_date=2023-11-10&country=au
2023-12-15 17:28:44,737 [INFO] Response: 200
2023-12-15 17:28:44,737 [INFO] Gathering page 1 of 11
2023-12-15 17:28:44,738 [INFO] 
API call:
https://newsdata.io/api/1/archive?apikey=pub_200592638f3f0a1a0b3548daf92b7304983f8&q=*&domain=thewest&language=en&from_date=2023-11-05&to_date=2023-11-10&country=au&page=1699570557454411158
2023-12-15 17:28:45,631 [INFO] Response: 200
2023-12-15 17:28:45,632 [INFO] Gathering page 2 of 11
2023-12-15 17:28:45,633 [INFO] 
API call:
https://newsdata.io/api/1/archive?apikey=pub_200592638f3f0a1a0b3548daf92b7304983f8&q=*&domain=thewest&language=en&from_date=2023-11-05&to_date=2023-11-10&country=au&page=1699512745547723280
2023-12-15 17:28:47,236 [INFO] Response: 200
2023-12-15 17:28:47,236 [INFO] Gathering page 3 of 11
2023-12-15 17:28:47,237 [INFO] 
API call:
https://newsdata.io/api/1/archive?apikey=pub_200592638f3f0a1a0b3548daf92b7304983f8&q=*&domain=thewest&language=en&from_date=2023-11-05&to_date=2023-11-10&country=au&page=1699487385164004203
2023-12-15 17:28:51,147 [INFO] Response: 200
2023-12-15 17:28:51,147 [INFO] Gathering page 4 of 11
2023-12-15 17:28:51,148 [INFO] 
API call:
https://newsdata.io/api/1/archive?apikey=pub_200592638f3f0a1a0b3548daf92b7304983f8&q=*&domain=thewest&language=en&from_date=2023-11-05&to_date=2023-11-10&country=au&page=1699437362636931105
2023-12-15 17:28:52,136 [INFO] Response: 200
2023-12-15 17:28:52,137 [INFO] Gathering page 5 of 11
2023-12-15 17:28:52,139 [INFO] 
API call:
https://newsdata.io/api/1/archive?apikey=pub_200592638f3f0a1a0b3548daf92b7304983f8&q=*&domain=thewest&language=en&from_date=2023-11-05&to_date=2023-11-10&country=au&page=1699383600475397536
2023-12-15 17:28:53,271 [INFO] Response: 200
2023-12-15 17:28:53,271 [INFO] Gathering page 6 of 11
2023-12-15 17:28:53,272 [INFO] 
API call:
https://newsdata.io/api/1/archive?apikey=pub_200592638f3f0a1a0b3548daf92b7304983f8&q=*&domain=thewest&language=en&from_date=2023-11-05&to_date=2023-11-10&country=au&page=1699334708292674802
2023-12-15 17:28:54,456 [INFO] Response: 200
2023-12-15 17:28:54,457 [INFO] Gathering page 7 of 11
2023-12-15 17:28:54,457 [INFO] 
API call:
https://newsdata.io/api/1/archive?apikey=pub_200592638f3f0a1a0b3548daf92b7304983f8&q=*&domain=thewest&language=en&from_date=2023-11-05&to_date=2023-11-10&country=au&page=1699256671104662566
2023-12-15 17:28:55,353 [INFO] Response: 200
2023-12-15 17:28:55,354 [INFO] Gathering page 8 of 11
2023-12-15 17:28:55,355 [INFO] 
API call:
https://newsdata.io/api/1/archive?apikey=pub_200592638f3f0a1a0b3548daf92b7304983f8&q=*&domain=thewest&language=en&from_date=2023-11-05&to_date=2023-11-10&country=au&page=1699241091212343631
2023-12-15 17:28:56,521 [INFO] Response: 200
2023-12-15 17:28:56,521 [INFO] Gathering page 9 of 11
2023-12-15 17:28:56,522 [INFO] 
API call:
https://newsdata.io/api/1/archive?apikey=pub_200592638f3f0a1a0b3548daf92b7304983f8&q=*&domain=thewest&language=en&from_date=2023-11-05&to_date=2023-11-10&country=au&page=1699207200061038473
2023-12-15 17:28:57,514 [INFO] Response: 200
2023-12-15 17:28:57,514 [INFO] Gathering page 10 of 11
2023-12-15 17:28:57,515 [INFO] 
API call:
https://newsdata.io/api/1/archive?apikey=pub_200592638f3f0a1a0b3548daf92b7304983f8&q=*&domain=thewest&language=en&from_date=2023-11-05&to_date=2023-11-10&country=au&page=1699156199487381453
2023-12-15 17:28:58,366 [INFO] Response: 200
2023-12-15 17:28:58,367 [INFO] Gathering page 11 of 11
2023-12-15 17:28:58,367 [INFO] 
Compiling 11 pages of results...
2023-12-15 17:28:58,368 [INFO] All news articles gathered from thewest from 2023-11-05 to 2023-11-10!
2023-12-15 17:28:58,368 [INFO] Processing tables...
2023-12-15 17:28:58,401 [INFO] Tables have been processed.
2023-12-15 17:28:58,401 [INFO] 
Pushing results from thewest to Google BigQuery database...
2023-12-15 17:28:59,539 [INFO] Dataset dmrc-data.newsdataio_2024 already exists
2023-12-15 17:28:59,907 [INFO] Table exists
2023-12-15 17:29:11,766 [INFO] Loaded 3166 rows and 12 columns to dmrc-data.newsdataio_2024.newsdata_nov2023_au
2023-12-15 17:29:12,118 [INFO] Table exists
2023-12-15 17:29:18,078 [INFO] Loaded 3177 rows and 2 columns to dmrc-data.newsdataio_2024.newsdata_nov2023_au_categories
2023-12-15 17:29:18,473 [INFO] Table exists
2023-12-15 17:29:24,827 [INFO] Loaded 7714 rows and 2 columns to dmrc-data.newsdataio_2024.newsdata_nov2023_au_keywords
2023-12-15 17:29:25,149 [INFO] Table exists
2023-12-15 17:29:30,645 [INFO] Loaded 3606 rows and 2 columns to dmrc-data.newsdataio_2024.newsdata_nov2023_au_creators
2023-12-15 17:29:30,645 [INFO] 
-------------------------------------------------------------------------------------------------------
2023-12-15 17:29:30,645 [INFO] Gathering news articles from yahoo from 2023-11-05 to 2023-11-10
2023-12-15 17:29:30,645 [INFO] 
API call:
https://newsdata.io/api/1/archive?apikey=pub_200592638f3f0a1a0b3548daf92b7304983f8&q=*&domain=yahoo&language=en&from_date=2023-11-05&to_date=2023-11-10&country=au
2023-12-15 17:29:31,659 [INFO] Response: 200
2023-12-15 17:29:31,661 [INFO] Gathering page 1 of 5
2023-12-15 17:29:31,663 [INFO] 
API call:
https://newsdata.io/api/1/archive?apikey=pub_200592638f3f0a1a0b3548daf92b7304983f8&q=*&domain=yahoo&language=en&from_date=2023-11-05&to_date=2023-11-10&country=au&page=1699504647305365418
2023-12-15 17:29:32,619 [INFO] Response: 200
2023-12-15 17:29:32,620 [INFO] Gathering page 2 of 5
2023-12-15 17:29:32,620 [INFO] 
API call:
https://newsdata.io/api/1/archive?apikey=pub_200592638f3f0a1a0b3548daf92b7304983f8&q=*&domain=yahoo&language=en&from_date=2023-11-05&to_date=2023-11-10&country=au&page=1699411237183160982
2023-12-15 17:29:33,490 [INFO] Response: 200
2023-12-15 17:29:33,491 [INFO] Gathering page 3 of 5
2023-12-15 17:29:33,491 [INFO] 
API call:
https://newsdata.io/api/1/archive?apikey=pub_200592638f3f0a1a0b3548daf92b7304983f8&q=*&domain=yahoo&language=en&from_date=2023-11-05&to_date=2023-11-10&country=au&page=1699332106866765802
2023-12-15 17:29:34,364 [INFO] Response: 200
2023-12-15 17:29:34,366 [INFO] Gathering page 4 of 5
2023-12-15 17:29:34,368 [INFO] 
API call:
https://newsdata.io/api/1/archive?apikey=pub_200592638f3f0a1a0b3548daf92b7304983f8&q=*&domain=yahoo&language=en&from_date=2023-11-05&to_date=2023-11-10&country=au&page=1699255080327727310
2023-12-15 17:29:35,294 [INFO] Response: 200
2023-12-15 17:29:35,296 [INFO] Gathering page 5 of 5
2023-12-15 17:29:35,298 [INFO] 
Compiling 5 pages of results...
2023-12-15 17:29:35,300 [INFO] All news articles gathered from yahoo from 2023-11-05 to 2023-11-10!
2023-12-15 17:29:35,300 [INFO] Processing tables...
2023-12-15 17:29:35,321 [INFO] Tables have been processed.
2023-12-15 17:29:35,321 [INFO] 
Pushing results from yahoo to Google BigQuery database...
2023-12-15 17:29:36,145 [INFO] Dataset dmrc-data.newsdataio_2024 already exists
2023-12-15 17:29:36,483 [INFO] Table exists
2023-12-15 17:29:45,985 [INFO] Loaded 3407 rows and 12 columns to dmrc-data.newsdataio_2024.newsdata_nov2023_au
2023-12-15 17:29:46,307 [INFO] Table exists
2023-12-15 17:29:53,147 [INFO] Loaded 3418 rows and 2 columns to dmrc-data.newsdataio_2024.newsdata_nov2023_au_categories
2023-12-15 17:29:53,522 [INFO] Table exists
2023-12-15 17:29:59,067 [INFO] Loaded 7955 rows and 2 columns to dmrc-data.newsdataio_2024.newsdata_nov2023_au_keywords
2023-12-15 17:29:59,390 [INFO] Table exists
2023-12-15 17:30:05,557 [INFO] Loaded 3847 rows and 2 columns to dmrc-data.newsdataio_2024.newsdata_nov2023_au_creators
2023-12-15 17:30:05,558 [INFO] 
-------------------------------------------------------------------------------------------------------
2023-12-15 17:30:05,558 [INFO] Gathering news articles from 7news from 2023-11-05 to 2023-11-10
2023-12-15 17:30:05,558 [INFO] 
API call:
https://newsdata.io/api/1/archive?apikey=pub_200592638f3f0a1a0b3548daf92b7304983f8&q=*&domain=7news&language=en&from_date=2023-11-05&to_date=2023-11-10&country=au
2023-12-15 17:30:08,005 [INFO] Response: 200
2023-12-15 17:30:08,006 [INFO] Gathering page 1 of 5
2023-12-15 17:30:08,007 [INFO] 
API call:
https://newsdata.io/api/1/archive?apikey=pub_200592638f3f0a1a0b3548daf92b7304983f8&q=*&domain=7news&language=en&from_date=2023-11-05&to_date=2023-11-10&country=au&page=1699576526890972539
2023-12-15 17:30:09,860 [INFO] Response: 200
2023-12-15 17:30:09,861 [INFO] Gathering page 2 of 5
2023-12-15 17:30:09,865 [INFO] 
API call:
https://newsdata.io/api/1/archive?apikey=pub_200592638f3f0a1a0b3548daf92b7304983f8&q=*&domain=7news&language=en&from_date=2023-11-05&to_date=2023-11-10&country=au&page=1699432528040818483
2023-12-15 17:30:11,345 [INFO] Response: 200
2023-12-15 17:30:11,346 [INFO] Gathering page 3 of 5
2023-12-15 17:30:11,347 [INFO] 
API call:
https://newsdata.io/api/1/archive?apikey=pub_200592638f3f0a1a0b3548daf92b7304983f8&q=*&domain=7news&language=en&from_date=2023-11-05&to_date=2023-11-10&country=au&page=1699320299828155605
2023-12-15 17:30:12,760 [INFO] Response: 200
2023-12-15 17:30:12,761 [INFO] Gathering page 4 of 5
2023-12-15 17:30:12,763 [INFO] 
API call:
https://newsdata.io/api/1/archive?apikey=pub_200592638f3f0a1a0b3548daf92b7304983f8&q=*&domain=7news&language=en&from_date=2023-11-05&to_date=2023-11-10&country=au&page=1699230960936360783
2023-12-15 17:30:14,193 [INFO] Response: 200
2023-12-15 17:30:14,194 [INFO] Gathering page 5 of 5
2023-12-15 17:30:14,195 [INFO] 
Compiling 5 pages of results...
2023-12-15 17:30:14,196 [INFO] All news articles gathered from 7news from 2023-11-05 to 2023-11-10!
2023-12-15 17:30:14,196 [INFO] Processing tables...
2023-12-15 17:30:14,241 [INFO] Tables have been processed.
2023-12-15 17:30:14,242 [INFO] 
Pushing results from 7news to Google BigQuery database...
2023-12-15 17:30:15,040 [INFO] Dataset dmrc-data.newsdataio_2024 already exists
2023-12-15 17:30:15,379 [INFO] Table exists
2023-12-15 17:30:23,933 [INFO] Loaded 3640 rows and 12 columns to dmrc-data.newsdataio_2024.newsdata_nov2023_au
2023-12-15 17:30:24,433 [INFO] Table exists
2023-12-15 17:30:29,785 [INFO] Loaded 3651 rows and 2 columns to dmrc-data.newsdataio_2024.newsdata_nov2023_au_categories
2023-12-15 17:30:30,118 [INFO] Table exists
2023-12-15 17:30:37,669 [INFO] Loaded 8188 rows and 2 columns to dmrc-data.newsdataio_2024.newsdata_nov2023_au_keywords
2023-12-15 17:30:38,010 [INFO] Table exists
2023-12-15 17:30:42,991 [INFO] Loaded 4112 rows and 2 columns to dmrc-data.newsdataio_2024.newsdata_nov2023_au_creators
2023-12-15 17:30:42,992 [INFO] 
-------------------------------------------------------------------------------------------------------
2023-12-15 17:30:42,992 [INFO] Gathering news articles from skynewsau from 2023-11-05 to 2023-11-10
2023-12-15 17:30:42,992 [INFO] 
API call:
https://newsdata.io/api/1/archive?apikey=pub_200592638f3f0a1a0b3548daf92b7304983f8&q=*&domain=skynewsau&language=en&from_date=2023-11-05&to_date=2023-11-10&country=au
2023-12-15 17:30:44,228 [INFO] Response: 200
2023-12-15 17:30:44,230 [INFO] Gathering page 1 of 5
2023-12-15 17:30:44,232 [INFO] 
API call:
https://newsdata.io/api/1/archive?apikey=pub_200592638f3f0a1a0b3548daf92b7304983f8&q=*&domain=skynewsau&language=en&from_date=2023-11-05&to_date=2023-11-10&country=au&page=1699505388907745934
2023-12-15 17:30:45,376 [INFO] Response: 200
2023-12-15 17:30:45,377 [INFO] Gathering page 2 of 5
2023-12-15 17:30:45,379 [INFO] 
API call:
https://newsdata.io/api/1/archive?apikey=pub_200592638f3f0a1a0b3548daf92b7304983f8&q=*&domain=skynewsau&language=en&from_date=2023-11-05&to_date=2023-11-10&country=au&page=1699389619111699699
2023-12-15 17:30:46,530 [INFO] Response: 200
2023-12-15 17:30:46,531 [INFO] Gathering page 3 of 5
2023-12-15 17:30:46,534 [INFO] 
API call:
https://newsdata.io/api/1/archive?apikey=pub_200592638f3f0a1a0b3548daf92b7304983f8&q=*&domain=skynewsau&language=en&from_date=2023-11-05&to_date=2023-11-10&country=au&page=1699254069255103863
2023-12-15 17:30:47,664 [INFO] Response: 200
2023-12-15 17:30:47,666 [INFO] Gathering page 4 of 5
2023-12-15 17:30:47,668 [INFO] 
API call:
https://newsdata.io/api/1/archive?apikey=pub_200592638f3f0a1a0b3548daf92b7304983f8&q=*&domain=skynewsau&language=en&from_date=2023-11-05&to_date=2023-11-10&country=au&page=1699173184539939383
2023-12-15 17:30:48,547 [INFO] Response: 200
2023-12-15 17:30:48,548 [INFO] Gathering page 5 of 5
2023-12-15 17:30:48,550 [INFO] 
Compiling 5 pages of results...
2023-12-15 17:30:48,552 [INFO] All news articles gathered from skynewsau from 2023-11-05 to 2023-11-10!
2023-12-15 17:30:48,553 [INFO] Processing tables...
2023-12-15 17:30:48,604 [INFO] Tables have been processed.
2023-12-15 17:30:48,604 [INFO] 
Pushing results from skynewsau to Google BigQuery database...
2023-12-15 17:30:49,342 [INFO] Dataset dmrc-data.newsdataio_2024 already exists
2023-12-15 17:30:49,678 [INFO] Table exists
2023-12-15 17:30:55,900 [INFO] Loaded 3849 rows and 12 columns to dmrc-data.newsdataio_2024.newsdata_nov2023_au
2023-12-15 17:30:56,255 [INFO] Table exists
2023-12-15 17:31:04,496 [INFO] Loaded 3860 rows and 2 columns to dmrc-data.newsdataio_2024.newsdata_nov2023_au_categories
2023-12-15 17:31:04,877 [INFO] Table exists
2023-12-15 17:31:10,416 [INFO] Loaded 9690 rows and 2 columns to dmrc-data.newsdataio_2024.newsdata_nov2023_au_keywords
2023-12-15 17:31:10,831 [INFO] Table exists
2023-12-15 17:31:16,767 [INFO] Loaded 4321 rows and 2 columns to dmrc-data.newsdataio_2024.newsdata_nov2023_au_creators
2023-12-15 17:31:16,768 [INFO] 
-------------------------------------------------------------------------------------------------------
2023-12-15 17:31:16,768 [INFO] Gathering news articles from sbs from 2023-11-05 to 2023-11-10
2023-12-15 17:31:16,768 [INFO] 
API call:
https://newsdata.io/api/1/archive?apikey=pub_200592638f3f0a1a0b3548daf92b7304983f8&q=*&domain=sbs&language=en&from_date=2023-11-05&to_date=2023-11-10&country=au
2023-12-15 17:31:18,437 [INFO] Response: 200
2023-12-15 17:31:18,439 [INFO] Gathering page 1 of 1
2023-12-15 17:31:18,441 [INFO] 
Compiling 1 pages of results...
2023-12-15 17:31:18,442 [INFO] All news articles gathered from sbs from 2023-11-05 to 2023-11-10!
2023-12-15 17:31:18,442 [INFO] Processing tables...
2023-12-15 17:31:18,460 [INFO] Tables have been processed.
2023-12-15 17:31:18,460 [INFO] 
Pushing results from sbs to Google BigQuery database...
2023-12-15 17:31:19,270 [INFO] Dataset dmrc-data.newsdataio_2024 already exists
2023-12-15 17:31:19,604 [INFO] Table exists
2023-12-15 17:31:25,644 [INFO] Loaded 3895 rows and 12 columns to dmrc-data.newsdataio_2024.newsdata_nov2023_au
2023-12-15 17:31:26,052 [INFO] Table exists
2023-12-15 17:31:31,200 [INFO] Loaded 3906 rows and 2 columns to dmrc-data.newsdataio_2024.newsdata_nov2023_au_categories
2023-12-15 17:31:31,525 [INFO] Table exists
2023-12-15 17:31:36,544 [INFO] Loaded 9748 rows and 2 columns to dmrc-data.newsdataio_2024.newsdata_nov2023_au_keywords
2023-12-15 17:31:36,863 [INFO] Table exists
2023-12-15 17:31:42,764 [INFO] Loaded 4367 rows and 2 columns to dmrc-data.newsdataio_2024.newsdata_nov2023_au_creators
2023-12-15 17:31:42,764 [INFO] 
-------------------------------------------------------------------------------------------------------
2023-12-15 17:31:42,764 [INFO] Gathering news articles from reneweconomy from 2023-11-05 to 2023-11-10
2023-12-15 17:31:42,765 [INFO] 
API call:
https://newsdata.io/api/1/archive?apikey=pub_200592638f3f0a1a0b3548daf92b7304983f8&q=*&domain=reneweconomy&language=en&from_date=2023-11-05&to_date=2023-11-10&country=au
2023-12-15 17:31:44,223 [INFO] Response: 200
2023-12-15 17:31:44,224 [INFO] Gathering page 1 of 1
2023-12-15 17:31:44,225 [INFO] 
Compiling 1 pages of results...
2023-12-15 17:31:44,225 [INFO] All news articles gathered from reneweconomy from 2023-11-05 to 2023-11-10!
2023-12-15 17:31:44,225 [INFO] Processing tables...
2023-12-15 17:31:44,244 [INFO] Tables have been processed.
2023-12-15 17:31:44,244 [INFO] 
Pushing results from reneweconomy to Google BigQuery database...
2023-12-15 17:31:45,039 [INFO] Dataset dmrc-data.newsdataio_2024 already exists
2023-12-15 17:31:45,373 [INFO] Table exists
2023-12-15 17:31:53,148 [INFO] Loaded 3922 rows and 12 columns to dmrc-data.newsdataio_2024.newsdata_nov2023_au
2023-12-15 17:31:53,467 [INFO] Table exists
2023-12-15 17:32:01,554 [INFO] Loaded 3933 rows and 2 columns to dmrc-data.newsdataio_2024.newsdata_nov2023_au_categories
2023-12-15 17:32:01,900 [INFO] Table exists
2023-12-15 17:32:11,276 [INFO] Loaded 9905 rows and 2 columns to dmrc-data.newsdataio_2024.newsdata_nov2023_au_keywords
2023-12-15 17:32:11,628 [INFO] Table exists
2023-12-15 17:32:17,401 [INFO] Loaded 4394 rows and 2 columns to dmrc-data.newsdataio_2024.newsdata_nov2023_au_creators
2023-12-15 17:32:17,401 [INFO] 
-------------------------------------------------------------------------------------------------------
2023-12-15 17:32:17,401 [INFO] Gathering news articles from womensagenda from 2023-11-05 to 2023-11-10
2023-12-15 17:32:17,401 [INFO] 
API call:
https://newsdata.io/api/1/archive?apikey=pub_200592638f3f0a1a0b3548daf92b7304983f8&q=*&domain=womensagenda&language=en&from_date=2023-11-05&to_date=2023-11-10&country=au
2023-12-15 17:32:19,780 [INFO] Response: 200
2023-12-15 17:32:19,781 [INFO] Gathering page 1 of 1
2023-12-15 17:32:19,782 [INFO] 
Compiling 1 pages of results...
2023-12-15 17:32:19,782 [INFO] All news articles gathered from womensagenda from 2023-11-05 to 2023-11-10!
2023-12-15 17:32:19,782 [INFO] Processing tables...
2023-12-15 17:32:19,803 [INFO] Tables have been processed.
2023-12-15 17:32:19,804 [INFO] 
Pushing results from womensagenda to Google BigQuery database...
2023-12-15 17:32:20,544 [INFO] Dataset dmrc-data.newsdataio_2024 already exists
2023-12-15 17:32:20,879 [INFO] Table exists
2023-12-15 17:32:27,292 [INFO] Loaded 3950 rows and 12 columns to dmrc-data.newsdataio_2024.newsdata_nov2023_au
2023-12-15 17:32:27,649 [INFO] Table exists
2023-12-15 17:32:36,658 [INFO] Loaded 3961 rows and 2 columns to dmrc-data.newsdataio_2024.newsdata_nov2023_au_categories
2023-12-15 17:32:37,021 [INFO] Table exists
2023-12-15 17:32:44,785 [INFO] Loaded 10080 rows and 2 columns to dmrc-data.newsdataio_2024.newsdata_nov2023_au_keywords
2023-12-15 17:32:45,123 [INFO] Table exists
2023-12-15 17:32:51,190 [INFO] Loaded 4422 rows and 2 columns to dmrc-data.newsdataio_2024.newsdata_nov2023_au_creators
2023-12-15 17:32:51,190 [INFO] 
-------------------------------------------------------------------------------------------------------
2023-12-15 17:32:51,190 [INFO] Gathering news articles from spectator from 2023-11-05 to 2023-11-10
2023-12-15 17:32:51,191 [INFO] 
API call:
https://newsdata.io/api/1/archive?apikey=pub_200592638f3f0a1a0b3548daf92b7304983f8&q=*&domain=spectator&language=en&from_date=2023-11-05&to_date=2023-11-10&country=au
2023-12-15 17:32:52,186 [INFO] Response: 200
2023-12-15 17:32:52,187 [INFO] Gathering page 1 of 0
2023-12-15 17:32:52,192 [INFO] No results for spectator during your specified timeframe!
2023-12-15 17:32:52,192 [INFO] 
-------------------------------------------------------------------------------------------------------
2023-12-15 17:32:52,192 [INFO] Gathering news articles from greenleft from 2023-11-05 to 2023-11-10
2023-12-15 17:32:52,192 [INFO] 
API call:
https://newsdata.io/api/1/archive?apikey=pub_200592638f3f0a1a0b3548daf92b7304983f8&q=*&domain=greenleft&language=en&from_date=2023-11-05&to_date=2023-11-10&country=au
2023-12-15 17:32:53,425 [INFO] Response: 200
2023-12-15 17:32:53,425 [INFO] Gathering page 1 of 1
2023-12-15 17:32:53,427 [INFO] 
Compiling 1 pages of results...
2023-12-15 17:32:53,427 [INFO] All news articles gathered from greenleft from 2023-11-05 to 2023-11-10!
2023-12-15 17:32:53,427 [INFO] Processing tables...
2023-12-15 17:32:53,457 [INFO] Tables have been processed.
2023-12-15 17:32:53,457 [INFO] 
Pushing results from greenleft to Google BigQuery database...
2023-12-15 17:32:54,250 [INFO] Dataset dmrc-data.newsdataio_2024 already exists
2023-12-15 17:32:54,590 [INFO] Table exists
2023-12-15 17:33:00,589 [INFO] Loaded 3972 rows and 12 columns to dmrc-data.newsdataio_2024.newsdata_nov2023_au
2023-12-15 17:33:00,932 [INFO] Table exists
2023-12-15 17:33:06,315 [INFO] Loaded 3983 rows and 2 columns to dmrc-data.newsdataio_2024.newsdata_nov2023_au_categories
2023-12-15 17:33:06,656 [INFO] Table exists
2023-12-15 17:33:13,001 [INFO] Loaded 10102 rows and 2 columns to dmrc-data.newsdataio_2024.newsdata_nov2023_au_keywords
2023-12-15 17:33:13,305 [INFO] Table exists
2023-12-15 17:33:21,475 [INFO] Loaded 4445 rows and 2 columns to dmrc-data.newsdataio_2024.newsdata_nov2023_au_creators
2023-12-15 17:33:21,475 [INFO] 
-------------------------------------------------------------------------------------------------------
2023-12-15 17:33:21,475 [INFO] Gathering news articles from rebelnews from 2023-11-05 to 2023-11-10
2023-12-15 17:33:21,476 [INFO] 
API call:
https://newsdata.io/api/1/archive?apikey=pub_200592638f3f0a1a0b3548daf92b7304983f8&q=*&domain=rebelnews&language=en&from_date=2023-11-05&to_date=2023-11-10&country=au
2023-12-15 17:33:22,787 [INFO] Response: 200
2023-12-15 17:33:22,787 [INFO] Gathering page 1 of 0
2023-12-15 17:33:22,788 [INFO] No results for rebelnews during your specified timeframe!
2023-12-15 17:33:22,788 [INFO] 
-------------------------------------------------------------------------------------------------------
2023-12-15 17:33:22,788 [INFO] Gathering news articles from quadrant from 2023-11-05 to 2023-11-10
2023-12-15 17:33:22,788 [INFO] 
API call:
https://newsdata.io/api/1/archive?apikey=pub_200592638f3f0a1a0b3548daf92b7304983f8&q=*&domain=quadrant&language=en&from_date=2023-11-05&to_date=2023-11-10&country=au
2023-12-15 17:33:24,469 [INFO] Response: 200
2023-12-15 17:33:24,469 [INFO] Gathering page 1 of 1
2023-12-15 17:33:24,470 [INFO] 
Compiling 1 pages of results...
2023-12-15 17:33:24,470 [INFO] All news articles gathered from quadrant from 2023-11-05 to 2023-11-10!
2023-12-15 17:33:24,470 [INFO] Processing tables...
2023-12-15 17:33:24,485 [INFO] Tables have been processed.
2023-12-15 17:33:24,485 [INFO] 
Pushing results from quadrant to Google BigQuery database...
2023-12-15 17:33:25,238 [INFO] Dataset dmrc-data.newsdataio_2024 already exists
2023-12-15 17:33:25,558 [INFO] Table exists
2023-12-15 17:33:30,697 [INFO] Loaded 3973 rows and 12 columns to dmrc-data.newsdataio_2024.newsdata_nov2023_au
2023-12-15 17:33:31,092 [INFO] Table exists
2023-12-15 17:33:36,241 [INFO] Loaded 3984 rows and 2 columns to dmrc-data.newsdataio_2024.newsdata_nov2023_au_categories
2023-12-15 17:33:36,575 [INFO] Table exists
2023-12-15 17:33:42,683 [INFO] Loaded 10103 rows and 2 columns to dmrc-data.newsdataio_2024.newsdata_nov2023_au_keywords
2023-12-15 17:33:42,980 [INFO] Table exists
2023-12-15 17:33:47,806 [INFO] Loaded 4446 rows and 2 columns to dmrc-data.newsdataio_2024.newsdata_nov2023_au_creators
2023-12-15 17:33:47,806 [INFO] 
-------------------------------------------------------------------------------------------------------
2023-12-15 17:33:47,807 [INFO] Gathering news articles from pedestrian from 2023-11-05 to 2023-11-10
2023-12-15 17:33:47,807 [INFO] 
API call:
https://newsdata.io/api/1/archive?apikey=pub_200592638f3f0a1a0b3548daf92b7304983f8&q=*&domain=pedestrian&language=en&from_date=2023-11-05&to_date=2023-11-10&country=au
2023-12-15 17:33:50,146 [INFO] Response: 200
2023-12-15 17:33:50,148 [INFO] Gathering page 1 of 1
2023-12-15 17:33:50,149 [INFO] 
Compiling 1 pages of results...
2023-12-15 17:33:50,149 [INFO] All news articles gathered from pedestrian from 2023-11-05 to 2023-11-10!
2023-12-15 17:33:50,149 [INFO] Processing tables...
2023-12-15 17:33:50,175 [INFO] Tables have been processed.
2023-12-15 17:33:50,175 [INFO] 
Pushing results from pedestrian to Google BigQuery database...
2023-12-15 17:33:50,933 [INFO] Dataset dmrc-data.newsdataio_2024 already exists
2023-12-15 17:33:51,293 [INFO] Table exists
2023-12-15 17:33:57,801 [INFO] Loaded 4023 rows and 12 columns to dmrc-data.newsdataio_2024.newsdata_nov2023_au
2023-12-15 17:33:58,153 [INFO] Table exists
2023-12-15 17:34:03,653 [INFO] Loaded 4034 rows and 2 columns to dmrc-data.newsdataio_2024.newsdata_nov2023_au_categories
2023-12-15 17:34:03,965 [INFO] Table exists
2023-12-15 17:34:12,463 [INFO] Loaded 10222 rows and 2 columns to dmrc-data.newsdataio_2024.newsdata_nov2023_au_keywords
2023-12-15 17:34:12,789 [INFO] Table exists
2023-12-15 17:34:20,488 [INFO] Loaded 4496 rows and 2 columns to dmrc-data.newsdataio_2024.newsdata_nov2023_au_creators
2023-12-15 17:34:20,489 [INFO] 
-------------------------------------------------------------------------------------------------------
2023-12-15 17:34:20,489 [INFO] Gathering news articles from michaelwest from 2023-11-05 to 2023-11-10
2023-12-15 17:34:20,490 [INFO] 
API call:
https://newsdata.io/api/1/archive?apikey=pub_200592638f3f0a1a0b3548daf92b7304983f8&q=*&domain=michaelwest&language=en&from_date=2023-11-05&to_date=2023-11-10&country=au
2023-12-15 17:34:22,084 [INFO] Response: 200
2023-12-15 17:34:22,087 [INFO] Gathering page 1 of 2
2023-12-15 17:34:22,093 [INFO] 
API call:
https://newsdata.io/api/1/archive?apikey=pub_200592638f3f0a1a0b3548daf92b7304983f8&q=*&domain=michaelwest&language=en&from_date=2023-11-05&to_date=2023-11-10&country=au&page=1699393511039476854
2023-12-15 17:34:23,444 [INFO] Response: 200
2023-12-15 17:34:23,446 [INFO] Gathering page 2 of 2
2023-12-15 17:34:23,448 [INFO] 
Compiling 2 pages of results...
2023-12-15 17:34:23,450 [INFO] All news articles gathered from michaelwest from 2023-11-05 to 2023-11-10!
2023-12-15 17:34:23,450 [INFO] Processing tables...
2023-12-15 17:34:23,474 [INFO] Tables have been processed.
2023-12-15 17:34:23,474 [INFO] 
Pushing results from michaelwest to Google BigQuery database...
2023-12-15 17:34:24,353 [INFO] Dataset dmrc-data.newsdataio_2024 already exists
2023-12-15 17:34:24,715 [INFO] Table exists
2023-12-15 17:34:30,904 [INFO] Loaded 4108 rows and 12 columns to dmrc-data.newsdataio_2024.newsdata_nov2023_au
2023-12-15 17:34:31,282 [INFO] Table exists
2023-12-15 17:34:39,805 [INFO] Loaded 4119 rows and 2 columns to dmrc-data.newsdataio_2024.newsdata_nov2023_au_categories
2023-12-15 17:34:40,108 [INFO] Table exists
2023-12-15 17:34:48,196 [INFO] Loaded 10311 rows and 2 columns to dmrc-data.newsdataio_2024.newsdata_nov2023_au_keywords
2023-12-15 17:34:48,536 [INFO] Table exists
2023-12-15 17:34:56,242 [INFO] Loaded 4582 rows and 2 columns to dmrc-data.newsdataio_2024.newsdata_nov2023_au_creators
2023-12-15 17:34:56,243 [INFO] 
-------------------------------------------------------------------------------------------------------
2023-12-15 17:34:56,243 [INFO] Gathering news articles from junkee from 2023-11-05 to 2023-11-10
2023-12-15 17:34:56,243 [INFO] 
API call:
https://newsdata.io/api/1/archive?apikey=pub_200592638f3f0a1a0b3548daf92b7304983f8&q=*&domain=junkee&language=en&from_date=2023-11-05&to_date=2023-11-10&country=au
2023-12-15 17:34:57,483 [INFO] Response: 200
2023-12-15 17:34:57,485 [INFO] Gathering page 1 of 1
2023-12-15 17:34:57,487 [INFO] 
Compiling 1 pages of results...
2023-12-15 17:34:57,487 [INFO] All news articles gathered from junkee from 2023-11-05 to 2023-11-10!
2023-12-15 17:34:57,488 [INFO] Processing tables...
2023-12-15 17:34:57,521 [INFO] Tables have been processed.
2023-12-15 17:34:57,521 [INFO] 
Pushing results from junkee to Google BigQuery database...
2023-12-15 17:34:58,336 [INFO] Dataset dmrc-data.newsdataio_2024 already exists
2023-12-15 17:34:58,656 [INFO] Table exists
2023-12-15 17:35:04,461 [INFO] Loaded 4118 rows and 12 columns to dmrc-data.newsdataio_2024.newsdata_nov2023_au
2023-12-15 17:35:04,785 [INFO] Table exists
2023-12-15 17:35:10,834 [INFO] Loaded 4129 rows and 2 columns to dmrc-data.newsdataio_2024.newsdata_nov2023_au_categories
2023-12-15 17:35:11,153 [INFO] Table exists
2023-12-15 17:35:16,564 [INFO] Loaded 10359 rows and 2 columns to dmrc-data.newsdataio_2024.newsdata_nov2023_au_keywords
2023-12-15 17:35:16,902 [INFO] Table exists
2023-12-15 17:35:21,900 [INFO] Loaded 4592 rows and 2 columns to dmrc-data.newsdataio_2024.newsdata_nov2023_au_creators
2023-12-15 17:35:21,900 [INFO] 
-------------------------------------------------------------------------------------------------------
2023-12-15 17:35:21,901 [INFO] Gathering news articles from dailymailuk from 2023-11-05 to 2023-11-10
2023-12-15 17:35:21,901 [INFO] 
API call:
https://newsdata.io/api/1/archive?apikey=pub_200592638f3f0a1a0b3548daf92b7304983f8&q=*&domain=dailymailuk&language=en&from_date=2023-11-05&to_date=2023-11-10&country=au
2023-12-15 17:35:22,944 [INFO] Response: 200
2023-12-15 17:35:22,944 [INFO] Gathering page 1 of 1
2023-12-15 17:35:22,946 [INFO] 
Compiling 1 pages of results...
2023-12-15 17:35:22,946 [INFO] All news articles gathered from dailymailuk from 2023-11-05 to 2023-11-10!
2023-12-15 17:35:22,946 [INFO] Processing tables...
2023-12-15 17:35:22,982 [INFO] Tables have been processed.
2023-12-15 17:35:22,982 [INFO] 
Pushing results from dailymailuk to Google BigQuery database...
2023-12-15 17:35:23,840 [INFO] Dataset dmrc-data.newsdataio_2024 already exists
2023-12-15 17:35:24,180 [INFO] Table exists
2023-12-15 17:35:31,556 [INFO] Loaded 4121 rows and 12 columns to dmrc-data.newsdataio_2024.newsdata_nov2023_au
2023-12-15 17:35:32,080 [INFO] Table exists
2023-12-15 17:35:39,339 [INFO] Loaded 4132 rows and 2 columns to dmrc-data.newsdataio_2024.newsdata_nov2023_au_categories
2023-12-15 17:35:39,647 [INFO] Table exists
2023-12-15 17:35:46,217 [INFO] Loaded 10362 rows and 2 columns to dmrc-data.newsdataio_2024.newsdata_nov2023_au_keywords
2023-12-15 17:35:46,572 [INFO] Table exists
2023-12-15 17:35:52,034 [INFO] Loaded 4595 rows and 2 columns to dmrc-data.newsdataio_2024.newsdata_nov2023_au_creators
2023-12-15 17:35:52,034 [INFO] 
-------------------------------------------------------------------------------------------------------
2023-12-15 17:35:52,034 [INFO] Gathering news articles from 6newsau from 2023-11-05 to 2023-11-10
2023-12-15 17:35:52,035 [INFO] 
API call:
https://newsdata.io/api/1/archive?apikey=pub_200592638f3f0a1a0b3548daf92b7304983f8&q=*&domain=6newsau&language=en&from_date=2023-11-05&to_date=2023-11-10&country=au
2023-12-15 17:35:53,073 [INFO] Response: 200
2023-12-15 17:35:53,074 [INFO] Gathering page 1 of 1
2023-12-15 17:35:53,074 [INFO] 
Compiling 1 pages of results...
2023-12-15 17:35:53,075 [INFO] All news articles gathered from 6newsau from 2023-11-05 to 2023-11-10!
2023-12-15 17:35:53,075 [INFO] Processing tables...
2023-12-15 17:35:53,094 [INFO] Tables have been processed.
2023-12-15 17:35:53,094 [INFO] 
Pushing results from 6newsau to Google BigQuery database...
2023-12-15 17:35:53,933 [INFO] Dataset dmrc-data.newsdataio_2024 already exists
2023-12-15 17:35:54,325 [INFO] Table exists
2023-12-15 17:36:00,073 [INFO] Loaded 4122 rows and 12 columns to dmrc-data.newsdataio_2024.newsdata_nov2023_au
2023-12-15 17:36:00,424 [INFO] Table exists
2023-12-15 17:36:06,072 [INFO] Loaded 4133 rows and 2 columns to dmrc-data.newsdataio_2024.newsdata_nov2023_au_categories
2023-12-15 17:36:06,415 [INFO] Table exists
2023-12-15 17:36:11,975 [INFO] Loaded 10364 rows and 2 columns to dmrc-data.newsdataio_2024.newsdata_nov2023_au_keywords
2023-12-15 17:36:12,290 [INFO] Table exists
2023-12-15 17:36:17,023 [INFO] Loaded 4596 rows and 2 columns to dmrc-data.newsdataio_2024.newsdata_nov2023_au_creators
2023-12-15 17:36:17,023 [INFO] 
-------------------------------------------------------------------------------------------------------
2023-12-15 17:36:17,024 [INFO] Gathering news articles from news from 2023-11-05 to 2023-11-10
2023-12-15 17:36:17,024 [INFO] 
API call:
https://newsdata.io/api/1/archive?apikey=pub_200592638f3f0a1a0b3548daf92b7304983f8&q=*&domain=news&language=en&from_date=2023-11-05&to_date=2023-11-10&country=au
2023-12-15 17:36:18,043 [INFO] Response: 200
2023-12-15 17:36:18,044 [INFO] Gathering page 1 of 5
2023-12-15 17:36:18,044 [INFO] 
API call:
https://newsdata.io/api/1/archive?apikey=pub_200592638f3f0a1a0b3548daf92b7304983f8&q=*&domain=news&language=en&from_date=2023-11-05&to_date=2023-11-10&country=au&page=1699556760772344548
2023-12-15 17:36:18,936 [INFO] Response: 200
2023-12-15 17:36:18,937 [INFO] Gathering page 2 of 5
2023-12-15 17:36:18,941 [INFO] 
API call:
https://newsdata.io/api/1/archive?apikey=pub_200592638f3f0a1a0b3548daf92b7304983f8&q=*&domain=news&language=en&from_date=2023-11-05&to_date=2023-11-10&country=au&page=1699472349383717638
2023-12-15 17:36:19,848 [INFO] Response: 200
2023-12-15 17:36:19,849 [INFO] Gathering page 3 of 5
2023-12-15 17:36:19,850 [INFO] 
API call:
https://newsdata.io/api/1/archive?apikey=pub_200592638f3f0a1a0b3548daf92b7304983f8&q=*&domain=news&language=en&from_date=2023-11-05&to_date=2023-11-10&country=au&page=1699374370927739251
2023-12-15 17:36:20,750 [INFO] Response: 200
2023-12-15 17:36:20,751 [INFO] Gathering page 4 of 5
2023-12-15 17:36:20,753 [INFO] 
API call:
https://newsdata.io/api/1/archive?apikey=pub_200592638f3f0a1a0b3548daf92b7304983f8&q=*&domain=news&language=en&from_date=2023-11-05&to_date=2023-11-10&country=au&page=1699239360363188454
2023-12-15 17:36:21,571 [INFO] Response: 200
2023-12-15 17:36:21,571 [INFO] Gathering page 5 of 5
2023-12-15 17:36:21,572 [INFO] 
Compiling 5 pages of results...
2023-12-15 17:36:21,573 [INFO] All news articles gathered from news from 2023-11-05 to 2023-11-10!
2023-12-15 17:36:21,573 [INFO] Processing tables...
2023-12-15 17:36:21,602 [INFO] Tables have been processed.
2023-12-15 17:36:21,602 [INFO] 
Pushing results from news to Google BigQuery database...
2023-12-15 17:36:22,337 [INFO] Dataset dmrc-data.newsdataio_2024 already exists
2023-12-15 17:36:22,660 [INFO] Table exists
2023-12-15 17:36:32,305 [INFO] Loaded 4349 rows and 12 columns to dmrc-data.newsdataio_2024.newsdata_nov2023_au
2023-12-15 17:36:32,617 [INFO] Table exists
2023-12-15 17:36:40,620 [INFO] Loaded 4360 rows and 2 columns to dmrc-data.newsdataio_2024.newsdata_nov2023_au_categories
2023-12-15 17:36:41,004 [INFO] Table exists
2023-12-15 17:36:46,747 [INFO] Loaded 10591 rows and 2 columns to dmrc-data.newsdataio_2024.newsdata_nov2023_au_keywords
2023-12-15 17:36:47,124 [INFO] Table exists
2023-12-15 17:36:52,521 [INFO] Loaded 4823 rows and 2 columns to dmrc-data.newsdataio_2024.newsdata_nov2023_au_creators
2023-12-15 17:36:52,521 [INFO] 
-------------------------------------------------------------------------------------------------------
2023-12-15 17:36:52,521 [INFO] Gathering news articles from heraldsun from 2023-11-05 to 2023-11-10
2023-12-15 17:36:52,522 [INFO] 
API call:
https://newsdata.io/api/1/archive?apikey=pub_200592638f3f0a1a0b3548daf92b7304983f8&q=*&domain=heraldsun&language=en&from_date=2023-11-05&to_date=2023-11-10&country=au
2023-12-15 17:36:53,784 [INFO] Response: 200
2023-12-15 17:36:53,785 [INFO] Gathering page 1 of 2
2023-12-15 17:36:53,786 [INFO] 
API call:
https://newsdata.io/api/1/archive?apikey=pub_200592638f3f0a1a0b3548daf92b7304983f8&q=*&domain=heraldsun&language=en&from_date=2023-11-05&to_date=2023-11-10&country=au&page=1699431190854902817
2023-12-15 17:36:54,653 [INFO] Response: 200
2023-12-15 17:36:54,653 [INFO] Gathering page 2 of 2
2023-12-15 17:36:54,654 [INFO] 
Compiling 2 pages of results...
2023-12-15 17:36:54,655 [INFO] All news articles gathered from heraldsun from 2023-11-05 to 2023-11-10!
2023-12-15 17:36:54,655 [INFO] Processing tables...
2023-12-15 17:36:54,672 [INFO] Tables have been processed.
2023-12-15 17:36:54,672 [INFO] 
Pushing results from heraldsun to Google BigQuery database...
2023-12-15 17:36:55,437 [INFO] Dataset dmrc-data.newsdataio_2024 already exists
2023-12-15 17:36:55,755 [INFO] Table exists
2023-12-15 17:37:01,944 [INFO] Loaded 4430 rows and 12 columns to dmrc-data.newsdataio_2024.newsdata_nov2023_au
2023-12-15 17:37:02,277 [INFO] Table exists
2023-12-15 17:37:08,193 [INFO] Loaded 4451 rows and 2 columns to dmrc-data.newsdataio_2024.newsdata_nov2023_au_categories
2023-12-15 17:37:08,530 [INFO] Table exists
2023-12-15 17:37:13,648 [INFO] Loaded 10785 rows and 2 columns to dmrc-data.newsdataio_2024.newsdata_nov2023_au_keywords
2023-12-15 17:37:13,957 [INFO] Table exists
2023-12-15 17:37:19,422 [INFO] Loaded 4904 rows and 2 columns to dmrc-data.newsdataio_2024.newsdata_nov2023_au_creators
2023-12-15 17:37:19,422 [INFO] 
-------------------------------------------------------------------------------------------------------
2023-12-15 17:37:19,423 [INFO] Gathering news articles from theaustralian from 2023-11-05 to 2023-11-10
2023-12-15 17:37:19,423 [INFO] 
API call:
https://newsdata.io/api/1/archive?apikey=pub_200592638f3f0a1a0b3548daf92b7304983f8&q=*&domain=theaustralian&language=en&from_date=2023-11-05&to_date=2023-11-10&country=au
2023-12-15 17:37:20,332 [INFO] Response: 200
2023-12-15 17:37:20,332 [INFO] Gathering page 1 of 0
2023-12-15 17:37:20,333 [INFO] No results for theaustralian during your specified timeframe!
2023-12-15 17:37:20,333 [INFO] 
-------------------------------------------------------------------------------------------------------
2023-12-15 17:37:20,333 [INFO] Gathering news articles from thesaturdaypaper from 2023-11-05 to 2023-11-10
2023-12-15 17:37:20,333 [INFO] 
API call:
https://newsdata.io/api/1/archive?apikey=pub_200592638f3f0a1a0b3548daf92b7304983f8&q=*&domain=thesaturdaypaper&language=en&from_date=2023-11-05&to_date=2023-11-10&country=au
2023-12-15 17:37:21,456 [INFO] Response: 200
2023-12-15 17:37:21,456 [INFO] Gathering page 1 of 1
2023-12-15 17:37:21,457 [INFO] 
Compiling 1 pages of results...
2023-12-15 17:37:21,458 [INFO] All news articles gathered from thesaturdaypaper from 2023-11-05 to 2023-11-10!
2023-12-15 17:37:21,458 [INFO] Processing tables...
2023-12-15 17:37:21,478 [INFO] Tables have been processed.
2023-12-15 17:37:21,478 [INFO] 
Pushing results from thesaturdaypaper to Google BigQuery database...
2023-12-15 17:37:22,238 [INFO] Dataset dmrc-data.newsdataio_2024 already exists
2023-12-15 17:37:22,592 [INFO] Table exists
2023-12-15 17:37:31,533 [INFO] Loaded 4437 rows and 12 columns to dmrc-data.newsdataio_2024.newsdata_nov2023_au
2023-12-15 17:37:31,850 [INFO] Table exists
2023-12-15 17:37:38,997 [INFO] Loaded 4458 rows and 2 columns to dmrc-data.newsdataio_2024.newsdata_nov2023_au_categories
2023-12-15 17:37:39,350 [INFO] Table exists
2023-12-15 17:37:44,445 [INFO] Loaded 10792 rows and 2 columns to dmrc-data.newsdataio_2024.newsdata_nov2023_au_keywords
2023-12-15 17:37:44,736 [INFO] Table exists
2023-12-15 17:37:52,796 [INFO] Loaded 4911 rows and 2 columns to dmrc-data.newsdataio_2024.newsdata_nov2023_au_creators
2023-12-15 17:37:52,796 [INFO] 
-------------------------------------------------------------------------------------------------------
2023-12-15 17:37:52,796 [INFO] Gathering news articles from theklaxon from 2023-11-05 to 2023-11-10
2023-12-15 17:37:52,797 [INFO] 
API call:
https://newsdata.io/api/1/archive?apikey=pub_200592638f3f0a1a0b3548daf92b7304983f8&q=*&domain=theklaxon&language=en&from_date=2023-11-05&to_date=2023-11-10&country=au
2023-12-15 17:37:53,886 [INFO] Response: 200
2023-12-15 17:37:53,886 [INFO] Gathering page 1 of 1
2023-12-15 17:37:53,887 [INFO] 
Compiling 1 pages of results...
2023-12-15 17:37:53,887 [INFO] All news articles gathered from theklaxon from 2023-11-05 to 2023-11-10!
2023-12-15 17:37:53,888 [INFO] Processing tables...
2023-12-15 17:37:53,902 [INFO] Tables have been processed.
2023-12-15 17:37:53,903 [INFO] 
Pushing results from theklaxon to Google BigQuery database...
2023-12-15 17:37:54,633 [INFO] Dataset dmrc-data.newsdataio_2024 already exists
2023-12-15 17:37:54,969 [INFO] Table exists
2023-12-15 17:38:02,100 [INFO] Loaded 4438 rows and 12 columns to dmrc-data.newsdataio_2024.newsdata_nov2023_au
2023-12-15 17:38:02,444 [INFO] Table exists
2023-12-15 17:38:08,150 [INFO] Loaded 4459 rows and 2 columns to dmrc-data.newsdataio_2024.newsdata_nov2023_au_categories
2023-12-15 17:38:08,457 [INFO] Table exists
2023-12-15 17:38:14,705 [INFO] Loaded 10857 rows and 2 columns to dmrc-data.newsdataio_2024.newsdata_nov2023_au_keywords
2023-12-15 17:38:15,019 [INFO] Table exists
2023-12-15 17:38:20,933 [INFO] Loaded 4912 rows and 2 columns to dmrc-data.newsdataio_2024.newsdata_nov2023_au_creators
2023-12-15 17:38:20,933 [INFO] 
-------------------------------------------------------------------------------------------------------
2023-12-15 17:38:20,934 [INFO] Gathering news articles from redflag from 2023-11-05 to 2023-11-10
2023-12-15 17:38:20,934 [INFO] 
API call:
https://newsdata.io/api/1/archive?apikey=pub_200592638f3f0a1a0b3548daf92b7304983f8&q=*&domain=redflag&language=en&from_date=2023-11-05&to_date=2023-11-10&country=au
2023-12-15 17:38:21,674 [INFO] Response: 422
2023-12-15 17:38:21,674 [INFO] Domain redflag does not exist in the NewsdataIO database. Moving to next keyword.
2023-12-15 17:38:21,674 [INFO] 
Gather complete!
