2024-02-21 16:28:38,400 [INFO] Starting News Gatherer
2024-02-21 16:28:38,401 [INFO] Collecting news content from 39 domains.
2024-02-21 16:28:38,401 [INFO] 
-------------------------------------------------------------------------------------------------------
2024-02-21 16:28:38,401 [INFO] Gathering news articles from 3sat_de from 2023-08-01 to 2024-02-20
2024-02-21 16:28:38,401 [INFO] 
API call:
https://newsdata.io/api/1/archive?apikey=pub_200592638f3f0a1a0b3548daf92b7304983f8&q=*&domain=3sat_de&language=&from_date=2023-08-01&to_date=2024-02-20&country=de
2024-02-21 16:28:39,197 [INFO] Response: 422
2024-02-21 16:28:39,197 [INFO] Domain 3sat_de does not exist in the NewsdataIO database. Moving to next keyword.
2024-02-21 16:28:39,197 [INFO] 
-------------------------------------------------------------------------------------------------------
2024-02-21 16:28:39,198 [INFO] Gathering news articles from morgenpost from 2023-08-01 to 2024-02-20
2024-02-21 16:28:39,198 [INFO] 
API call:
https://newsdata.io/api/1/archive?apikey=pub_200592638f3f0a1a0b3548daf92b7304983f8&q=*&domain=morgenpost&language=&from_date=2023-08-01&to_date=2024-02-20&country=de
2024-02-21 16:28:39,854 [INFO] Response: 422
2024-02-21 16:28:39,854 [INFO] Domain morgenpost does not exist in the NewsdataIO database. Moving to next keyword.
2024-02-21 16:28:39,854 [INFO] 
-------------------------------------------------------------------------------------------------------
2024-02-21 16:28:39,855 [INFO] Gathering news articles from arte from 2023-08-01 to 2024-02-20
2024-02-21 16:28:39,855 [INFO] 
API call:
https://newsdata.io/api/1/archive?apikey=pub_200592638f3f0a1a0b3548daf92b7304983f8&q=*&domain=arte&language=&from_date=2023-08-01&to_date=2024-02-20&country=de
2024-02-21 16:28:40,511 [INFO] Response: 422
2024-02-21 16:28:40,511 [INFO] Domain arte does not exist in the NewsdataIO database. Moving to next keyword.
2024-02-21 16:28:40,511 [INFO] 
-------------------------------------------------------------------------------------------------------
2024-02-21 16:28:40,511 [INFO] Gathering news articles from bild from 2023-08-01 to 2024-02-20
2024-02-21 16:28:40,511 [INFO] 
API call:
https://newsdata.io/api/1/archive?apikey=pub_200592638f3f0a1a0b3548daf92b7304983f8&q=*&domain=bild&language=&from_date=2023-08-01&to_date=2024-02-20&country=de
2024-02-21 16:28:41,155 [INFO] Response: 422
2024-02-21 16:28:41,156 [INFO] Domain bild does not exist in the NewsdataIO database. Moving to next keyword.
2024-02-21 16:28:41,156 [INFO] 
-------------------------------------------------------------------------------------------------------
2024-02-21 16:28:41,156 [INFO] Gathering news articles from bildblog from 2023-08-01 to 2024-02-20
2024-02-21 16:28:41,156 [INFO] 
API call:
https://newsdata.io/api/1/archive?apikey=pub_200592638f3f0a1a0b3548daf92b7304983f8&q=*&domain=bildblog&language=&from_date=2023-08-01&to_date=2024-02-20&country=de
2024-02-21 16:28:41,807 [INFO] Response: 422
2024-02-21 16:28:41,808 [INFO] Domain bildblog does not exist in the NewsdataIO database. Moving to next keyword.
2024-02-21 16:28:41,808 [INFO] 
-------------------------------------------------------------------------------------------------------
2024-02-21 16:28:41,808 [INFO] Gathering news articles from freitag from 2023-08-01 to 2024-02-20
2024-02-21 16:28:41,808 [INFO] 
API call:
https://newsdata.io/api/1/archive?apikey=pub_200592638f3f0a1a0b3548daf92b7304983f8&q=*&domain=freitag&language=&from_date=2023-08-01&to_date=2024-02-20&country=de
2024-02-21 16:28:42,456 [INFO] Response: 422
2024-02-21 16:28:42,456 [INFO] Domain freitag does not exist in the NewsdataIO database. Moving to next keyword.
2024-02-21 16:28:42,456 [INFO] 
-------------------------------------------------------------------------------------------------------
2024-02-21 16:28:42,456 [INFO] Gathering news articles from derwesten from 2023-08-01 to 2024-02-20
2024-02-21 16:28:42,456 [INFO] 
API call:
https://newsdata.io/api/1/archive?apikey=pub_200592638f3f0a1a0b3548daf92b7304983f8&q=*&domain=derwesten&language=&from_date=2023-08-01&to_date=2024-02-20&country=de
2024-02-21 16:28:43,113 [INFO] Response: 422
2024-02-21 16:28:43,113 [INFO] Domain derwesten does not exist in the NewsdataIO database. Moving to next keyword.
2024-02-21 16:28:43,113 [INFO] 
-------------------------------------------------------------------------------------------------------
2024-02-21 16:28:43,114 [INFO] Gathering news articles from dw from 2023-08-01 to 2024-02-20
2024-02-21 16:28:43,114 [INFO] 
API call:
https://newsdata.io/api/1/archive?apikey=pub_200592638f3f0a1a0b3548daf92b7304983f8&q=*&domain=dw&language=&from_date=2023-08-01&to_date=2024-02-20&country=de
2024-02-21 16:28:43,768 [INFO] Response: 422
2024-02-21 16:28:43,768 [INFO] Domain dw does not exist in the NewsdataIO database. Moving to next keyword.
2024-02-21 16:28:43,768 [INFO] 
-------------------------------------------------------------------------------------------------------
2024-02-21 16:28:43,768 [INFO] Gathering news articles from deutschlandfunk from 2023-08-01 to 2024-02-20
2024-02-21 16:28:43,768 [INFO] 
API call:
https://newsdata.io/api/1/archive?apikey=pub_200592638f3f0a1a0b3548daf92b7304983f8&q=*&domain=deutschlandfunk&language=&from_date=2023-08-01&to_date=2024-02-20&country=de
2024-02-21 16:28:44,423 [INFO] Response: 422
2024-02-21 16:28:44,424 [INFO] Domain deutschlandfunk does not exist in the NewsdataIO database. Moving to next keyword.
2024-02-21 16:28:44,424 [INFO] 
-------------------------------------------------------------------------------------------------------
2024-02-21 16:28:44,424 [INFO] Gathering news articles from achgut from 2023-08-01 to 2024-02-20
2024-02-21 16:28:44,424 [INFO] 
API call:
https://newsdata.io/api/1/archive?apikey=pub_200592638f3f0a1a0b3548daf92b7304983f8&q=*&domain=achgut&language=&from_date=2023-08-01&to_date=2024-02-20&country=de
2024-02-21 16:28:45,071 [INFO] Response: 422
2024-02-21 16:28:45,071 [INFO] Domain achgut does not exist in the NewsdataIO database. Moving to next keyword.
2024-02-21 16:28:45,071 [INFO] 
-------------------------------------------------------------------------------------------------------
2024-02-21 16:28:45,071 [INFO] Gathering news articles from dietagespost from 2023-08-01 to 2024-02-20
2024-02-21 16:28:45,071 [INFO] 
API call:
https://newsdata.io/api/1/archive?apikey=pub_200592638f3f0a1a0b3548daf92b7304983f8&q=*&domain=dietagespost&language=&from_date=2023-08-01&to_date=2024-02-20&country=de
2024-02-21 16:28:45,723 [INFO] Response: 429
2024-02-21 16:28:45,724 [INFO] Bad response: 429
2024-02-21 16:28:45,724 [INFO] 
-------------------------------------------------------------------------------------------------------
2024-02-21 16:28:45,724 [INFO] Gathering news articles from faz from 2023-08-01 to 2024-02-20
2024-02-21 16:28:45,724 [INFO] 
API call:
https://newsdata.io/api/1/archive?apikey=pub_200592638f3f0a1a0b3548daf92b7304983f8&q=*&domain=faz&language=&from_date=2023-08-01&to_date=2024-02-20&country=de
2024-02-21 16:28:46,389 [INFO] Response: 422
2024-02-21 16:28:46,390 [INFO] Domain faz does not exist in the NewsdataIO database. Moving to next keyword.
2024-02-21 16:28:46,390 [INFO] 
-------------------------------------------------------------------------------------------------------
2024-02-21 16:28:46,390 [INFO] Gathering news articles from focus from 2023-08-01 to 2024-02-20
2024-02-21 16:28:46,390 [INFO] 
API call:
https://newsdata.io/api/1/archive?apikey=pub_200592638f3f0a1a0b3548daf92b7304983f8&q=*&domain=focus&language=&from_date=2023-08-01&to_date=2024-02-20&country=de
2024-02-21 16:28:47,043 [INFO] Response: 422
2024-02-21 16:28:47,044 [INFO] Domain focus does not exist in the NewsdataIO database. Moving to next keyword.
2024-02-21 16:28:47,044 [INFO] 
-------------------------------------------------------------------------------------------------------
2024-02-21 16:28:47,044 [INFO] Gathering news articles from abendblatt from 2023-08-01 to 2024-02-20
2024-02-21 16:28:47,044 [INFO] 
API call:
https://newsdata.io/api/1/archive?apikey=pub_200592638f3f0a1a0b3548daf92b7304983f8&q=*&domain=abendblatt&language=&from_date=2023-08-01&to_date=2024-02-20&country=de
2024-02-21 16:28:47,705 [INFO] Response: 422
2024-02-21 16:28:47,705 [INFO] Domain abendblatt does not exist in the NewsdataIO database. Moving to next keyword.
2024-02-21 16:28:47,706 [INFO] 
-------------------------------------------------------------------------------------------------------
2024-02-21 16:28:47,706 [INFO] Gathering news articles from gmx from 2023-08-01 to 2024-02-20
2024-02-21 16:28:47,706 [INFO] 
API call:
https://newsdata.io/api/1/archive?apikey=pub_200592638f3f0a1a0b3548daf92b7304983f8&q=*&domain=gmx&language=&from_date=2023-08-01&to_date=2024-02-20&country=de
2024-02-21 16:28:48,367 [INFO] Response: 422
2024-02-21 16:28:48,367 [INFO] Domain gmx does not exist in the NewsdataIO database. Moving to next keyword.
2024-02-21 16:28:48,368 [INFO] 
-------------------------------------------------------------------------------------------------------
2024-02-21 16:28:48,368 [INFO] Gathering news articles from handelsblatt from 2023-08-01 to 2024-02-20
2024-02-21 16:28:48,368 [INFO] 
API call:
https://newsdata.io/api/1/archive?apikey=pub_200592638f3f0a1a0b3548daf92b7304983f8&q=*&domain=handelsblatt&language=&from_date=2023-08-01&to_date=2024-02-20&country=de
2024-02-21 16:28:49,021 [INFO] Response: 422
2024-02-21 16:28:49,021 [INFO] Domain handelsblatt does not exist in the NewsdataIO database. Moving to next keyword.
2024-02-21 16:28:49,021 [INFO] 
-------------------------------------------------------------------------------------------------------
2024-02-21 16:28:49,021 [INFO] Gathering news articles from haz from 2023-08-01 to 2024-02-20
2024-02-21 16:28:49,021 [INFO] 
API call:
https://newsdata.io/api/1/archive?apikey=pub_200592638f3f0a1a0b3548daf92b7304983f8&q=*&domain=haz&language=&from_date=2023-08-01&to_date=2024-02-20&country=de
2024-02-21 16:28:49,686 [INFO] Response: 422
2024-02-21 16:28:49,687 [INFO] Domain haz does not exist in the NewsdataIO database. Moving to next keyword.
2024-02-21 16:28:49,687 [INFO] 
-------------------------------------------------------------------------------------------------------
2024-02-21 16:28:49,687 [INFO] Gathering news articles from heise from 2023-08-01 to 2024-02-20
2024-02-21 16:28:49,687 [INFO] 
API call:
https://newsdata.io/api/1/archive?apikey=pub_200592638f3f0a1a0b3548daf92b7304983f8&q=*&domain=heise&language=&from_date=2023-08-01&to_date=2024-02-20&country=de
