2024-03-04 16:55:45,649 [INFO] Starting News Gatherer
2024-03-04 16:55:45,650 [INFO] Collecting news content from 1 domains.
2024-03-04 16:55:45,650 [INFO] 
-------------------------------------------------------------------------------------------------------
2024-03-04 16:55:45,650 [INFO] Gathering news articles from spectator_au from 2023-08-01 to 2024-02-20
2024-03-04 16:55:45,650 [INFO] 
API call:
https://newsdata.io/api/1/archive?apikey=pub_200592638f3f0a1a0b3548daf92b7304983f8&q=*&domain=spectator_au&language=en&from_date=2023-08-01&to_date=2024-02-20&country=au
2024-03-04 16:55:47,346 [INFO] Response: 200
2024-03-04 16:55:47,347 [INFO] Gathering page 1 of 54
2024-03-04 16:55:47,348 [INFO] 
API call:
https://newsdata.io/api/1/archive?apikey=pub_200592638f3f0a1a0b3548daf92b7304983f8&q=*&domain=spectator_au&language=en&from_date=2023-08-01&to_date=2024-02-20&country=au&page=1708012848856274869
2024-03-04 16:55:48,632 [INFO] Response: 200
2024-03-04 16:55:48,633 [INFO] Gathering page 2 of 54
2024-03-04 16:55:48,634 [INFO] 
API call:
https://newsdata.io/api/1/archive?apikey=pub_200592638f3f0a1a0b3548daf92b7304983f8&q=*&domain=spectator_au&language=en&from_date=2023-08-01&to_date=2024-02-20&country=au&page=1707762941213525466
2024-03-04 16:55:49,843 [INFO] Response: 200
2024-03-04 16:55:49,844 [INFO] Gathering page 3 of 54
2024-03-04 16:55:49,846 [INFO] 
API call:
https://newsdata.io/api/1/archive?apikey=pub_200592638f3f0a1a0b3548daf92b7304983f8&q=*&domain=spectator_au&language=en&from_date=2023-08-01&to_date=2024-02-20&country=au&page=1707325200576272575
2024-03-04 16:55:50,970 [INFO] Response: 200
2024-03-04 16:55:50,972 [INFO] Gathering page 4 of 54
2024-03-04 16:55:50,974 [INFO] 
API call:
https://newsdata.io/api/1/archive?apikey=pub_200592638f3f0a1a0b3548daf92b7304983f8&q=*&domain=spectator_au&language=en&from_date=2023-08-01&to_date=2024-02-20&country=au&page=1707135914352264336
2024-03-04 16:55:52,128 [INFO] Response: 200
2024-03-04 16:55:52,129 [INFO] Gathering page 5 of 54
2024-03-04 16:55:52,130 [INFO] 
API call:
https://newsdata.io/api/1/archive?apikey=pub_200592638f3f0a1a0b3548daf92b7304983f8&q=*&domain=spectator_au&language=en&from_date=2023-08-01&to_date=2024-02-20&country=au&page=1706731657875762392
2024-03-04 16:55:53,083 [INFO] Response: 200
2024-03-04 16:55:53,085 [INFO] Gathering page 6 of 54
2024-03-04 16:55:53,087 [INFO] 
API call:
https://newsdata.io/api/1/archive?apikey=pub_200592638f3f0a1a0b3548daf92b7304983f8&q=*&domain=spectator_au&language=en&from_date=2023-08-01&to_date=2024-02-20&country=au&page=1706613822752892893
2024-03-04 16:55:54,270 [INFO] Response: 200
2024-03-04 16:55:54,271 [INFO] Gathering page 7 of 54
2024-03-04 16:55:54,271 [INFO] 
API call:
https://newsdata.io/api/1/archive?apikey=pub_200592638f3f0a1a0b3548daf92b7304983f8&q=*&domain=spectator_au&language=en&from_date=2023-08-01&to_date=2024-02-20&country=au&page=1706179489280495680
2024-03-04 16:55:55,393 [INFO] Response: 200
2024-03-04 16:55:55,395 [INFO] Gathering page 8 of 54
2024-03-04 16:55:55,397 [INFO] 
API call:
https://newsdata.io/api/1/archive?apikey=pub_200592638f3f0a1a0b3548daf92b7304983f8&q=*&domain=spectator_au&language=en&from_date=2023-08-01&to_date=2024-02-20&country=au&page=1706029207838618293
2024-03-04 16:55:56,544 [INFO] Response: 200
2024-03-04 16:55:56,545 [INFO] Gathering page 9 of 54
2024-03-04 16:55:56,545 [INFO] 
API call:
https://newsdata.io/api/1/archive?apikey=pub_200592638f3f0a1a0b3548daf92b7304983f8&q=*&domain=spectator_au&language=en&from_date=2023-08-01&to_date=2024-02-20&country=au&page=1705595480394232133
2024-03-04 16:55:57,856 [INFO] Response: 200
2024-03-04 16:55:57,856 [INFO] Gathering page 10 of 54
2024-03-04 16:55:57,858 [INFO] 
API call:
https://newsdata.io/api/1/archive?apikey=pub_200592638f3f0a1a0b3548daf92b7304983f8&q=*&domain=spectator_au&language=en&from_date=2023-08-01&to_date=2024-02-20&country=au&page=1705474800602396169
2024-03-04 16:55:59,073 [INFO] Response: 200
2024-03-04 16:55:59,074 [INFO] Gathering page 11 of 54
2024-03-04 16:55:59,075 [INFO] 
API call:
https://newsdata.io/api/1/archive?apikey=pub_200592638f3f0a1a0b3548daf92b7304983f8&q=*&domain=spectator_au&language=en&from_date=2023-08-01&to_date=2024-02-20&country=au&page=1705074950464310318
2024-03-04 16:56:00,244 [INFO] Response: 200
2024-03-04 16:56:00,244 [INFO] Gathering page 12 of 54
2024-03-04 16:56:00,245 [INFO] 
API call:
https://newsdata.io/api/1/archive?apikey=pub_200592638f3f0a1a0b3548daf92b7304983f8&q=*&domain=spectator_au&language=en&from_date=2023-08-01&to_date=2024-02-20&country=au&page=1704892438502396297
2024-03-04 16:56:01,637 [INFO] Response: 200
2024-03-04 16:56:01,639 [INFO] Gathering page 13 of 54
2024-03-04 16:56:01,641 [INFO] 
API call:
https://newsdata.io/api/1/archive?apikey=pub_200592638f3f0a1a0b3548daf92b7304983f8&q=*&domain=spectator_au&language=en&from_date=2023-08-01&to_date=2024-02-20&country=au&page=1704301200888300526
2024-03-04 16:56:02,869 [INFO] Response: 200
2024-03-04 16:56:02,869 [INFO] Gathering page 14 of 54
2024-03-04 16:56:02,870 [INFO] 
API call:
https://newsdata.io/api/1/archive?apikey=pub_200592638f3f0a1a0b3548daf92b7304983f8&q=*&domain=spectator_au&language=en&from_date=2023-08-01&to_date=2024-02-20&country=au&page=1704040856980824972
2024-03-04 16:56:04,060 [INFO] Response: 200
2024-03-04 16:56:04,060 [INFO] Gathering page 15 of 54
2024-03-04 16:56:04,061 [INFO] 
API call:
https://newsdata.io/api/1/archive?apikey=pub_200592638f3f0a1a0b3548daf92b7304983f8&q=*&domain=spectator_au&language=en&from_date=2023-08-01&to_date=2024-02-20&country=au&page=1703325856899695155
2024-03-04 16:56:05,224 [INFO] Response: 200
2024-03-04 16:56:05,225 [INFO] Gathering page 16 of 54
2024-03-04 16:56:05,226 [INFO] 
API call:
https://newsdata.io/api/1/archive?apikey=pub_200592638f3f0a1a0b3548daf92b7304983f8&q=*&domain=spectator_au&language=en&from_date=2023-08-01&to_date=2024-02-20&country=au&page=1702915829888407765
2024-03-04 16:56:06,375 [INFO] Response: 200
2024-03-04 16:56:06,375 [INFO] Gathering page 17 of 54
2024-03-04 16:56:06,377 [INFO] 
API call:
https://newsdata.io/api/1/archive?apikey=pub_200592638f3f0a1a0b3548daf92b7304983f8&q=*&domain=spectator_au&language=en&from_date=2023-08-01&to_date=2024-02-20&country=au&page=1702486800992805077
2024-03-04 16:56:07,365 [INFO] Response: 200
2024-03-04 16:56:07,367 [INFO] Gathering page 18 of 54
2024-03-04 16:56:07,369 [INFO] 
API call:
https://newsdata.io/api/1/archive?apikey=pub_200592638f3f0a1a0b3548daf92b7304983f8&q=*&domain=spectator_au&language=en&from_date=2023-08-01&to_date=2024-02-20&country=au&page=1702229457027314175
2024-03-04 16:56:08,497 [INFO] Response: 200
2024-03-04 16:56:08,499 [INFO] Gathering page 19 of 54
2024-03-04 16:56:08,501 [INFO] 
API call:
https://newsdata.io/api/1/archive?apikey=pub_200592638f3f0a1a0b3548daf92b7304983f8&q=*&domain=spectator_au&language=en&from_date=2023-08-01&to_date=2024-02-20&country=au&page=1701882000603929729
2024-03-04 16:56:09,632 [INFO] Response: 200
2024-03-04 16:56:09,633 [INFO] Gathering page 20 of 54
2024-03-04 16:56:09,635 [INFO] 
API call:
https://newsdata.io/api/1/archive?apikey=pub_200592638f3f0a1a0b3548daf92b7304983f8&q=*&domain=spectator_au&language=en&from_date=2023-08-01&to_date=2024-02-20&country=au&page=1701705713534649643
2024-03-04 16:56:10,574 [INFO] Response: 200
2024-03-04 16:56:10,575 [INFO] Gathering page 21 of 54
2024-03-04 16:56:10,576 [INFO] 
API call:
https://newsdata.io/api/1/archive?apikey=pub_200592638f3f0a1a0b3548daf92b7304983f8&q=*&domain=spectator_au&language=en&from_date=2023-08-01&to_date=2024-02-20&country=au&page=1701277200887604665
2024-03-04 16:56:11,730 [INFO] Response: 200
2024-03-04 16:56:11,731 [INFO] Gathering page 22 of 54
2024-03-04 16:56:11,732 [INFO] 
API call:
https://newsdata.io/api/1/archive?apikey=pub_200592638f3f0a1a0b3548daf92b7304983f8&q=*&domain=spectator_au&language=en&from_date=2023-08-01&to_date=2024-02-20&country=au&page=1700982000243872530
2024-03-04 16:56:13,368 [INFO] Response: 200
2024-03-04 16:56:13,371 [INFO] Gathering page 23 of 54
2024-03-04 16:56:13,372 [INFO] 
API call:
https://newsdata.io/api/1/archive?apikey=pub_200592638f3f0a1a0b3548daf92b7304983f8&q=*&domain=spectator_au&language=en&from_date=2023-08-01&to_date=2024-02-20&country=au&page=1700661440092523544
2024-03-04 16:56:14,945 [INFO] Response: 200
2024-03-04 16:56:14,948 [INFO] Gathering page 24 of 54
2024-03-04 16:56:14,949 [INFO] 
API call:
https://newsdata.io/api/1/archive?apikey=pub_200592638f3f0a1a0b3548daf92b7304983f8&q=*&domain=spectator_au&language=en&from_date=2023-08-01&to_date=2024-02-20&country=au&page=1700317320707266387
2024-03-04 16:56:16,561 [INFO] Response: 200
2024-03-04 16:56:16,563 [INFO] Gathering page 25 of 54
2024-03-04 16:56:16,567 [INFO] 
API call:
https://newsdata.io/api/1/archive?apikey=pub_200592638f3f0a1a0b3548daf92b7304983f8&q=*&domain=spectator_au&language=en&from_date=2023-08-01&to_date=2024-02-20&country=au&page=1700002405015760152
2024-03-04 16:56:18,147 [INFO] Response: 200
2024-03-04 16:56:18,148 [INFO] Gathering page 26 of 54
2024-03-04 16:56:18,149 [INFO] 
API call:
https://newsdata.io/api/1/archive?apikey=pub_200592638f3f0a1a0b3548daf92b7304983f8&q=*&domain=spectator_au&language=en&from_date=2023-08-01&to_date=2024-02-20&country=au&page=1699719388783121518
2024-03-04 16:56:19,809 [INFO] Response: 200
2024-03-04 16:56:19,811 [INFO] Gathering page 27 of 54
2024-03-04 16:56:19,812 [INFO] 
API call:
https://newsdata.io/api/1/archive?apikey=pub_200592638f3f0a1a0b3548daf92b7304983f8&q=*&domain=spectator_au&language=en&from_date=2023-08-01&to_date=2024-02-20&country=au&page=1699462800101195962
2024-03-04 16:56:21,427 [INFO] Response: 200
2024-03-04 16:56:21,430 [INFO] Gathering page 28 of 54
2024-03-04 16:56:21,433 [INFO] 
API call:
https://newsdata.io/api/1/archive?apikey=pub_200592638f3f0a1a0b3548daf92b7304983f8&q=*&domain=spectator_au&language=en&from_date=2023-08-01&to_date=2024-02-20&country=au&page=1699167416138076938
2024-03-04 16:56:23,026 [INFO] Response: 200
2024-03-04 16:56:23,027 [INFO] Gathering page 29 of 54
2024-03-04 16:56:23,028 [INFO] 
API call:
https://newsdata.io/api/1/archive?apikey=pub_200592638f3f0a1a0b3548daf92b7304983f8&q=*&domain=spectator_au&language=en&from_date=2023-08-01&to_date=2024-02-20&country=au&page=1698857474187123247
2024-03-04 16:56:24,594 [INFO] Response: 200
2024-03-04 16:56:24,597 [INFO] Gathering page 30 of 54
2024-03-04 16:56:24,600 [INFO] 
API call:
https://newsdata.io/api/1/archive?apikey=pub_200592638f3f0a1a0b3548daf92b7304983f8&q=*&domain=spectator_au&language=en&from_date=2023-08-01&to_date=2024-02-20&country=au&page=1698595202879739204
2024-03-04 16:56:26,184 [INFO] Response: 200
2024-03-04 16:56:26,187 [INFO] Gathering page 31 of 54
2024-03-04 16:56:26,188 [INFO] 
API call:
https://newsdata.io/api/1/archive?apikey=pub_200592638f3f0a1a0b3548daf92b7304983f8&q=*&domain=spectator_au&language=en&from_date=2023-08-01&to_date=2024-02-20&country=au&page=1698243372655764345
2024-03-04 16:56:27,785 [INFO] Response: 200
2024-03-04 16:56:27,786 [INFO] Gathering page 32 of 54
2024-03-04 16:56:27,787 [INFO] 
API call:
https://newsdata.io/api/1/archive?apikey=pub_200592638f3f0a1a0b3548daf92b7304983f8&q=*&domain=spectator_au&language=en&from_date=2023-08-01&to_date=2024-02-20&country=au&page=1697793677209723577
2024-03-04 16:56:29,353 [INFO] Response: 200
2024-03-04 16:56:29,355 [INFO] Gathering page 33 of 54
2024-03-04 16:56:29,356 [INFO] 
API call:
https://newsdata.io/api/1/archive?apikey=pub_200592638f3f0a1a0b3548daf92b7304983f8&q=*&domain=spectator_au&language=en&from_date=2023-08-01&to_date=2024-02-20&country=au&page=1697636422299730275
2024-03-04 16:56:30,921 [INFO] Response: 200
2024-03-04 16:56:30,923 [INFO] Gathering page 34 of 54
2024-03-04 16:56:30,924 [INFO] 
API call:
https://newsdata.io/api/1/archive?apikey=pub_200592638f3f0a1a0b3548daf92b7304983f8&q=*&domain=spectator_au&language=en&from_date=2023-08-01&to_date=2024-02-20&country=au&page=1697209566035543266
2024-03-04 16:56:32,548 [INFO] Response: 200
2024-03-04 16:56:32,549 [INFO] Gathering page 35 of 54
2024-03-04 16:56:32,550 [INFO] 
API call:
https://newsdata.io/api/1/archive?apikey=pub_200592638f3f0a1a0b3548daf92b7304983f8&q=*&domain=spectator_au&language=en&from_date=2023-08-01&to_date=2024-02-20&country=au&page=1697043600172234990
2024-03-04 16:56:34,126 [INFO] Response: 200
2024-03-04 16:56:34,127 [INFO] Gathering page 36 of 54
2024-03-04 16:56:34,128 [INFO] 
API call:
https://newsdata.io/api/1/archive?apikey=pub_200592638f3f0a1a0b3548daf92b7304983f8&q=*&domain=spectator_au&language=en&from_date=2023-08-01&to_date=2024-02-20&country=au&page=1696746600472359074
2024-03-04 16:56:35,698 [INFO] Response: 200
2024-03-04 16:56:35,699 [INFO] Gathering page 37 of 54
2024-03-04 16:56:35,700 [INFO] 
API call:
https://newsdata.io/api/1/archive?apikey=pub_200592638f3f0a1a0b3548daf92b7304983f8&q=*&domain=spectator_au&language=en&from_date=2023-08-01&to_date=2024-02-20&country=au&page=1696438800511742366
2024-03-04 16:56:37,310 [INFO] Response: 200
2024-03-04 16:56:37,311 [INFO] Gathering page 38 of 54
2024-03-04 16:56:37,312 [INFO] 
API call:
https://newsdata.io/api/1/archive?apikey=pub_200592638f3f0a1a0b3548daf92b7304983f8&q=*&domain=spectator_au&language=en&from_date=2023-08-01&to_date=2024-02-20&country=au&page=1696226400935309358
2024-03-04 16:56:38,893 [INFO] Response: 200
2024-03-04 16:56:38,894 [INFO] Gathering page 39 of 54
2024-03-04 16:56:38,895 [INFO] 
API call:
https://newsdata.io/api/1/archive?apikey=pub_200592638f3f0a1a0b3548daf92b7304983f8&q=*&domain=spectator_au&language=en&from_date=2023-08-01&to_date=2024-02-20&country=au&page=1695837641931691651
2024-03-04 16:56:40,556 [INFO] Response: 200
2024-03-04 16:56:40,558 [INFO] Gathering page 40 of 54
2024-03-04 16:56:40,559 [INFO] 
API call:
https://newsdata.io/api/1/archive?apikey=pub_200592638f3f0a1a0b3548daf92b7304983f8&q=*&domain=spectator_au&language=en&from_date=2023-08-01&to_date=2024-02-20&country=au&page=1695578455630822222
2024-03-04 16:56:42,156 [INFO] Response: 200
2024-03-04 16:56:42,157 [INFO] Gathering page 41 of 54
2024-03-04 16:56:42,158 [INFO] 
API call:
https://newsdata.io/api/1/archive?apikey=pub_200592638f3f0a1a0b3548daf92b7304983f8&q=*&domain=spectator_au&language=en&from_date=2023-08-01&to_date=2024-02-20&country=au&page=1695224001606310494
2024-03-04 16:56:43,955 [INFO] Response: 200
2024-03-04 16:56:43,957 [INFO] Gathering page 42 of 54
2024-03-04 16:56:43,958 [INFO] 
API call:
https://newsdata.io/api/1/archive?apikey=pub_200592638f3f0a1a0b3548daf92b7304983f8&q=*&domain=spectator_au&language=en&from_date=2023-08-01&to_date=2024-02-20&country=au&page=1694718037500960038
2024-03-04 16:56:45,606 [INFO] Response: 200
2024-03-04 16:56:45,608 [INFO] Gathering page 43 of 54
2024-03-04 16:56:45,610 [INFO] 
API call:
https://newsdata.io/api/1/archive?apikey=pub_200592638f3f0a1a0b3548daf92b7304983f8&q=*&domain=spectator_au&language=en&from_date=2023-08-01&to_date=2024-02-20&country=au&page=1694444076419192976
2024-03-04 16:56:47,175 [INFO] Response: 200
2024-03-04 16:56:47,177 [INFO] Gathering page 44 of 54
2024-03-04 16:56:47,178 [INFO] 
API call:
https://newsdata.io/api/1/archive?apikey=pub_200592638f3f0a1a0b3548daf92b7304983f8&q=*&domain=spectator_au&language=en&from_date=2023-08-01&to_date=2024-02-20&country=au&page=1694023200554265323
2024-03-04 16:56:48,746 [INFO] Response: 200
2024-03-04 16:56:48,748 [INFO] Gathering page 45 of 54
2024-03-04 16:56:48,748 [INFO] 
API call:
https://newsdata.io/api/1/archive?apikey=pub_200592638f3f0a1a0b3548daf92b7304983f8&q=*&domain=spectator_au&language=en&from_date=2023-08-01&to_date=2024-02-20&country=au&page=1693749600667819516
2024-03-04 16:56:50,298 [INFO] Response: 200
2024-03-04 16:56:50,300 [INFO] Gathering page 46 of 54
2024-03-04 16:56:50,301 [INFO] 
API call:
https://newsdata.io/api/1/archive?apikey=pub_200592638f3f0a1a0b3548daf92b7304983f8&q=*&domain=spectator_au&language=en&from_date=2023-08-01&to_date=2024-02-20&country=au&page=1693418400311331675
2024-03-04 16:56:51,901 [INFO] Response: 200
2024-03-04 16:56:51,902 [INFO] Gathering page 47 of 54
2024-03-04 16:56:51,903 [INFO] 
API call:
https://newsdata.io/api/1/archive?apikey=pub_200592638f3f0a1a0b3548daf92b7304983f8&q=*&domain=spectator_au&language=en&from_date=2023-08-01&to_date=2024-02-20&country=au&page=1693123200184884838
2024-03-04 16:56:53,543 [INFO] Response: 200
2024-03-04 16:56:53,544 [INFO] Gathering page 48 of 54
2024-03-04 16:56:53,545 [INFO] 
API call:
https://newsdata.io/api/1/archive?apikey=pub_200592638f3f0a1a0b3548daf92b7304983f8&q=*&domain=spectator_au&language=en&from_date=2023-08-01&to_date=2024-02-20&country=au&page=1692813600312866271
2024-03-04 16:56:55,094 [INFO] Response: 200
2024-03-04 16:56:55,096 [INFO] Gathering page 49 of 54
2024-03-04 16:56:55,097 [INFO] 
API call:
https://newsdata.io/api/1/archive?apikey=pub_200592638f3f0a1a0b3548daf92b7304983f8&q=*&domain=spectator_au&language=en&from_date=2023-08-01&to_date=2024-02-20&country=au&page=1692464832244209579
2024-03-04 16:56:56,732 [INFO] Response: 200
2024-03-04 16:56:56,733 [INFO] Gathering page 50 of 54
2024-03-04 16:56:56,734 [INFO] 
API call:
https://newsdata.io/api/1/archive?apikey=pub_200592638f3f0a1a0b3548daf92b7304983f8&q=*&domain=spectator_au&language=en&from_date=2023-08-01&to_date=2024-02-20&country=au&page=1691987474175750209
2024-03-04 16:56:58,327 [INFO] Response: 200
2024-03-04 16:56:58,328 [INFO] Gathering page 51 of 54
2024-03-04 16:56:58,330 [INFO] 
API call:
https://newsdata.io/api/1/archive?apikey=pub_200592638f3f0a1a0b3548daf92b7304983f8&q=*&domain=spectator_au&language=en&from_date=2023-08-01&to_date=2024-02-20&country=au&page=1691604000585358248
2024-03-04 16:56:59,900 [INFO] Response: 200
2024-03-04 16:56:59,901 [INFO] Gathering page 52 of 54
2024-03-04 16:56:59,902 [INFO] 
API call:
https://newsdata.io/api/1/archive?apikey=pub_200592638f3f0a1a0b3548daf92b7304983f8&q=*&domain=spectator_au&language=en&from_date=2023-08-01&to_date=2024-02-20&country=au&page=1691418118143728459
2024-03-04 16:57:01,551 [INFO] Response: 200
2024-03-04 16:57:01,553 [INFO] Gathering page 53 of 54
2024-03-04 16:57:01,555 [INFO] 
API call:
https://newsdata.io/api/1/archive?apikey=pub_200592638f3f0a1a0b3548daf92b7304983f8&q=*&domain=spectator_au&language=en&from_date=2023-08-01&to_date=2024-02-20&country=au&page=1690999236097108193
2024-03-04 16:57:03,126 [INFO] Response: 200
2024-03-04 16:57:03,129 [INFO] Gathering page 54 of 54
2024-03-04 16:57:03,132 [INFO] 
Compiling 54 pages of results...
2024-03-04 16:57:03,136 [INFO] All news articles gathered from spectator_au from 2023-08-01 to 2024-02-20!
2024-03-04 16:57:03,136 [INFO] Processing tables...
2024-03-04 16:57:03,371 [INFO] Tables have been processed.
2024-03-04 16:57:03,371 [INFO] 
Pushing results from spectator_au to Google BigQuery database...
2024-03-04 16:57:04,321 [INFO] Dataset dmrc-data.newsdataio_2024 already exists
2024-03-04 16:57:04,700 [INFO] Table exists
2024-03-04 16:57:12,579 [INFO] Loaded 174754 rows and 12 columns to dmrc-data.newsdataio_2024.newsdata_nov2023_au
2024-03-04 16:57:12,930 [INFO] Table exists
2024-03-04 16:57:21,388 [INFO] Loaded 198563 rows and 2 columns to dmrc-data.newsdataio_2024.newsdata_nov2023_au_categories
2024-03-04 16:57:21,753 [INFO] Table exists
2024-03-04 16:57:28,356 [INFO] Loaded 395637 rows and 2 columns to dmrc-data.newsdataio_2024.newsdata_nov2023_au_keywords
2024-03-04 16:57:28,686 [INFO] Table exists
2024-03-04 16:57:34,260 [INFO] Loaded 212710 rows and 2 columns to dmrc-data.newsdataio_2024.newsdata_nov2023_au_creators
2024-03-04 16:57:34,261 [INFO] 
Gather complete!
