2024-02-14 23:03:00,694 [INFO] Starting News Gatherer
2024-02-14 23:03:00,695 [INFO] Collecting news content from 31 domains.
2024-02-14 23:03:00,695 [INFO] 
-------------------------------------------------------------------------------------------------------
2024-02-14 23:03:00,696 [INFO] Gathering news articles from 7news from 2024-02-05 to 2024-02-10
2024-02-14 23:03:00,696 [INFO] 
API call:
https://newsdata.io/api/1/archive?apikey=pub_200592638f3f0a1a0b3548daf92b7304983f8&q=*&domain=7news&language=en&from_date=2024-02-05&to_date=2024-02-10&country=au
2024-02-14 23:03:02,414 [INFO] Response: 200
2024-02-14 23:03:02,416 [INFO] Gathering page 1 of 8
2024-02-14 23:03:02,417 [INFO] 
API call:
https://newsdata.io/api/1/archive?apikey=pub_200592638f3f0a1a0b3548daf92b7304983f8&q=*&domain=7news&language=en&from_date=2024-02-05&to_date=2024-02-10&country=au&page=1707458309733914788
2024-02-14 23:03:03,815 [INFO] Response: 200
2024-02-14 23:03:03,817 [INFO] Gathering page 2 of 8
2024-02-14 23:03:03,820 [INFO] 
API call:
https://newsdata.io/api/1/archive?apikey=pub_200592638f3f0a1a0b3548daf92b7304983f8&q=*&domain=7news&language=en&from_date=2024-02-05&to_date=2024-02-10&country=au&page=1707432169849389080
2024-02-14 23:03:05,276 [INFO] Response: 200
2024-02-14 23:03:05,278 [INFO] Gathering page 3 of 8
2024-02-14 23:03:05,279 [INFO] 
API call:
https://newsdata.io/api/1/archive?apikey=pub_200592638f3f0a1a0b3548daf92b7304983f8&q=*&domain=7news&language=en&from_date=2024-02-05&to_date=2024-02-10&country=au&page=1707361898951842048
2024-02-14 23:03:06,655 [INFO] Response: 200
2024-02-14 23:03:06,656 [INFO] Gathering page 4 of 8
2024-02-14 23:03:06,657 [INFO] 
API call:
https://newsdata.io/api/1/archive?apikey=pub_200592638f3f0a1a0b3548daf92b7304983f8&q=*&domain=7news&language=en&from_date=2024-02-05&to_date=2024-02-10&country=au&page=1707292829856509766
2024-02-14 23:03:08,124 [INFO] Response: 200
2024-02-14 23:03:08,125 [INFO] Gathering page 5 of 8
2024-02-14 23:03:08,126 [INFO] 
API call:
https://newsdata.io/api/1/archive?apikey=pub_200592638f3f0a1a0b3548daf92b7304983f8&q=*&domain=7news&language=en&from_date=2024-02-05&to_date=2024-02-10&country=au&page=1707258203896836972
2024-02-14 23:03:09,495 [INFO] Response: 200
2024-02-14 23:03:09,497 [INFO] Gathering page 6 of 8
2024-02-14 23:03:09,498 [INFO] 
API call:
https://newsdata.io/api/1/archive?apikey=pub_200592638f3f0a1a0b3548daf92b7304983f8&q=*&domain=7news&language=en&from_date=2024-02-05&to_date=2024-02-10&country=au&page=1707184866909439344
2024-02-14 23:03:10,862 [INFO] Response: 200
2024-02-14 23:03:10,863 [INFO] Gathering page 7 of 8
2024-02-14 23:03:10,864 [INFO] 
API call:
https://newsdata.io/api/1/archive?apikey=pub_200592638f3f0a1a0b3548daf92b7304983f8&q=*&domain=7news&language=en&from_date=2024-02-05&to_date=2024-02-10&country=au&page=1707111736035839987
2024-02-14 23:03:12,063 [INFO] Response: 200
2024-02-14 23:03:12,064 [INFO] Gathering page 8 of 8
2024-02-14 23:03:12,065 [INFO] 
Compiling 8 pages of results...
2024-02-14 23:03:12,066 [INFO] All news articles gathered from 7news from 2024-02-05 to 2024-02-10!
2024-02-14 23:03:12,066 [INFO] Processing tables...
2024-02-14 23:03:12,131 [INFO] Tables have been processed.
2024-02-14 23:03:12,131 [INFO] 
Pushing results from 7news to Google BigQuery database...
2024-02-14 23:03:12,975 [INFO] Dataset dmrc-data.newsdataio_2024 already exists
2024-02-14 23:03:13,298 [INFO] Table exists
2024-02-14 23:03:20,190 [INFO] Loaded 125684 rows and 12 columns to dmrc-data.newsdataio_2024.newsdata_nov2023_au
2024-02-14 23:03:20,526 [INFO] Table exists
2024-02-14 23:03:26,213 [INFO] Loaded 127766 rows and 2 columns to dmrc-data.newsdataio_2024.newsdata_nov2023_au_categories
2024-02-14 23:03:26,874 [INFO] Table exists
2024-02-14 23:03:34,508 [INFO] Loaded 287008 rows and 2 columns to dmrc-data.newsdataio_2024.newsdata_nov2023_au_keywords
2024-02-14 23:03:34,839 [INFO] Table exists
2024-02-14 23:03:39,778 [INFO] Loaded 138072 rows and 2 columns to dmrc-data.newsdataio_2024.newsdata_nov2023_au_creators
2024-02-14 23:03:39,779 [INFO] 
-------------------------------------------------------------------------------------------------------
2024-02-14 23:03:39,779 [INFO] Gathering news articles from skynewsau from 2024-02-05 to 2024-02-10
2024-02-14 23:03:39,779 [INFO] 
API call:
https://newsdata.io/api/1/archive?apikey=pub_200592638f3f0a1a0b3548daf92b7304983f8&q=*&domain=skynewsau&language=en&from_date=2024-02-05&to_date=2024-02-10&country=au
2024-02-14 23:03:41,230 [INFO] Response: 200
2024-02-14 23:03:41,231 [INFO] Gathering page 1 of 15
2024-02-14 23:03:41,233 [INFO] 
API call:
https://newsdata.io/api/1/archive?apikey=pub_200592638f3f0a1a0b3548daf92b7304983f8&q=*&domain=skynewsau&language=en&from_date=2024-02-05&to_date=2024-02-10&country=au&page=1707518006291538833
2024-02-14 23:03:42,368 [INFO] Response: 200
2024-02-14 23:03:42,369 [INFO] Gathering page 2 of 15
2024-02-14 23:03:42,369 [INFO] 
API call:
https://newsdata.io/api/1/archive?apikey=pub_200592638f3f0a1a0b3548daf92b7304983f8&q=*&domain=skynewsau&language=en&from_date=2024-02-05&to_date=2024-02-10&country=au&page=1707463709351732128
2024-02-14 23:03:43,598 [INFO] Response: 200
2024-02-14 23:03:43,599 [INFO] Gathering page 3 of 15
2024-02-14 23:03:43,600 [INFO] 
API call:
https://newsdata.io/api/1/archive?apikey=pub_200592638f3f0a1a0b3548daf92b7304983f8&q=*&domain=skynewsau&language=en&from_date=2024-02-05&to_date=2024-02-10&country=au&page=1707435695222022959
2024-02-14 23:03:44,805 [INFO] Response: 200
2024-02-14 23:03:44,807 [INFO] Gathering page 4 of 15
2024-02-14 23:03:44,810 [INFO] 
API call:
https://newsdata.io/api/1/archive?apikey=pub_200592638f3f0a1a0b3548daf92b7304983f8&q=*&domain=skynewsau&language=en&from_date=2024-02-05&to_date=2024-02-10&country=au&page=1707393553829857245
2024-02-14 23:03:45,945 [INFO] Response: 200
2024-02-14 23:03:45,949 [INFO] Gathering page 5 of 15
2024-02-14 23:03:45,952 [INFO] 
API call:
https://newsdata.io/api/1/archive?apikey=pub_200592638f3f0a1a0b3548daf92b7304983f8&q=*&domain=skynewsau&language=en&from_date=2024-02-05&to_date=2024-02-10&country=au&page=1707369573752448077
2024-02-14 23:03:47,126 [INFO] Response: 200
2024-02-14 23:03:47,128 [INFO] Gathering page 6 of 15
2024-02-14 23:03:47,129 [INFO] 
API call:
https://newsdata.io/api/1/archive?apikey=pub_200592638f3f0a1a0b3548daf92b7304983f8&q=*&domain=skynewsau&language=en&from_date=2024-02-05&to_date=2024-02-10&country=au&page=1707353241877854447
2024-02-14 23:03:48,291 [INFO] Response: 200
2024-02-14 23:03:48,292 [INFO] Gathering page 7 of 15
2024-02-14 23:03:48,294 [INFO] 
API call:
https://newsdata.io/api/1/archive?apikey=pub_200592638f3f0a1a0b3548daf92b7304983f8&q=*&domain=skynewsau&language=en&from_date=2024-02-05&to_date=2024-02-10&country=au&page=1707311100880150815
2024-02-14 23:03:49,371 [INFO] Response: 200
2024-02-14 23:03:49,372 [INFO] Gathering page 8 of 15
2024-02-14 23:03:49,373 [INFO] 
API call:
https://newsdata.io/api/1/archive?apikey=pub_200592638f3f0a1a0b3548daf92b7304983f8&q=*&domain=skynewsau&language=en&from_date=2024-02-05&to_date=2024-02-10&country=au&page=1707289475915798956
2024-02-14 23:03:50,509 [INFO] Response: 200
2024-02-14 23:03:50,513 [INFO] Gathering page 9 of 15
2024-02-14 23:03:50,516 [INFO] 
API call:
https://newsdata.io/api/1/archive?apikey=pub_200592638f3f0a1a0b3548daf92b7304983f8&q=*&domain=skynewsau&language=en&from_date=2024-02-05&to_date=2024-02-10&country=au&page=1707265407731081257
2024-02-14 23:03:51,654 [INFO] Response: 200
2024-02-14 23:03:51,656 [INFO] Gathering page 10 of 15
2024-02-14 23:03:51,658 [INFO] 
API call:
https://newsdata.io/api/1/archive?apikey=pub_200592638f3f0a1a0b3548daf92b7304983f8&q=*&domain=skynewsau&language=en&from_date=2024-02-05&to_date=2024-02-10&country=au&page=1707218244035611757
2024-02-14 23:03:52,759 [INFO] Response: 200
2024-02-14 23:03:52,761 [INFO] Gathering page 11 of 15
2024-02-14 23:03:52,764 [INFO] 
API call:
https://newsdata.io/api/1/archive?apikey=pub_200592638f3f0a1a0b3548daf92b7304983f8&q=*&domain=skynewsau&language=en&from_date=2024-02-05&to_date=2024-02-10&country=au&page=1707199187611212231
2024-02-14 23:03:53,841 [INFO] Response: 200
2024-02-14 23:03:53,842 [INFO] Gathering page 12 of 15
2024-02-14 23:03:53,844 [INFO] 
API call:
https://newsdata.io/api/1/archive?apikey=pub_200592638f3f0a1a0b3548daf92b7304983f8&q=*&domain=skynewsau&language=en&from_date=2024-02-05&to_date=2024-02-10&country=au&page=1707180429370077775
2024-02-14 23:03:54,944 [INFO] Response: 200
2024-02-14 23:03:54,947 [INFO] Gathering page 13 of 15
2024-02-14 23:03:54,950 [INFO] 
API call:
https://newsdata.io/api/1/archive?apikey=pub_200592638f3f0a1a0b3548daf92b7304983f8&q=*&domain=skynewsau&language=en&from_date=2024-02-05&to_date=2024-02-10&country=au&page=1707158638344918062
2024-02-14 23:03:56,124 [INFO] Response: 200
2024-02-14 23:03:56,125 [INFO] Gathering page 14 of 15
2024-02-14 23:03:56,127 [INFO] 
API call:
https://newsdata.io/api/1/archive?apikey=pub_200592638f3f0a1a0b3548daf92b7304983f8&q=*&domain=skynewsau&language=en&from_date=2024-02-05&to_date=2024-02-10&country=au&page=1707108443202958414
2024-02-14 23:03:57,186 [INFO] Response: 200
2024-02-14 23:03:57,187 [INFO] Gathering page 15 of 15
2024-02-14 23:03:57,188 [INFO] 
Compiling 15 pages of results...
2024-02-14 23:03:57,189 [INFO] All news articles gathered from skynewsau from 2024-02-05 to 2024-02-10!
2024-02-14 23:03:57,189 [INFO] Processing tables...
2024-02-14 23:03:57,309 [INFO] Tables have been processed.
2024-02-14 23:03:57,310 [INFO] 
Pushing results from skynewsau to Google BigQuery database...
2024-02-14 23:03:58,063 [INFO] Dataset dmrc-data.newsdataio_2024 already exists
2024-02-14 23:03:58,369 [INFO] Table exists
2024-02-14 23:04:04,776 [INFO] Loaded 126409 rows and 12 columns to dmrc-data.newsdataio_2024.newsdata_nov2023_au
2024-02-14 23:04:05,112 [INFO] Table exists
2024-02-14 23:04:10,630 [INFO] Loaded 128491 rows and 2 columns to dmrc-data.newsdataio_2024.newsdata_nov2023_au_categories
2024-02-14 23:04:10,944 [INFO] Table exists
2024-02-14 23:04:16,336 [INFO] Loaded 292085 rows and 2 columns to dmrc-data.newsdataio_2024.newsdata_nov2023_au_keywords
2024-02-14 23:04:16,647 [INFO] Table exists
2024-02-14 23:04:21,724 [INFO] Loaded 138797 rows and 2 columns to dmrc-data.newsdataio_2024.newsdata_nov2023_au_creators
2024-02-14 23:04:21,724 [INFO] 
-------------------------------------------------------------------------------------------------------
2024-02-14 23:04:21,724 [INFO] Gathering news articles from sbs from 2024-02-05 to 2024-02-10
2024-02-14 23:04:21,725 [INFO] 
API call:
https://newsdata.io/api/1/archive?apikey=pub_200592638f3f0a1a0b3548daf92b7304983f8&q=*&domain=sbs&language=en&from_date=2024-02-05&to_date=2024-02-10&country=au
2024-02-14 23:04:23,128 [INFO] Response: 200
2024-02-14 23:04:23,131 [INFO] Gathering page 1 of 2
2024-02-14 23:04:23,134 [INFO] 
API call:
https://newsdata.io/api/1/archive?apikey=pub_200592638f3f0a1a0b3548daf92b7304983f8&q=*&domain=sbs&language=en&from_date=2024-02-05&to_date=2024-02-10&country=au&page=1707164879638259318
2024-02-14 23:04:23,997 [INFO] Response: 200
2024-02-14 23:04:23,998 [INFO] Gathering page 2 of 2
2024-02-14 23:04:24,001 [INFO] 
Compiling 2 pages of results...
2024-02-14 23:04:24,003 [INFO] All news articles gathered from sbs from 2024-02-05 to 2024-02-10!
2024-02-14 23:04:24,003 [INFO] Processing tables...
2024-02-14 23:04:24,042 [INFO] Tables have been processed.
2024-02-14 23:04:24,042 [INFO] 
Pushing results from sbs to Google BigQuery database...
2024-02-14 23:04:24,764 [INFO] Dataset dmrc-data.newsdataio_2024 already exists
2024-02-14 23:04:25,062 [INFO] Table exists
2024-02-14 23:04:32,704 [INFO] Loaded 126464 rows and 12 columns to dmrc-data.newsdataio_2024.newsdata_nov2023_au
2024-02-14 23:04:33,027 [INFO] Table exists
2024-02-14 23:04:37,674 [INFO] Loaded 128546 rows and 2 columns to dmrc-data.newsdataio_2024.newsdata_nov2023_au_categories
2024-02-14 23:04:37,981 [INFO] Table exists
2024-02-14 23:04:46,763 [INFO] Loaded 292150 rows and 2 columns to dmrc-data.newsdataio_2024.newsdata_nov2023_au_keywords
2024-02-14 23:04:47,059 [INFO] Table exists
2024-02-14 23:04:53,035 [INFO] Loaded 138852 rows and 2 columns to dmrc-data.newsdataio_2024.newsdata_nov2023_au_creators
2024-02-14 23:04:53,035 [INFO] 
-------------------------------------------------------------------------------------------------------
2024-02-14 23:04:53,036 [INFO] Gathering news articles from reneweconomy from 2024-02-05 to 2024-02-10
2024-02-14 23:04:53,036 [INFO] 
API call:
https://newsdata.io/api/1/archive?apikey=pub_200592638f3f0a1a0b3548daf92b7304983f8&q=*&domain=reneweconomy&language=en&from_date=2024-02-05&to_date=2024-02-10&country=au
2024-02-14 23:04:54,033 [INFO] Response: 200
2024-02-14 23:04:54,034 [INFO] Gathering page 1 of 1
2024-02-14 23:04:54,035 [INFO] 
Compiling 1 pages of results...
2024-02-14 23:04:54,036 [INFO] All news articles gathered from reneweconomy from 2024-02-05 to 2024-02-10!
2024-02-14 23:04:54,036 [INFO] Processing tables...
2024-02-14 23:04:54,065 [INFO] Tables have been processed.
2024-02-14 23:04:54,065 [INFO] 
Pushing results from reneweconomy to Google BigQuery database...
2024-02-14 23:04:54,860 [INFO] Dataset dmrc-data.newsdataio_2024 already exists
2024-02-14 23:04:55,181 [INFO] Table exists
2024-02-14 23:05:03,466 [INFO] Loaded 126497 rows and 12 columns to dmrc-data.newsdataio_2024.newsdata_nov2023_au
2024-02-14 23:05:03,774 [INFO] Table exists
2024-02-14 23:05:09,524 [INFO] Loaded 128579 rows and 2 columns to dmrc-data.newsdataio_2024.newsdata_nov2023_au_categories
2024-02-14 23:05:09,819 [INFO] Table exists
2024-02-14 23:05:17,810 [INFO] Loaded 292301 rows and 2 columns to dmrc-data.newsdataio_2024.newsdata_nov2023_au_keywords
2024-02-14 23:05:18,136 [INFO] Table exists
2024-02-14 23:05:22,489 [INFO] Loaded 138885 rows and 2 columns to dmrc-data.newsdataio_2024.newsdata_nov2023_au_creators
2024-02-14 23:05:22,489 [INFO] 
-------------------------------------------------------------------------------------------------------
2024-02-14 23:05:22,490 [INFO] Gathering news articles from womensagenda from 2024-02-05 to 2024-02-10
2024-02-14 23:05:22,490 [INFO] 
API call:
https://newsdata.io/api/1/archive?apikey=pub_200592638f3f0a1a0b3548daf92b7304983f8&q=*&domain=womensagenda&language=en&from_date=2024-02-05&to_date=2024-02-10&country=au
2024-02-14 23:05:23,934 [INFO] Response: 200
2024-02-14 23:05:23,937 [INFO] Gathering page 1 of 1
2024-02-14 23:05:23,940 [INFO] 
Compiling 1 pages of results...
2024-02-14 23:05:23,940 [INFO] All news articles gathered from womensagenda from 2024-02-05 to 2024-02-10!
2024-02-14 23:05:23,941 [INFO] Processing tables...
2024-02-14 23:05:23,973 [INFO] Tables have been processed.
2024-02-14 23:05:23,973 [INFO] 
Pushing results from womensagenda to Google BigQuery database...
2024-02-14 23:05:24,760 [INFO] Dataset dmrc-data.newsdataio_2024 already exists
2024-02-14 23:05:25,109 [INFO] Table exists
2024-02-14 23:05:31,517 [INFO] Loaded 126539 rows and 12 columns to dmrc-data.newsdataio_2024.newsdata_nov2023_au
2024-02-14 23:05:31,842 [INFO] Table exists
2024-02-14 23:05:46,896 [INFO] Loaded 128621 rows and 2 columns to dmrc-data.newsdataio_2024.newsdata_nov2023_au_categories
2024-02-14 23:05:47,227 [INFO] Table exists
2024-02-14 23:05:53,867 [INFO] Loaded 292567 rows and 2 columns to dmrc-data.newsdataio_2024.newsdata_nov2023_au_keywords
2024-02-14 23:05:54,203 [INFO] Table exists
2024-02-14 23:06:01,640 [INFO] Loaded 138927 rows and 2 columns to dmrc-data.newsdataio_2024.newsdata_nov2023_au_creators
2024-02-14 23:06:01,641 [INFO] 
-------------------------------------------------------------------------------------------------------
2024-02-14 23:06:01,641 [INFO] Gathering news articles from spectator from 2024-02-05 to 2024-02-10
2024-02-14 23:06:01,641 [INFO] 
API call:
https://newsdata.io/api/1/archive?apikey=pub_200592638f3f0a1a0b3548daf92b7304983f8&q=*&domain=spectator&language=en&from_date=2024-02-05&to_date=2024-02-10&country=au
2024-02-14 23:06:02,467 [INFO] Response: 200
2024-02-14 23:06:02,468 [INFO] Gathering page 1 of 0
2024-02-14 23:06:02,469 [INFO] No results for spectator during your specified timeframe!
2024-02-14 23:06:02,469 [INFO] 
-------------------------------------------------------------------------------------------------------
2024-02-14 23:06:02,469 [INFO] Gathering news articles from greenleft from 2024-02-05 to 2024-02-10
2024-02-14 23:06:02,469 [INFO] 
API call:
https://newsdata.io/api/1/archive?apikey=pub_200592638f3f0a1a0b3548daf92b7304983f8&q=*&domain=greenleft&language=en&from_date=2024-02-05&to_date=2024-02-10&country=au
2024-02-14 23:06:03,590 [INFO] Response: 200
2024-02-14 23:06:03,590 [INFO] Gathering page 1 of 1
2024-02-14 23:06:03,591 [INFO] 
Compiling 1 pages of results...
2024-02-14 23:06:03,591 [INFO] All news articles gathered from greenleft from 2024-02-05 to 2024-02-10!
2024-02-14 23:06:03,591 [INFO] Processing tables...
2024-02-14 23:06:03,627 [INFO] Tables have been processed.
2024-02-14 23:06:03,627 [INFO] 
Pushing results from greenleft to Google BigQuery database...
2024-02-14 23:06:04,360 [INFO] Dataset dmrc-data.newsdataio_2024 already exists
2024-02-14 23:06:04,695 [INFO] Table exists
2024-02-14 23:06:13,814 [INFO] Loaded 126559 rows and 12 columns to dmrc-data.newsdataio_2024.newsdata_nov2023_au
2024-02-14 23:06:14,146 [INFO] Table exists
2024-02-14 23:06:19,010 [INFO] Loaded 128641 rows and 2 columns to dmrc-data.newsdataio_2024.newsdata_nov2023_au_categories
2024-02-14 23:06:19,322 [INFO] Table exists
2024-02-14 23:06:26,059 [INFO] Loaded 292587 rows and 2 columns to dmrc-data.newsdataio_2024.newsdata_nov2023_au_keywords
2024-02-14 23:06:26,383 [INFO] Table exists
2024-02-14 23:06:30,659 [INFO] Loaded 138953 rows and 2 columns to dmrc-data.newsdataio_2024.newsdata_nov2023_au_creators
2024-02-14 23:06:30,659 [INFO] 
-------------------------------------------------------------------------------------------------------
2024-02-14 23:06:30,659 [INFO] Gathering news articles from rebelnews from 2024-02-05 to 2024-02-10
2024-02-14 23:06:30,660 [INFO] 
API call:
https://newsdata.io/api/1/archive?apikey=pub_200592638f3f0a1a0b3548daf92b7304983f8&q=*&domain=rebelnews&language=en&from_date=2024-02-05&to_date=2024-02-10&country=au
2024-02-14 23:06:31,531 [INFO] Response: 200
2024-02-14 23:06:31,531 [INFO] Gathering page 1 of 0
2024-02-14 23:06:31,532 [INFO] No results for rebelnews during your specified timeframe!
2024-02-14 23:06:31,532 [INFO] 
-------------------------------------------------------------------------------------------------------
2024-02-14 23:06:31,532 [INFO] Gathering news articles from quadrant from 2024-02-05 to 2024-02-10
2024-02-14 23:06:31,532 [INFO] 
API call:
https://newsdata.io/api/1/archive?apikey=pub_200592638f3f0a1a0b3548daf92b7304983f8&q=*&domain=quadrant&language=en&from_date=2024-02-05&to_date=2024-02-10&country=au
2024-02-14 23:06:33,151 [INFO] Response: 200
2024-02-14 23:06:33,151 [INFO] Gathering page 1 of 1
2024-02-14 23:06:33,152 [INFO] 
Compiling 1 pages of results...
2024-02-14 23:06:33,152 [INFO] All news articles gathered from quadrant from 2024-02-05 to 2024-02-10!
2024-02-14 23:06:33,153 [INFO] Processing tables...
2024-02-14 23:06:33,191 [INFO] Tables have been processed.
2024-02-14 23:06:33,191 [INFO] 
Pushing results from quadrant to Google BigQuery database...
2024-02-14 23:06:33,964 [INFO] Dataset dmrc-data.newsdataio_2024 already exists
2024-02-14 23:06:34,311 [INFO] Table exists
2024-02-14 23:06:40,614 [INFO] Loaded 126566 rows and 12 columns to dmrc-data.newsdataio_2024.newsdata_nov2023_au
2024-02-14 23:06:40,964 [INFO] Table exists
2024-02-14 23:06:45,847 [INFO] Loaded 128648 rows and 2 columns to dmrc-data.newsdataio_2024.newsdata_nov2023_au_categories
2024-02-14 23:06:46,154 [INFO] Table exists
2024-02-14 23:06:53,916 [INFO] Loaded 292594 rows and 2 columns to dmrc-data.newsdataio_2024.newsdata_nov2023_au_keywords
2024-02-14 23:06:54,199 [INFO] Table exists
2024-02-14 23:07:08,104 [INFO] Loaded 138960 rows and 2 columns to dmrc-data.newsdataio_2024.newsdata_nov2023_au_creators
2024-02-14 23:07:08,105 [INFO] 
-------------------------------------------------------------------------------------------------------
2024-02-14 23:07:08,105 [INFO] Gathering news articles from pedestrian from 2024-02-05 to 2024-02-10
2024-02-14 23:07:08,105 [INFO] 
API call:
https://newsdata.io/api/1/archive?apikey=pub_200592638f3f0a1a0b3548daf92b7304983f8&q=*&domain=pedestrian&language=en&from_date=2024-02-05&to_date=2024-02-10&country=au
2024-02-14 23:07:09,508 [INFO] Response: 200
2024-02-14 23:07:09,512 [INFO] Gathering page 1 of 2
2024-02-14 23:07:09,513 [INFO] 
API call:
https://newsdata.io/api/1/archive?apikey=pub_200592638f3f0a1a0b3548daf92b7304983f8&q=*&domain=pedestrian&language=en&from_date=2024-02-05&to_date=2024-02-10&country=au&page=1707213600484999680
2024-02-14 23:07:10,590 [INFO] Response: 200
2024-02-14 23:07:10,591 [INFO] Gathering page 2 of 2
2024-02-14 23:07:10,593 [INFO] 
Compiling 2 pages of results...
2024-02-14 23:07:10,594 [INFO] All news articles gathered from pedestrian from 2024-02-05 to 2024-02-10!
2024-02-14 23:07:10,595 [INFO] Processing tables...
2024-02-14 23:07:10,639 [INFO] Tables have been processed.
2024-02-14 23:07:10,639 [INFO] 
Pushing results from pedestrian to Google BigQuery database...
2024-02-14 23:07:11,459 [INFO] Dataset dmrc-data.newsdataio_2024 already exists
2024-02-14 23:07:11,774 [INFO] Table exists
2024-02-14 23:07:21,088 [INFO] Loaded 126639 rows and 12 columns to dmrc-data.newsdataio_2024.newsdata_nov2023_au
2024-02-14 23:07:21,418 [INFO] Table exists
2024-02-14 23:07:28,616 [INFO] Loaded 128721 rows and 2 columns to dmrc-data.newsdataio_2024.newsdata_nov2023_au_categories
2024-02-14 23:07:28,931 [INFO] Table exists
2024-02-14 23:07:34,076 [INFO] Loaded 292847 rows and 2 columns to dmrc-data.newsdataio_2024.newsdata_nov2023_au_keywords
2024-02-14 23:07:34,414 [INFO] Table exists
2024-02-14 23:07:39,809 [INFO] Loaded 139033 rows and 2 columns to dmrc-data.newsdataio_2024.newsdata_nov2023_au_creators
2024-02-14 23:07:39,810 [INFO] 
-------------------------------------------------------------------------------------------------------
2024-02-14 23:07:39,810 [INFO] Gathering news articles from michaelwest from 2024-02-05 to 2024-02-10
2024-02-14 23:07:39,810 [INFO] 
API call:
https://newsdata.io/api/1/archive?apikey=pub_200592638f3f0a1a0b3548daf92b7304983f8&q=*&domain=michaelwest&language=en&from_date=2024-02-05&to_date=2024-02-10&country=au
2024-02-14 23:07:41,325 [INFO] Response: 200
2024-02-14 23:07:41,326 [INFO] Gathering page 1 of 3
2024-02-14 23:07:41,329 [INFO] 
API call:
https://newsdata.io/api/1/archive?apikey=pub_200592638f3f0a1a0b3548daf92b7304983f8&q=*&domain=michaelwest&language=en&from_date=2024-02-05&to_date=2024-02-10&country=au&page=1707281410477911029
2024-02-14 23:07:42,708 [INFO] Response: 200
2024-02-14 23:07:42,710 [INFO] Gathering page 2 of 3
2024-02-14 23:07:42,711 [INFO] 
API call:
https://newsdata.io/api/1/archive?apikey=pub_200592638f3f0a1a0b3548daf92b7304983f8&q=*&domain=michaelwest&language=en&from_date=2024-02-05&to_date=2024-02-10&country=au&page=1707099900943312149
2024-02-14 23:07:43,524 [INFO] Response: 200
2024-02-14 23:07:43,524 [INFO] Gathering page 3 of 3
2024-02-14 23:07:43,525 [INFO] 
Compiling 3 pages of results...
2024-02-14 23:07:43,526 [INFO] All news articles gathered from michaelwest from 2024-02-05 to 2024-02-10!
2024-02-14 23:07:43,526 [INFO] Processing tables...
2024-02-14 23:07:43,548 [INFO] Tables have been processed.
2024-02-14 23:07:43,548 [INFO] 
Pushing results from michaelwest to Google BigQuery database...
2024-02-14 23:07:44,464 [INFO] Dataset dmrc-data.newsdataio_2024 already exists
2024-02-14 23:07:44,794 [INFO] Table exists
2024-02-14 23:08:12,332 [INFO] Loaded 126741 rows and 12 columns to dmrc-data.newsdataio_2024.newsdata_nov2023_au
2024-02-14 23:08:12,655 [INFO] Table exists
2024-02-14 23:08:17,835 [INFO] Loaded 128823 rows and 2 columns to dmrc-data.newsdataio_2024.newsdata_nov2023_au_categories
2024-02-14 23:08:18,153 [INFO] Table exists
2024-02-14 23:08:23,222 [INFO] Loaded 292953 rows and 2 columns to dmrc-data.newsdataio_2024.newsdata_nov2023_au_keywords
2024-02-14 23:08:23,539 [INFO] Table exists
2024-02-14 23:08:30,627 [INFO] Loaded 139136 rows and 2 columns to dmrc-data.newsdataio_2024.newsdata_nov2023_au_creators
2024-02-14 23:08:30,627 [INFO] 
-------------------------------------------------------------------------------------------------------
2024-02-14 23:08:30,627 [INFO] Gathering news articles from junkee from 2024-02-05 to 2024-02-10
2024-02-14 23:08:30,627 [INFO] 
API call:
https://newsdata.io/api/1/archive?apikey=pub_200592638f3f0a1a0b3548daf92b7304983f8&q=*&domain=junkee&language=en&from_date=2024-02-05&to_date=2024-02-10&country=au
2024-02-14 23:08:31,815 [INFO] Response: 200
2024-02-14 23:08:31,816 [INFO] Gathering page 1 of 1
2024-02-14 23:08:31,818 [INFO] 
Compiling 1 pages of results...
2024-02-14 23:08:31,819 [INFO] All news articles gathered from junkee from 2024-02-05 to 2024-02-10!
2024-02-14 23:08:31,819 [INFO] Processing tables...
2024-02-14 23:08:31,836 [INFO] Tables have been processed.
2024-02-14 23:08:31,836 [INFO] 
Pushing results from junkee to Google BigQuery database...
2024-02-14 23:08:32,899 [INFO] Dataset dmrc-data.newsdataio_2024 already exists
2024-02-14 23:08:33,220 [INFO] Table exists
2024-02-14 23:08:40,354 [INFO] Loaded 126746 rows and 12 columns to dmrc-data.newsdataio_2024.newsdata_nov2023_au
2024-02-14 23:08:40,670 [INFO] Table exists
2024-02-14 23:09:07,889 [INFO] Loaded 128828 rows and 2 columns to dmrc-data.newsdataio_2024.newsdata_nov2023_au_categories
2024-02-14 23:09:08,192 [INFO] Table exists
2024-02-14 23:09:13,345 [INFO] Loaded 292996 rows and 2 columns to dmrc-data.newsdataio_2024.newsdata_nov2023_au_keywords
2024-02-14 23:09:13,653 [INFO] Table exists
2024-02-14 23:09:19,466 [INFO] Loaded 139141 rows and 2 columns to dmrc-data.newsdataio_2024.newsdata_nov2023_au_creators
2024-02-14 23:09:19,466 [INFO] 
-------------------------------------------------------------------------------------------------------
2024-02-14 23:09:19,466 [INFO] Gathering news articles from dailymailuk from 2024-02-05 to 2024-02-10
2024-02-14 23:09:19,466 [INFO] 
API call:
https://newsdata.io/api/1/archive?apikey=pub_200592638f3f0a1a0b3548daf92b7304983f8&q=*&domain=dailymailuk&language=en&from_date=2024-02-05&to_date=2024-02-10&country=au
2024-02-14 23:09:20,998 [INFO] Response: 200
2024-02-14 23:09:20,999 [INFO] Gathering page 1 of 1
2024-02-14 23:09:21,000 [INFO] 
Compiling 1 pages of results...
2024-02-14 23:09:21,000 [INFO] All news articles gathered from dailymailuk from 2024-02-05 to 2024-02-10!
2024-02-14 23:09:21,000 [INFO] Processing tables...
2024-02-14 23:09:21,019 [INFO] Tables have been processed.
2024-02-14 23:09:21,020 [INFO] 
Pushing results from dailymailuk to Google BigQuery database...
2024-02-14 23:09:21,759 [INFO] Dataset dmrc-data.newsdataio_2024 already exists
2024-02-14 23:09:22,050 [INFO] Table exists
2024-02-14 23:09:28,360 [INFO] Loaded 126779 rows and 12 columns to dmrc-data.newsdataio_2024.newsdata_nov2023_au
2024-02-14 23:09:28,691 [INFO] Table exists
2024-02-14 23:09:33,514 [INFO] Loaded 128861 rows and 2 columns to dmrc-data.newsdataio_2024.newsdata_nov2023_au_categories
2024-02-14 23:09:33,827 [INFO] Table exists
2024-02-14 23:10:00,449 [INFO] Loaded 293029 rows and 2 columns to dmrc-data.newsdataio_2024.newsdata_nov2023_au_keywords
2024-02-14 23:10:00,772 [INFO] Table exists
2024-02-14 23:10:06,593 [INFO] Loaded 139174 rows and 2 columns to dmrc-data.newsdataio_2024.newsdata_nov2023_au_creators
2024-02-14 23:10:06,594 [INFO] 
-------------------------------------------------------------------------------------------------------
2024-02-14 23:10:06,594 [INFO] Gathering news articles from 6newsau from 2024-02-05 to 2024-02-10
2024-02-14 23:10:06,594 [INFO] 
API call:
https://newsdata.io/api/1/archive?apikey=pub_200592638f3f0a1a0b3548daf92b7304983f8&q=*&domain=6newsau&language=en&from_date=2024-02-05&to_date=2024-02-10&country=au
2024-02-14 23:10:07,405 [INFO] Response: 200
2024-02-14 23:10:07,405 [INFO] Gathering page 1 of 0
2024-02-14 23:10:07,406 [INFO] No results for 6newsau during your specified timeframe!
2024-02-14 23:10:07,406 [INFO] 
-------------------------------------------------------------------------------------------------------
2024-02-14 23:10:07,406 [INFO] Gathering news articles from news from 2024-02-05 to 2024-02-10
2024-02-14 23:10:07,406 [INFO] 
API call:
https://newsdata.io/api/1/archive?apikey=pub_200592638f3f0a1a0b3548daf92b7304983f8&q=*&domain=news&language=en&from_date=2024-02-05&to_date=2024-02-10&country=au
2024-02-14 23:10:08,815 [INFO] Response: 200
2024-02-14 23:10:08,816 [INFO] Gathering page 1 of 12
2024-02-14 23:10:08,817 [INFO] 
API call:
https://newsdata.io/api/1/archive?apikey=pub_200592638f3f0a1a0b3548daf92b7304983f8&q=*&domain=news&language=en&from_date=2024-02-05&to_date=2024-02-10&country=au&page=1707535078869970486
2024-02-14 23:10:09,922 [INFO] Response: 200
2024-02-14 23:10:09,924 [INFO] Gathering page 2 of 12
2024-02-14 23:10:09,927 [INFO] 
API call:
https://newsdata.io/api/1/archive?apikey=pub_200592638f3f0a1a0b3548daf92b7304983f8&q=*&domain=news&language=en&from_date=2024-02-05&to_date=2024-02-10&country=au&page=1707492370566177443
2024-02-14 23:10:11,270 [INFO] Response: 200
2024-02-14 23:10:11,273 [INFO] Gathering page 3 of 12
2024-02-14 23:10:11,275 [INFO] 
API call:
https://newsdata.io/api/1/archive?apikey=pub_200592638f3f0a1a0b3548daf92b7304983f8&q=*&domain=news&language=en&from_date=2024-02-05&to_date=2024-02-10&country=au&page=1707290340944609369
2024-02-14 23:10:12,642 [INFO] Response: 200
2024-02-14 23:10:12,645 [INFO] Gathering page 4 of 12
2024-02-14 23:10:12,648 [INFO] 
API call:
https://newsdata.io/api/1/archive?apikey=pub_200592638f3f0a1a0b3548daf92b7304983f8&q=*&domain=news&language=en&from_date=2024-02-05&to_date=2024-02-10&country=au&page=1707252120257372301
2024-02-14 23:10:14,130 [INFO] Response: 200
2024-02-14 23:10:14,131 [INFO] Gathering page 5 of 12
2024-02-14 23:10:14,132 [INFO] 
API call:
https://newsdata.io/api/1/archive?apikey=pub_200592638f3f0a1a0b3548daf92b7304983f8&q=*&domain=news&language=en&from_date=2024-02-05&to_date=2024-02-10&country=au&page=1707203999316996460
2024-02-14 23:10:15,614 [INFO] Response: 200
2024-02-14 23:10:15,616 [INFO] Gathering page 6 of 12
2024-02-14 23:10:15,619 [INFO] 
API call:
https://newsdata.io/api/1/archive?apikey=pub_200592638f3f0a1a0b3548daf92b7304983f8&q=*&domain=news&language=en&from_date=2024-02-05&to_date=2024-02-10&country=au&page=1707190593767957955
2024-02-14 23:10:17,878 [INFO] Response: 200
2024-02-14 23:10:17,879 [INFO] Gathering page 7 of 12
2024-02-14 23:10:17,880 [INFO] 
API call:
https://newsdata.io/api/1/archive?apikey=pub_200592638f3f0a1a0b3548daf92b7304983f8&q=*&domain=news&language=en&from_date=2024-02-05&to_date=2024-02-10&country=au&page=1707178920040365773
2024-02-14 23:10:19,325 [INFO] Response: 200
2024-02-14 23:10:19,326 [INFO] Gathering page 8 of 12
2024-02-14 23:10:19,327 [INFO] 
API call:
https://newsdata.io/api/1/archive?apikey=pub_200592638f3f0a1a0b3548daf92b7304983f8&q=*&domain=news&language=en&from_date=2024-02-05&to_date=2024-02-10&country=au&page=1707165380803673384
2024-02-14 23:10:20,474 [INFO] Response: 200
2024-02-14 23:10:20,474 [INFO] Gathering page 9 of 12
2024-02-14 23:10:20,475 [INFO] 
API call:
https://newsdata.io/api/1/archive?apikey=pub_200592638f3f0a1a0b3548daf92b7304983f8&q=*&domain=news&language=en&from_date=2024-02-05&to_date=2024-02-10&country=au&page=1707145991543664735
2024-02-14 23:10:21,689 [INFO] Response: 200
2024-02-14 23:10:21,690 [INFO] Gathering page 10 of 12
2024-02-14 23:10:21,691 [INFO] 
API call:
https://newsdata.io/api/1/archive?apikey=pub_200592638f3f0a1a0b3548daf92b7304983f8&q=*&domain=news&language=en&from_date=2024-02-05&to_date=2024-02-10&country=au&page=1707128220583814165
2024-02-14 23:10:22,894 [INFO] Response: 200
2024-02-14 23:10:22,896 [INFO] Gathering page 11 of 12
2024-02-14 23:10:22,899 [INFO] 
API call:
https://newsdata.io/api/1/archive?apikey=pub_200592638f3f0a1a0b3548daf92b7304983f8&q=*&domain=news&language=en&from_date=2024-02-05&to_date=2024-02-10&country=au&page=1707106095412771696
2024-02-14 23:10:24,047 [INFO] Response: 200
2024-02-14 23:10:24,048 [INFO] Gathering page 12 of 12
2024-02-14 23:10:24,050 [INFO] 
Compiling 12 pages of results...
2024-02-14 23:10:24,051 [INFO] All news articles gathered from news from 2024-02-05 to 2024-02-10!
2024-02-14 23:10:24,052 [INFO] Processing tables...
2024-02-14 23:10:24,134 [INFO] Tables have been processed.
2024-02-14 23:10:24,134 [INFO] 
Pushing results from news to Google BigQuery database...
2024-02-14 23:10:24,965 [INFO] Dataset dmrc-data.newsdataio_2024 already exists
2024-02-14 23:10:25,278 [INFO] Table exists
2024-02-14 23:11:14,772 [INFO] Loaded 127367 rows and 12 columns to dmrc-data.newsdataio_2024.newsdata_nov2023_au
2024-02-14 23:11:15,098 [INFO] Table exists
2024-02-14 23:11:19,936 [INFO] Loaded 129449 rows and 2 columns to dmrc-data.newsdataio_2024.newsdata_nov2023_au_categories
2024-02-14 23:11:20,280 [INFO] Table exists
2024-02-14 23:11:25,422 [INFO] Loaded 294221 rows and 2 columns to dmrc-data.newsdataio_2024.newsdata_nov2023_au_keywords
2024-02-14 23:11:25,752 [INFO] Table exists
2024-02-14 23:11:34,287 [INFO] Loaded 139762 rows and 2 columns to dmrc-data.newsdataio_2024.newsdata_nov2023_au_creators
2024-02-14 23:11:34,288 [INFO] 
-------------------------------------------------------------------------------------------------------
2024-02-14 23:11:34,288 [INFO] Gathering news articles from heraldsun from 2024-02-05 to 2024-02-10
2024-02-14 23:11:34,289 [INFO] 
API call:
https://newsdata.io/api/1/archive?apikey=pub_200592638f3f0a1a0b3548daf92b7304983f8&q=*&domain=heraldsun&language=en&from_date=2024-02-05&to_date=2024-02-10&country=au
2024-02-14 23:11:35,805 [INFO] Response: 200
2024-02-14 23:11:35,808 [INFO] Gathering page 1 of 15
2024-02-14 23:11:35,811 [INFO] 
API call:
https://newsdata.io/api/1/archive?apikey=pub_200592638f3f0a1a0b3548daf92b7304983f8&q=*&domain=heraldsun&language=en&from_date=2024-02-05&to_date=2024-02-10&country=au&page=1707524125651569311
2024-02-14 23:11:36,984 [INFO] Response: 200
2024-02-14 23:11:36,985 [INFO] Gathering page 2 of 15
2024-02-14 23:11:36,986 [INFO] 
API call:
https://newsdata.io/api/1/archive?apikey=pub_200592638f3f0a1a0b3548daf92b7304983f8&q=*&domain=heraldsun&language=en&from_date=2024-02-05&to_date=2024-02-10&country=au&page=1707446940237680115
2024-02-14 23:11:38,093 [INFO] Response: 200
2024-02-14 23:11:38,099 [INFO] Gathering page 3 of 15
2024-02-14 23:11:38,101 [INFO] 
API call:
https://newsdata.io/api/1/archive?apikey=pub_200592638f3f0a1a0b3548daf92b7304983f8&q=*&domain=heraldsun&language=en&from_date=2024-02-05&to_date=2024-02-10&country=au&page=1707439560375034184
2024-02-14 23:11:39,215 [INFO] Response: 200
2024-02-14 23:11:39,216 [INFO] Gathering page 4 of 15
2024-02-14 23:11:39,217 [INFO] 
API call:
https://newsdata.io/api/1/archive?apikey=pub_200592638f3f0a1a0b3548daf92b7304983f8&q=*&domain=heraldsun&language=en&from_date=2024-02-05&to_date=2024-02-10&country=au&page=1707423190552784646
2024-02-14 23:11:40,365 [INFO] Response: 200
2024-02-14 23:11:40,367 [INFO] Gathering page 5 of 15
2024-02-14 23:11:40,369 [INFO] 
API call:
https://newsdata.io/api/1/archive?apikey=pub_200592638f3f0a1a0b3548daf92b7304983f8&q=*&domain=heraldsun&language=en&from_date=2024-02-05&to_date=2024-02-10&country=au&page=1707412390508879207
2024-02-14 23:11:41,517 [INFO] Response: 200
2024-02-14 23:11:41,519 [INFO] Gathering page 6 of 15
2024-02-14 23:11:41,521 [INFO] 
API call:
https://newsdata.io/api/1/archive?apikey=pub_200592638f3f0a1a0b3548daf92b7304983f8&q=*&domain=heraldsun&language=en&from_date=2024-02-05&to_date=2024-02-10&country=au&page=1707185209634622524
2024-02-14 23:11:42,703 [INFO] Response: 200
2024-02-14 23:11:42,705 [INFO] Gathering page 7 of 15
2024-02-14 23:11:42,708 [INFO] 
API call:
https://newsdata.io/api/1/archive?apikey=pub_200592638f3f0a1a0b3548daf92b7304983f8&q=*&domain=heraldsun&language=en&from_date=2024-02-05&to_date=2024-02-10&country=au&page=1707171190093162036
2024-02-14 23:11:43,913 [INFO] Response: 200
2024-02-14 23:11:43,915 [INFO] Gathering page 8 of 15
2024-02-14 23:11:43,917 [INFO] 
API call:
https://newsdata.io/api/1/archive?apikey=pub_200592638f3f0a1a0b3548daf92b7304983f8&q=*&domain=heraldsun&language=en&from_date=2024-02-05&to_date=2024-02-10&country=au&page=1707161340077841183
2024-02-14 23:11:45,030 [INFO] Response: 200
2024-02-14 23:11:45,031 [INFO] Gathering page 9 of 15
2024-02-14 23:11:45,032 [INFO] 
API call:
https://newsdata.io/api/1/archive?apikey=pub_200592638f3f0a1a0b3548daf92b7304983f8&q=*&domain=heraldsun&language=en&from_date=2024-02-05&to_date=2024-02-10&country=au&page=1707153969925455275
2024-02-14 23:11:46,264 [INFO] Response: 200
2024-02-14 23:11:46,265 [INFO] Gathering page 10 of 15
2024-02-14 23:11:46,266 [INFO] 
API call:
https://newsdata.io/api/1/archive?apikey=pub_200592638f3f0a1a0b3548daf92b7304983f8&q=*&domain=heraldsun&language=en&from_date=2024-02-05&to_date=2024-02-10&country=au&page=1707144730743449122
2024-02-14 23:11:47,375 [INFO] Response: 200
2024-02-14 23:11:47,376 [INFO] Gathering page 11 of 15
2024-02-14 23:11:47,379 [INFO] 
API call:
https://newsdata.io/api/1/archive?apikey=pub_200592638f3f0a1a0b3548daf92b7304983f8&q=*&domain=heraldsun&language=en&from_date=2024-02-05&to_date=2024-02-10&country=au&page=1707133517423338615
2024-02-14 23:11:48,515 [INFO] Response: 200
2024-02-14 23:11:48,517 [INFO] Gathering page 12 of 15
2024-02-14 23:11:48,519 [INFO] 
API call:
https://newsdata.io/api/1/archive?apikey=pub_200592638f3f0a1a0b3548daf92b7304983f8&q=*&domain=heraldsun&language=en&from_date=2024-02-05&to_date=2024-02-10&country=au&page=1707117190200494901
2024-02-14 23:11:49,715 [INFO] Response: 200
2024-02-14 23:11:49,718 [INFO] Gathering page 13 of 15
2024-02-14 23:11:49,719 [INFO] 
API call:
https://newsdata.io/api/1/archive?apikey=pub_200592638f3f0a1a0b3548daf92b7304983f8&q=*&domain=heraldsun&language=en&from_date=2024-02-05&to_date=2024-02-10&country=au&page=1707105131634641942
2024-02-14 23:11:50,865 [INFO] Response: 200
2024-02-14 23:11:50,867 [INFO] Gathering page 14 of 15
2024-02-14 23:11:50,868 [INFO] 
API call:
https://newsdata.io/api/1/archive?apikey=pub_200592638f3f0a1a0b3548daf92b7304983f8&q=*&domain=heraldsun&language=en&from_date=2024-02-05&to_date=2024-02-10&country=au&page=1707093550354629364
2024-02-14 23:11:51,786 [INFO] Response: 200
2024-02-14 23:11:51,786 [INFO] Gathering page 15 of 15
2024-02-14 23:11:51,787 [INFO] 
Compiling 15 pages of results...
2024-02-14 23:11:51,789 [INFO] All news articles gathered from heraldsun from 2024-02-05 to 2024-02-10!
2024-02-14 23:11:51,789 [INFO] Processing tables...
2024-02-14 23:11:51,853 [INFO] Tables have been processed.
2024-02-14 23:11:51,853 [INFO] 
Pushing results from heraldsun to Google BigQuery database...
2024-02-14 23:11:52,655 [INFO] Dataset dmrc-data.newsdataio_2024 already exists
2024-02-14 23:11:52,977 [INFO] Table exists
2024-02-14 23:12:01,197 [INFO] Loaded 128087 rows and 12 columns to dmrc-data.newsdataio_2024.newsdata_nov2023_au
2024-02-14 23:12:01,513 [INFO] Table exists
2024-02-14 23:12:06,954 [INFO] Loaded 130258 rows and 2 columns to dmrc-data.newsdataio_2024.newsdata_nov2023_au_categories
2024-02-14 23:12:07,269 [INFO] Table exists
2024-02-14 23:12:12,957 [INFO] Loaded 295466 rows and 2 columns to dmrc-data.newsdataio_2024.newsdata_nov2023_au_keywords
2024-02-14 23:12:13,249 [INFO] Table exists
2024-02-14 23:12:21,194 [INFO] Loaded 140482 rows and 2 columns to dmrc-data.newsdataio_2024.newsdata_nov2023_au_creators
2024-02-14 23:12:21,195 [INFO] 
-------------------------------------------------------------------------------------------------------
2024-02-14 23:12:21,195 [INFO] Gathering news articles from theaustralian from 2024-02-05 to 2024-02-10
2024-02-14 23:12:21,195 [INFO] 
API call:
https://newsdata.io/api/1/archive?apikey=pub_200592638f3f0a1a0b3548daf92b7304983f8&q=*&domain=theaustralian&language=en&from_date=2024-02-05&to_date=2024-02-10&country=au
2024-02-14 23:12:22,428 [INFO] Response: 200
2024-02-14 23:12:22,428 [INFO] Gathering page 1 of 5
2024-02-14 23:12:22,430 [INFO] 
API call:
https://newsdata.io/api/1/archive?apikey=pub_200592638f3f0a1a0b3548daf92b7304983f8&q=*&domain=theaustralian&language=en&from_date=2024-02-05&to_date=2024-02-10&country=au&page=1707470220325709091
2024-02-14 23:12:23,517 [INFO] Response: 200
2024-02-14 23:12:23,519 [INFO] Gathering page 2 of 5
2024-02-14 23:12:23,521 [INFO] 
API call:
https://newsdata.io/api/1/archive?apikey=pub_200592638f3f0a1a0b3548daf92b7304983f8&q=*&domain=theaustralian&language=en&from_date=2024-02-05&to_date=2024-02-10&country=au&page=1707262980305976524
2024-02-14 23:12:24,732 [INFO] Response: 200
2024-02-14 23:12:24,739 [INFO] Gathering page 3 of 5
2024-02-14 23:12:24,740 [INFO] 
API call:
https://newsdata.io/api/1/archive?apikey=pub_200592638f3f0a1a0b3548daf92b7304983f8&q=*&domain=theaustralian&language=en&from_date=2024-02-05&to_date=2024-02-10&country=au&page=1707163200563149104
2024-02-14 23:12:25,867 [INFO] Response: 200
2024-02-14 23:12:25,869 [INFO] Gathering page 4 of 5
2024-02-14 23:12:25,871 [INFO] 
API call:
https://newsdata.io/api/1/archive?apikey=pub_200592638f3f0a1a0b3548daf92b7304983f8&q=*&domain=theaustralian&language=en&from_date=2024-02-05&to_date=2024-02-10&country=au&page=1707108300049375934
2024-02-14 23:12:26,677 [INFO] Response: 200
2024-02-14 23:12:26,678 [INFO] Gathering page 5 of 5
2024-02-14 23:12:26,680 [INFO] 
Compiling 5 pages of results...
2024-02-14 23:12:26,680 [INFO] All news articles gathered from theaustralian from 2024-02-05 to 2024-02-10!
2024-02-14 23:12:26,681 [INFO] Processing tables...
2024-02-14 23:12:26,725 [INFO] Tables have been processed.
2024-02-14 23:12:26,725 [INFO] 
Pushing results from theaustralian to Google BigQuery database...
2024-02-14 23:12:27,565 [INFO] Dataset dmrc-data.newsdataio_2024 already exists
2024-02-14 23:12:27,879 [INFO] Table exists
2024-02-14 23:12:33,771 [INFO] Loaded 128299 rows and 12 columns to dmrc-data.newsdataio_2024.newsdata_nov2023_au
2024-02-14 23:12:34,080 [INFO] Table exists
2024-02-14 23:12:39,930 [INFO] Loaded 130470 rows and 2 columns to dmrc-data.newsdataio_2024.newsdata_nov2023_au_categories
2024-02-14 23:12:40,257 [INFO] Table exists
2024-02-14 23:12:45,643 [INFO] Loaded 295949 rows and 2 columns to dmrc-data.newsdataio_2024.newsdata_nov2023_au_keywords
2024-02-14 23:12:45,989 [INFO] Table exists
2024-02-14 23:12:50,706 [INFO] Loaded 140694 rows and 2 columns to dmrc-data.newsdataio_2024.newsdata_nov2023_au_creators
2024-02-14 23:12:50,707 [INFO] 
-------------------------------------------------------------------------------------------------------
2024-02-14 23:12:50,707 [INFO] Gathering news articles from thesaturdaypaper from 2024-02-05 to 2024-02-10
2024-02-14 23:12:50,707 [INFO] 
API call:
https://newsdata.io/api/1/archive?apikey=pub_200592638f3f0a1a0b3548daf92b7304983f8&q=*&domain=thesaturdaypaper&language=en&from_date=2024-02-05&to_date=2024-02-10&country=au
2024-02-14 23:12:51,717 [INFO] Response: 200
2024-02-14 23:12:51,718 [INFO] Gathering page 1 of 1
2024-02-14 23:12:51,719 [INFO] 
Compiling 1 pages of results...
2024-02-14 23:12:51,719 [INFO] All news articles gathered from thesaturdaypaper from 2024-02-05 to 2024-02-10!
2024-02-14 23:12:51,719 [INFO] Processing tables...
2024-02-14 23:12:51,743 [INFO] Tables have been processed.
2024-02-14 23:12:51,744 [INFO] 
Pushing results from thesaturdaypaper to Google BigQuery database...
2024-02-14 23:12:52,562 [INFO] Dataset dmrc-data.newsdataio_2024 already exists
2024-02-14 23:12:52,883 [INFO] Table exists
2024-02-14 23:13:00,982 [INFO] Loaded 128304 rows and 12 columns to dmrc-data.newsdataio_2024.newsdata_nov2023_au
2024-02-14 23:13:01,313 [INFO] Table exists
2024-02-14 23:13:06,529 [INFO] Loaded 130475 rows and 2 columns to dmrc-data.newsdataio_2024.newsdata_nov2023_au_categories
2024-02-14 23:13:06,843 [INFO] Table exists
2024-02-14 23:13:12,257 [INFO] Loaded 295954 rows and 2 columns to dmrc-data.newsdataio_2024.newsdata_nov2023_au_keywords
2024-02-14 23:13:12,553 [INFO] Table exists
2024-02-14 23:13:17,261 [INFO] Loaded 140699 rows and 2 columns to dmrc-data.newsdataio_2024.newsdata_nov2023_au_creators
2024-02-14 23:13:17,261 [INFO] 
-------------------------------------------------------------------------------------------------------
2024-02-14 23:13:17,262 [INFO] Gathering news articles from theklaxon from 2024-02-05 to 2024-02-10
2024-02-14 23:13:17,262 [INFO] 
API call:
https://newsdata.io/api/1/archive?apikey=pub_200592638f3f0a1a0b3548daf92b7304983f8&q=*&domain=theklaxon&language=en&from_date=2024-02-05&to_date=2024-02-10&country=au
2024-02-14 23:13:18,136 [INFO] Response: 200
2024-02-14 23:13:18,137 [INFO] Gathering page 1 of 1
2024-02-14 23:13:18,139 [INFO] 
Compiling 1 pages of results...
2024-02-14 23:13:18,140 [INFO] All news articles gathered from theklaxon from 2024-02-05 to 2024-02-10!
2024-02-14 23:13:18,141 [INFO] Processing tables...
2024-02-14 23:13:18,173 [INFO] Tables have been processed.
2024-02-14 23:13:18,173 [INFO] 
Pushing results from theklaxon to Google BigQuery database...
2024-02-14 23:13:18,952 [INFO] Dataset dmrc-data.newsdataio_2024 already exists
2024-02-14 23:13:19,273 [INFO] Table exists
2024-02-14 23:13:26,694 [INFO] Loaded 128306 rows and 12 columns to dmrc-data.newsdataio_2024.newsdata_nov2023_au
2024-02-14 23:13:27,007 [INFO] Table exists
2024-02-14 23:13:32,425 [INFO] Loaded 130477 rows and 2 columns to dmrc-data.newsdataio_2024.newsdata_nov2023_au_categories
2024-02-14 23:13:32,768 [INFO] Table exists
2024-02-14 23:13:38,240 [INFO] Loaded 295993 rows and 2 columns to dmrc-data.newsdataio_2024.newsdata_nov2023_au_keywords
2024-02-14 23:13:38,565 [INFO] Table exists
2024-02-14 23:13:43,944 [INFO] Loaded 140701 rows and 2 columns to dmrc-data.newsdataio_2024.newsdata_nov2023_au_creators
2024-02-14 23:13:43,945 [INFO] 
-------------------------------------------------------------------------------------------------------
2024-02-14 23:13:43,945 [INFO] Gathering news articles from redflag from 2024-02-05 to 2024-02-10
2024-02-14 23:13:43,945 [INFO] 
API call:
https://newsdata.io/api/1/archive?apikey=pub_200592638f3f0a1a0b3548daf92b7304983f8&q=*&domain=redflag&language=en&from_date=2024-02-05&to_date=2024-02-10&country=au
2024-02-14 23:13:44,643 [INFO] Response: 422
2024-02-14 23:13:44,643 [INFO] Domain redflag does not exist in the NewsdataIO database. Moving to next keyword.
2024-02-14 23:13:44,644 [INFO] 
-------------------------------------------------------------------------------------------------------
2024-02-14 23:13:44,644 [INFO] Gathering news articles from yahoo from 2024-02-05 to 2024-02-10
2024-02-14 23:13:44,644 [INFO] 
API call:
https://newsdata.io/api/1/archive?apikey=pub_200592638f3f0a1a0b3548daf92b7304983f8&q=*&domain=yahoo&language=en&from_date=2024-02-05&to_date=2024-02-10&country=au
2024-02-14 23:13:45,722 [INFO] Response: 200
2024-02-14 23:13:45,723 [INFO] Gathering page 1 of 3
2024-02-14 23:13:45,726 [INFO] 
API call:
https://newsdata.io/api/1/archive?apikey=pub_200592638f3f0a1a0b3548daf92b7304983f8&q=*&domain=yahoo&language=en&from_date=2024-02-05&to_date=2024-02-10&country=au&page=1707346435419639459
2024-02-14 23:13:46,732 [INFO] Response: 200
2024-02-14 23:13:46,732 [INFO] Gathering page 2 of 3
2024-02-14 23:13:46,737 [INFO] 
API call:
https://newsdata.io/api/1/archive?apikey=pub_200592638f3f0a1a0b3548daf92b7304983f8&q=*&domain=yahoo&language=en&from_date=2024-02-05&to_date=2024-02-10&country=au&page=1707110036993759661
2024-02-14 23:13:47,606 [INFO] Response: 200
2024-02-14 23:13:47,606 [INFO] Gathering page 3 of 3
2024-02-14 23:13:47,607 [INFO] 
Compiling 3 pages of results...
2024-02-14 23:13:47,607 [INFO] All news articles gathered from yahoo from 2024-02-05 to 2024-02-10!
2024-02-14 23:13:47,607 [INFO] Processing tables...
2024-02-14 23:13:47,635 [INFO] Tables have been processed.
2024-02-14 23:13:47,635 [INFO] 
Pushing results from yahoo to Google BigQuery database...
2024-02-14 23:13:48,756 [INFO] Dataset dmrc-data.newsdataio_2024 already exists
2024-02-14 23:13:49,115 [INFO] Table exists
2024-02-14 23:13:55,049 [INFO] Loaded 128416 rows and 12 columns to dmrc-data.newsdataio_2024.newsdata_nov2023_au
2024-02-14 23:13:55,395 [INFO] Table exists
2024-02-14 23:14:00,722 [INFO] Loaded 130587 rows and 2 columns to dmrc-data.newsdataio_2024.newsdata_nov2023_au_categories
2024-02-14 23:14:01,082 [INFO] Table exists
2024-02-14 23:14:05,642 [INFO] Loaded 296103 rows and 2 columns to dmrc-data.newsdataio_2024.newsdata_nov2023_au_keywords
2024-02-14 23:14:05,980 [INFO] Table exists
2024-02-14 23:14:20,185 [INFO] Loaded 140811 rows and 2 columns to dmrc-data.newsdataio_2024.newsdata_nov2023_au_creators
2024-02-14 23:14:20,185 [INFO] 
-------------------------------------------------------------------------------------------------------
2024-02-14 23:14:20,185 [INFO] Gathering news articles from abc_net from 2024-02-05 to 2024-02-10
2024-02-14 23:14:20,185 [INFO] 
API call:
https://newsdata.io/api/1/archive?apikey=pub_200592638f3f0a1a0b3548daf92b7304983f8&q=*&domain=abc_net&language=en&from_date=2024-02-05&to_date=2024-02-10&country=au
2024-02-14 23:14:21,987 [INFO] Response: 200
2024-02-14 23:14:21,989 [INFO] Gathering page 1 of 9
2024-02-14 23:14:21,991 [INFO] 
API call:
https://newsdata.io/api/1/archive?apikey=pub_200592638f3f0a1a0b3548daf92b7304983f8&q=*&domain=abc_net&language=en&from_date=2024-02-05&to_date=2024-02-10&country=au&page=1707505200259449543
2024-02-14 23:14:23,445 [INFO] Response: 200
2024-02-14 23:14:23,448 [INFO] Gathering page 2 of 9
2024-02-14 23:14:23,451 [INFO] 
API call:
https://newsdata.io/api/1/archive?apikey=pub_200592638f3f0a1a0b3548daf92b7304983f8&q=*&domain=abc_net&language=en&from_date=2024-02-05&to_date=2024-02-10&country=au&page=1707434265155468388
2024-02-14 23:14:24,792 [INFO] Response: 200
2024-02-14 23:14:24,794 [INFO] Gathering page 3 of 9
2024-02-14 23:14:24,795 [INFO] 
API call:
https://newsdata.io/api/1/archive?apikey=pub_200592638f3f0a1a0b3548daf92b7304983f8&q=*&domain=abc_net&language=en&from_date=2024-02-05&to_date=2024-02-10&country=au&page=1707378303600080582
2024-02-14 23:14:26,168 [INFO] Response: 200
2024-02-14 23:14:26,170 [INFO] Gathering page 4 of 9
2024-02-14 23:14:26,171 [INFO] 
API call:
https://newsdata.io/api/1/archive?apikey=pub_200592638f3f0a1a0b3548daf92b7304983f8&q=*&domain=abc_net&language=en&from_date=2024-02-05&to_date=2024-02-10&country=au&page=1707346562643599083
2024-02-14 23:14:27,580 [INFO] Response: 200
2024-02-14 23:14:27,581 [INFO] Gathering page 5 of 9
2024-02-14 23:14:27,583 [INFO] 
API call:
https://newsdata.io/api/1/archive?apikey=pub_200592638f3f0a1a0b3548daf92b7304983f8&q=*&domain=abc_net&language=en&from_date=2024-02-05&to_date=2024-02-10&country=au&page=1707286309269887740
2024-02-14 23:14:28,932 [INFO] Response: 200
2024-02-14 23:14:28,933 [INFO] Gathering page 6 of 9
2024-02-14 23:14:28,934 [INFO] 
API call:
https://newsdata.io/api/1/archive?apikey=pub_200592638f3f0a1a0b3548daf92b7304983f8&q=*&domain=abc_net&language=en&from_date=2024-02-05&to_date=2024-02-10&country=au&page=1707254732102724507
2024-02-14 23:14:30,266 [INFO] Response: 200
2024-02-14 23:14:30,267 [INFO] Gathering page 7 of 9
2024-02-14 23:14:30,268 [INFO] 
API call:
https://newsdata.io/api/1/archive?apikey=pub_200592638f3f0a1a0b3548daf92b7304983f8&q=*&domain=abc_net&language=en&from_date=2024-02-05&to_date=2024-02-10&country=au&page=1707190718555730454
2024-02-14 23:14:31,664 [INFO] Response: 200
2024-02-14 23:14:31,665 [INFO] Gathering page 8 of 9
2024-02-14 23:14:31,667 [INFO] 
API call:
https://newsdata.io/api/1/archive?apikey=pub_200592638f3f0a1a0b3548daf92b7304983f8&q=*&domain=abc_net&language=en&from_date=2024-02-05&to_date=2024-02-10&country=au&page=1707144809403054217
2024-02-14 23:14:33,036 [INFO] Response: 200
2024-02-14 23:14:33,037 [INFO] Gathering page 9 of 9
2024-02-14 23:14:33,039 [INFO] 
Compiling 9 pages of results...
2024-02-14 23:14:33,041 [INFO] All news articles gathered from abc_net from 2024-02-05 to 2024-02-10!
2024-02-14 23:14:33,041 [INFO] Processing tables...
2024-02-14 23:14:33,133 [INFO] Tables have been processed.
2024-02-14 23:14:33,133 [INFO] 
Pushing results from abc_net to Google BigQuery database...
2024-02-14 23:14:33,961 [INFO] Dataset dmrc-data.newsdataio_2024 already exists
2024-02-14 23:14:34,329 [INFO] Table exists
2024-02-14 23:14:42,969 [INFO] Loaded 128848 rows and 12 columns to dmrc-data.newsdataio_2024.newsdata_nov2023_au
2024-02-14 23:14:43,320 [INFO] Table exists
2024-02-14 23:14:47,908 [INFO] Loaded 131019 rows and 2 columns to dmrc-data.newsdataio_2024.newsdata_nov2023_au_categories
2024-02-14 23:14:48,238 [INFO] Table exists
2024-02-14 23:14:54,555 [INFO] Loaded 297648 rows and 2 columns to dmrc-data.newsdataio_2024.newsdata_nov2023_au_keywords
2024-02-14 23:14:54,907 [INFO] Table exists
2024-02-14 23:15:03,382 [INFO] Loaded 141337 rows and 2 columns to dmrc-data.newsdataio_2024.newsdata_nov2023_au_creators
2024-02-14 23:15:03,382 [INFO] 
-------------------------------------------------------------------------------------------------------
2024-02-14 23:15:03,383 [INFO] Gathering news articles from canberratimes from 2024-02-05 to 2024-02-10
2024-02-14 23:15:03,383 [INFO] 
API call:
https://newsdata.io/api/1/archive?apikey=pub_200592638f3f0a1a0b3548daf92b7304983f8&q=*&domain=canberratimes&language=en&from_date=2024-02-05&to_date=2024-02-10&country=au
2024-02-14 23:15:05,149 [INFO] Response: 200
2024-02-14 23:15:05,152 [INFO] Gathering page 1 of 3
2024-02-14 23:15:05,154 [INFO] 
API call:
https://newsdata.io/api/1/archive?apikey=pub_200592638f3f0a1a0b3548daf92b7304983f8&q=*&domain=canberratimes&language=en&from_date=2024-02-05&to_date=2024-02-10&country=au&page=1707330600593014941
2024-02-14 23:15:06,618 [INFO] Response: 200
2024-02-14 23:15:06,621 [INFO] Gathering page 2 of 3
2024-02-14 23:15:06,623 [INFO] 
API call:
https://newsdata.io/api/1/archive?apikey=pub_200592638f3f0a1a0b3548daf92b7304983f8&q=*&domain=canberratimes&language=en&from_date=2024-02-05&to_date=2024-02-10&country=au&page=1707157800231651227
2024-02-14 23:15:07,698 [INFO] Response: 200
2024-02-14 23:15:07,700 [INFO] Gathering page 3 of 3
2024-02-14 23:15:07,703 [INFO] 
Compiling 3 pages of results...
2024-02-14 23:15:07,704 [INFO] All news articles gathered from canberratimes from 2024-02-05 to 2024-02-10!
2024-02-14 23:15:07,704 [INFO] Processing tables...
2024-02-14 23:15:07,744 [INFO] Tables have been processed.
2024-02-14 23:15:07,744 [INFO] 
Pushing results from canberratimes to Google BigQuery database...
2024-02-14 23:15:08,563 [INFO] Dataset dmrc-data.newsdataio_2024 already exists
2024-02-14 23:15:08,924 [INFO] Table exists
2024-02-14 23:15:14,519 [INFO] Loaded 128963 rows and 12 columns to dmrc-data.newsdataio_2024.newsdata_nov2023_au
2024-02-14 23:15:14,866 [INFO] Table exists
2024-02-14 23:15:21,749 [INFO] Loaded 131134 rows and 2 columns to dmrc-data.newsdataio_2024.newsdata_nov2023_au_categories
2024-02-14 23:15:22,149 [INFO] Table exists
2024-02-14 23:15:27,256 [INFO] Loaded 297763 rows and 2 columns to dmrc-data.newsdataio_2024.newsdata_nov2023_au_keywords
2024-02-14 23:15:27,565 [INFO] Table exists
2024-02-14 23:15:32,157 [INFO] Loaded 141453 rows and 2 columns to dmrc-data.newsdataio_2024.newsdata_nov2023_au_creators
2024-02-14 23:15:32,157 [INFO] 
-------------------------------------------------------------------------------------------------------
2024-02-14 23:15:32,158 [INFO] Gathering news articles from crikey from 2024-02-05 to 2024-02-10
2024-02-14 23:15:32,158 [INFO] 
API call:
https://newsdata.io/api/1/archive?apikey=pub_200592638f3f0a1a0b3548daf92b7304983f8&q=*&domain=crikey&language=en&from_date=2024-02-05&to_date=2024-02-10&country=au
2024-02-14 23:15:33,828 [INFO] Response: 200
2024-02-14 23:15:33,829 [INFO] Gathering page 1 of 1
2024-02-14 23:15:33,831 [INFO] 
Compiling 1 pages of results...
2024-02-14 23:15:33,831 [INFO] All news articles gathered from crikey from 2024-02-05 to 2024-02-10!
2024-02-14 23:15:33,831 [INFO] Processing tables...
2024-02-14 23:15:33,874 [INFO] Tables have been processed.
2024-02-14 23:15:33,874 [INFO] 
Pushing results from crikey to Google BigQuery database...
2024-02-14 23:15:34,663 [INFO] Dataset dmrc-data.newsdataio_2024 already exists
2024-02-14 23:15:34,994 [INFO] Table exists
2024-02-14 23:15:42,120 [INFO] Loaded 129003 rows and 12 columns to dmrc-data.newsdataio_2024.newsdata_nov2023_au
2024-02-14 23:15:42,461 [INFO] Table exists
2024-02-14 23:15:47,267 [INFO] Loaded 131174 rows and 2 columns to dmrc-data.newsdataio_2024.newsdata_nov2023_au_categories
2024-02-14 23:15:47,641 [INFO] Table exists
2024-02-14 23:15:53,336 [INFO] Loaded 298173 rows and 2 columns to dmrc-data.newsdataio_2024.newsdata_nov2023_au_keywords
2024-02-14 23:15:53,708 [INFO] Table exists
2024-02-14 23:15:58,475 [INFO] Loaded 141493 rows and 2 columns to dmrc-data.newsdataio_2024.newsdata_nov2023_au_creators
2024-02-14 23:15:58,476 [INFO] 
-------------------------------------------------------------------------------------------------------
2024-02-14 23:15:58,476 [INFO] Gathering news articles from theguardian from 2024-02-05 to 2024-02-10
2024-02-14 23:15:58,476 [INFO] 
API call:
https://newsdata.io/api/1/archive?apikey=pub_200592638f3f0a1a0b3548daf92b7304983f8&q=*&domain=theguardian&language=en&from_date=2024-02-05&to_date=2024-02-10&country=au
2024-02-14 23:16:00,155 [INFO] Response: 200
2024-02-14 23:16:00,159 [INFO] Gathering page 1 of 3
2024-02-14 23:16:00,161 [INFO] 
API call:
https://newsdata.io/api/1/archive?apikey=pub_200592638f3f0a1a0b3548daf92b7304983f8&q=*&domain=theguardian&language=en&from_date=2024-02-05&to_date=2024-02-10&country=au&page=1707400636622055240
2024-02-14 23:16:02,092 [INFO] Response: 200
2024-02-14 23:16:02,094 [INFO] Gathering page 2 of 3
2024-02-14 23:16:02,095 [INFO] 
API call:
https://newsdata.io/api/1/archive?apikey=pub_200592638f3f0a1a0b3548daf92b7304983f8&q=*&domain=theguardian&language=en&from_date=2024-02-05&to_date=2024-02-10&country=au&page=1707217208292651345
2024-02-14 23:16:03,729 [INFO] Response: 200
2024-02-14 23:16:03,731 [INFO] Gathering page 3 of 3
2024-02-14 23:16:03,733 [INFO] 
Compiling 3 pages of results...
2024-02-14 23:16:03,734 [INFO] All news articles gathered from theguardian from 2024-02-05 to 2024-02-10!
2024-02-14 23:16:03,734 [INFO] Processing tables...
2024-02-14 23:16:03,786 [INFO] Tables have been processed.
2024-02-14 23:16:03,786 [INFO] 
Pushing results from theguardian to Google BigQuery database...
2024-02-14 23:16:04,562 [INFO] Dataset dmrc-data.newsdataio_2024 already exists
2024-02-14 23:16:04,906 [INFO] Table exists
2024-02-14 23:16:11,184 [INFO] Loaded 129132 rows and 12 columns to dmrc-data.newsdataio_2024.newsdata_nov2023_au
2024-02-14 23:16:11,536 [INFO] Table exists
2024-02-14 23:16:19,991 [INFO] Loaded 131303 rows and 2 columns to dmrc-data.newsdataio_2024.newsdata_nov2023_au_categories
2024-02-14 23:16:20,376 [INFO] Table exists
2024-02-14 23:16:25,045 [INFO] Loaded 298942 rows and 2 columns to dmrc-data.newsdataio_2024.newsdata_nov2023_au_keywords
2024-02-14 23:16:25,398 [INFO] Table exists
2024-02-14 23:16:30,962 [INFO] Loaded 141639 rows and 2 columns to dmrc-data.newsdataio_2024.newsdata_nov2023_au_creators
2024-02-14 23:16:30,963 [INFO] 
-------------------------------------------------------------------------------------------------------
2024-02-14 23:16:30,963 [INFO] Gathering news articles from independent_australia from 2024-02-05 to 2024-02-10
2024-02-14 23:16:30,963 [INFO] 
API call:
https://newsdata.io/api/1/archive?apikey=pub_200592638f3f0a1a0b3548daf92b7304983f8&q=*&domain=independent_australia&language=en&from_date=2024-02-05&to_date=2024-02-10&country=au
2024-02-14 23:16:31,911 [INFO] Response: 200
2024-02-14 23:16:31,912 [INFO] Gathering page 1 of 1
2024-02-14 23:16:31,913 [INFO] 
Compiling 1 pages of results...
2024-02-14 23:16:31,913 [INFO] All news articles gathered from independent_australia from 2024-02-05 to 2024-02-10!
2024-02-14 23:16:31,913 [INFO] Processing tables...
2024-02-14 23:16:31,929 [INFO] Tables have been processed.
2024-02-14 23:16:31,929 [INFO] 
Pushing results from independent_australia to Google BigQuery database...
2024-02-14 23:16:32,761 [INFO] Dataset dmrc-data.newsdataio_2024 already exists
2024-02-14 23:16:33,125 [INFO] Table exists
2024-02-14 23:16:38,104 [INFO] Loaded 129135 rows and 12 columns to dmrc-data.newsdataio_2024.newsdata_nov2023_au
2024-02-14 23:16:38,487 [INFO] Table exists
2024-02-14 23:16:46,064 [INFO] Loaded 131306 rows and 2 columns to dmrc-data.newsdataio_2024.newsdata_nov2023_au_categories
2024-02-14 23:16:46,428 [INFO] Table exists
2024-02-14 23:16:51,892 [INFO] Loaded 298945 rows and 2 columns to dmrc-data.newsdataio_2024.newsdata_nov2023_au_keywords
2024-02-14 23:16:52,254 [INFO] Table exists
2024-02-14 23:16:57,733 [INFO] Loaded 141642 rows and 2 columns to dmrc-data.newsdataio_2024.newsdata_nov2023_au_creators
2024-02-14 23:16:57,733 [INFO] 
-------------------------------------------------------------------------------------------------------
2024-02-14 23:16:57,733 [INFO] Gathering news articles from 9news_au from 2024-02-05 to 2024-02-10
2024-02-14 23:16:57,733 [INFO] 
API call:
https://newsdata.io/api/1/archive?apikey=pub_200592638f3f0a1a0b3548daf92b7304983f8&q=*&domain=9news_au&language=en&from_date=2024-02-05&to_date=2024-02-10&country=au
2024-02-14 23:16:59,188 [INFO] Response: 200
2024-02-14 23:16:59,189 [INFO] Gathering page 1 of 3
2024-02-14 23:16:59,189 [INFO] 
API call:
https://newsdata.io/api/1/archive?apikey=pub_200592638f3f0a1a0b3548daf92b7304983f8&q=*&domain=9news_au&language=en&from_date=2024-02-05&to_date=2024-02-10&country=au&page=1707379014659271469
2024-02-14 23:17:00,543 [INFO] Response: 200
2024-02-14 23:17:00,544 [INFO] Gathering page 2 of 3
2024-02-14 23:17:00,544 [INFO] 
API call:
https://newsdata.io/api/1/archive?apikey=pub_200592638f3f0a1a0b3548daf92b7304983f8&q=*&domain=9news_au&language=en&from_date=2024-02-05&to_date=2024-02-10&country=au&page=1707251666716035292
2024-02-14 23:17:02,003 [INFO] Response: 200
2024-02-14 23:17:02,003 [INFO] Gathering page 3 of 3
2024-02-14 23:17:02,004 [INFO] 
Compiling 3 pages of results...
2024-02-14 23:17:02,005 [INFO] All news articles gathered from 9news_au from 2024-02-05 to 2024-02-10!
2024-02-14 23:17:02,005 [INFO] Processing tables...
2024-02-14 23:17:02,027 [INFO] Tables have been processed.
2024-02-14 23:17:02,027 [INFO] 
Pushing results from 9news_au to Google BigQuery database...
2024-02-14 23:17:02,765 [INFO] Dataset dmrc-data.newsdataio_2024 already exists
2024-02-14 23:17:03,111 [INFO] Table exists
2024-02-14 23:17:09,652 [INFO] Loaded 129274 rows and 12 columns to dmrc-data.newsdataio_2024.newsdata_nov2023_au
2024-02-14 23:17:10,012 [INFO] Table exists
2024-02-14 23:17:15,366 [INFO] Loaded 131445 rows and 2 columns to dmrc-data.newsdataio_2024.newsdata_nov2023_au_categories
2024-02-14 23:17:15,721 [INFO] Table exists
2024-02-14 23:17:28,826 [INFO] Loaded 299084 rows and 2 columns to dmrc-data.newsdataio_2024.newsdata_nov2023_au_keywords
2024-02-14 23:17:29,191 [INFO] Table exists
2024-02-14 23:17:37,550 [INFO] Loaded 141781 rows and 2 columns to dmrc-data.newsdataio_2024.newsdata_nov2023_au_creators
2024-02-14 23:17:37,550 [INFO] 
-------------------------------------------------------------------------------------------------------
2024-02-14 23:17:37,550 [INFO] Gathering news articles from theconversation from 2024-02-05 to 2024-02-10
2024-02-14 23:17:37,550 [INFO] 
API call:
https://newsdata.io/api/1/archive?apikey=pub_200592638f3f0a1a0b3548daf92b7304983f8&q=*&domain=theconversation&language=en&from_date=2024-02-05&to_date=2024-02-10&country=au
2024-02-14 23:17:39,372 [INFO] Response: 200
2024-02-14 23:17:39,373 [INFO] Gathering page 1 of 2
2024-02-14 23:17:39,381 [INFO] 
API call:
https://newsdata.io/api/1/archive?apikey=pub_200592638f3f0a1a0b3548daf92b7304983f8&q=*&domain=theconversation&language=en&from_date=2024-02-05&to_date=2024-02-10&country=au&page=1707322420177590979
2024-02-14 23:17:40,947 [INFO] Response: 200
2024-02-14 23:17:40,949 [INFO] Gathering page 2 of 2
2024-02-14 23:17:40,950 [INFO] 
Compiling 2 pages of results...
2024-02-14 23:17:40,951 [INFO] All news articles gathered from theconversation from 2024-02-05 to 2024-02-10!
2024-02-14 23:17:40,951 [INFO] Processing tables...
2024-02-14 23:17:40,988 [INFO] Tables have been processed.
2024-02-14 23:17:40,988 [INFO] 
Pushing results from theconversation to Google BigQuery database...
2024-02-14 23:17:41,772 [INFO] Dataset dmrc-data.newsdataio_2024 already exists
2024-02-14 23:17:42,116 [INFO] Table exists
2024-02-14 23:17:49,274 [INFO] Loaded 129374 rows and 12 columns to dmrc-data.newsdataio_2024.newsdata_nov2023_au
2024-02-14 23:17:49,626 [INFO] Table exists
2024-02-14 23:17:55,990 [INFO] Loaded 131547 rows and 2 columns to dmrc-data.newsdataio_2024.newsdata_nov2023_au_categories
2024-02-14 23:17:56,319 [INFO] Table exists
2024-02-14 23:18:01,462 [INFO] Loaded 299184 rows and 2 columns to dmrc-data.newsdataio_2024.newsdata_nov2023_au_keywords
2024-02-14 23:18:01,817 [INFO] Table exists
2024-02-14 23:18:08,152 [INFO] Loaded 142337 rows and 2 columns to dmrc-data.newsdataio_2024.newsdata_nov2023_au_creators
2024-02-14 23:18:08,153 [INFO] 
-------------------------------------------------------------------------------------------------------
2024-02-14 23:18:08,153 [INFO] Gathering news articles from thenewdaily from 2024-02-05 to 2024-02-10
2024-02-14 23:18:08,153 [INFO] 
API call:
https://newsdata.io/api/1/archive?apikey=pub_200592638f3f0a1a0b3548daf92b7304983f8&q=*&domain=thenewdaily&language=en&from_date=2024-02-05&to_date=2024-02-10&country=au
2024-02-14 23:18:09,104 [INFO] Response: 200
2024-02-14 23:18:09,105 [INFO] Gathering page 1 of 0
2024-02-14 23:18:09,106 [INFO] No results for thenewdaily during your specified timeframe!
2024-02-14 23:18:09,106 [INFO] 
-------------------------------------------------------------------------------------------------------
2024-02-14 23:18:09,107 [INFO] Gathering news articles from smh from 2024-02-05 to 2024-02-10
2024-02-14 23:18:09,107 [INFO] 
API call:
https://newsdata.io/api/1/archive?apikey=pub_200592638f3f0a1a0b3548daf92b7304983f8&q=*&domain=smh&language=en&from_date=2024-02-05&to_date=2024-02-10&country=au
2024-02-14 23:18:10,421 [INFO] Response: 200
2024-02-14 23:18:10,422 [INFO] Gathering page 1 of 25
2024-02-14 23:18:10,425 [INFO] 
API call:
https://newsdata.io/api/1/archive?apikey=pub_200592638f3f0a1a0b3548daf92b7304983f8&q=*&domain=smh&language=en&from_date=2024-02-05&to_date=2024-02-10&country=au&page=1707551471279085358
2024-02-14 23:18:11,603 [INFO] Response: 200
2024-02-14 23:18:11,604 [INFO] Gathering page 2 of 25
2024-02-14 23:18:11,605 [INFO] 
API call:
https://newsdata.io/api/1/archive?apikey=pub_200592638f3f0a1a0b3548daf92b7304983f8&q=*&domain=smh&language=en&from_date=2024-02-05&to_date=2024-02-10&country=au&page=1707528934787451730
2024-02-14 23:18:13,018 [INFO] Response: 200
2024-02-14 23:18:13,020 [INFO] Gathering page 3 of 25
2024-02-14 23:18:13,021 [INFO] 
API call:
https://newsdata.io/api/1/archive?apikey=pub_200592638f3f0a1a0b3548daf92b7304983f8&q=*&domain=smh&language=en&from_date=2024-02-05&to_date=2024-02-10&country=au&page=1707503400047196729
2024-02-14 23:18:14,660 [INFO] Response: 200
2024-02-14 23:18:14,663 [INFO] Gathering page 4 of 25
2024-02-14 23:18:14,666 [INFO] 
API call:
https://newsdata.io/api/1/archive?apikey=pub_200592638f3f0a1a0b3548daf92b7304983f8&q=*&domain=smh&language=en&from_date=2024-02-05&to_date=2024-02-10&country=au&page=1707478859570709816
2024-02-14 23:18:16,017 [INFO] Response: 200
2024-02-14 23:18:16,017 [INFO] Gathering page 5 of 25
2024-02-14 23:18:16,018 [INFO] 
API call:
https://newsdata.io/api/1/archive?apikey=pub_200592638f3f0a1a0b3548daf92b7304983f8&q=*&domain=smh&language=en&from_date=2024-02-05&to_date=2024-02-10&country=au&page=1707465526022586676
2024-02-14 23:18:17,335 [INFO] Response: 200
2024-02-14 23:18:17,337 [INFO] Gathering page 6 of 25
2024-02-14 23:18:17,339 [INFO] 
API call:
https://newsdata.io/api/1/archive?apikey=pub_200592638f3f0a1a0b3548daf92b7304983f8&q=*&domain=smh&language=en&from_date=2024-02-05&to_date=2024-02-10&country=au&page=1707453000223567687
2024-02-14 23:18:18,746 [INFO] Response: 200
2024-02-14 23:18:18,747 [INFO] Gathering page 7 of 25
2024-02-14 23:18:18,748 [INFO] 
API call:
https://newsdata.io/api/1/archive?apikey=pub_200592638f3f0a1a0b3548daf92b7304983f8&q=*&domain=smh&language=en&from_date=2024-02-05&to_date=2024-02-10&country=au&page=1707420088803004058
2024-02-14 23:18:20,120 [INFO] Response: 200
2024-02-14 23:18:20,122 [INFO] Gathering page 8 of 25
2024-02-14 23:18:20,123 [INFO] 
API call:
https://newsdata.io/api/1/archive?apikey=pub_200592638f3f0a1a0b3548daf92b7304983f8&q=*&domain=smh&language=en&from_date=2024-02-05&to_date=2024-02-10&country=au&page=1707415200275243949
2024-02-14 23:18:21,517 [INFO] Response: 200
2024-02-14 23:18:21,520 [INFO] Gathering page 9 of 25
2024-02-14 23:18:21,523 [INFO] 
API call:
https://newsdata.io/api/1/archive?apikey=pub_200592638f3f0a1a0b3548daf92b7304983f8&q=*&domain=smh&language=en&from_date=2024-02-05&to_date=2024-02-10&country=au&page=1707381900498469911
2024-02-14 23:18:23,240 [INFO] Response: 200
2024-02-14 23:18:23,241 [INFO] Gathering page 10 of 25
2024-02-14 23:18:23,246 [INFO] 
API call:
https://newsdata.io/api/1/archive?apikey=pub_200592638f3f0a1a0b3548daf92b7304983f8&q=*&domain=smh&language=en&from_date=2024-02-05&to_date=2024-02-10&country=au&page=1707368906841651990
2024-02-14 23:18:25,646 [INFO] Response: 200
2024-02-14 23:18:25,648 [INFO] Gathering page 11 of 25
2024-02-14 23:18:25,649 [INFO] 
API call:
https://newsdata.io/api/1/archive?apikey=pub_200592638f3f0a1a0b3548daf92b7304983f8&q=*&domain=smh&language=en&from_date=2024-02-05&to_date=2024-02-10&country=au&page=1707350400922258593
2024-02-14 23:18:27,086 [INFO] Response: 200
2024-02-14 23:18:27,088 [INFO] Gathering page 12 of 25
2024-02-14 23:18:27,089 [INFO] 
API call:
https://newsdata.io/api/1/archive?apikey=pub_200592638f3f0a1a0b3548daf92b7304983f8&q=*&domain=smh&language=en&from_date=2024-02-05&to_date=2024-02-10&country=au&page=1707328800902599809
2024-02-14 23:18:28,931 [INFO] Response: 200
2024-02-14 23:18:28,932 [INFO] Gathering page 13 of 25
2024-02-14 23:18:28,933 [INFO] 
API call:
https://newsdata.io/api/1/archive?apikey=pub_200592638f3f0a1a0b3548daf92b7304983f8&q=*&domain=smh&language=en&from_date=2024-02-05&to_date=2024-02-10&country=au&page=1707299544552239217
2024-02-14 23:18:30,149 [INFO] Response: 200
2024-02-14 23:18:30,150 [INFO] Gathering page 14 of 25
2024-02-14 23:18:30,151 [INFO] 
API call:
https://newsdata.io/api/1/archive?apikey=pub_200592638f3f0a1a0b3548daf92b7304983f8&q=*&domain=smh&language=en&from_date=2024-02-05&to_date=2024-02-10&country=au&page=1707289197534991995
2024-02-14 23:18:31,517 [INFO] Response: 200
2024-02-14 23:18:31,518 [INFO] Gathering page 15 of 25
2024-02-14 23:18:31,519 [INFO] 
API call:
https://newsdata.io/api/1/archive?apikey=pub_200592638f3f0a1a0b3548daf92b7304983f8&q=*&domain=smh&language=en&from_date=2024-02-05&to_date=2024-02-10&country=au&page=1707271986931244976
2024-02-14 23:18:32,809 [INFO] Response: 200
2024-02-14 23:18:32,810 [INFO] Gathering page 16 of 25
2024-02-14 23:18:32,811 [INFO] 
API call:
https://newsdata.io/api/1/archive?apikey=pub_200592638f3f0a1a0b3548daf92b7304983f8&q=*&domain=smh&language=en&from_date=2024-02-05&to_date=2024-02-10&country=au&page=1707247350560065775
2024-02-14 23:18:33,892 [INFO] Response: 200
2024-02-14 23:18:33,893 [INFO] Gathering page 17 of 25
2024-02-14 23:18:33,894 [INFO] 
API call:
https://newsdata.io/api/1/archive?apikey=pub_200592638f3f0a1a0b3548daf92b7304983f8&q=*&domain=smh&language=en&from_date=2024-02-05&to_date=2024-02-10&country=au&page=1707242400098074239
2024-02-14 23:18:35,511 [INFO] Response: 200
2024-02-14 23:18:35,511 [INFO] Gathering page 18 of 25
2024-02-14 23:18:35,513 [INFO] 
API call:
https://newsdata.io/api/1/archive?apikey=pub_200592638f3f0a1a0b3548daf92b7304983f8&q=*&domain=smh&language=en&from_date=2024-02-05&to_date=2024-02-10&country=au&page=1707208800839992483
2024-02-14 23:18:36,702 [INFO] Response: 200
2024-02-14 23:18:36,704 [INFO] Gathering page 19 of 25
2024-02-14 23:18:36,707 [INFO] 
API call:
https://newsdata.io/api/1/archive?apikey=pub_200592638f3f0a1a0b3548daf92b7304983f8&q=*&domain=smh&language=en&from_date=2024-02-05&to_date=2024-02-10&country=au&page=1707202800349987850
2024-02-14 23:18:38,024 [INFO] Response: 200
2024-02-14 23:18:38,025 [INFO] Gathering page 20 of 25
2024-02-14 23:18:38,027 [INFO] 
API call:
https://newsdata.io/api/1/archive?apikey=pub_200592638f3f0a1a0b3548daf92b7304983f8&q=*&domain=smh&language=en&from_date=2024-02-05&to_date=2024-02-10&country=au&page=1707173838719092005
2024-02-14 23:18:39,361 [INFO] Response: 200
2024-02-14 23:18:39,364 [INFO] Gathering page 21 of 25
2024-02-14 23:18:39,367 [INFO] 
API call:
https://newsdata.io/api/1/archive?apikey=pub_200592638f3f0a1a0b3548daf92b7304983f8&q=*&domain=smh&language=en&from_date=2024-02-05&to_date=2024-02-10&country=au&page=1707156000647025288
2024-02-14 23:18:40,694 [INFO] Response: 200
2024-02-14 23:18:40,695 [INFO] Gathering page 22 of 25
2024-02-14 23:18:40,695 [INFO] 
API call:
https://newsdata.io/api/1/archive?apikey=pub_200592638f3f0a1a0b3548daf92b7304983f8&q=*&domain=smh&language=en&from_date=2024-02-05&to_date=2024-02-10&country=au&page=1707126570783575128
2024-02-14 23:18:41,837 [INFO] Response: 200
2024-02-14 23:18:41,838 [INFO] Gathering page 23 of 25
2024-02-14 23:18:41,840 [INFO] 
API call:
https://newsdata.io/api/1/archive?apikey=pub_200592638f3f0a1a0b3548daf92b7304983f8&q=*&domain=smh&language=en&from_date=2024-02-05&to_date=2024-02-10&country=au&page=1707119689366712985
2024-02-14 23:18:43,137 [INFO] Response: 200
2024-02-14 23:18:43,140 [INFO] Gathering page 24 of 25
2024-02-14 23:18:43,142 [INFO] 
API call:
https://newsdata.io/api/1/archive?apikey=pub_200592638f3f0a1a0b3548daf92b7304983f8&q=*&domain=smh&language=en&from_date=2024-02-05&to_date=2024-02-10&country=au&page=1707110021251304336
2024-02-14 23:18:44,224 [INFO] Response: 200
2024-02-14 23:18:44,225 [INFO] Gathering page 25 of 25
2024-02-14 23:18:44,226 [INFO] 
Compiling 25 pages of results...
2024-02-14 23:18:44,228 [INFO] All news articles gathered from smh from 2024-02-05 to 2024-02-10!
2024-02-14 23:18:44,228 [INFO] Processing tables...
2024-02-14 23:18:44,386 [INFO] Tables have been processed.
2024-02-14 23:18:44,387 [INFO] 
Pushing results from smh to Google BigQuery database...
2024-02-14 23:18:45,267 [INFO] Dataset dmrc-data.newsdataio_2024 already exists
2024-02-14 23:18:45,622 [INFO] Table exists
2024-02-14 23:18:54,797 [INFO] Loaded 130607 rows and 12 columns to dmrc-data.newsdataio_2024.newsdata_nov2023_au
2024-02-14 23:18:55,165 [INFO] Table exists
2024-02-14 23:19:06,582 [INFO] Loaded 132780 rows and 2 columns to dmrc-data.newsdataio_2024.newsdata_nov2023_au_categories
2024-02-14 23:19:06,913 [INFO] Table exists
2024-02-14 23:19:11,942 [INFO] Loaded 300417 rows and 2 columns to dmrc-data.newsdataio_2024.newsdata_nov2023_au_keywords
2024-02-14 23:19:12,292 [INFO] Table exists
2024-02-14 23:19:17,838 [INFO] Loaded 143659 rows and 2 columns to dmrc-data.newsdataio_2024.newsdata_nov2023_au_creators
2024-02-14 23:19:17,839 [INFO] 
-------------------------------------------------------------------------------------------------------
2024-02-14 23:19:17,839 [INFO] Gathering news articles from thewest from 2024-02-05 to 2024-02-10
2024-02-14 23:19:17,839 [INFO] 
API call:
https://newsdata.io/api/1/archive?apikey=pub_200592638f3f0a1a0b3548daf92b7304983f8&q=*&domain=thewest&language=en&from_date=2024-02-05&to_date=2024-02-10&country=au
2024-02-14 23:19:19,145 [INFO] Response: 200
2024-02-14 23:19:19,147 [INFO] Gathering page 1 of 22
2024-02-14 23:19:19,151 [INFO] 
API call:
https://newsdata.io/api/1/archive?apikey=pub_200592638f3f0a1a0b3548daf92b7304983f8&q=*&domain=thewest&language=en&from_date=2024-02-05&to_date=2024-02-10&country=au&page=1707537019521185810
2024-02-14 23:19:20,479 [INFO] Response: 200
2024-02-14 23:19:20,481 [INFO] Gathering page 2 of 22
2024-02-14 23:19:20,482 [INFO] 
API call:
https://newsdata.io/api/1/archive?apikey=pub_200592638f3f0a1a0b3548daf92b7304983f8&q=*&domain=thewest&language=en&from_date=2024-02-05&to_date=2024-02-10&country=au&page=1707512457346725949
2024-02-14 23:19:21,602 [INFO] Response: 200
2024-02-14 23:19:21,603 [INFO] Gathering page 3 of 22
2024-02-14 23:19:21,607 [INFO] 
API call:
https://newsdata.io/api/1/archive?apikey=pub_200592638f3f0a1a0b3548daf92b7304983f8&q=*&domain=thewest&language=en&from_date=2024-02-05&to_date=2024-02-10&country=au&page=1707478732068286326
2024-02-14 23:19:22,940 [INFO] Response: 200
2024-02-14 23:19:22,941 [INFO] Gathering page 4 of 22
2024-02-14 23:19:22,942 [INFO] 
API call:
https://newsdata.io/api/1/archive?apikey=pub_200592638f3f0a1a0b3548daf92b7304983f8&q=*&domain=thewest&language=en&from_date=2024-02-05&to_date=2024-02-10&country=au&page=1707458673829962596
2024-02-14 23:19:24,092 [INFO] Response: 200
2024-02-14 23:19:24,093 [INFO] Gathering page 5 of 22
2024-02-14 23:19:24,094 [INFO] 
API call:
https://newsdata.io/api/1/archive?apikey=pub_200592638f3f0a1a0b3548daf92b7304983f8&q=*&domain=thewest&language=en&from_date=2024-02-05&to_date=2024-02-10&country=au&page=1707445430342942424
2024-02-14 23:19:25,203 [INFO] Response: 200
2024-02-14 23:19:25,204 [INFO] Gathering page 6 of 22
2024-02-14 23:19:25,204 [INFO] 
API call:
https://newsdata.io/api/1/archive?apikey=pub_200592638f3f0a1a0b3548daf92b7304983f8&q=*&domain=thewest&language=en&from_date=2024-02-05&to_date=2024-02-10&country=au&page=1707419789578316815
2024-02-14 23:19:26,301 [INFO] Response: 200
2024-02-14 23:19:26,303 [INFO] Gathering page 7 of 22
2024-02-14 23:19:26,304 [INFO] 
API call:
https://newsdata.io/api/1/archive?apikey=pub_200592638f3f0a1a0b3548daf92b7304983f8&q=*&domain=thewest&language=en&from_date=2024-02-05&to_date=2024-02-10&country=au&page=1707387297587386700
2024-02-14 23:19:27,655 [INFO] Response: 200
2024-02-14 23:19:27,655 [INFO] Gathering page 8 of 22
2024-02-14 23:19:27,656 [INFO] 
API call:
https://newsdata.io/api/1/archive?apikey=pub_200592638f3f0a1a0b3548daf92b7304983f8&q=*&domain=thewest&language=en&from_date=2024-02-05&to_date=2024-02-10&country=au&page=1707368855778941796
2024-02-14 23:19:28,870 [INFO] Response: 200
2024-02-14 23:19:28,872 [INFO] Gathering page 9 of 22
2024-02-14 23:19:28,875 [INFO] 
API call:
https://newsdata.io/api/1/archive?apikey=pub_200592638f3f0a1a0b3548daf92b7304983f8&q=*&domain=thewest&language=en&from_date=2024-02-05&to_date=2024-02-10&country=au&page=1707354196653124156
2024-02-14 23:19:29,995 [INFO] Response: 200
2024-02-14 23:19:29,996 [INFO] Gathering page 10 of 22
2024-02-14 23:19:29,998 [INFO] 
API call:
https://newsdata.io/api/1/archive?apikey=pub_200592638f3f0a1a0b3548daf92b7304983f8&q=*&domain=thewest&language=en&from_date=2024-02-05&to_date=2024-02-10&country=au&page=1707323997769351649
2024-02-14 23:19:31,104 [INFO] Response: 200
2024-02-14 23:19:31,106 [INFO] Gathering page 11 of 22
2024-02-14 23:19:31,108 [INFO] 
API call:
https://newsdata.io/api/1/archive?apikey=pub_200592638f3f0a1a0b3548daf92b7304983f8&q=*&domain=thewest&language=en&from_date=2024-02-05&to_date=2024-02-10&country=au&page=1707288041043793976
2024-02-14 23:19:32,621 [INFO] Response: 200
2024-02-14 23:19:32,623 [INFO] Gathering page 12 of 22
2024-02-14 23:19:32,626 [INFO] 
API call:
https://newsdata.io/api/1/archive?apikey=pub_200592638f3f0a1a0b3548daf92b7304983f8&q=*&domain=thewest&language=en&from_date=2024-02-05&to_date=2024-02-10&country=au&page=1707277428271484998
2024-02-14 23:19:33,896 [INFO] Response: 200
2024-02-14 23:19:33,897 [INFO] Gathering page 13 of 22
2024-02-14 23:19:33,900 [INFO] 
API call:
https://newsdata.io/api/1/archive?apikey=pub_200592638f3f0a1a0b3548daf92b7304983f8&q=*&domain=thewest&language=en&from_date=2024-02-05&to_date=2024-02-10&country=au&page=1707264189558642254
2024-02-14 23:19:35,288 [INFO] Response: 200
2024-02-14 23:19:35,290 [INFO] Gathering page 14 of 22
2024-02-14 23:19:35,292 [INFO] 
API call:
https://newsdata.io/api/1/archive?apikey=pub_200592638f3f0a1a0b3548daf92b7304983f8&q=*&domain=thewest&language=en&from_date=2024-02-05&to_date=2024-02-10&country=au&page=1707235260654805939
2024-02-14 23:19:36,444 [INFO] Response: 200
2024-02-14 23:19:36,445 [INFO] Gathering page 15 of 22
2024-02-14 23:19:36,448 [INFO] 
API call:
https://newsdata.io/api/1/archive?apikey=pub_200592638f3f0a1a0b3548daf92b7304983f8&q=*&domain=thewest&language=en&from_date=2024-02-05&to_date=2024-02-10&country=au&page=1707201428244587078
2024-02-14 23:19:37,612 [INFO] Response: 200
2024-02-14 23:19:37,614 [INFO] Gathering page 16 of 22
2024-02-14 23:19:37,615 [INFO] 
API call:
https://newsdata.io/api/1/archive?apikey=pub_200592638f3f0a1a0b3548daf92b7304983f8&q=*&domain=thewest&language=en&from_date=2024-02-05&to_date=2024-02-10&country=au&page=1707189163016958590
2024-02-14 23:19:38,735 [INFO] Response: 200
2024-02-14 23:19:38,737 [INFO] Gathering page 17 of 22
2024-02-14 23:19:38,738 [INFO] 
API call:
https://newsdata.io/api/1/archive?apikey=pub_200592638f3f0a1a0b3548daf92b7304983f8&q=*&domain=thewest&language=en&from_date=2024-02-05&to_date=2024-02-10&country=au&page=1707173906603447973
2024-02-14 23:19:40,080 [INFO] Response: 200
2024-02-14 23:19:40,082 [INFO] Gathering page 18 of 22
2024-02-14 23:19:40,083 [INFO] 
API call:
https://newsdata.io/api/1/archive?apikey=pub_200592638f3f0a1a0b3548daf92b7304983f8&q=*&domain=thewest&language=en&from_date=2024-02-05&to_date=2024-02-10&country=au&page=1707147176353597558
2024-02-14 23:19:41,305 [INFO] Response: 200
2024-02-14 23:19:41,306 [INFO] Gathering page 19 of 22
2024-02-14 23:19:41,307 [INFO] 
API call:
https://newsdata.io/api/1/archive?apikey=pub_200592638f3f0a1a0b3548daf92b7304983f8&q=*&domain=thewest&language=en&from_date=2024-02-05&to_date=2024-02-10&country=au&page=1707116400805974019
2024-02-14 23:19:42,441 [INFO] Response: 200
2024-02-14 23:19:42,442 [INFO] Gathering page 20 of 22
2024-02-14 23:19:42,443 [INFO] 
API call:
https://newsdata.io/api/1/archive?apikey=pub_200592638f3f0a1a0b3548daf92b7304983f8&q=*&domain=thewest&language=en&from_date=2024-02-05&to_date=2024-02-10&country=au&page=1707102029868040185
2024-02-14 23:19:43,555 [INFO] Response: 200
2024-02-14 23:19:43,556 [INFO] Gathering page 21 of 22
2024-02-14 23:19:43,557 [INFO] 
API call:
https://newsdata.io/api/1/archive?apikey=pub_200592638f3f0a1a0b3548daf92b7304983f8&q=*&domain=thewest&language=en&from_date=2024-02-05&to_date=2024-02-10&country=au&page=1707093103694527493
2024-02-14 23:19:44,718 [INFO] Response: 200
2024-02-14 23:19:44,718 [INFO] Gathering page 22 of 22
2024-02-14 23:19:44,719 [INFO] 
Compiling 22 pages of results...
2024-02-14 23:19:44,721 [INFO] All news articles gathered from thewest from 2024-02-05 to 2024-02-10!
2024-02-14 23:19:44,721 [INFO] Processing tables...
2024-02-14 23:19:44,787 [INFO] Tables have been processed.
2024-02-14 23:19:44,787 [INFO] 
Pushing results from thewest to Google BigQuery database...
2024-02-14 23:19:45,762 [INFO] Dataset dmrc-data.newsdataio_2024 already exists
2024-02-14 23:19:46,078 [INFO] Table exists
2024-02-14 23:19:52,938 [INFO] Loaded 131678 rows and 12 columns to dmrc-data.newsdataio_2024.newsdata_nov2023_au
2024-02-14 23:19:53,240 [INFO] Table exists
2024-02-14 23:19:57,884 [INFO] Loaded 133851 rows and 2 columns to dmrc-data.newsdataio_2024.newsdata_nov2023_au_categories
2024-02-14 23:19:58,214 [INFO] Table exists
2024-02-14 23:20:03,918 [INFO] Loaded 301488 rows and 2 columns to dmrc-data.newsdataio_2024.newsdata_nov2023_au_keywords
2024-02-14 23:20:04,254 [INFO] Table exists
2024-02-14 23:20:08,879 [INFO] Loaded 144759 rows and 2 columns to dmrc-data.newsdataio_2024.newsdata_nov2023_au_creators
2024-02-14 23:20:08,879 [INFO] 
Gather complete!
