2024-02-21 15:08:02,206 [INFO] Starting News Gatherer
2024-02-21 15:08:02,206 [INFO] Collecting news content from 1 domains.
2024-02-21 15:08:02,206 [INFO] 
-------------------------------------------------------------------------------------------------------
2024-02-21 15:08:02,206 [INFO] Gathering news articles from couriermail from 2023-01-01 to 2024-02-20
2024-02-21 15:08:02,206 [INFO] 
API call:
https://newsdata.io/api/1/archive?apikey=pub_200592638f3f0a1a0b3548daf92b7304983f8&q=*&domain=couriermail&language=en&from_date=2023-01-01&to_date=2024-02-20&country=au
2024-02-21 15:08:03,227 [INFO] Response: 200
2024-02-21 15:08:03,227 [INFO] Gathering page 1 of 82
2024-02-21 15:08:03,228 [INFO] 
API call:
https://newsdata.io/api/1/archive?apikey=pub_200592638f3f0a1a0b3548daf92b7304983f8&q=*&domain=couriermail&language=en&from_date=2023-01-01&to_date=2024-02-20&country=au&page=1700991780059740707
2024-02-21 15:08:04,187 [INFO] Response: 200
2024-02-21 15:08:04,188 [INFO] Gathering page 2 of 82
2024-02-21 15:08:04,189 [INFO] 
API call:
https://newsdata.io/api/1/archive?apikey=pub_200592638f3f0a1a0b3548daf92b7304983f8&q=*&domain=couriermail&language=en&from_date=2023-01-01&to_date=2024-02-20&country=au&page=1700835480659751380
2024-02-21 15:08:05,120 [INFO] Response: 200
2024-02-21 15:08:05,120 [INFO] Gathering page 3 of 82
2024-02-21 15:08:05,121 [INFO] 
API call:
https://newsdata.io/api/1/archive?apikey=pub_200592638f3f0a1a0b3548daf92b7304983f8&q=*&domain=couriermail&language=en&from_date=2023-01-01&to_date=2024-02-20&country=au&page=1700728380009545265
2024-02-21 15:08:06,273 [INFO] Response: 200
2024-02-21 15:08:06,275 [INFO] Gathering page 4 of 82
2024-02-21 15:08:06,277 [INFO] 
API call:
https://newsdata.io/api/1/archive?apikey=pub_200592638f3f0a1a0b3548daf92b7304983f8&q=*&domain=couriermail&language=en&from_date=2023-01-01&to_date=2024-02-20&country=au&page=1700645169635753985
2024-02-21 15:08:07,138 [INFO] Response: 200
2024-02-21 15:08:07,139 [INFO] Gathering page 5 of 82
2024-02-21 15:08:07,141 [INFO] 
API call:
https://newsdata.io/api/1/archive?apikey=pub_200592638f3f0a1a0b3548daf92b7304983f8&q=*&domain=couriermail&language=en&from_date=2023-01-01&to_date=2024-02-20&country=au&page=1700475190495783560
2024-02-21 15:08:08,011 [INFO] Response: 200
2024-02-21 15:08:08,011 [INFO] Gathering page 6 of 82
2024-02-21 15:08:08,013 [INFO] 
API call:
https://newsdata.io/api/1/archive?apikey=pub_200592638f3f0a1a0b3548daf92b7304983f8&q=*&domain=couriermail&language=en&from_date=2023-01-01&to_date=2024-02-20&country=au&page=1700346120969359721
2024-02-21 15:08:08,882 [INFO] Response: 200
2024-02-21 15:08:08,882 [INFO] Gathering page 7 of 82
2024-02-21 15:08:08,883 [INFO] 
API call:
https://newsdata.io/api/1/archive?apikey=pub_200592638f3f0a1a0b3548daf92b7304983f8&q=*&domain=couriermail&language=en&from_date=2023-01-01&to_date=2024-02-20&country=au&page=1700208000823661683
2024-02-21 15:08:09,740 [INFO] Response: 200
2024-02-21 15:08:09,742 [INFO] Gathering page 8 of 82
2024-02-21 15:08:09,743 [INFO] 
API call:
https://newsdata.io/api/1/archive?apikey=pub_200592638f3f0a1a0b3548daf92b7304983f8&q=*&domain=couriermail&language=en&from_date=2023-01-01&to_date=2024-02-20&country=au&page=1700111590567719236
2024-02-21 15:08:10,606 [INFO] Response: 200
2024-02-21 15:08:10,607 [INFO] Gathering page 9 of 82
2024-02-21 15:08:10,609 [INFO] 
API call:
https://newsdata.io/api/1/archive?apikey=pub_200592638f3f0a1a0b3548daf92b7304983f8&q=*&domain=couriermail&language=en&from_date=2023-01-01&to_date=2024-02-20&country=au&page=1700036280962380010
2024-02-21 15:08:11,469 [INFO] Response: 200
2024-02-21 15:08:11,470 [INFO] Gathering page 10 of 82
2024-02-21 15:08:11,471 [INFO] 
API call:
https://newsdata.io/api/1/archive?apikey=pub_200592638f3f0a1a0b3548daf92b7304983f8&q=*&domain=couriermail&language=en&from_date=2023-01-01&to_date=2024-02-20&country=au&page=1699920300347745089
2024-02-21 15:08:12,595 [INFO] Response: 200
2024-02-21 15:08:12,596 [INFO] Gathering page 11 of 82
2024-02-21 15:08:12,599 [INFO] 
API call:
https://newsdata.io/api/1/archive?apikey=pub_200592638f3f0a1a0b3548daf92b7304983f8&q=*&domain=couriermail&language=en&from_date=2023-01-01&to_date=2024-02-20&country=au&page=1699684860775810411
2024-02-21 15:08:13,699 [INFO] Response: 200
2024-02-21 15:08:13,700 [INFO] Gathering page 12 of 82
2024-02-21 15:08:13,701 [INFO] 
API call:
https://newsdata.io/api/1/archive?apikey=pub_200592638f3f0a1a0b3548daf92b7304983f8&q=*&domain=couriermail&language=en&from_date=2023-01-01&to_date=2024-02-20&country=au&page=1699609149061886561
2024-02-21 15:08:14,824 [INFO] Response: 200
2024-02-21 15:08:14,825 [INFO] Gathering page 13 of 82
2024-02-21 15:08:14,827 [INFO] 
API call:
https://newsdata.io/api/1/archive?apikey=pub_200592638f3f0a1a0b3548daf92b7304983f8&q=*&domain=couriermail&language=en&from_date=2023-01-01&to_date=2024-02-20&country=au&page=1699474560926015058
2024-02-21 15:08:15,899 [INFO] Response: 200
2024-02-21 15:08:15,899 [INFO] Gathering page 14 of 82
2024-02-21 15:08:15,900 [INFO] 
API call:
https://newsdata.io/api/1/archive?apikey=pub_200592638f3f0a1a0b3548daf92b7304983f8&q=*&domain=couriermail&language=en&from_date=2023-01-01&to_date=2024-02-20&country=au&page=1699343520120484507
2024-02-21 15:08:16,998 [INFO] Response: 200
2024-02-21 15:08:16,999 [INFO] Gathering page 15 of 82
2024-02-21 15:08:17,002 [INFO] 
API call:
https://newsdata.io/api/1/archive?apikey=pub_200592638f3f0a1a0b3548daf92b7304983f8&q=*&domain=couriermail&language=en&from_date=2023-01-01&to_date=2024-02-20&country=au&page=1699312620056728756
2024-02-21 15:08:17,841 [INFO] Response: 200
2024-02-21 15:08:17,842 [INFO] Gathering page 16 of 82
2024-02-21 15:08:17,845 [INFO] 
API call:
https://newsdata.io/api/1/archive?apikey=pub_200592638f3f0a1a0b3548daf92b7304983f8&q=*&domain=couriermail&language=en&from_date=2023-01-01&to_date=2024-02-20&country=au&page=1698701460922401338
2024-02-21 15:08:18,724 [INFO] Response: 200
2024-02-21 15:08:18,725 [INFO] Gathering page 17 of 82
2024-02-21 15:08:18,728 [INFO] 
API call:
https://newsdata.io/api/1/archive?apikey=pub_200592638f3f0a1a0b3548daf92b7304983f8&q=*&domain=couriermail&language=en&from_date=2023-01-01&to_date=2024-02-20&country=au&page=1698265080251725809
2024-02-21 15:08:19,601 [INFO] Response: 200
2024-02-21 15:08:19,603 [INFO] Gathering page 18 of 82
2024-02-21 15:08:19,605 [INFO] 
API call:
https://newsdata.io/api/1/archive?apikey=pub_200592638f3f0a1a0b3548daf92b7304983f8&q=*&domain=couriermail&language=en&from_date=2023-01-01&to_date=2024-02-20&country=au&page=1698076329641969371
2024-02-21 15:08:20,520 [INFO] Response: 200
2024-02-21 15:08:20,520 [INFO] Gathering page 19 of 82
2024-02-21 15:08:20,521 [INFO] 
API call:
https://newsdata.io/api/1/archive?apikey=pub_200592638f3f0a1a0b3548daf92b7304983f8&q=*&domain=couriermail&language=en&from_date=2023-01-01&to_date=2024-02-20&country=au&page=1697960880103706857
2024-02-21 15:08:21,386 [INFO] Response: 200
2024-02-21 15:08:21,387 [INFO] Gathering page 20 of 82
2024-02-21 15:08:21,390 [INFO] 
API call:
https://newsdata.io/api/1/archive?apikey=pub_200592638f3f0a1a0b3548daf92b7304983f8&q=*&domain=couriermail&language=en&from_date=2023-01-01&to_date=2024-02-20&country=au&page=1697872140521079902
2024-02-21 15:08:22,244 [INFO] Response: 200
2024-02-21 15:08:22,245 [INFO] Gathering page 21 of 82
2024-02-21 15:08:22,246 [INFO] 
API call:
https://newsdata.io/api/1/archive?apikey=pub_200592638f3f0a1a0b3548daf92b7304983f8&q=*&domain=couriermail&language=en&from_date=2023-01-01&to_date=2024-02-20&country=au&page=1697797569697446304
2024-02-21 15:08:23,106 [INFO] Response: 200
2024-02-21 15:08:23,108 [INFO] Gathering page 22 of 82
2024-02-21 15:08:23,111 [INFO] 
API call:
https://newsdata.io/api/1/archive?apikey=pub_200592638f3f0a1a0b3548daf92b7304983f8&q=*&domain=couriermail&language=en&from_date=2023-01-01&to_date=2024-02-20&country=au&page=1697737929014912737
2024-02-21 15:08:24,000 [INFO] Response: 200
2024-02-21 15:08:24,001 [INFO] Gathering page 23 of 82
2024-02-21 15:08:24,002 [INFO] 
API call:
https://newsdata.io/api/1/archive?apikey=pub_200592638f3f0a1a0b3548daf92b7304983f8&q=*&domain=couriermail&language=en&from_date=2023-01-01&to_date=2024-02-20&country=au&page=1697660770723722227
2024-02-21 15:08:24,860 [INFO] Response: 200
2024-02-21 15:08:24,860 [INFO] Gathering page 24 of 82
2024-02-21 15:08:24,861 [INFO] 
API call:
https://newsdata.io/api/1/archive?apikey=pub_200592638f3f0a1a0b3548daf92b7304983f8&q=*&domain=couriermail&language=en&from_date=2023-01-01&to_date=2024-02-20&country=au&page=1697547660434867401
2024-02-21 15:08:25,740 [INFO] Response: 200
2024-02-21 15:08:25,741 [INFO] Gathering page 25 of 82
2024-02-21 15:08:25,744 [INFO] 
API call:
https://newsdata.io/api/1/archive?apikey=pub_200592638f3f0a1a0b3548daf92b7304983f8&q=*&domain=couriermail&language=en&from_date=2023-01-01&to_date=2024-02-20&country=au&page=1697485560073111975
2024-02-21 15:08:26,395 [INFO] Response: 429
2024-02-21 15:08:26,395 [INFO] 'totalResults'
2024-02-21 15:08:26,396 [INFO] 
Gather complete!
