2023-07-23 20:13:11,491 [INFO] Starting News Gatherer
2023-07-23 20:13:11,492 [INFO] Collecting news content from 32 domains.
2023-07-23 20:13:11,492 [INFO] 
-------------------------------------------------------------------------------------------------------
2023-07-23 20:13:11,492 [INFO] Gathering news articles from crikey from 2022-09-01 to 2022-10-01
2023-07-23 20:13:11,492 [INFO] 
API call:
https://newsdata.io/api/1/archive?apikey=pub_200592638f3f0a1a0b3548daf92b7304983f8&q=&domain=crikey&language=en&from_date=2022-09-01&to_date=2022-10-01&country=au
2023-07-23 20:13:13,029 [INFO] Response: 200
2023-07-23 20:13:13,031 [INFO] Gathering page 1 of 4
2023-07-23 20:13:13,034 [INFO] 
API call:
https://newsdata.io/api/1/archive?apikey=pub_200592638f3f0a1a0b3548daf92b7304983f8&q=&domain=crikey&language=en&from_date=2022-09-01&to_date=2022-10-01&country=au&page=166390080100a6bbd50a52e39bd466a1701f80f29b
2023-07-23 20:13:14,557 [INFO] Response: 200
2023-07-23 20:13:14,559 [INFO] Gathering page 2 of 4
2023-07-23 20:13:14,561 [INFO] 
API call:
https://newsdata.io/api/1/archive?apikey=pub_200592638f3f0a1a0b3548daf92b7304983f8&q=&domain=crikey&language=en&from_date=2022-09-01&to_date=2022-10-01&country=au&page=166318910717421706fc7fff0566002e0929b696d7
2023-07-23 20:13:15,732 [INFO] Response: 200
2023-07-23 20:13:15,733 [INFO] Gathering page 3 of 4
2023-07-23 20:13:15,735 [INFO] 
API call:
https://newsdata.io/api/1/archive?apikey=pub_200592638f3f0a1a0b3548daf92b7304983f8&q=&domain=crikey&language=en&from_date=2022-09-01&to_date=2022-10-01&country=au&page=16624264678eb4f053859599f852791014dca0acf5
2023-07-23 20:13:16,726 [INFO] Response: 200
2023-07-23 20:13:16,727 [INFO] Gathering page 4 of 4
2023-07-23 20:13:16,729 [INFO] 
Compiling 4 pages of results...
2023-07-23 20:13:16,730 [INFO] All news articles gathered from crikey from 2022-09-01 to 2022-10-01!
2023-07-23 20:13:16,730 [INFO] Processing tables...
2023-07-23 20:13:16,984 [INFO] Tables have been processed.
2023-07-23 20:13:16,984 [INFO] 
Pushing results from crikey to Google BigQuery database...
2023-07-23 20:13:18,433 [INFO] Dataset dmrc-data.newsdataio already exists
2023-07-23 20:13:18,791 [INFO] Table exists
