2023-07-23 20:14:27,825 [INFO] Starting News Gatherer
2023-07-23 20:14:27,826 [INFO] Collecting news content from 31 domains.
2023-07-23 20:14:27,826 [INFO] 
-------------------------------------------------------------------------------------------------------
2023-07-23 20:14:27,826 [INFO] Gathering news articles from abc_net from 2022-09-01 to 2022-10-01
2023-07-23 20:14:27,826 [INFO] 
API call:
https://newsdata.io/api/1/archive?apikey=pub_200592638f3f0a1a0b3548daf92b7304983f8&q=&domain=abc_net&language=en&from_date=2022-09-01&to_date=2022-10-01&country=au
2023-07-23 20:14:28,909 [INFO] Response: 200
2023-07-23 20:14:28,910 [INFO] Gathering page 1 of 7
2023-07-23 20:14:28,912 [INFO] 
API call:
https://newsdata.io/api/1/archive?apikey=pub_200592638f3f0a1a0b3548daf92b7304983f8&q=&domain=abc_net&language=en&from_date=2022-09-01&to_date=2022-10-01&country=au&page=16642412609f22f0dfe866703882379353ca2ea1a4
2023-07-23 20:14:30,064 [INFO] Response: 200
2023-07-23 20:14:30,065 [INFO] Gathering page 2 of 7
2023-07-23 20:14:30,067 [INFO] 
API call:
https://newsdata.io/api/1/archive?apikey=pub_200592638f3f0a1a0b3548daf92b7304983f8&q=&domain=abc_net&language=en&from_date=2022-09-01&to_date=2022-10-01&country=au&page=166388948848de3065962dbe83c27317e21a62b258
2023-07-23 20:14:31,113 [INFO] Response: 200
2023-07-23 20:14:31,114 [INFO] Gathering page 3 of 7
2023-07-23 20:14:31,116 [INFO] 
API call:
https://newsdata.io/api/1/archive?apikey=pub_200592638f3f0a1a0b3548daf92b7304983f8&q=&domain=abc_net&language=en&from_date=2022-09-01&to_date=2022-10-01&country=au&page=1663473256b8113dd41f540b0e2e2d42908ad90ad4
2023-07-23 20:14:32,139 [INFO] Response: 200
2023-07-23 20:14:32,140 [INFO] Gathering page 4 of 7
2023-07-23 20:14:32,142 [INFO] 
API call:
https://newsdata.io/api/1/archive?apikey=pub_200592638f3f0a1a0b3548daf92b7304983f8&q=&domain=abc_net&language=en&from_date=2022-09-01&to_date=2022-10-01&country=au&page=1663007472db1bd2fb0919b472e41b4d0f2505dc62
2023-07-23 20:14:33,330 [INFO] Response: 200
2023-07-23 20:14:33,331 [INFO] Gathering page 5 of 7
2023-07-23 20:14:33,333 [INFO] 
API call:
https://newsdata.io/api/1/archive?apikey=pub_200592638f3f0a1a0b3548daf92b7304983f8&q=&domain=abc_net&language=en&from_date=2022-09-01&to_date=2022-10-01&country=au&page=16625809144f508f56ee8f34a6b3fb51c00c42a89d
2023-07-23 20:14:34,429 [INFO] Response: 200
2023-07-23 20:14:34,431 [INFO] Gathering page 6 of 7
2023-07-23 20:14:34,432 [INFO] 
API call:
https://newsdata.io/api/1/archive?apikey=pub_200592638f3f0a1a0b3548daf92b7304983f8&q=&domain=abc_net&language=en&from_date=2022-09-01&to_date=2022-10-01&country=au&page=1662240768cdbf28987e8305554a028cda7e77a6a4
2023-07-23 20:14:35,433 [INFO] Response: 200
2023-07-23 20:14:35,434 [INFO] Gathering page 7 of 7
2023-07-23 20:14:35,436 [INFO] 
Compiling 7 pages of results...
2023-07-23 20:14:35,438 [INFO] All news articles gathered from abc_net from 2022-09-01 to 2022-10-01!
2023-07-23 20:14:35,439 [INFO] Processing tables...
2023-07-23 20:14:35,734 [INFO] Tables have been processed.
2023-07-23 20:14:35,735 [INFO] 
Pushing results from abc_net to Google BigQuery database...
2023-07-23 20:14:36,640 [INFO] Dataset dmrc-data.newsdataio already exists
2023-07-23 20:14:37,394 [INFO] Created table dmrc-data.newsdataio.newsdata_sep2022_au
2023-07-23 20:14:47,838 [INFO] Loaded 316 rows and 11 columns to dmrc-data.newsdataio.newsdata_sep2022_au
2023-07-23 20:14:48,491 [INFO] Created table dmrc-data.newsdataio.newsdata_sep2022_au_categories
2023-07-23 20:14:57,297 [INFO] Loaded 316 rows and 2 columns to dmrc-data.newsdataio.newsdata_sep2022_au_categories
2023-07-23 20:14:57,995 [INFO] Created table dmrc-data.newsdataio.newsdata_sep2022_au_keywords
2023-07-23 20:15:06,537 [INFO] Loaded 897 rows and 2 columns to dmrc-data.newsdataio.newsdata_sep2022_au_keywords
2023-07-23 20:15:07,228 [INFO] Created table dmrc-data.newsdataio.newsdata_sep2022_au_creators
2023-07-23 20:15:07,229 [INFO] list index out of range
2023-07-23 20:15:07,229 [INFO] 
Gather complete!
