2024-03-23 19:09:49,599 [INFO] Starting News Gatherer
2024-03-23 19:09:49,599 [INFO] Collecting news content from 35 domains.
2024-03-23 19:09:49,599 [INFO] 
-------------------------------------------------------------------------------------------------------
2024-03-23 19:09:49,599 [INFO] Gathering news articles from 7news from 2024-03-01 to 2024-03-22
2024-03-23 19:09:49,599 [INFO] 
API call:
https://newsdata.io/api/1/archive?apikey=pub_200592638f3f0a1a0b3548daf92b7304983f8&q=*&domain=7news&language=au&from_date=2024-03-01&to_date=2024-03-22&country=au
2024-03-23 19:09:50,353 [INFO] Response: 422
2024-03-23 19:09:50,353 [INFO] Domain 7news does not exist in the NewsdataIO database. Moving to next keyword.
2024-03-23 19:09:50,353 [INFO] 
-------------------------------------------------------------------------------------------------------
2024-03-23 19:09:50,353 [INFO] Gathering news articles from skynewsau from 2024-03-01 to 2024-03-22
2024-03-23 19:09:50,353 [INFO] 
API call:
https://newsdata.io/api/1/archive?apikey=pub_200592638f3f0a1a0b3548daf92b7304983f8&q=*&domain=skynewsau&language=au&from_date=2024-03-01&to_date=2024-03-22&country=au
2024-03-23 19:09:51,047 [INFO] Response: 422
2024-03-23 19:09:51,047 [INFO] Domain skynewsau does not exist in the NewsdataIO database. Moving to next keyword.
2024-03-23 19:09:51,047 [INFO] 
-------------------------------------------------------------------------------------------------------
2024-03-23 19:09:51,048 [INFO] Gathering news articles from sbs from 2024-03-01 to 2024-03-22
2024-03-23 19:09:51,048 [INFO] 
API call:
https://newsdata.io/api/1/archive?apikey=pub_200592638f3f0a1a0b3548daf92b7304983f8&q=*&domain=sbs&language=au&from_date=2024-03-01&to_date=2024-03-22&country=au
2024-03-23 19:09:51,731 [INFO] Response: 422
2024-03-23 19:09:51,731 [INFO] Domain sbs does not exist in the NewsdataIO database. Moving to next keyword.
2024-03-23 19:09:51,731 [INFO] 
-------------------------------------------------------------------------------------------------------
2024-03-23 19:09:51,731 [INFO] Gathering news articles from reneweconomy from 2024-03-01 to 2024-03-22
2024-03-23 19:09:51,731 [INFO] 
API call:
https://newsdata.io/api/1/archive?apikey=pub_200592638f3f0a1a0b3548daf92b7304983f8&q=*&domain=reneweconomy&language=au&from_date=2024-03-01&to_date=2024-03-22&country=au
2024-03-23 19:09:52,400 [INFO] Response: 422
2024-03-23 19:09:52,400 [INFO] Domain reneweconomy does not exist in the NewsdataIO database. Moving to next keyword.
2024-03-23 19:09:52,400 [INFO] 
-------------------------------------------------------------------------------------------------------
2024-03-23 19:09:52,400 [INFO] Gathering news articles from womensagenda from 2024-03-01 to 2024-03-22
2024-03-23 19:09:52,400 [INFO] 
API call:
https://newsdata.io/api/1/archive?apikey=pub_200592638f3f0a1a0b3548daf92b7304983f8&q=*&domain=womensagenda&language=au&from_date=2024-03-01&to_date=2024-03-22&country=au
2024-03-23 19:09:53,112 [INFO] Response: 422
2024-03-23 19:09:53,112 [INFO] Domain womensagenda does not exist in the NewsdataIO database. Moving to next keyword.
2024-03-23 19:09:53,113 [INFO] 
-------------------------------------------------------------------------------------------------------
2024-03-23 19:09:53,113 [INFO] Gathering news articles from spectator_au from 2024-03-01 to 2024-03-22
2024-03-23 19:09:53,113 [INFO] 
API call:
https://newsdata.io/api/1/archive?apikey=pub_200592638f3f0a1a0b3548daf92b7304983f8&q=*&domain=spectator_au&language=au&from_date=2024-03-01&to_date=2024-03-22&country=au
2024-03-23 19:09:53,829 [INFO] Response: 422
2024-03-23 19:09:53,829 [INFO] Domain spectator_au does not exist in the NewsdataIO database. Moving to next keyword.
2024-03-23 19:09:53,829 [INFO] 
-------------------------------------------------------------------------------------------------------
2024-03-23 19:09:53,829 [INFO] Gathering news articles from greenleft from 2024-03-01 to 2024-03-22
2024-03-23 19:09:53,829 [INFO] 
API call:
https://newsdata.io/api/1/archive?apikey=pub_200592638f3f0a1a0b3548daf92b7304983f8&q=*&domain=greenleft&language=au&from_date=2024-03-01&to_date=2024-03-22&country=au
2024-03-23 19:09:54,567 [INFO] Response: 422
2024-03-23 19:09:54,567 [INFO] Domain greenleft does not exist in the NewsdataIO database. Moving to next keyword.
2024-03-23 19:09:54,567 [INFO] 
-------------------------------------------------------------------------------------------------------
2024-03-23 19:09:54,567 [INFO] Gathering news articles from rebelnews from 2024-03-01 to 2024-03-22
2024-03-23 19:09:54,567 [INFO] 
API call:
https://newsdata.io/api/1/archive?apikey=pub_200592638f3f0a1a0b3548daf92b7304983f8&q=*&domain=rebelnews&language=au&from_date=2024-03-01&to_date=2024-03-22&country=au
