2023-12-15 17:39:11,042 [INFO] Starting News Gatherer
2023-12-15 17:39:11,043 [INFO] Collecting news content from 22 domains.
2023-12-15 17:39:11,043 [INFO] 
-------------------------------------------------------------------------------------------------------
2023-12-15 17:39:11,043 [INFO] Gathering news articles from thewest from 2023-11-10 to 2023-11-20
2023-12-15 17:39:11,043 [INFO] 
API call:
https://newsdata.io/api/1/archive?apikey=pub_200592638f3f0a1a0b3548daf92b7304983f8&q=*&domain=thewest&language=en&from_date=2023-11-10&to_date=2023-11-20&country=au
2023-12-15 17:39:12,507 [INFO] Response: 200
2023-12-15 17:39:12,507 [INFO] Gathering page 1 of 21
2023-12-15 17:39:12,508 [INFO] 
API call:
https://newsdata.io/api/1/archive?apikey=pub_200592638f3f0a1a0b3548daf92b7304983f8&q=*&domain=thewest&language=en&from_date=2023-11-10&to_date=2023-11-20&country=au&page=1700420400437907205
2023-12-15 17:39:13,410 [INFO] Response: 200
2023-12-15 17:39:13,411 [INFO] Gathering page 2 of 21
2023-12-15 17:39:13,412 [INFO] 
API call:
https://newsdata.io/api/1/archive?apikey=pub_200592638f3f0a1a0b3548daf92b7304983f8&q=*&domain=thewest&language=en&from_date=2023-11-10&to_date=2023-11-20&country=au&page=1700416800287631352
2023-12-15 17:39:14,323 [INFO] Response: 200
2023-12-15 17:39:14,323 [INFO] Gathering page 3 of 21
2023-12-15 17:39:14,324 [INFO] 
API call:
https://newsdata.io/api/1/archive?apikey=pub_200592638f3f0a1a0b3548daf92b7304983f8&q=*&domain=thewest&language=en&from_date=2023-11-10&to_date=2023-11-20&country=au&page=1700334281140489335
2023-12-15 17:39:15,426 [INFO] Response: 200
2023-12-15 17:39:15,427 [INFO] Gathering page 4 of 21
2023-12-15 17:39:15,428 [INFO] 
API call:
https://newsdata.io/api/1/archive?apikey=pub_200592638f3f0a1a0b3548daf92b7304983f8&q=*&domain=thewest&language=en&from_date=2023-11-10&to_date=2023-11-20&country=au&page=1700266362694718613
2023-12-15 17:39:16,567 [INFO] Response: 200
2023-12-15 17:39:16,568 [INFO] Gathering page 5 of 21
2023-12-15 17:39:16,570 [INFO] 
API call:
https://newsdata.io/api/1/archive?apikey=pub_200592638f3f0a1a0b3548daf92b7304983f8&q=*&domain=thewest&language=en&from_date=2023-11-10&to_date=2023-11-20&country=au&page=1700238791944654934
2023-12-15 17:39:17,714 [INFO] Response: 200
2023-12-15 17:39:17,715 [INFO] Gathering page 6 of 21
2023-12-15 17:39:17,715 [INFO] 
API call:
https://newsdata.io/api/1/archive?apikey=pub_200592638f3f0a1a0b3548daf92b7304983f8&q=*&domain=thewest&language=en&from_date=2023-11-10&to_date=2023-11-20&country=au&page=1700196322159819060
2023-12-15 17:39:18,615 [INFO] Response: 200
2023-12-15 17:39:18,615 [INFO] Gathering page 7 of 21
2023-12-15 17:39:18,616 [INFO] 
API call:
https://newsdata.io/api/1/archive?apikey=pub_200592638f3f0a1a0b3548daf92b7304983f8&q=*&domain=thewest&language=en&from_date=2023-11-10&to_date=2023-11-20&country=au&page=1700159117408776448
2023-12-15 17:39:19,737 [INFO] Response: 200
2023-12-15 17:39:19,737 [INFO] Gathering page 8 of 21
2023-12-15 17:39:19,738 [INFO] 
API call:
https://newsdata.io/api/1/archive?apikey=pub_200592638f3f0a1a0b3548daf92b7304983f8&q=*&domain=thewest&language=en&from_date=2023-11-10&to_date=2023-11-20&country=au&page=1700074800327266437
2023-12-15 17:39:20,630 [INFO] Response: 200
2023-12-15 17:39:20,630 [INFO] Gathering page 9 of 21
2023-12-15 17:39:20,631 [INFO] 
API call:
https://newsdata.io/api/1/archive?apikey=pub_200592638f3f0a1a0b3548daf92b7304983f8&q=*&domain=thewest&language=en&from_date=2023-11-10&to_date=2023-11-20&country=au&page=1700036774129425616
2023-12-15 17:39:21,739 [INFO] Response: 200
2023-12-15 17:39:21,740 [INFO] Gathering page 10 of 21
2023-12-15 17:39:21,741 [INFO] 
API call:
https://newsdata.io/api/1/archive?apikey=pub_200592638f3f0a1a0b3548daf92b7304983f8&q=*&domain=thewest&language=en&from_date=2023-11-10&to_date=2023-11-20&country=au&page=1700008556327719477
2023-12-15 17:39:22,825 [INFO] Response: 200
2023-12-15 17:39:22,825 [INFO] Gathering page 11 of 21
2023-12-15 17:39:22,826 [INFO] 
API call:
https://newsdata.io/api/1/archive?apikey=pub_200592638f3f0a1a0b3548daf92b7304983f8&q=*&domain=thewest&language=en&from_date=2023-11-10&to_date=2023-11-20&country=au&page=1699956396801488432
2023-12-15 17:39:23,926 [INFO] Response: 200
2023-12-15 17:39:23,926 [INFO] Gathering page 12 of 21
2023-12-15 17:39:23,927 [INFO] 
API call:
https://newsdata.io/api/1/archive?apikey=pub_200592638f3f0a1a0b3548daf92b7304983f8&q=*&domain=thewest&language=en&from_date=2023-11-10&to_date=2023-11-20&country=au&page=1699936948251801786
2023-12-15 17:39:24,823 [INFO] Response: 200
2023-12-15 17:39:24,823 [INFO] Gathering page 13 of 21
2023-12-15 17:39:24,824 [INFO] 
API call:
https://newsdata.io/api/1/archive?apikey=pub_200592638f3f0a1a0b3548daf92b7304983f8&q=*&domain=thewest&language=en&from_date=2023-11-10&to_date=2023-11-20&country=au&page=1699891637518934424
2023-12-15 17:39:25,728 [INFO] Response: 200
2023-12-15 17:39:25,728 [INFO] Gathering page 14 of 21
2023-12-15 17:39:25,729 [INFO] 
API call:
https://newsdata.io/api/1/archive?apikey=pub_200592638f3f0a1a0b3548daf92b7304983f8&q=*&domain=thewest&language=en&from_date=2023-11-10&to_date=2023-11-20&country=au&page=1699854456695487484
2023-12-15 17:39:26,838 [INFO] Response: 200
2023-12-15 17:39:26,838 [INFO] Gathering page 15 of 21
2023-12-15 17:39:26,840 [INFO] 
API call:
https://newsdata.io/api/1/archive?apikey=pub_200592638f3f0a1a0b3548daf92b7304983f8&q=*&domain=thewest&language=en&from_date=2023-11-10&to_date=2023-11-20&country=au&page=1699834277693579139
2023-12-15 17:39:27,950 [INFO] Response: 200
2023-12-15 17:39:27,951 [INFO] Gathering page 16 of 21
2023-12-15 17:39:27,954 [INFO] 
API call:
https://newsdata.io/api/1/archive?apikey=pub_200592638f3f0a1a0b3548daf92b7304983f8&q=*&domain=thewest&language=en&from_date=2023-11-10&to_date=2023-11-20&country=au&page=1699786493370937770
2023-12-15 17:39:29,225 [INFO] Response: 200
2023-12-15 17:39:29,226 [INFO] Gathering page 17 of 21
2023-12-15 17:39:29,227 [INFO] 
API call:
https://newsdata.io/api/1/archive?apikey=pub_200592638f3f0a1a0b3548daf92b7304983f8&q=*&domain=thewest&language=en&from_date=2023-11-10&to_date=2023-11-20&country=au&page=1699729200559207586
2023-12-15 17:39:30,150 [INFO] Response: 200
2023-12-15 17:39:30,152 [INFO] Gathering page 18 of 21
2023-12-15 17:39:30,154 [INFO] 
API call:
https://newsdata.io/api/1/archive?apikey=pub_200592638f3f0a1a0b3548daf92b7304983f8&q=*&domain=thewest&language=en&from_date=2023-11-10&to_date=2023-11-20&country=au&page=1699694040403739555
2023-12-15 17:39:31,059 [INFO] Response: 200
2023-12-15 17:39:31,060 [INFO] Gathering page 19 of 21
2023-12-15 17:39:31,061 [INFO] 
API call:
https://newsdata.io/api/1/archive?apikey=pub_200592638f3f0a1a0b3548daf92b7304983f8&q=*&domain=thewest&language=en&from_date=2023-11-10&to_date=2023-11-20&country=au&page=1699639200135894545
2023-12-15 17:39:31,969 [INFO] Response: 200
2023-12-15 17:39:31,971 [INFO] Gathering page 20 of 21
2023-12-15 17:39:31,973 [INFO] 
API call:
https://newsdata.io/api/1/archive?apikey=pub_200592638f3f0a1a0b3548daf92b7304983f8&q=*&domain=thewest&language=en&from_date=2023-11-10&to_date=2023-11-20&country=au&page=1699582200625454545
2023-12-15 17:39:32,872 [INFO] Response: 200
2023-12-15 17:39:32,873 [INFO] Gathering page 21 of 21
2023-12-15 17:39:32,876 [INFO] 
Compiling 21 pages of results...
2023-12-15 17:39:32,879 [INFO] All news articles gathered from thewest from 2023-11-10 to 2023-11-20!
2023-12-15 17:39:32,880 [INFO] Processing tables...
2023-12-15 17:39:32,948 [INFO] Tables have been processed.
2023-12-15 17:39:32,949 [INFO] 
Pushing results from thewest to Google BigQuery database...
2023-12-15 17:39:33,927 [INFO] Dataset dmrc-data.newsdataio_2024 already exists
2023-12-15 17:39:34,270 [INFO] Table exists
2023-12-15 17:39:40,623 [INFO] Loaded 5452 rows and 12 columns to dmrc-data.newsdataio_2024.newsdata_nov2023_au
2023-12-15 17:39:40,955 [INFO] Table exists
2023-12-15 17:39:47,540 [INFO] Loaded 5473 rows and 2 columns to dmrc-data.newsdataio_2024.newsdata_nov2023_au_categories
2023-12-15 17:39:47,846 [INFO] Table exists
2023-12-15 17:39:53,813 [INFO] Loaded 11871 rows and 2 columns to dmrc-data.newsdataio_2024.newsdata_nov2023_au_keywords
2023-12-15 17:39:54,140 [INFO] Table exists
2023-12-15 17:40:00,311 [INFO] Loaded 5968 rows and 2 columns to dmrc-data.newsdataio_2024.newsdata_nov2023_au_creators
2023-12-15 17:40:00,312 [INFO] 
-------------------------------------------------------------------------------------------------------
2023-12-15 17:40:00,312 [INFO] Gathering news articles from yahoo from 2023-11-10 to 2023-11-20
2023-12-15 17:40:00,312 [INFO] 
API call:
https://newsdata.io/api/1/archive?apikey=pub_200592638f3f0a1a0b3548daf92b7304983f8&q=*&domain=yahoo&language=en&from_date=2023-11-10&to_date=2023-11-20&country=au
2023-12-15 17:40:01,367 [INFO] Response: 200
2023-12-15 17:40:01,368 [INFO] Gathering page 1 of 9
2023-12-15 17:40:01,370 [INFO] 
API call:
https://newsdata.io/api/1/archive?apikey=pub_200592638f3f0a1a0b3548daf92b7304983f8&q=*&domain=yahoo&language=en&from_date=2023-11-10&to_date=2023-11-20&country=au&page=1700283457910242777
2023-12-15 17:40:02,664 [INFO] Response: 200
2023-12-15 17:40:02,664 [INFO] Gathering page 2 of 9
2023-12-15 17:40:02,665 [INFO] 
API call:
https://newsdata.io/api/1/archive?apikey=pub_200592638f3f0a1a0b3548daf92b7304983f8&q=*&domain=yahoo&language=en&from_date=2023-11-10&to_date=2023-11-20&country=au&page=1700181454239970246
2023-12-15 17:40:03,563 [INFO] Response: 200
2023-12-15 17:40:03,564 [INFO] Gathering page 3 of 9
2023-12-15 17:40:03,565 [INFO] 
API call:
https://newsdata.io/api/1/archive?apikey=pub_200592638f3f0a1a0b3548daf92b7304983f8&q=*&domain=yahoo&language=en&from_date=2023-11-10&to_date=2023-11-20&country=au&page=1700105181216942616
2023-12-15 17:40:04,629 [INFO] Response: 200
2023-12-15 17:40:04,630 [INFO] Gathering page 4 of 9
2023-12-15 17:40:04,631 [INFO] 
API call:
https://newsdata.io/api/1/archive?apikey=pub_200592638f3f0a1a0b3548daf92b7304983f8&q=*&domain=yahoo&language=en&from_date=2023-11-10&to_date=2023-11-20&country=au&page=1700021298915209570
2023-12-15 17:40:05,584 [INFO] Response: 200
2023-12-15 17:40:05,584 [INFO] Gathering page 5 of 9
2023-12-15 17:40:05,585 [INFO] 
API call:
https://newsdata.io/api/1/archive?apikey=pub_200592638f3f0a1a0b3548daf92b7304983f8&q=*&domain=yahoo&language=en&from_date=2023-11-10&to_date=2023-11-20&country=au&page=1699943717199769079
2023-12-15 17:40:06,493 [INFO] Response: 200
2023-12-15 17:40:06,493 [INFO] Gathering page 6 of 9
2023-12-15 17:40:06,494 [INFO] 
API call:
https://newsdata.io/api/1/archive?apikey=pub_200592638f3f0a1a0b3548daf92b7304983f8&q=*&domain=yahoo&language=en&from_date=2023-11-10&to_date=2023-11-20&country=au&page=1699855950178231937
2023-12-15 17:40:07,372 [INFO] Response: 200
2023-12-15 17:40:07,372 [INFO] Gathering page 7 of 9
2023-12-15 17:40:07,373 [INFO] 
API call:
https://newsdata.io/api/1/archive?apikey=pub_200592638f3f0a1a0b3548daf92b7304983f8&q=*&domain=yahoo&language=en&from_date=2023-11-10&to_date=2023-11-20&country=au&page=1699822682554578637
2023-12-15 17:40:08,790 [INFO] Response: 200
2023-12-15 17:40:08,791 [INFO] Gathering page 8 of 9
2023-12-15 17:40:08,793 [INFO] 
API call:
https://newsdata.io/api/1/archive?apikey=pub_200592638f3f0a1a0b3548daf92b7304983f8&q=*&domain=yahoo&language=en&from_date=2023-11-10&to_date=2023-11-20&country=au&page=1699648352100944863
2023-12-15 17:40:09,637 [INFO] Response: 200
2023-12-15 17:40:09,638 [INFO] Gathering page 9 of 9
2023-12-15 17:40:09,639 [INFO] 
Compiling 9 pages of results...
2023-12-15 17:40:09,639 [INFO] All news articles gathered from yahoo from 2023-11-10 to 2023-11-20!
2023-12-15 17:40:09,640 [INFO] Processing tables...
2023-12-15 17:40:09,666 [INFO] Tables have been processed.
2023-12-15 17:40:09,666 [INFO] 
Pushing results from yahoo to Google BigQuery database...
2023-12-15 17:40:10,433 [INFO] Dataset dmrc-data.newsdataio_2024 already exists
2023-12-15 17:40:10,772 [INFO] Table exists
2023-12-15 17:40:16,585 [INFO] Loaded 5876 rows and 12 columns to dmrc-data.newsdataio_2024.newsdata_nov2023_au
2023-12-15 17:40:16,892 [INFO] Table exists
2023-12-15 17:40:21,923 [INFO] Loaded 5897 rows and 2 columns to dmrc-data.newsdataio_2024.newsdata_nov2023_au_categories
2023-12-15 17:40:22,229 [INFO] Table exists
2023-12-15 17:40:28,586 [INFO] Loaded 12295 rows and 2 columns to dmrc-data.newsdataio_2024.newsdata_nov2023_au_keywords
2023-12-15 17:40:28,894 [INFO] Table exists
2023-12-15 17:40:36,722 [INFO] Loaded 6392 rows and 2 columns to dmrc-data.newsdataio_2024.newsdata_nov2023_au_creators
2023-12-15 17:40:36,723 [INFO] 
-------------------------------------------------------------------------------------------------------
2023-12-15 17:40:36,723 [INFO] Gathering news articles from 7news from 2023-11-10 to 2023-11-20
2023-12-15 17:40:36,723 [INFO] 
API call:
https://newsdata.io/api/1/archive?apikey=pub_200592638f3f0a1a0b3548daf92b7304983f8&q=*&domain=7news&language=en&from_date=2023-11-10&to_date=2023-11-20&country=au
2023-12-15 17:40:38,110 [INFO] Response: 200
2023-12-15 17:40:38,112 [INFO] Gathering page 1 of 7
2023-12-15 17:40:38,115 [INFO] 
API call:
https://newsdata.io/api/1/archive?apikey=pub_200592638f3f0a1a0b3548daf92b7304983f8&q=*&domain=7news&language=en&from_date=2023-11-10&to_date=2023-11-20&country=au&page=1700349952612173449
2023-12-15 17:40:39,260 [INFO] Response: 200
2023-12-15 17:40:39,260 [INFO] Gathering page 2 of 7
2023-12-15 17:40:39,261 [INFO] 
API call:
https://newsdata.io/api/1/archive?apikey=pub_200592638f3f0a1a0b3548daf92b7304983f8&q=*&domain=7news&language=en&from_date=2023-11-10&to_date=2023-11-20&country=au&page=1700109409497196435
2023-12-15 17:40:40,386 [INFO] Response: 200
2023-12-15 17:40:40,389 [INFO] Gathering page 3 of 7
2023-12-15 17:40:40,390 [INFO] 
API call:
https://newsdata.io/api/1/archive?apikey=pub_200592638f3f0a1a0b3548daf92b7304983f8&q=*&domain=7news&language=en&from_date=2023-11-10&to_date=2023-11-20&country=au&page=1700013929992290836
2023-12-15 17:40:41,767 [INFO] Response: 200
2023-12-15 17:40:41,768 [INFO] Gathering page 4 of 7
2023-12-15 17:40:41,769 [INFO] 
API call:
https://newsdata.io/api/1/archive?apikey=pub_200592638f3f0a1a0b3548daf92b7304983f8&q=*&domain=7news&language=en&from_date=2023-11-10&to_date=2023-11-20&country=au&page=1699923862073996058
2023-12-15 17:40:43,133 [INFO] Response: 200
2023-12-15 17:40:43,135 [INFO] Gathering page 5 of 7
2023-12-15 17:40:43,138 [INFO] 
API call:
https://newsdata.io/api/1/archive?apikey=pub_200592638f3f0a1a0b3548daf92b7304983f8&q=*&domain=7news&language=en&from_date=2023-11-10&to_date=2023-11-20&country=au&page=1699812107977867211
2023-12-15 17:40:44,538 [INFO] Response: 200
2023-12-15 17:40:44,539 [INFO] Gathering page 6 of 7
2023-12-15 17:40:44,540 [INFO] 
API call:
https://newsdata.io/api/1/archive?apikey=pub_200592638f3f0a1a0b3548daf92b7304983f8&q=*&domain=7news&language=en&from_date=2023-11-10&to_date=2023-11-20&country=au&page=1699589707870735151
2023-12-15 17:40:45,636 [INFO] Response: 200
2023-12-15 17:40:45,637 [INFO] Gathering page 7 of 7
2023-12-15 17:40:45,638 [INFO] 
Compiling 7 pages of results...
2023-12-15 17:40:45,640 [INFO] All news articles gathered from 7news from 2023-11-10 to 2023-11-20!
2023-12-15 17:40:45,640 [INFO] Processing tables...
2023-12-15 17:40:45,708 [INFO] Tables have been processed.
2023-12-15 17:40:45,708 [INFO] 
Pushing results from 7news to Google BigQuery database...
2023-12-15 17:40:46,535 [INFO] Dataset dmrc-data.newsdataio_2024 already exists
2023-12-15 17:40:46,965 [INFO] Table exists
2023-12-15 17:40:55,163 [INFO] Loaded 6207 rows and 12 columns to dmrc-data.newsdataio_2024.newsdata_nov2023_au
2023-12-15 17:40:55,482 [INFO] Table exists
2023-12-15 17:41:02,405 [INFO] Loaded 6228 rows and 2 columns to dmrc-data.newsdataio_2024.newsdata_nov2023_au_categories
2023-12-15 17:41:02,741 [INFO] Table exists
2023-12-15 17:41:10,760 [INFO] Loaded 12626 rows and 2 columns to dmrc-data.newsdataio_2024.newsdata_nov2023_au_keywords
2023-12-15 17:41:11,084 [INFO] Table exists
2023-12-15 17:41:16,355 [INFO] Loaded 6755 rows and 2 columns to dmrc-data.newsdataio_2024.newsdata_nov2023_au_creators
2023-12-15 17:41:16,355 [INFO] 
-------------------------------------------------------------------------------------------------------
2023-12-15 17:41:16,355 [INFO] Gathering news articles from skynewsau from 2023-11-10 to 2023-11-20
2023-12-15 17:41:16,355 [INFO] 
API call:
https://newsdata.io/api/1/archive?apikey=pub_200592638f3f0a1a0b3548daf92b7304983f8&q=*&domain=skynewsau&language=en&from_date=2023-11-10&to_date=2023-11-20&country=au
2023-12-15 17:41:17,747 [INFO] Response: 200
2023-12-15 17:41:17,748 [INFO] Gathering page 1 of 7
2023-12-15 17:41:17,749 [INFO] 
API call:
https://newsdata.io/api/1/archive?apikey=pub_200592638f3f0a1a0b3548daf92b7304983f8&q=*&domain=skynewsau&language=en&from_date=2023-11-10&to_date=2023-11-20&country=au&page=1700390062498268564
2023-12-15 17:41:18,973 [INFO] Response: 200
2023-12-15 17:41:18,974 [INFO] Gathering page 2 of 7
2023-12-15 17:41:18,976 [INFO] 
API call:
https://newsdata.io/api/1/archive?apikey=pub_200592638f3f0a1a0b3548daf92b7304983f8&q=*&domain=skynewsau&language=en&from_date=2023-11-10&to_date=2023-11-20&country=au&page=1700212619655392642
2023-12-15 17:41:20,402 [INFO] Response: 200
2023-12-15 17:41:20,403 [INFO] Gathering page 3 of 7
2023-12-15 17:41:20,404 [INFO] 
API call:
https://newsdata.io/api/1/archive?apikey=pub_200592638f3f0a1a0b3548daf92b7304983f8&q=*&domain=skynewsau&language=en&from_date=2023-11-10&to_date=2023-11-20&country=au&page=1700107304123485532
2023-12-15 17:41:21,526 [INFO] Response: 200
2023-12-15 17:41:21,526 [INFO] Gathering page 4 of 7
2023-12-15 17:41:21,527 [INFO] 
API call:
https://newsdata.io/api/1/archive?apikey=pub_200592638f3f0a1a0b3548daf92b7304983f8&q=*&domain=skynewsau&language=en&from_date=2023-11-10&to_date=2023-11-20&country=au&page=1700050116926771472
2023-12-15 17:41:22,626 [INFO] Response: 200
2023-12-15 17:41:22,627 [INFO] Gathering page 5 of 7
2023-12-15 17:41:22,628 [INFO] 
API call:
https://newsdata.io/api/1/archive?apikey=pub_200592638f3f0a1a0b3548daf92b7304983f8&q=*&domain=skynewsau&language=en&from_date=2023-11-10&to_date=2023-11-20&country=au&page=1699835337835714087
2023-12-15 17:41:24,164 [INFO] Response: 200
2023-12-15 17:41:24,165 [INFO] Gathering page 6 of 7
2023-12-15 17:41:24,166 [INFO] 
API call:
https://newsdata.io/api/1/archive?apikey=pub_200592638f3f0a1a0b3548daf92b7304983f8&q=*&domain=skynewsau&language=en&from_date=2023-11-10&to_date=2023-11-20&country=au&page=1699662173677493168
2023-12-15 17:41:25,025 [INFO] Response: 200
2023-12-15 17:41:25,026 [INFO] Gathering page 7 of 7
2023-12-15 17:41:25,027 [INFO] 
Compiling 7 pages of results...
2023-12-15 17:41:25,027 [INFO] All news articles gathered from skynewsau from 2023-11-10 to 2023-11-20!
2023-12-15 17:41:25,027 [INFO] Processing tables...
2023-12-15 17:41:25,082 [INFO] Tables have been processed.
2023-12-15 17:41:25,084 [INFO] 
Pushing results from skynewsau to Google BigQuery database...
2023-12-15 17:41:25,831 [INFO] Dataset dmrc-data.newsdataio_2024 already exists
2023-12-15 17:41:26,260 [INFO] Table exists
2023-12-15 17:41:34,951 [INFO] Loaded 6519 rows and 12 columns to dmrc-data.newsdataio_2024.newsdata_nov2023_au
2023-12-15 17:41:35,272 [INFO] Table exists
2023-12-15 17:41:42,257 [INFO] Loaded 6540 rows and 2 columns to dmrc-data.newsdataio_2024.newsdata_nov2023_au_categories
2023-12-15 17:41:42,619 [INFO] Table exists
2023-12-15 17:41:51,766 [INFO] Loaded 14846 rows and 2 columns to dmrc-data.newsdataio_2024.newsdata_nov2023_au_keywords
2023-12-15 17:41:52,093 [INFO] Table exists
2023-12-15 17:42:00,089 [INFO] Loaded 7067 rows and 2 columns to dmrc-data.newsdataio_2024.newsdata_nov2023_au_creators
2023-12-15 17:42:00,089 [INFO] 
-------------------------------------------------------------------------------------------------------
2023-12-15 17:42:00,090 [INFO] Gathering news articles from sbs from 2023-11-10 to 2023-11-20
2023-12-15 17:42:00,090 [INFO] 
API call:
https://newsdata.io/api/1/archive?apikey=pub_200592638f3f0a1a0b3548daf92b7304983f8&q=*&domain=sbs&language=en&from_date=2023-11-10&to_date=2023-11-20&country=au
2023-12-15 17:42:01,693 [INFO] Response: 200
2023-12-15 17:42:01,695 [INFO] Gathering page 1 of 2
2023-12-15 17:42:01,696 [INFO] 
API call:
https://newsdata.io/api/1/archive?apikey=pub_200592638f3f0a1a0b3548daf92b7304983f8&q=*&domain=sbs&language=en&from_date=2023-11-10&to_date=2023-11-20&country=au&page=1699815570915025823
2023-12-15 17:42:02,527 [INFO] Response: 200
2023-12-15 17:42:02,528 [INFO] Gathering page 2 of 2
2023-12-15 17:42:02,529 [INFO] 
Compiling 2 pages of results...
2023-12-15 17:42:02,529 [INFO] All news articles gathered from sbs from 2023-11-10 to 2023-11-20!
2023-12-15 17:42:02,530 [INFO] Processing tables...
2023-12-15 17:42:02,548 [INFO] Tables have been processed.
2023-12-15 17:42:02,548 [INFO] 
Pushing results from sbs to Google BigQuery database...
2023-12-15 17:42:03,335 [INFO] Dataset dmrc-data.newsdataio_2024 already exists
2023-12-15 17:42:03,661 [INFO] Table exists
2023-12-15 17:42:09,994 [INFO] Loaded 6574 rows and 12 columns to dmrc-data.newsdataio_2024.newsdata_nov2023_au
2023-12-15 17:42:10,371 [INFO] Table exists
2023-12-15 17:42:15,759 [INFO] Loaded 6595 rows and 2 columns to dmrc-data.newsdataio_2024.newsdata_nov2023_au_categories
2023-12-15 17:42:16,092 [INFO] Table exists
2023-12-15 17:42:21,821 [INFO] Loaded 14923 rows and 2 columns to dmrc-data.newsdataio_2024.newsdata_nov2023_au_keywords
2023-12-15 17:42:22,130 [INFO] Table exists
2023-12-15 17:42:27,334 [INFO] Loaded 7122 rows and 2 columns to dmrc-data.newsdataio_2024.newsdata_nov2023_au_creators
2023-12-15 17:42:27,334 [INFO] 
-------------------------------------------------------------------------------------------------------
2023-12-15 17:42:27,335 [INFO] Gathering news articles from reneweconomy from 2023-11-10 to 2023-11-20
2023-12-15 17:42:27,335 [INFO] 
API call:
https://newsdata.io/api/1/archive?apikey=pub_200592638f3f0a1a0b3548daf92b7304983f8&q=*&domain=reneweconomy&language=en&from_date=2023-11-10&to_date=2023-11-20&country=au
2023-12-15 17:42:29,128 [INFO] Response: 200
2023-12-15 17:42:29,129 [INFO] Gathering page 1 of 1
2023-12-15 17:42:29,130 [INFO] 
Compiling 1 pages of results...
2023-12-15 17:42:29,130 [INFO] All news articles gathered from reneweconomy from 2023-11-10 to 2023-11-20!
2023-12-15 17:42:29,130 [INFO] Processing tables...
2023-12-15 17:42:29,154 [INFO] Tables have been processed.
2023-12-15 17:42:29,155 [INFO] 
Pushing results from reneweconomy to Google BigQuery database...
2023-12-15 17:42:29,934 [INFO] Dataset dmrc-data.newsdataio_2024 already exists
2023-12-15 17:42:30,238 [INFO] Table exists
2023-12-15 17:42:38,565 [INFO] Loaded 6621 rows and 12 columns to dmrc-data.newsdataio_2024.newsdata_nov2023_au
2023-12-15 17:42:38,859 [INFO] Table exists
2023-12-15 17:42:43,694 [INFO] Loaded 6642 rows and 2 columns to dmrc-data.newsdataio_2024.newsdata_nov2023_au_categories
2023-12-15 17:42:44,025 [INFO] Table exists
2023-12-15 17:42:50,109 [INFO] Loaded 15186 rows and 2 columns to dmrc-data.newsdataio_2024.newsdata_nov2023_au_keywords
2023-12-15 17:42:50,823 [INFO] Table exists
2023-12-15 17:42:58,234 [INFO] Loaded 7169 rows and 2 columns to dmrc-data.newsdataio_2024.newsdata_nov2023_au_creators
2023-12-15 17:42:58,234 [INFO] 
-------------------------------------------------------------------------------------------------------
2023-12-15 17:42:58,234 [INFO] Gathering news articles from womensagenda from 2023-11-10 to 2023-11-20
2023-12-15 17:42:58,234 [INFO] 
API call:
https://newsdata.io/api/1/archive?apikey=pub_200592638f3f0a1a0b3548daf92b7304983f8&q=*&domain=womensagenda&language=en&from_date=2023-11-10&to_date=2023-11-20&country=au
2023-12-15 17:42:59,863 [INFO] Response: 200
2023-12-15 17:42:59,865 [INFO] Gathering page 1 of 1
2023-12-15 17:42:59,866 [INFO] 
Compiling 1 pages of results...
2023-12-15 17:42:59,866 [INFO] All news articles gathered from womensagenda from 2023-11-10 to 2023-11-20!
2023-12-15 17:42:59,866 [INFO] Processing tables...
2023-12-15 17:42:59,892 [INFO] Tables have been processed.
2023-12-15 17:42:59,892 [INFO] 
Pushing results from womensagenda to Google BigQuery database...
2023-12-15 17:43:00,631 [INFO] Dataset dmrc-data.newsdataio_2024 already exists
2023-12-15 17:43:00,965 [INFO] Table exists
2023-12-15 17:43:09,807 [INFO] Loaded 6663 rows and 12 columns to dmrc-data.newsdataio_2024.newsdata_nov2023_au
2023-12-15 17:43:10,131 [INFO] Table exists
2023-12-15 17:43:14,766 [INFO] Loaded 6684 rows and 2 columns to dmrc-data.newsdataio_2024.newsdata_nov2023_au_categories
2023-12-15 17:43:15,065 [INFO] Table exists
2023-12-15 17:43:20,485 [INFO] Loaded 15449 rows and 2 columns to dmrc-data.newsdataio_2024.newsdata_nov2023_au_keywords
2023-12-15 17:43:20,823 [INFO] Table exists
2023-12-15 17:43:26,218 [INFO] Loaded 7211 rows and 2 columns to dmrc-data.newsdataio_2024.newsdata_nov2023_au_creators
2023-12-15 17:43:26,219 [INFO] 
-------------------------------------------------------------------------------------------------------
2023-12-15 17:43:26,219 [INFO] Gathering news articles from spectator from 2023-11-10 to 2023-11-20
2023-12-15 17:43:26,219 [INFO] 
API call:
https://newsdata.io/api/1/archive?apikey=pub_200592638f3f0a1a0b3548daf92b7304983f8&q=*&domain=spectator&language=en&from_date=2023-11-10&to_date=2023-11-20&country=au
2023-12-15 17:43:27,490 [INFO] Response: 200
2023-12-15 17:43:27,491 [INFO] Gathering page 1 of 0
2023-12-15 17:43:27,492 [INFO] No results for spectator during your specified timeframe!
2023-12-15 17:43:27,492 [INFO] 
-------------------------------------------------------------------------------------------------------
2023-12-15 17:43:27,493 [INFO] Gathering news articles from greenleft from 2023-11-10 to 2023-11-20
2023-12-15 17:43:27,493 [INFO] 
API call:
https://newsdata.io/api/1/archive?apikey=pub_200592638f3f0a1a0b3548daf92b7304983f8&q=*&domain=greenleft&language=en&from_date=2023-11-10&to_date=2023-11-20&country=au
2023-12-15 17:43:29,634 [INFO] Response: 200
2023-12-15 17:43:29,635 [INFO] Gathering page 1 of 1
2023-12-15 17:43:29,636 [INFO] 
Compiling 1 pages of results...
2023-12-15 17:43:29,636 [INFO] All news articles gathered from greenleft from 2023-11-10 to 2023-11-20!
2023-12-15 17:43:29,636 [INFO] Processing tables...
2023-12-15 17:43:29,659 [INFO] Tables have been processed.
2023-12-15 17:43:29,659 [INFO] 
Pushing results from greenleft to Google BigQuery database...
2023-12-15 17:43:30,427 [INFO] Dataset dmrc-data.newsdataio_2024 already exists
2023-12-15 17:43:30,755 [INFO] Table exists
2023-12-15 17:43:38,773 [INFO] Loaded 6709 rows and 12 columns to dmrc-data.newsdataio_2024.newsdata_nov2023_au
2023-12-15 17:43:39,128 [INFO] Table exists
2023-12-15 17:43:44,234 [INFO] Loaded 6730 rows and 2 columns to dmrc-data.newsdataio_2024.newsdata_nov2023_au_categories
2023-12-15 17:43:44,582 [INFO] Table exists
2023-12-15 17:43:50,895 [INFO] Loaded 15495 rows and 2 columns to dmrc-data.newsdataio_2024.newsdata_nov2023_au_keywords
2023-12-15 17:43:51,214 [INFO] Table exists
2023-12-15 17:43:56,907 [INFO] Loaded 7261 rows and 2 columns to dmrc-data.newsdataio_2024.newsdata_nov2023_au_creators
2023-12-15 17:43:56,908 [INFO] 
-------------------------------------------------------------------------------------------------------
2023-12-15 17:43:56,908 [INFO] Gathering news articles from rebelnews from 2023-11-10 to 2023-11-20
2023-12-15 17:43:56,908 [INFO] 
API call:
https://newsdata.io/api/1/archive?apikey=pub_200592638f3f0a1a0b3548daf92b7304983f8&q=*&domain=rebelnews&language=en&from_date=2023-11-10&to_date=2023-11-20&country=au
2023-12-15 17:43:57,894 [INFO] Response: 200
2023-12-15 17:43:57,895 [INFO] Gathering page 1 of 0
2023-12-15 17:43:57,895 [INFO] No results for rebelnews during your specified timeframe!
2023-12-15 17:43:57,896 [INFO] 
-------------------------------------------------------------------------------------------------------
2023-12-15 17:43:57,896 [INFO] Gathering news articles from quadrant from 2023-11-10 to 2023-11-20
2023-12-15 17:43:57,896 [INFO] 
API call:
https://newsdata.io/api/1/archive?apikey=pub_200592638f3f0a1a0b3548daf92b7304983f8&q=*&domain=quadrant&language=en&from_date=2023-11-10&to_date=2023-11-20&country=au
2023-12-15 17:43:59,230 [INFO] Response: 200
2023-12-15 17:43:59,231 [INFO] Gathering page 1 of 1
2023-12-15 17:43:59,232 [INFO] 
Compiling 1 pages of results...
2023-12-15 17:43:59,232 [INFO] All news articles gathered from quadrant from 2023-11-10 to 2023-11-20!
2023-12-15 17:43:59,232 [INFO] Processing tables...
2023-12-15 17:43:59,249 [INFO] Tables have been processed.
2023-12-15 17:43:59,250 [INFO] 
Pushing results from quadrant to Google BigQuery database...
2023-12-15 17:44:00,028 [INFO] Dataset dmrc-data.newsdataio_2024 already exists
2023-12-15 17:44:00,369 [INFO] Table exists
2023-12-15 17:44:07,512 [INFO] Loaded 6711 rows and 12 columns to dmrc-data.newsdataio_2024.newsdata_nov2023_au
2023-12-15 17:44:07,842 [INFO] Table exists
2023-12-15 17:44:13,986 [INFO] Loaded 6732 rows and 2 columns to dmrc-data.newsdataio_2024.newsdata_nov2023_au_categories
2023-12-15 17:44:14,347 [INFO] Table exists
2023-12-15 17:44:19,984 [INFO] Loaded 15497 rows and 2 columns to dmrc-data.newsdataio_2024.newsdata_nov2023_au_keywords
2023-12-15 17:44:20,274 [INFO] Table exists
2023-12-15 17:44:26,380 [INFO] Loaded 7263 rows and 2 columns to dmrc-data.newsdataio_2024.newsdata_nov2023_au_creators
2023-12-15 17:44:26,380 [INFO] 
-------------------------------------------------------------------------------------------------------
2023-12-15 17:44:26,381 [INFO] Gathering news articles from pedestrian from 2023-11-10 to 2023-11-20
2023-12-15 17:44:26,381 [INFO] 
API call:
https://newsdata.io/api/1/archive?apikey=pub_200592638f3f0a1a0b3548daf92b7304983f8&q=*&domain=pedestrian&language=en&from_date=2023-11-10&to_date=2023-11-20&country=au
2023-12-15 17:44:28,277 [INFO] Response: 200
2023-12-15 17:44:28,278 [INFO] Gathering page 1 of 2
2023-12-15 17:44:28,279 [INFO] 
API call:
https://newsdata.io/api/1/archive?apikey=pub_200592638f3f0a1a0b3548daf92b7304983f8&q=*&domain=pedestrian&language=en&from_date=2023-11-10&to_date=2023-11-20&country=au&page=1699996747222745940
2023-12-15 17:44:29,718 [INFO] Response: 200
2023-12-15 17:44:29,719 [INFO] Gathering page 2 of 2
2023-12-15 17:44:29,719 [INFO] 
Compiling 2 pages of results...
2023-12-15 17:44:29,720 [INFO] All news articles gathered from pedestrian from 2023-11-10 to 2023-11-20!
2023-12-15 17:44:29,720 [INFO] Processing tables...
2023-12-15 17:44:29,744 [INFO] Tables have been processed.
2023-12-15 17:44:29,744 [INFO] 
Pushing results from pedestrian to Google BigQuery database...
2023-12-15 17:44:30,528 [INFO] Dataset dmrc-data.newsdataio_2024 already exists
2023-12-15 17:44:30,917 [INFO] Table exists
2023-12-15 17:44:40,403 [INFO] Loaded 6803 rows and 12 columns to dmrc-data.newsdataio_2024.newsdata_nov2023_au
2023-12-15 17:44:40,724 [INFO] Table exists
2023-12-15 17:44:46,095 [INFO] Loaded 6824 rows and 2 columns to dmrc-data.newsdataio_2024.newsdata_nov2023_au_categories
2023-12-15 17:44:46,400 [INFO] Table exists
2023-12-15 17:44:51,549 [INFO] Loaded 15736 rows and 2 columns to dmrc-data.newsdataio_2024.newsdata_nov2023_au_keywords
2023-12-15 17:44:51,891 [INFO] Table exists
2023-12-15 17:44:57,278 [INFO] Loaded 7355 rows and 2 columns to dmrc-data.newsdataio_2024.newsdata_nov2023_au_creators
2023-12-15 17:44:57,278 [INFO] 
-------------------------------------------------------------------------------------------------------
2023-12-15 17:44:57,278 [INFO] Gathering news articles from michaelwest from 2023-11-10 to 2023-11-20
2023-12-15 17:44:57,278 [INFO] 
API call:
https://newsdata.io/api/1/archive?apikey=pub_200592638f3f0a1a0b3548daf92b7304983f8&q=*&domain=michaelwest&language=en&from_date=2023-11-10&to_date=2023-11-20&country=au
2023-12-15 17:44:59,247 [INFO] Response: 200
2023-12-15 17:44:59,248 [INFO] Gathering page 1 of 2
2023-12-15 17:44:59,249 [INFO] 
API call:
https://newsdata.io/api/1/archive?apikey=pub_200592638f3f0a1a0b3548daf92b7304983f8&q=*&domain=michaelwest&language=en&from_date=2023-11-10&to_date=2023-11-20&country=au&page=1700065800300002701
2023-12-15 17:45:00,380 [INFO] Response: 200
2023-12-15 17:45:00,381 [INFO] Gathering page 2 of 2
2023-12-15 17:45:00,384 [INFO] 
Compiling 2 pages of results...
2023-12-15 17:45:00,384 [INFO] All news articles gathered from michaelwest from 2023-11-10 to 2023-11-20!
2023-12-15 17:45:00,384 [INFO] Processing tables...
2023-12-15 17:45:00,409 [INFO] Tables have been processed.
2023-12-15 17:45:00,409 [INFO] 
Pushing results from michaelwest to Google BigQuery database...
2023-12-15 17:45:01,233 [INFO] Dataset dmrc-data.newsdataio_2024 already exists
2023-12-15 17:45:01,573 [INFO] Table exists
2023-12-15 17:45:07,533 [INFO] Loaded 6894 rows and 12 columns to dmrc-data.newsdataio_2024.newsdata_nov2023_au
2023-12-15 17:45:07,843 [INFO] Table exists
2023-12-15 17:45:13,120 [INFO] Loaded 6915 rows and 2 columns to dmrc-data.newsdataio_2024.newsdata_nov2023_au_categories
2023-12-15 17:45:13,435 [INFO] Table exists
2023-12-15 17:45:20,657 [INFO] Loaded 15836 rows and 2 columns to dmrc-data.newsdataio_2024.newsdata_nov2023_au_keywords
2023-12-15 17:45:20,982 [INFO] Table exists
2023-12-15 17:45:25,438 [INFO] Loaded 7448 rows and 2 columns to dmrc-data.newsdataio_2024.newsdata_nov2023_au_creators
2023-12-15 17:45:25,439 [INFO] 
-------------------------------------------------------------------------------------------------------
2023-12-15 17:45:25,439 [INFO] Gathering news articles from junkee from 2023-11-10 to 2023-11-20
2023-12-15 17:45:25,439 [INFO] 
API call:
https://newsdata.io/api/1/archive?apikey=pub_200592638f3f0a1a0b3548daf92b7304983f8&q=*&domain=junkee&language=en&from_date=2023-11-10&to_date=2023-11-20&country=au
2023-12-15 17:45:26,597 [INFO] Response: 200
2023-12-15 17:45:26,597 [INFO] Gathering page 1 of 1
2023-12-15 17:45:26,599 [INFO] 
Compiling 1 pages of results...
2023-12-15 17:45:26,599 [INFO] All news articles gathered from junkee from 2023-11-10 to 2023-11-20!
2023-12-15 17:45:26,599 [INFO] Processing tables...
2023-12-15 17:45:26,622 [INFO] Tables have been processed.
2023-12-15 17:45:26,622 [INFO] 
Pushing results from junkee to Google BigQuery database...
2023-12-15 17:45:27,430 [INFO] Dataset dmrc-data.newsdataio_2024 already exists
2023-12-15 17:45:27,759 [INFO] Table exists
2023-12-15 17:45:35,722 [INFO] Loaded 6907 rows and 12 columns to dmrc-data.newsdataio_2024.newsdata_nov2023_au
2023-12-15 17:45:36,042 [INFO] Table exists
2023-12-15 17:45:41,259 [INFO] Loaded 6928 rows and 2 columns to dmrc-data.newsdataio_2024.newsdata_nov2023_au_categories
2023-12-15 17:45:41,577 [INFO] Table exists
2023-12-15 17:45:46,082 [INFO] Loaded 15906 rows and 2 columns to dmrc-data.newsdataio_2024.newsdata_nov2023_au_keywords
2023-12-15 17:45:46,443 [INFO] Table exists
2023-12-15 17:45:51,370 [INFO] Loaded 7461 rows and 2 columns to dmrc-data.newsdataio_2024.newsdata_nov2023_au_creators
2023-12-15 17:45:51,371 [INFO] 
-------------------------------------------------------------------------------------------------------
2023-12-15 17:45:51,371 [INFO] Gathering news articles from dailymailuk from 2023-11-10 to 2023-11-20
2023-12-15 17:45:51,371 [INFO] 
API call:
https://newsdata.io/api/1/archive?apikey=pub_200592638f3f0a1a0b3548daf92b7304983f8&q=*&domain=dailymailuk&language=en&from_date=2023-11-10&to_date=2023-11-20&country=au
2023-12-15 17:45:52,629 [INFO] Response: 200
2023-12-15 17:45:52,630 [INFO] Gathering page 1 of 1
2023-12-15 17:45:52,631 [INFO] 
Compiling 1 pages of results...
2023-12-15 17:45:52,631 [INFO] All news articles gathered from dailymailuk from 2023-11-10 to 2023-11-20!
2023-12-15 17:45:52,631 [INFO] Processing tables...
2023-12-15 17:45:52,650 [INFO] Tables have been processed.
2023-12-15 17:45:52,650 [INFO] 
Pushing results from dailymailuk to Google BigQuery database...
2023-12-15 17:45:53,430 [INFO] Dataset dmrc-data.newsdataio_2024 already exists
2023-12-15 17:45:53,732 [INFO] Table exists
2023-12-15 17:46:00,077 [INFO] Loaded 6916 rows and 12 columns to dmrc-data.newsdataio_2024.newsdata_nov2023_au
2023-12-15 17:46:00,380 [INFO] Table exists
2023-12-15 17:46:10,570 [INFO] Loaded 6937 rows and 2 columns to dmrc-data.newsdataio_2024.newsdata_nov2023_au_categories
2023-12-15 17:46:10,858 [INFO] Table exists
2023-12-15 17:46:16,192 [INFO] Loaded 15915 rows and 2 columns to dmrc-data.newsdataio_2024.newsdata_nov2023_au_keywords
2023-12-15 17:46:16,508 [INFO] Table exists
2023-12-15 17:46:21,464 [INFO] Loaded 7470 rows and 2 columns to dmrc-data.newsdataio_2024.newsdata_nov2023_au_creators
2023-12-15 17:46:21,464 [INFO] 
-------------------------------------------------------------------------------------------------------
2023-12-15 17:46:21,464 [INFO] Gathering news articles from 6newsau from 2023-11-10 to 2023-11-20
2023-12-15 17:46:21,464 [INFO] 
API call:
https://newsdata.io/api/1/archive?apikey=pub_200592638f3f0a1a0b3548daf92b7304983f8&q=*&domain=6newsau&language=en&from_date=2023-11-10&to_date=2023-11-20&country=au
2023-12-15 17:46:22,323 [INFO] Response: 200
2023-12-15 17:46:22,324 [INFO] Gathering page 1 of 1
2023-12-15 17:46:22,326 [INFO] 
Compiling 1 pages of results...
2023-12-15 17:46:22,327 [INFO] All news articles gathered from 6newsau from 2023-11-10 to 2023-11-20!
2023-12-15 17:46:22,327 [INFO] Processing tables...
2023-12-15 17:46:22,343 [INFO] Tables have been processed.
2023-12-15 17:46:22,343 [INFO] 
Pushing results from 6newsau to Google BigQuery database...
2023-12-15 17:46:23,127 [INFO] Dataset dmrc-data.newsdataio_2024 already exists
2023-12-15 17:46:23,436 [INFO] Table exists
2023-12-15 17:46:30,866 [INFO] Loaded 6919 rows and 12 columns to dmrc-data.newsdataio_2024.newsdata_nov2023_au
2023-12-15 17:46:31,208 [INFO] Table exists
2023-12-15 17:46:36,538 [INFO] Loaded 6940 rows and 2 columns to dmrc-data.newsdataio_2024.newsdata_nov2023_au_categories
2023-12-15 17:46:36,828 [INFO] Table exists
2023-12-15 17:46:41,368 [INFO] Loaded 15922 rows and 2 columns to dmrc-data.newsdataio_2024.newsdata_nov2023_au_keywords
2023-12-15 17:46:41,685 [INFO] Table exists
2023-12-15 17:46:46,788 [INFO] Loaded 7473 rows and 2 columns to dmrc-data.newsdataio_2024.newsdata_nov2023_au_creators
2023-12-15 17:46:46,788 [INFO] 
-------------------------------------------------------------------------------------------------------
2023-12-15 17:46:46,788 [INFO] Gathering news articles from news from 2023-11-10 to 2023-11-20
2023-12-15 17:46:46,788 [INFO] 
API call:
https://newsdata.io/api/1/archive?apikey=pub_200592638f3f0a1a0b3548daf92b7304983f8&q=*&domain=news&language=en&from_date=2023-11-10&to_date=2023-11-20&country=au
2023-12-15 17:46:47,749 [INFO] Response: 200
2023-12-15 17:46:47,749 [INFO] Gathering page 1 of 10
2023-12-15 17:46:47,750 [INFO] 
API call:
https://newsdata.io/api/1/archive?apikey=pub_200592638f3f0a1a0b3548daf92b7304983f8&q=*&domain=news&language=en&from_date=2023-11-10&to_date=2023-11-20&country=au&page=1700362380799728965
2023-12-15 17:46:48,667 [INFO] Response: 200
2023-12-15 17:46:48,668 [INFO] Gathering page 2 of 10
2023-12-15 17:46:48,669 [INFO] 
API call:
https://newsdata.io/api/1/archive?apikey=pub_200592638f3f0a1a0b3548daf92b7304983f8&q=*&domain=news&language=en&from_date=2023-11-10&to_date=2023-11-20&country=au&page=1700254560188476190
2023-12-15 17:46:49,660 [INFO] Response: 200
2023-12-15 17:46:49,661 [INFO] Gathering page 3 of 10
2023-12-15 17:46:49,661 [INFO] 
API call:
https://newsdata.io/api/1/archive?apikey=pub_200592638f3f0a1a0b3548daf92b7304983f8&q=*&domain=news&language=en&from_date=2023-11-10&to_date=2023-11-20&country=au&page=1700145660767047319
2023-12-15 17:46:50,583 [INFO] Response: 200
2023-12-15 17:46:50,583 [INFO] Gathering page 4 of 10
2023-12-15 17:46:50,584 [INFO] 
API call:
https://newsdata.io/api/1/archive?apikey=pub_200592638f3f0a1a0b3548daf92b7304983f8&q=*&domain=news&language=en&from_date=2023-11-10&to_date=2023-11-20&country=au&page=1700021880779741001
2023-12-15 17:46:51,462 [INFO] Response: 200
2023-12-15 17:46:51,463 [INFO] Gathering page 5 of 10
2023-12-15 17:46:51,464 [INFO] 
API call:
https://newsdata.io/api/1/archive?apikey=pub_200592638f3f0a1a0b3548daf92b7304983f8&q=*&domain=news&language=en&from_date=2023-11-10&to_date=2023-11-20&country=au&page=1699934719327377892
2023-12-15 17:46:52,367 [INFO] Response: 200
2023-12-15 17:46:52,368 [INFO] Gathering page 6 of 10
2023-12-15 17:46:52,369 [INFO] 
API call:
https://newsdata.io/api/1/archive?apikey=pub_200592638f3f0a1a0b3548daf92b7304983f8&q=*&domain=news&language=en&from_date=2023-11-10&to_date=2023-11-20&country=au&page=1699904340275697365
2023-12-15 17:46:53,292 [INFO] Response: 200
2023-12-15 17:46:53,293 [INFO] Gathering page 7 of 10
2023-12-15 17:46:53,293 [INFO] 
API call:
https://newsdata.io/api/1/archive?apikey=pub_200592638f3f0a1a0b3548daf92b7304983f8&q=*&domain=news&language=en&from_date=2023-11-10&to_date=2023-11-20&country=au&page=1699815660666791623
2023-12-15 17:46:54,197 [INFO] Response: 200
2023-12-15 17:46:54,197 [INFO] Gathering page 8 of 10
2023-12-15 17:46:54,198 [INFO] 
API call:
https://newsdata.io/api/1/archive?apikey=pub_200592638f3f0a1a0b3548daf92b7304983f8&q=*&domain=news&language=en&from_date=2023-11-10&to_date=2023-11-20&country=au&page=1699649220200735421
2023-12-15 17:46:55,112 [INFO] Response: 200
2023-12-15 17:46:55,113 [INFO] Gathering page 9 of 10
2023-12-15 17:46:55,114 [INFO] 
API call:
https://newsdata.io/api/1/archive?apikey=pub_200592638f3f0a1a0b3548daf92b7304983f8&q=*&domain=news&language=en&from_date=2023-11-10&to_date=2023-11-20&country=au&page=1699583768991000732
2023-12-15 17:46:55,931 [INFO] Response: 200
2023-12-15 17:46:55,931 [INFO] Gathering page 10 of 10
2023-12-15 17:46:55,932 [INFO] 
Compiling 10 pages of results...
2023-12-15 17:46:55,933 [INFO] All news articles gathered from news from 2023-11-10 to 2023-11-20!
2023-12-15 17:46:55,933 [INFO] Processing tables...
2023-12-15 17:46:55,965 [INFO] Tables have been processed.
2023-12-15 17:46:55,965 [INFO] 
Pushing results from news to Google BigQuery database...
2023-12-15 17:46:56,732 [INFO] Dataset dmrc-data.newsdataio_2024 already exists
2023-12-15 17:46:57,038 [INFO] Table exists
2023-12-15 17:47:03,411 [INFO] Loaded 7383 rows and 12 columns to dmrc-data.newsdataio_2024.newsdata_nov2023_au
2023-12-15 17:47:03,740 [INFO] Table exists
2023-12-15 17:47:10,536 [INFO] Loaded 7404 rows and 2 columns to dmrc-data.newsdataio_2024.newsdata_nov2023_au_categories
2023-12-15 17:47:10,859 [INFO] Table exists
2023-12-15 17:47:16,097 [INFO] Loaded 16386 rows and 2 columns to dmrc-data.newsdataio_2024.newsdata_nov2023_au_keywords
2023-12-15 17:47:16,425 [INFO] Table exists
2023-12-15 17:47:24,515 [INFO] Loaded 7937 rows and 2 columns to dmrc-data.newsdataio_2024.newsdata_nov2023_au_creators
2023-12-15 17:47:24,515 [INFO] 
-------------------------------------------------------------------------------------------------------
2023-12-15 17:47:24,515 [INFO] Gathering news articles from heraldsun from 2023-11-10 to 2023-11-20
2023-12-15 17:47:24,515 [INFO] 
API call:
https://newsdata.io/api/1/archive?apikey=pub_200592638f3f0a1a0b3548daf92b7304983f8&q=*&domain=heraldsun&language=en&from_date=2023-11-10&to_date=2023-11-20&country=au
2023-12-15 17:47:25,705 [INFO] Response: 200
2023-12-15 17:47:25,706 [INFO] Gathering page 1 of 8
2023-12-15 17:47:25,707 [INFO] 
API call:
https://newsdata.io/api/1/archive?apikey=pub_200592638f3f0a1a0b3548daf92b7304983f8&q=*&domain=heraldsun&language=en&from_date=2023-11-10&to_date=2023-11-20&country=au&page=1700330400811729722
2023-12-15 17:47:26,848 [INFO] Response: 200
2023-12-15 17:47:26,849 [INFO] Gathering page 2 of 8
2023-12-15 17:47:26,850 [INFO] 
API call:
https://newsdata.io/api/1/archive?apikey=pub_200592638f3f0a1a0b3548daf92b7304983f8&q=*&domain=heraldsun&language=en&from_date=2023-11-10&to_date=2023-11-20&country=au&page=1700198880092074096
2023-12-15 17:47:27,749 [INFO] Response: 200
2023-12-15 17:47:27,750 [INFO] Gathering page 3 of 8
2023-12-15 17:47:27,750 [INFO] 
API call:
https://newsdata.io/api/1/archive?apikey=pub_200592638f3f0a1a0b3548daf92b7304983f8&q=*&domain=heraldsun&language=en&from_date=2023-11-10&to_date=2023-11-20&country=au&page=1699997280598439562
2023-12-15 17:47:28,685 [INFO] Response: 200
2023-12-15 17:47:28,686 [INFO] Gathering page 4 of 8
2023-12-15 17:47:28,687 [INFO] 
API call:
https://newsdata.io/api/1/archive?apikey=pub_200592638f3f0a1a0b3548daf92b7304983f8&q=*&domain=heraldsun&language=en&from_date=2023-11-10&to_date=2023-11-20&country=au&page=1699902000099188421
2023-12-15 17:47:29,685 [INFO] Response: 200
2023-12-15 17:47:29,685 [INFO] Gathering page 5 of 8
2023-12-15 17:47:29,686 [INFO] 
API call:
https://newsdata.io/api/1/archive?apikey=pub_200592638f3f0a1a0b3548daf92b7304983f8&q=*&domain=heraldsun&language=en&from_date=2023-11-10&to_date=2023-11-20&country=au&page=1699740780942649872
2023-12-15 17:47:30,566 [INFO] Response: 200
2023-12-15 17:47:30,566 [INFO] Gathering page 6 of 8
2023-12-15 17:47:30,567 [INFO] 
API call:
https://newsdata.io/api/1/archive?apikey=pub_200592638f3f0a1a0b3548daf92b7304983f8&q=*&domain=heraldsun&language=en&from_date=2023-11-10&to_date=2023-11-20&country=au&page=1699675020350328521
2023-12-15 17:47:31,460 [INFO] Response: 200
2023-12-15 17:47:31,461 [INFO] Gathering page 7 of 8
2023-12-15 17:47:31,462 [INFO] 
API call:
https://newsdata.io/api/1/archive?apikey=pub_200592638f3f0a1a0b3548daf92b7304983f8&q=*&domain=heraldsun&language=en&from_date=2023-11-10&to_date=2023-11-20&country=au&page=1699643590119315617
2023-12-15 17:47:32,345 [INFO] Response: 200
2023-12-15 17:47:32,345 [INFO] Gathering page 8 of 8
2023-12-15 17:47:32,346 [INFO] 
Compiling 8 pages of results...
2023-12-15 17:47:32,347 [INFO] All news articles gathered from heraldsun from 2023-11-10 to 2023-11-20!
2023-12-15 17:47:32,347 [INFO] Processing tables...
2023-12-15 17:47:32,373 [INFO] Tables have been processed.
2023-12-15 17:47:32,373 [INFO] 
Pushing results from heraldsun to Google BigQuery database...
2023-12-15 17:47:33,133 [INFO] Dataset dmrc-data.newsdataio_2024 already exists
2023-12-15 17:47:33,447 [INFO] Table exists
2023-12-15 17:47:39,538 [INFO] Loaded 7757 rows and 12 columns to dmrc-data.newsdataio_2024.newsdata_nov2023_au
2023-12-15 17:47:39,846 [INFO] Table exists
2023-12-15 17:47:47,728 [INFO] Loaded 7868 rows and 2 columns to dmrc-data.newsdataio_2024.newsdata_nov2023_au_categories
2023-12-15 17:47:48,088 [INFO] Table exists
2023-12-15 17:47:56,680 [INFO] Loaded 17092 rows and 2 columns to dmrc-data.newsdataio_2024.newsdata_nov2023_au_keywords
2023-12-15 17:47:57,014 [INFO] Table exists
2023-12-15 17:48:01,874 [INFO] Loaded 8311 rows and 2 columns to dmrc-data.newsdataio_2024.newsdata_nov2023_au_creators
2023-12-15 17:48:01,875 [INFO] 
-------------------------------------------------------------------------------------------------------
2023-12-15 17:48:01,875 [INFO] Gathering news articles from theaustralian from 2023-11-10 to 2023-11-20
2023-12-15 17:48:01,875 [INFO] 
API call:
https://newsdata.io/api/1/archive?apikey=pub_200592638f3f0a1a0b3548daf92b7304983f8&q=*&domain=theaustralian&language=en&from_date=2023-11-10&to_date=2023-11-20&country=au
2023-12-15 17:48:02,700 [INFO] Response: 200
2023-12-15 17:48:02,700 [INFO] Gathering page 1 of 0
2023-12-15 17:48:02,701 [INFO] No results for theaustralian during your specified timeframe!
2023-12-15 17:48:02,701 [INFO] 
-------------------------------------------------------------------------------------------------------
2023-12-15 17:48:02,701 [INFO] Gathering news articles from thesaturdaypaper from 2023-11-10 to 2023-11-20
2023-12-15 17:48:02,702 [INFO] 
API call:
https://newsdata.io/api/1/archive?apikey=pub_200592638f3f0a1a0b3548daf92b7304983f8&q=*&domain=thesaturdaypaper&language=en&from_date=2023-11-10&to_date=2023-11-20&country=au
2023-12-15 17:48:03,969 [INFO] Response: 200
2023-12-15 17:48:03,970 [INFO] Gathering page 1 of 1
2023-12-15 17:48:03,970 [INFO] 
Compiling 1 pages of results...
2023-12-15 17:48:03,971 [INFO] All news articles gathered from thesaturdaypaper from 2023-11-10 to 2023-11-20!
2023-12-15 17:48:03,971 [INFO] Processing tables...
2023-12-15 17:48:03,988 [INFO] Tables have been processed.
2023-12-15 17:48:03,988 [INFO] 
Pushing results from thesaturdaypaper to Google BigQuery database...
2023-12-15 17:48:04,827 [INFO] Dataset dmrc-data.newsdataio_2024 already exists
2023-12-15 17:48:05,173 [INFO] Table exists
2023-12-15 17:48:10,773 [INFO] Loaded 7765 rows and 12 columns to dmrc-data.newsdataio_2024.newsdata_nov2023_au
2023-12-15 17:48:11,077 [INFO] Table exists
2023-12-15 17:48:16,890 [INFO] Loaded 7876 rows and 2 columns to dmrc-data.newsdataio_2024.newsdata_nov2023_au_categories
2023-12-15 17:48:17,207 [INFO] Table exists
2023-12-15 17:48:22,758 [INFO] Loaded 17100 rows and 2 columns to dmrc-data.newsdataio_2024.newsdata_nov2023_au_keywords
2023-12-15 17:48:23,073 [INFO] Table exists
2023-12-15 17:48:39,526 [INFO] Loaded 8319 rows and 2 columns to dmrc-data.newsdataio_2024.newsdata_nov2023_au_creators
2023-12-15 17:48:39,527 [INFO] 
-------------------------------------------------------------------------------------------------------
2023-12-15 17:48:39,527 [INFO] Gathering news articles from theklaxon from 2023-11-10 to 2023-11-20
2023-12-15 17:48:39,527 [INFO] 
API call:
https://newsdata.io/api/1/archive?apikey=pub_200592638f3f0a1a0b3548daf92b7304983f8&q=*&domain=theklaxon&language=en&from_date=2023-11-10&to_date=2023-11-20&country=au
2023-12-15 17:48:40,610 [INFO] Response: 200
2023-12-15 17:48:40,611 [INFO] Gathering page 1 of 1
2023-12-15 17:48:40,612 [INFO] 
Compiling 1 pages of results...
2023-12-15 17:48:40,612 [INFO] All news articles gathered from theklaxon from 2023-11-10 to 2023-11-20!
2023-12-15 17:48:40,612 [INFO] Processing tables...
2023-12-15 17:48:40,629 [INFO] Tables have been processed.
2023-12-15 17:48:40,629 [INFO] 
Pushing results from theklaxon to Google BigQuery database...
2023-12-15 17:48:41,429 [INFO] Dataset dmrc-data.newsdataio_2024 already exists
2023-12-15 17:48:41,762 [INFO] Table exists
2023-12-15 17:48:47,506 [INFO] Loaded 7769 rows and 12 columns to dmrc-data.newsdataio_2024.newsdata_nov2023_au
2023-12-15 17:48:47,828 [INFO] Table exists
2023-12-15 17:48:55,403 [INFO] Loaded 7880 rows and 2 columns to dmrc-data.newsdataio_2024.newsdata_nov2023_au_categories
2023-12-15 17:48:55,711 [INFO] Table exists
2023-12-15 17:49:03,314 [INFO] Loaded 17250 rows and 2 columns to dmrc-data.newsdataio_2024.newsdata_nov2023_au_keywords
2023-12-15 17:49:03,636 [INFO] Table exists
2023-12-15 17:49:09,126 [INFO] Loaded 8323 rows and 2 columns to dmrc-data.newsdataio_2024.newsdata_nov2023_au_creators
2023-12-15 17:49:09,127 [INFO] 
-------------------------------------------------------------------------------------------------------
2023-12-15 17:49:09,127 [INFO] Gathering news articles from redflag from 2023-11-10 to 2023-11-20
2023-12-15 17:49:09,127 [INFO] 
API call:
https://newsdata.io/api/1/archive?apikey=pub_200592638f3f0a1a0b3548daf92b7304983f8&q=*&domain=redflag&language=en&from_date=2023-11-10&to_date=2023-11-20&country=au
2023-12-15 17:49:09,869 [INFO] Response: 422
2023-12-15 17:49:09,869 [INFO] Domain redflag does not exist in the NewsdataIO database. Moving to next keyword.
2023-12-15 17:49:09,869 [INFO] 
Gather complete!
