2024-02-21 15:10:21,770 [INFO] Starting News Gatherer
2024-02-21 15:10:21,771 [INFO] Collecting news content from 1 domains.
2024-02-21 15:10:21,771 [INFO] 
-------------------------------------------------------------------------------------------------------
2024-02-21 15:10:21,771 [INFO] Gathering news articles from couriermail from 2023-10-01 to 2024-02-20
2024-02-21 15:10:21,771 [INFO] 
API call:
https://newsdata.io/api/1/archive?apikey=pub_200592638f3f0a1a0b3548daf92b7304983f8&q=*&domain=couriermail&language=en&from_date=2023-10-01&to_date=2024-02-20&country=au
2024-02-21 15:10:22,871 [INFO] Response: 200
2024-02-21 15:10:22,872 [INFO] Gathering page 1 of 37
2024-02-21 15:10:22,873 [INFO] 
API call:
https://newsdata.io/api/1/archive?apikey=pub_200592638f3f0a1a0b3548daf92b7304983f8&q=*&domain=couriermail&language=en&from_date=2023-10-01&to_date=2024-02-20&country=au&page=1700991780059740707
2024-02-21 15:10:23,789 [INFO] Response: 200
2024-02-21 15:10:23,790 [INFO] Gathering page 2 of 37
2024-02-21 15:10:23,792 [INFO] 
API call:
https://newsdata.io/api/1/archive?apikey=pub_200592638f3f0a1a0b3548daf92b7304983f8&q=*&domain=couriermail&language=en&from_date=2023-10-01&to_date=2024-02-20&country=au&page=1700835480659751380
2024-02-21 15:10:24,682 [INFO] Response: 200
2024-02-21 15:10:24,683 [INFO] Gathering page 3 of 37
2024-02-21 15:10:24,684 [INFO] 
API call:
https://newsdata.io/api/1/archive?apikey=pub_200592638f3f0a1a0b3548daf92b7304983f8&q=*&domain=couriermail&language=en&from_date=2023-10-01&to_date=2024-02-20&country=au&page=1700728380009545265
2024-02-21 15:10:25,555 [INFO] Response: 200
2024-02-21 15:10:25,557 [INFO] Gathering page 4 of 37
2024-02-21 15:10:25,558 [INFO] 
API call:
https://newsdata.io/api/1/archive?apikey=pub_200592638f3f0a1a0b3548daf92b7304983f8&q=*&domain=couriermail&language=en&from_date=2023-10-01&to_date=2024-02-20&country=au&page=1700645169635753985
2024-02-21 15:10:26,414 [INFO] Response: 200
2024-02-21 15:10:26,415 [INFO] Gathering page 5 of 37
2024-02-21 15:10:26,416 [INFO] 
API call:
https://newsdata.io/api/1/archive?apikey=pub_200592638f3f0a1a0b3548daf92b7304983f8&q=*&domain=couriermail&language=en&from_date=2023-10-01&to_date=2024-02-20&country=au&page=1700475190495783560
2024-02-21 15:10:27,277 [INFO] Response: 200
2024-02-21 15:10:27,279 [INFO] Gathering page 6 of 37
2024-02-21 15:10:27,281 [INFO] 
API call:
https://newsdata.io/api/1/archive?apikey=pub_200592638f3f0a1a0b3548daf92b7304983f8&q=*&domain=couriermail&language=en&from_date=2023-10-01&to_date=2024-02-20&country=au&page=1700346120969359721
2024-02-21 15:10:28,161 [INFO] Response: 200
2024-02-21 15:10:28,163 [INFO] Gathering page 7 of 37
2024-02-21 15:10:28,165 [INFO] 
API call:
https://newsdata.io/api/1/archive?apikey=pub_200592638f3f0a1a0b3548daf92b7304983f8&q=*&domain=couriermail&language=en&from_date=2023-10-01&to_date=2024-02-20&country=au&page=1700208000823661683
2024-02-21 15:10:29,027 [INFO] Response: 200
2024-02-21 15:10:29,028 [INFO] Gathering page 8 of 37
2024-02-21 15:10:29,029 [INFO] 
API call:
https://newsdata.io/api/1/archive?apikey=pub_200592638f3f0a1a0b3548daf92b7304983f8&q=*&domain=couriermail&language=en&from_date=2023-10-01&to_date=2024-02-20&country=au&page=1700111590567719236
2024-02-21 15:10:29,885 [INFO] Response: 200
2024-02-21 15:10:29,886 [INFO] Gathering page 9 of 37
2024-02-21 15:10:29,888 [INFO] 
API call:
https://newsdata.io/api/1/archive?apikey=pub_200592638f3f0a1a0b3548daf92b7304983f8&q=*&domain=couriermail&language=en&from_date=2023-10-01&to_date=2024-02-20&country=au&page=1700036280962380010
2024-02-21 15:10:30,747 [INFO] Response: 200
2024-02-21 15:10:30,747 [INFO] Gathering page 10 of 37
2024-02-21 15:10:30,748 [INFO] 
API call:
https://newsdata.io/api/1/archive?apikey=pub_200592638f3f0a1a0b3548daf92b7304983f8&q=*&domain=couriermail&language=en&from_date=2023-10-01&to_date=2024-02-20&country=au&page=1699920300347745089
2024-02-21 15:10:31,610 [INFO] Response: 200
2024-02-21 15:10:31,611 [INFO] Gathering page 11 of 37
2024-02-21 15:10:31,614 [INFO] 
API call:
https://newsdata.io/api/1/archive?apikey=pub_200592638f3f0a1a0b3548daf92b7304983f8&q=*&domain=couriermail&language=en&from_date=2023-10-01&to_date=2024-02-20&country=au&page=1699684860775810411
2024-02-21 15:10:32,276 [INFO] Response: 429
2024-02-21 15:10:32,277 [INFO] 'totalResults'
2024-02-21 15:10:32,277 [INFO] 
Gather complete!
