2023-11-02 19:41:39,882 [INFO] Starting News Gatherer
2023-11-02 19:41:39,882 [INFO] Collecting news content from 22 domains.
2023-11-02 19:41:39,882 [INFO] 
-------------------------------------------------------------------------------------------------------
2023-11-02 19:41:39,882 [INFO] Gathering news articles from thewest from 2023-10-01 to 2023-11-01
2023-11-02 19:41:39,883 [INFO] 
API call:
https://newsdata.io/api/1/archive?apikey=pub_200592638f3f0a1a0b3548daf92b7304983f8&q=*&domain=thewest&language=en&from_date=2023-10-01&to_date=2023-11-01&country=au
2023-11-02 19:41:40,849 [INFO] Response: 200
2023-11-02 19:41:40,850 [INFO] Gathering page 1 of 54
2023-11-02 19:41:40,853 [INFO] 
API call:
https://newsdata.io/api/1/archive?apikey=pub_200592638f3f0a1a0b3548daf92b7304983f8&q=*&domain=thewest&language=en&from_date=2023-10-01&to_date=2023-11-01&country=au&page=1698775200093877845
2023-11-02 19:41:41,775 [INFO] Response: 200
2023-11-02 19:41:41,775 [INFO] Gathering page 2 of 54
2023-11-02 19:41:41,776 [INFO] 
API call:
https://newsdata.io/api/1/archive?apikey=pub_200592638f3f0a1a0b3548daf92b7304983f8&q=*&domain=thewest&language=en&from_date=2023-10-01&to_date=2023-11-01&country=au&page=1698631462146322607
2023-11-02 19:41:42,660 [INFO] Response: 200
2023-11-02 19:41:42,662 [INFO] Gathering page 3 of 54
2023-11-02 19:41:42,664 [INFO] 
API call:
https://newsdata.io/api/1/archive?apikey=pub_200592638f3f0a1a0b3548daf92b7304983f8&q=*&domain=thewest&language=en&from_date=2023-10-01&to_date=2023-11-01&country=au&page=1698619546715737118
2023-11-02 19:41:43,563 [INFO] Response: 200
2023-11-02 19:41:43,565 [INFO] Gathering page 4 of 54
2023-11-02 19:41:43,567 [INFO] 
API call:
https://newsdata.io/api/1/archive?apikey=pub_200592638f3f0a1a0b3548daf92b7304983f8&q=*&domain=thewest&language=en&from_date=2023-10-01&to_date=2023-11-01&country=au&page=1698535254987736108
2023-11-02 19:41:44,453 [INFO] Response: 200
2023-11-02 19:41:44,455 [INFO] Gathering page 5 of 54
2023-11-02 19:41:44,457 [INFO] 
API call:
https://newsdata.io/api/1/archive?apikey=pub_200592638f3f0a1a0b3548daf92b7304983f8&q=*&domain=thewest&language=en&from_date=2023-10-01&to_date=2023-11-01&country=au&page=1698429600194128372
2023-11-02 19:41:46,477 [INFO] Response: 200
2023-11-02 19:41:46,478 [INFO] Gathering page 6 of 54
2023-11-02 19:41:46,479 [INFO] 
API call:
https://newsdata.io/api/1/archive?apikey=pub_200592638f3f0a1a0b3548daf92b7304983f8&q=*&domain=thewest&language=en&from_date=2023-10-01&to_date=2023-11-01&country=au&page=1698355002194655429
2023-11-02 19:41:47,362 [INFO] Response: 200
2023-11-02 19:41:47,362 [INFO] Gathering page 7 of 54
2023-11-02 19:41:47,363 [INFO] 
API call:
https://newsdata.io/api/1/archive?apikey=pub_200592638f3f0a1a0b3548daf92b7304983f8&q=*&domain=thewest&language=en&from_date=2023-10-01&to_date=2023-11-01&country=au&page=1698286500183729394
2023-11-02 19:41:48,247 [INFO] Response: 200
2023-11-02 19:41:48,247 [INFO] Gathering page 8 of 54
2023-11-02 19:41:48,249 [INFO] 
API call:
https://newsdata.io/api/1/archive?apikey=pub_200592638f3f0a1a0b3548daf92b7304983f8&q=*&domain=thewest&language=en&from_date=2023-10-01&to_date=2023-11-01&country=au&page=1698256800654766991
2023-11-02 19:41:49,145 [INFO] Response: 200
2023-11-02 19:41:49,146 [INFO] Gathering page 9 of 54
2023-11-02 19:41:49,147 [INFO] 
API call:
https://newsdata.io/api/1/archive?apikey=pub_200592638f3f0a1a0b3548daf92b7304983f8&q=*&domain=thewest&language=en&from_date=2023-10-01&to_date=2023-11-01&country=au&page=1698220800879630947
2023-11-02 19:41:51,351 [INFO] Response: 200
2023-11-02 19:41:51,351 [INFO] Gathering page 10 of 54
2023-11-02 19:41:51,352 [INFO] 
API call:
https://newsdata.io/api/1/archive?apikey=pub_200592638f3f0a1a0b3548daf92b7304983f8&q=*&domain=thewest&language=en&from_date=2023-10-01&to_date=2023-11-01&country=au&page=1698199200477606122
2023-11-02 19:41:52,242 [INFO] Response: 200
2023-11-02 19:41:52,243 [INFO] Gathering page 11 of 54
2023-11-02 19:41:52,244 [INFO] 
API call:
https://newsdata.io/api/1/archive?apikey=pub_200592638f3f0a1a0b3548daf92b7304983f8&q=*&domain=thewest&language=en&from_date=2023-10-01&to_date=2023-11-01&country=au&page=1698190440695399238
2023-11-02 19:41:53,127 [INFO] Response: 200
2023-11-02 19:41:53,128 [INFO] Gathering page 12 of 54
2023-11-02 19:41:53,132 [INFO] 
API call:
https://newsdata.io/api/1/archive?apikey=pub_200592638f3f0a1a0b3548daf92b7304983f8&q=*&domain=thewest&language=en&from_date=2023-10-01&to_date=2023-11-01&country=au&page=1698118728831807787
2023-11-02 19:41:54,027 [INFO] Response: 200
2023-11-02 19:41:54,029 [INFO] Gathering page 13 of 54
2023-11-02 19:41:54,032 [INFO] 
API call:
https://newsdata.io/api/1/archive?apikey=pub_200592638f3f0a1a0b3548daf92b7304983f8&q=*&domain=thewest&language=en&from_date=2023-10-01&to_date=2023-11-01&country=au&page=1698038983658915846
2023-11-02 19:41:55,226 [INFO] Response: 200
2023-11-02 19:41:55,227 [INFO] Gathering page 14 of 54
2023-11-02 19:41:55,229 [INFO] 
API call:
https://newsdata.io/api/1/archive?apikey=pub_200592638f3f0a1a0b3548daf92b7304983f8&q=*&domain=thewest&language=en&from_date=2023-10-01&to_date=2023-11-01&country=au&page=1698011817583747742
2023-11-02 19:41:56,107 [INFO] Response: 200
2023-11-02 19:41:56,108 [INFO] Gathering page 15 of 54
2023-11-02 19:41:56,109 [INFO] 
API call:
https://newsdata.io/api/1/archive?apikey=pub_200592638f3f0a1a0b3548daf92b7304983f8&q=*&domain=thewest&language=en&from_date=2023-10-01&to_date=2023-11-01&country=au&page=1697954746439735934
2023-11-02 19:41:56,991 [INFO] Response: 200
2023-11-02 19:41:56,992 [INFO] Gathering page 16 of 54
2023-11-02 19:41:56,993 [INFO] 
API call:
https://newsdata.io/api/1/archive?apikey=pub_200592638f3f0a1a0b3548daf92b7304983f8&q=*&domain=thewest&language=en&from_date=2023-10-01&to_date=2023-11-01&country=au&page=1697911200299729149
2023-11-02 19:41:57,895 [INFO] Response: 200
2023-11-02 19:41:57,895 [INFO] Gathering page 17 of 54
2023-11-02 19:41:57,896 [INFO] 
API call:
https://newsdata.io/api/1/archive?apikey=pub_200592638f3f0a1a0b3548daf92b7304983f8&q=*&domain=thewest&language=en&from_date=2023-10-01&to_date=2023-11-01&country=au&page=1697865832683107811
2023-11-02 19:41:59,291 [INFO] Response: 200
2023-11-02 19:41:59,292 [INFO] Gathering page 18 of 54
2023-11-02 19:41:59,296 [INFO] 
API call:
https://newsdata.io/api/1/archive?apikey=pub_200592638f3f0a1a0b3548daf92b7304983f8&q=*&domain=thewest&language=en&from_date=2023-10-01&to_date=2023-11-01&country=au&page=1697766768490506430
2023-11-02 19:42:00,443 [INFO] Response: 200
2023-11-02 19:42:00,444 [INFO] Gathering page 19 of 54
2023-11-02 19:42:00,445 [INFO] 
API call:
https://newsdata.io/api/1/archive?apikey=pub_200592638f3f0a1a0b3548daf92b7304983f8&q=*&domain=thewest&language=en&from_date=2023-10-01&to_date=2023-11-01&country=au&page=1697696303571759562
2023-11-02 19:42:03,342 [INFO] Response: 200
2023-11-02 19:42:03,342 [INFO] Gathering page 20 of 54
2023-11-02 19:42:03,344 [INFO] 
API call:
https://newsdata.io/api/1/archive?apikey=pub_200592638f3f0a1a0b3548daf92b7304983f8&q=*&domain=thewest&language=en&from_date=2023-10-01&to_date=2023-11-01&country=au&page=1697688548695933432
2023-11-02 19:42:04,863 [INFO] Response: 200
2023-11-02 19:42:04,863 [INFO] Gathering page 21 of 54
2023-11-02 19:42:04,864 [INFO] 
API call:
https://newsdata.io/api/1/archive?apikey=pub_200592638f3f0a1a0b3548daf92b7304983f8&q=*&domain=thewest&language=en&from_date=2023-10-01&to_date=2023-11-01&country=au&page=1697615441296764814
2023-11-02 19:42:07,259 [INFO] Response: 200
2023-11-02 19:42:07,260 [INFO] Gathering page 22 of 54
2023-11-02 19:42:07,261 [INFO] 
API call:
https://newsdata.io/api/1/archive?apikey=pub_200592638f3f0a1a0b3548daf92b7304983f8&q=*&domain=thewest&language=en&from_date=2023-10-01&to_date=2023-11-01&country=au&page=1697579436261576718
2023-11-02 19:42:09,175 [INFO] Response: 200
2023-11-02 19:42:09,175 [INFO] Gathering page 23 of 54
2023-11-02 19:42:09,176 [INFO] 
API call:
https://newsdata.io/api/1/archive?apikey=pub_200592638f3f0a1a0b3548daf92b7304983f8&q=*&domain=thewest&language=en&from_date=2023-10-01&to_date=2023-11-01&country=au&page=1697518423351432569
2023-11-02 19:42:11,350 [INFO] Response: 200
2023-11-02 19:42:11,350 [INFO] Gathering page 24 of 54
2023-11-02 19:42:11,351 [INFO] 
API call:
https://newsdata.io/api/1/archive?apikey=pub_200592638f3f0a1a0b3548daf92b7304983f8&q=*&domain=thewest&language=en&from_date=2023-10-01&to_date=2023-11-01&country=au&page=1697432359999781969
2023-11-02 19:42:13,002 [INFO] Response: 200
2023-11-02 19:42:13,002 [INFO] Gathering page 25 of 54
2023-11-02 19:42:13,004 [INFO] 
API call:
https://newsdata.io/api/1/archive?apikey=pub_200592638f3f0a1a0b3548daf92b7304983f8&q=*&domain=thewest&language=en&from_date=2023-10-01&to_date=2023-11-01&country=au&page=1697423627319738517
2023-11-02 19:42:14,395 [INFO] Response: 200
2023-11-02 19:42:14,395 [INFO] Gathering page 26 of 54
2023-11-02 19:42:14,396 [INFO] 
API call:
https://newsdata.io/api/1/archive?apikey=pub_200592638f3f0a1a0b3548daf92b7304983f8&q=*&domain=thewest&language=en&from_date=2023-10-01&to_date=2023-11-01&country=au&page=1697264647580155895
2023-11-02 19:42:16,380 [INFO] Response: 200
2023-11-02 19:42:16,381 [INFO] Gathering page 27 of 54
2023-11-02 19:42:16,382 [INFO] 
API call:
https://newsdata.io/api/1/archive?apikey=pub_200592638f3f0a1a0b3548daf92b7304983f8&q=*&domain=thewest&language=en&from_date=2023-10-01&to_date=2023-11-01&country=au&page=1697169720139227392
2023-11-02 19:42:17,490 [INFO] Response: 200
2023-11-02 19:42:17,490 [INFO] Gathering page 28 of 54
2023-11-02 19:42:17,491 [INFO] 
API call:
https://newsdata.io/api/1/archive?apikey=pub_200592638f3f0a1a0b3548daf92b7304983f8&q=*&domain=thewest&language=en&from_date=2023-10-01&to_date=2023-11-01&country=au&page=1697141255247265886
2023-11-02 19:42:19,032 [INFO] Response: 200
2023-11-02 19:42:19,033 [INFO] Gathering page 29 of 54
2023-11-02 19:42:19,034 [INFO] 
API call:
https://newsdata.io/api/1/archive?apikey=pub_200592638f3f0a1a0b3548daf92b7304983f8&q=*&domain=thewest&language=en&from_date=2023-10-01&to_date=2023-11-01&country=au&page=1697092486383769924
2023-11-02 19:42:20,312 [INFO] Response: 200
2023-11-02 19:42:20,312 [INFO] Gathering page 30 of 54
2023-11-02 19:42:20,314 [INFO] 
API call:
https://newsdata.io/api/1/archive?apikey=pub_200592638f3f0a1a0b3548daf92b7304983f8&q=*&domain=thewest&language=en&from_date=2023-10-01&to_date=2023-11-01&country=au&page=1697072084059800497
2023-11-02 19:42:21,962 [INFO] Response: 200
2023-11-02 19:42:21,962 [INFO] Gathering page 31 of 54
2023-11-02 19:42:21,965 [INFO] 
API call:
https://newsdata.io/api/1/archive?apikey=pub_200592638f3f0a1a0b3548daf92b7304983f8&q=*&domain=thewest&language=en&from_date=2023-10-01&to_date=2023-11-01&country=au&page=1697050800015715502
2023-11-02 19:42:23,517 [INFO] Response: 200
2023-11-02 19:42:23,518 [INFO] Gathering page 32 of 54
2023-11-02 19:42:23,519 [INFO] 
API call:
https://newsdata.io/api/1/archive?apikey=pub_200592638f3f0a1a0b3548daf92b7304983f8&q=*&domain=thewest&language=en&from_date=2023-10-01&to_date=2023-11-01&country=au&page=1697042298781562596
2023-11-02 19:42:24,911 [INFO] Response: 200
2023-11-02 19:42:24,912 [INFO] Gathering page 33 of 54
2023-11-02 19:42:24,913 [INFO] 
API call:
https://newsdata.io/api/1/archive?apikey=pub_200592638f3f0a1a0b3548daf92b7304983f8&q=*&domain=thewest&language=en&from_date=2023-10-01&to_date=2023-11-01&country=au&page=1696992803551746653
2023-11-02 19:42:26,375 [INFO] Response: 200
2023-11-02 19:42:26,376 [INFO] Gathering page 34 of 54
2023-11-02 19:42:26,380 [INFO] 
API call:
https://newsdata.io/api/1/archive?apikey=pub_200592638f3f0a1a0b3548daf92b7304983f8&q=*&domain=thewest&language=en&from_date=2023-10-01&to_date=2023-11-01&country=au&page=1696917553505518122
2023-11-02 19:42:27,414 [INFO] Response: 200
2023-11-02 19:42:27,415 [INFO] Gathering page 35 of 54
2023-11-02 19:42:27,416 [INFO] 
API call:
https://newsdata.io/api/1/archive?apikey=pub_200592638f3f0a1a0b3548daf92b7304983f8&q=*&domain=thewest&language=en&from_date=2023-10-01&to_date=2023-11-01&country=au&page=1696888400607732772
2023-11-02 19:42:28,303 [INFO] Response: 200
2023-11-02 19:42:28,304 [INFO] Gathering page 36 of 54
2023-11-02 19:42:28,305 [INFO] 
API call:
https://newsdata.io/api/1/archive?apikey=pub_200592638f3f0a1a0b3548daf92b7304983f8&q=*&domain=thewest&language=en&from_date=2023-10-01&to_date=2023-11-01&country=au&page=1696874400231713653
2023-11-02 19:42:29,406 [INFO] Response: 200
2023-11-02 19:42:29,406 [INFO] Gathering page 37 of 54
2023-11-02 19:42:29,408 [INFO] 
API call:
https://newsdata.io/api/1/archive?apikey=pub_200592638f3f0a1a0b3548daf92b7304983f8&q=*&domain=thewest&language=en&from_date=2023-10-01&to_date=2023-11-01&country=au&page=1696837284051756306
2023-11-02 19:42:30,429 [INFO] Response: 200
2023-11-02 19:42:30,429 [INFO] Gathering page 38 of 54
2023-11-02 19:42:30,430 [INFO] 
API call:
https://newsdata.io/api/1/archive?apikey=pub_200592638f3f0a1a0b3548daf92b7304983f8&q=*&domain=thewest&language=en&from_date=2023-10-01&to_date=2023-11-01&country=au&page=1696827211970018823
2023-11-02 19:42:31,569 [INFO] Response: 200
2023-11-02 19:42:31,569 [INFO] Gathering page 39 of 54
2023-11-02 19:42:31,571 [INFO] 
API call:
https://newsdata.io/api/1/archive?apikey=pub_200592638f3f0a1a0b3548daf92b7304983f8&q=*&domain=thewest&language=en&from_date=2023-10-01&to_date=2023-11-01&country=au&page=1696763891691435220
2023-11-02 19:42:33,743 [INFO] Response: 200
2023-11-02 19:42:33,744 [INFO] Gathering page 40 of 54
2023-11-02 19:42:33,745 [INFO] 
API call:
https://newsdata.io/api/1/archive?apikey=pub_200592638f3f0a1a0b3548daf92b7304983f8&q=*&domain=thewest&language=en&from_date=2023-10-01&to_date=2023-11-01&country=au&page=1696728529226629570
2023-11-02 19:42:36,148 [INFO] Response: 200
2023-11-02 19:42:36,149 [INFO] Gathering page 41 of 54
2023-11-02 19:42:36,150 [INFO] 
API call:
https://newsdata.io/api/1/archive?apikey=pub_200592638f3f0a1a0b3548daf92b7304983f8&q=*&domain=thewest&language=en&from_date=2023-10-01&to_date=2023-11-01&country=au&page=1696701600466228009
2023-11-02 19:42:38,123 [INFO] Response: 200
2023-11-02 19:42:38,124 [INFO] Gathering page 42 of 54
2023-11-02 19:42:38,127 [INFO] 
API call:
https://newsdata.io/api/1/archive?apikey=pub_200592638f3f0a1a0b3548daf92b7304983f8&q=*&domain=thewest&language=en&from_date=2023-10-01&to_date=2023-11-01&country=au&page=1696618800549450840
2023-11-02 19:42:39,272 [INFO] Response: 200
2023-11-02 19:42:39,274 [INFO] Gathering page 43 of 54
2023-11-02 19:42:39,277 [INFO] 
API call:
https://newsdata.io/api/1/archive?apikey=pub_200592638f3f0a1a0b3548daf92b7304983f8&q=*&domain=thewest&language=en&from_date=2023-10-01&to_date=2023-11-01&country=au&page=1696610013531351464
2023-11-02 19:42:40,208 [INFO] Response: 200
2023-11-02 19:42:40,209 [INFO] Gathering page 44 of 54
2023-11-02 19:42:40,212 [INFO] 
API call:
https://newsdata.io/api/1/archive?apikey=pub_200592638f3f0a1a0b3548daf92b7304983f8&q=*&domain=thewest&language=en&from_date=2023-10-01&to_date=2023-11-01&country=au&page=1696568051007453503
2023-11-02 19:42:41,756 [INFO] Response: 200
2023-11-02 19:42:41,757 [INFO] Gathering page 45 of 54
2023-11-02 19:42:41,758 [INFO] 
API call:
https://newsdata.io/api/1/archive?apikey=pub_200592638f3f0a1a0b3548daf92b7304983f8&q=*&domain=thewest&language=en&from_date=2023-10-01&to_date=2023-11-01&country=au&page=1696544905781685100
2023-11-02 19:42:42,929 [INFO] Response: 200
2023-11-02 19:42:42,931 [INFO] Gathering page 46 of 54
2023-11-02 19:42:42,933 [INFO] 
API call:
https://newsdata.io/api/1/archive?apikey=pub_200592638f3f0a1a0b3548daf92b7304983f8&q=*&domain=thewest&language=en&from_date=2023-10-01&to_date=2023-11-01&country=au&page=1696528800699799429
2023-11-02 19:42:43,832 [INFO] Response: 200
2023-11-02 19:42:43,832 [INFO] Gathering page 47 of 54
2023-11-02 19:42:43,834 [INFO] 
API call:
https://newsdata.io/api/1/archive?apikey=pub_200592638f3f0a1a0b3548daf92b7304983f8&q=*&domain=thewest&language=en&from_date=2023-10-01&to_date=2023-11-01&country=au&page=1696523609799701283
2023-11-02 19:42:45,795 [INFO] Response: 200
2023-11-02 19:42:45,795 [INFO] Gathering page 48 of 54
2023-11-02 19:42:45,797 [INFO] 
API call:
https://newsdata.io/api/1/archive?apikey=pub_200592638f3f0a1a0b3548daf92b7304983f8&q=*&domain=thewest&language=en&from_date=2023-10-01&to_date=2023-11-01&country=au&page=1696485574546701216
2023-11-02 19:42:46,955 [INFO] Response: 200
2023-11-02 19:42:46,955 [INFO] Gathering page 49 of 54
2023-11-02 19:42:46,956 [INFO] 
API call:
https://newsdata.io/api/1/archive?apikey=pub_200592638f3f0a1a0b3548daf92b7304983f8&q=*&domain=thewest&language=en&from_date=2023-10-01&to_date=2023-11-01&country=au&page=1696448422675731502
2023-11-02 19:42:48,100 [INFO] Response: 200
2023-11-02 19:42:48,101 [INFO] Gathering page 50 of 54
2023-11-02 19:42:48,102 [INFO] 
API call:
https://newsdata.io/api/1/archive?apikey=pub_200592638f3f0a1a0b3548daf92b7304983f8&q=*&domain=thewest&language=en&from_date=2023-10-01&to_date=2023-11-01&country=au&page=1696406400969353190
2023-11-02 19:42:49,979 [INFO] Response: 200
2023-11-02 19:42:49,980 [INFO] Gathering page 51 of 54
2023-11-02 19:42:49,982 [INFO] 
API call:
https://newsdata.io/api/1/archive?apikey=pub_200592638f3f0a1a0b3548daf92b7304983f8&q=*&domain=thewest&language=en&from_date=2023-10-01&to_date=2023-11-01&country=au&page=1696339056071029099
2023-11-02 19:42:50,860 [INFO] Response: 200
2023-11-02 19:42:50,861 [INFO] Gathering page 52 of 54
2023-11-02 19:42:50,863 [INFO] 
API call:
https://newsdata.io/api/1/archive?apikey=pub_200592638f3f0a1a0b3548daf92b7304983f8&q=*&domain=thewest&language=en&from_date=2023-10-01&to_date=2023-11-01&country=au&page=1696233684608536232
2023-11-02 19:42:51,761 [INFO] Response: 200
2023-11-02 19:42:51,762 [INFO] Gathering page 53 of 54
2023-11-02 19:42:51,765 [INFO] 
API call:
https://newsdata.io/api/1/archive?apikey=pub_200592638f3f0a1a0b3548daf92b7304983f8&q=*&domain=thewest&language=en&from_date=2023-10-01&to_date=2023-11-01&country=au&page=1696185754107742159
2023-11-02 19:42:52,616 [INFO] Response: 200
2023-11-02 19:42:52,617 [INFO] Gathering page 54 of 54
2023-11-02 19:42:52,618 [INFO] 
Compiling 54 pages of results...
2023-11-02 19:42:52,624 [INFO] All news articles gathered from thewest from 2023-10-01 to 2023-11-01!
2023-11-02 19:42:52,624 [INFO] Processing tables...
2023-11-02 19:42:52,725 [INFO] Tables have been processed.
2023-11-02 19:42:52,725 [INFO] 
Pushing results from thewest to Google BigQuery database...
2023-11-02 19:42:53,929 [INFO] Dataset dmrc-data.newsdataio already exists
2023-11-02 19:42:54,275 [INFO] Table exists
2023-11-02 19:43:00,833 [INFO] Loaded 6863 rows and 12 columns to dmrc-data.newsdataio.newsdata_oct2023_au
2023-11-02 19:43:01,148 [INFO] Table exists
2023-11-02 19:43:05,908 [INFO] Loaded 6895 rows and 2 columns to dmrc-data.newsdataio.newsdata_oct2023_au_categories
2023-11-02 19:43:06,224 [INFO] Table exists
2023-11-02 19:43:11,278 [INFO] Loaded 14915 rows and 2 columns to dmrc-data.newsdataio.newsdata_oct2023_au_keywords
2023-11-02 19:43:11,704 [INFO] Table exists
2023-11-02 19:43:16,936 [INFO] Loaded 7968 rows and 2 columns to dmrc-data.newsdataio.newsdata_oct2023_au_creators
2023-11-02 19:43:16,937 [INFO] 
-------------------------------------------------------------------------------------------------------
2023-11-02 19:43:16,937 [INFO] Gathering news articles from yahoo from 2023-10-01 to 2023-11-01
2023-11-02 19:43:16,937 [INFO] 
API call:
https://newsdata.io/api/1/archive?apikey=pub_200592638f3f0a1a0b3548daf92b7304983f8&q=*&domain=yahoo&language=en&from_date=2023-10-01&to_date=2023-11-01&country=au
2023-11-02 19:43:18,118 [INFO] Response: 200
2023-11-02 19:43:18,119 [INFO] Gathering page 1 of 24
2023-11-02 19:43:18,121 [INFO] 
API call:
https://newsdata.io/api/1/archive?apikey=pub_200592638f3f0a1a0b3548daf92b7304983f8&q=*&domain=yahoo&language=en&from_date=2023-10-01&to_date=2023-11-01&country=au&page=1698726986338306713
2023-11-02 19:43:18,965 [INFO] Response: 200
2023-11-02 19:43:18,965 [INFO] Gathering page 2 of 24
2023-11-02 19:43:18,966 [INFO] 
API call:
https://newsdata.io/api/1/archive?apikey=pub_200592638f3f0a1a0b3548daf92b7304983f8&q=*&domain=yahoo&language=en&from_date=2023-10-01&to_date=2023-11-01&country=au&page=1698629922859950016
2023-11-02 19:43:19,840 [INFO] Response: 200
2023-11-02 19:43:19,840 [INFO] Gathering page 3 of 24
2023-11-02 19:43:19,842 [INFO] 
API call:
https://newsdata.io/api/1/archive?apikey=pub_200592638f3f0a1a0b3548daf92b7304983f8&q=*&domain=yahoo&language=en&from_date=2023-10-01&to_date=2023-11-01&country=au&page=1698555511608639814
2023-11-02 19:43:20,682 [INFO] Response: 200
2023-11-02 19:43:20,682 [INFO] Gathering page 4 of 24
2023-11-02 19:43:20,684 [INFO] 
API call:
https://newsdata.io/api/1/archive?apikey=pub_200592638f3f0a1a0b3548daf92b7304983f8&q=*&domain=yahoo&language=en&from_date=2023-10-01&to_date=2023-11-01&country=au&page=1698375322595728596
2023-11-02 19:43:21,529 [INFO] Response: 200
2023-11-02 19:43:21,530 [INFO] Gathering page 5 of 24
2023-11-02 19:43:21,531 [INFO] 
API call:
https://newsdata.io/api/1/archive?apikey=pub_200592638f3f0a1a0b3548daf92b7304983f8&q=*&domain=yahoo&language=en&from_date=2023-10-01&to_date=2023-11-01&country=au&page=1698230399435753720
2023-11-02 19:43:22,397 [INFO] Response: 200
2023-11-02 19:43:22,397 [INFO] Gathering page 6 of 24
2023-11-02 19:43:22,399 [INFO] 
API call:
https://newsdata.io/api/1/archive?apikey=pub_200592638f3f0a1a0b3548daf92b7304983f8&q=*&domain=yahoo&language=en&from_date=2023-10-01&to_date=2023-11-01&country=au&page=1698155108479609607
2023-11-02 19:43:23,635 [INFO] Response: 200
2023-11-02 19:43:23,636 [INFO] Gathering page 7 of 24
2023-11-02 19:43:23,640 [INFO] 
API call:
https://newsdata.io/api/1/archive?apikey=pub_200592638f3f0a1a0b3548daf92b7304983f8&q=*&domain=yahoo&language=en&from_date=2023-10-01&to_date=2023-11-01&country=au&page=1698096144032687520
2023-11-02 19:43:25,101 [INFO] Response: 200
2023-11-02 19:43:25,102 [INFO] Gathering page 8 of 24
2023-11-02 19:43:25,103 [INFO] 
API call:
https://newsdata.io/api/1/archive?apikey=pub_200592638f3f0a1a0b3548daf92b7304983f8&q=*&domain=yahoo&language=en&from_date=2023-10-01&to_date=2023-11-01&country=au&page=1698013112731618668
2023-11-02 19:43:25,935 [INFO] Response: 200
2023-11-02 19:43:25,936 [INFO] Gathering page 9 of 24
2023-11-02 19:43:25,938 [INFO] 
API call:
https://newsdata.io/api/1/archive?apikey=pub_200592638f3f0a1a0b3548daf92b7304983f8&q=*&domain=yahoo&language=en&from_date=2023-10-01&to_date=2023-11-01&country=au&page=1697827399619138424
2023-11-02 19:43:26,888 [INFO] Response: 200
2023-11-02 19:43:26,889 [INFO] Gathering page 10 of 24
2023-11-02 19:43:26,891 [INFO] 
API call:
https://newsdata.io/api/1/archive?apikey=pub_200592638f3f0a1a0b3548daf92b7304983f8&q=*&domain=yahoo&language=en&from_date=2023-10-01&to_date=2023-11-01&country=au&page=1697750340963726327
2023-11-02 19:43:28,905 [INFO] Response: 200
2023-11-02 19:43:28,906 [INFO] Gathering page 11 of 24
2023-11-02 19:43:28,909 [INFO] 
API call:
https://newsdata.io/api/1/archive?apikey=pub_200592638f3f0a1a0b3548daf92b7304983f8&q=*&domain=yahoo&language=en&from_date=2023-10-01&to_date=2023-11-01&country=au&page=1697663760279757382
2023-11-02 19:43:30,213 [INFO] Response: 200
2023-11-02 19:43:30,214 [INFO] Gathering page 12 of 24
2023-11-02 19:43:30,215 [INFO] 
API call:
https://newsdata.io/api/1/archive?apikey=pub_200592638f3f0a1a0b3548daf92b7304983f8&q=*&domain=yahoo&language=en&from_date=2023-10-01&to_date=2023-11-01&country=au&page=1697508863435719114
2023-11-02 19:43:31,042 [INFO] Response: 200
2023-11-02 19:43:31,043 [INFO] Gathering page 13 of 24
2023-11-02 19:43:31,045 [INFO] 
API call:
https://newsdata.io/api/1/archive?apikey=pub_200592638f3f0a1a0b3548daf92b7304983f8&q=*&domain=yahoo&language=en&from_date=2023-10-01&to_date=2023-11-01&country=au&page=1697430986539735326
2023-11-02 19:43:31,952 [INFO] Response: 200
2023-11-02 19:43:31,953 [INFO] Gathering page 14 of 24
2023-11-02 19:43:31,956 [INFO] 
API call:
https://newsdata.io/api/1/archive?apikey=pub_200592638f3f0a1a0b3548daf92b7304983f8&q=*&domain=yahoo&language=en&from_date=2023-10-01&to_date=2023-11-01&country=au&page=1697326555407743988
2023-11-02 19:43:32,831 [INFO] Response: 200
2023-11-02 19:43:32,832 [INFO] Gathering page 15 of 24
2023-11-02 19:43:32,834 [INFO] 
API call:
https://newsdata.io/api/1/archive?apikey=pub_200592638f3f0a1a0b3548daf92b7304983f8&q=*&domain=yahoo&language=en&from_date=2023-10-01&to_date=2023-11-01&country=au&page=1697164741162234207
2023-11-02 19:43:33,736 [INFO] Response: 200
2023-11-02 19:43:33,737 [INFO] Gathering page 16 of 24
2023-11-02 19:43:33,738 [INFO] 
API call:
https://newsdata.io/api/1/archive?apikey=pub_200592638f3f0a1a0b3548daf92b7304983f8&q=*&domain=yahoo&language=en&from_date=2023-10-01&to_date=2023-11-01&country=au&page=1697082181655786001
2023-11-02 19:43:35,264 [INFO] Response: 200
2023-11-02 19:43:35,265 [INFO] Gathering page 17 of 24
2023-11-02 19:43:35,266 [INFO] 
API call:
https://newsdata.io/api/1/archive?apikey=pub_200592638f3f0a1a0b3548daf92b7304983f8&q=*&domain=yahoo&language=en&from_date=2023-10-01&to_date=2023-11-01&country=au&page=1696986833168351809
2023-11-02 19:43:36,201 [INFO] Response: 200
2023-11-02 19:43:36,202 [INFO] Gathering page 18 of 24
2023-11-02 19:43:36,203 [INFO] 
API call:
https://newsdata.io/api/1/archive?apikey=pub_200592638f3f0a1a0b3548daf92b7304983f8&q=*&domain=yahoo&language=en&from_date=2023-10-01&to_date=2023-11-01&country=au&page=1696833086980102809
2023-11-02 19:43:37,133 [INFO] Response: 200
2023-11-02 19:43:37,133 [INFO] Gathering page 19 of 24
2023-11-02 19:43:37,135 [INFO] 
API call:
https://newsdata.io/api/1/archive?apikey=pub_200592638f3f0a1a0b3548daf92b7304983f8&q=*&domain=yahoo&language=en&from_date=2023-10-01&to_date=2023-11-01&country=au&page=1696564125159841012
2023-11-02 19:43:38,111 [INFO] Response: 200
2023-11-02 19:43:38,112 [INFO] Gathering page 20 of 24
2023-11-02 19:43:38,116 [INFO] 
API call:
https://newsdata.io/api/1/archive?apikey=pub_200592638f3f0a1a0b3548daf92b7304983f8&q=*&domain=yahoo&language=en&from_date=2023-10-01&to_date=2023-11-01&country=au&page=1696457592556244503
2023-11-02 19:43:38,992 [INFO] Response: 200
2023-11-02 19:43:38,993 [INFO] Gathering page 21 of 24
2023-11-02 19:43:38,999 [INFO] 
API call:
https://newsdata.io/api/1/archive?apikey=pub_200592638f3f0a1a0b3548daf92b7304983f8&q=*&domain=yahoo&language=en&from_date=2023-10-01&to_date=2023-11-01&country=au&page=1696374063755711998
2023-11-02 19:43:39,883 [INFO] Response: 200
2023-11-02 19:43:39,884 [INFO] Gathering page 22 of 24
2023-11-02 19:43:39,885 [INFO] 
API call:
https://newsdata.io/api/1/archive?apikey=pub_200592638f3f0a1a0b3548daf92b7304983f8&q=*&domain=yahoo&language=en&from_date=2023-10-01&to_date=2023-11-01&country=au&page=1696295023840186898
2023-11-02 19:43:40,741 [INFO] Response: 200
2023-11-02 19:43:40,743 [INFO] Gathering page 23 of 24
2023-11-02 19:43:40,744 [INFO] 
API call:
https://newsdata.io/api/1/archive?apikey=pub_200592638f3f0a1a0b3548daf92b7304983f8&q=*&domain=yahoo&language=en&from_date=2023-10-01&to_date=2023-11-01&country=au&page=1696214738566688341
2023-11-02 19:43:41,742 [INFO] Response: 200
2023-11-02 19:43:41,744 [INFO] Gathering page 24 of 24
2023-11-02 19:43:41,747 [INFO] 
Compiling 24 pages of results...
2023-11-02 19:43:41,751 [INFO] All news articles gathered from yahoo from 2023-10-01 to 2023-11-01!
2023-11-02 19:43:41,751 [INFO] Processing tables...
2023-11-02 19:43:41,822 [INFO] Tables have been processed.
2023-11-02 19:43:41,822 [INFO] 
Pushing results from yahoo to Google BigQuery database...
2023-11-02 19:43:42,656 [INFO] Dataset dmrc-data.newsdataio already exists
2023-11-02 19:43:42,996 [INFO] Table exists
2023-11-02 19:43:48,750 [INFO] Loaded 8033 rows and 12 columns to dmrc-data.newsdataio.newsdata_oct2023_au
2023-11-02 19:43:49,045 [INFO] Table exists
2023-11-02 19:43:53,330 [INFO] Loaded 8065 rows and 2 columns to dmrc-data.newsdataio.newsdata_oct2023_au_categories
2023-11-02 19:43:53,618 [INFO] Table exists
2023-11-02 19:43:58,320 [INFO] Loaded 16085 rows and 2 columns to dmrc-data.newsdataio.newsdata_oct2023_au_keywords
2023-11-02 19:43:58,592 [INFO] Table exists
2023-11-02 19:44:06,595 [INFO] Loaded 9138 rows and 2 columns to dmrc-data.newsdataio.newsdata_oct2023_au_creators
2023-11-02 19:44:06,596 [INFO] 
-------------------------------------------------------------------------------------------------------
2023-11-02 19:44:06,596 [INFO] Gathering news articles from 7news from 2023-10-01 to 2023-11-01
2023-11-02 19:44:06,596 [INFO] 
API call:
https://newsdata.io/api/1/archive?apikey=pub_200592638f3f0a1a0b3548daf92b7304983f8&q=*&domain=7news&language=en&from_date=2023-10-01&to_date=2023-11-01&country=au
2023-11-02 19:44:08,850 [INFO] Response: 200
2023-11-02 19:44:08,853 [INFO] Gathering page 1 of 25
2023-11-02 19:44:08,858 [INFO] 
API call:
https://newsdata.io/api/1/archive?apikey=pub_200592638f3f0a1a0b3548daf92b7304983f8&q=*&domain=7news&language=en&from_date=2023-10-01&to_date=2023-11-01&country=au&page=1698712726839724653
2023-11-02 19:44:10,716 [INFO] Response: 200
2023-11-02 19:44:10,717 [INFO] Gathering page 2 of 25
2023-11-02 19:44:10,719 [INFO] 
API call:
https://newsdata.io/api/1/archive?apikey=pub_200592638f3f0a1a0b3548daf92b7304983f8&q=*&domain=7news&language=en&from_date=2023-10-01&to_date=2023-11-01&country=au&page=1698650934027700747
2023-11-02 19:44:12,452 [INFO] Response: 200
2023-11-02 19:44:12,453 [INFO] Gathering page 3 of 25
2023-11-02 19:44:12,455 [INFO] 
API call:
https://newsdata.io/api/1/archive?apikey=pub_200592638f3f0a1a0b3548daf92b7304983f8&q=*&domain=7news&language=en&from_date=2023-10-01&to_date=2023-11-01&country=au&page=1698563786037259232
2023-11-02 19:44:14,221 [INFO] Response: 200
2023-11-02 19:44:14,222 [INFO] Gathering page 4 of 25
2023-11-02 19:44:14,225 [INFO] 
API call:
https://newsdata.io/api/1/archive?apikey=pub_200592638f3f0a1a0b3548daf92b7304983f8&q=*&domain=7news&language=en&from_date=2023-10-01&to_date=2023-11-01&country=au&page=1698450871593517946
2023-11-02 19:44:16,198 [INFO] Response: 200
2023-11-02 19:44:16,199 [INFO] Gathering page 5 of 25
2023-11-02 19:44:16,203 [INFO] 
API call:
https://newsdata.io/api/1/archive?apikey=pub_200592638f3f0a1a0b3548daf92b7304983f8&q=*&domain=7news&language=en&from_date=2023-10-01&to_date=2023-11-01&country=au&page=1698295016115738100
2023-11-02 19:44:18,051 [INFO] Response: 200
2023-11-02 19:44:18,052 [INFO] Gathering page 6 of 25
2023-11-02 19:44:18,055 [INFO] 
API call:
https://newsdata.io/api/1/archive?apikey=pub_200592638f3f0a1a0b3548daf92b7304983f8&q=*&domain=7news&language=en&from_date=2023-10-01&to_date=2023-11-01&country=au&page=1698200697711773021
2023-11-02 19:44:19,420 [INFO] Response: 200
2023-11-02 19:44:19,421 [INFO] Gathering page 7 of 25
2023-11-02 19:44:19,423 [INFO] 
API call:
https://newsdata.io/api/1/archive?apikey=pub_200592638f3f0a1a0b3548daf92b7304983f8&q=*&domain=7news&language=en&from_date=2023-10-01&to_date=2023-11-01&country=au&page=1698131820459745043
2023-11-02 19:44:20,537 [INFO] Response: 200
2023-11-02 19:44:20,539 [INFO] Gathering page 8 of 25
2023-11-02 19:44:20,542 [INFO] 
API call:
https://newsdata.io/api/1/archive?apikey=pub_200592638f3f0a1a0b3548daf92b7304983f8&q=*&domain=7news&language=en&from_date=2023-10-01&to_date=2023-11-01&country=au&page=1698038151372986539
2023-11-02 19:44:21,968 [INFO] Response: 200
2023-11-02 19:44:21,969 [INFO] Gathering page 9 of 25
2023-11-02 19:44:21,971 [INFO] 
API call:
https://newsdata.io/api/1/archive?apikey=pub_200592638f3f0a1a0b3548daf92b7304983f8&q=*&domain=7news&language=en&from_date=2023-10-01&to_date=2023-11-01&country=au&page=1698017136430121016
2023-11-02 19:44:23,337 [INFO] Response: 200
2023-11-02 19:44:23,339 [INFO] Gathering page 10 of 25
2023-11-02 19:44:23,343 [INFO] 
API call:
https://newsdata.io/api/1/archive?apikey=pub_200592638f3f0a1a0b3548daf92b7304983f8&q=*&domain=7news&language=en&from_date=2023-10-01&to_date=2023-11-01&country=au&page=1697873257874485111
2023-11-02 19:44:24,703 [INFO] Response: 200
2023-11-02 19:44:24,705 [INFO] Gathering page 11 of 25
2023-11-02 19:44:24,708 [INFO] 
API call:
https://newsdata.io/api/1/archive?apikey=pub_200592638f3f0a1a0b3548daf92b7304983f8&q=*&domain=7news&language=en&from_date=2023-10-01&to_date=2023-11-01&country=au&page=1697774056083708676
2023-11-02 19:44:26,474 [INFO] Response: 200
2023-11-02 19:44:26,476 [INFO] Gathering page 12 of 25
2023-11-02 19:44:26,481 [INFO] 
API call:
https://newsdata.io/api/1/archive?apikey=pub_200592638f3f0a1a0b3548daf92b7304983f8&q=*&domain=7news&language=en&from_date=2023-10-01&to_date=2023-11-01&country=au&page=1697748517620588948
2023-11-02 19:44:27,584 [INFO] Response: 200
2023-11-02 19:44:27,584 [INFO] Gathering page 13 of 25
2023-11-02 19:44:27,587 [INFO] 
API call:
https://newsdata.io/api/1/archive?apikey=pub_200592638f3f0a1a0b3548daf92b7304983f8&q=*&domain=7news&language=en&from_date=2023-10-01&to_date=2023-11-01&country=au&page=1697585664863155233
2023-11-02 19:44:28,786 [INFO] Response: 200
2023-11-02 19:44:28,787 [INFO] Gathering page 14 of 25
2023-11-02 19:44:28,788 [INFO] 
API call:
https://newsdata.io/api/1/archive?apikey=pub_200592638f3f0a1a0b3548daf92b7304983f8&q=*&domain=7news&language=en&from_date=2023-10-01&to_date=2023-11-01&country=au&page=1697506860802867941
2023-11-02 19:44:31,081 [INFO] Response: 200
2023-11-02 19:44:31,082 [INFO] Gathering page 15 of 25
2023-11-02 19:44:31,087 [INFO] 
API call:
https://newsdata.io/api/1/archive?apikey=pub_200592638f3f0a1a0b3548daf92b7304983f8&q=*&domain=7news&language=en&from_date=2023-10-01&to_date=2023-11-01&country=au&page=1697358166931925677
2023-11-02 19:44:32,897 [INFO] Response: 200
2023-11-02 19:44:32,899 [INFO] Gathering page 16 of 25
2023-11-02 19:44:32,902 [INFO] 
API call:
https://newsdata.io/api/1/archive?apikey=pub_200592638f3f0a1a0b3548daf92b7304983f8&q=*&domain=7news&language=en&from_date=2023-10-01&to_date=2023-11-01&country=au&page=1697178252159754912
2023-11-02 19:44:34,487 [INFO] Response: 200
2023-11-02 19:44:34,488 [INFO] Gathering page 17 of 25
2023-11-02 19:44:34,490 [INFO] 
API call:
https://newsdata.io/api/1/archive?apikey=pub_200592638f3f0a1a0b3548daf92b7304983f8&q=*&domain=7news&language=en&from_date=2023-10-01&to_date=2023-11-01&country=au&page=1697070261079749645
2023-11-02 19:44:36,166 [INFO] Response: 200
2023-11-02 19:44:36,168 [INFO] Gathering page 18 of 25
2023-11-02 19:44:36,172 [INFO] 
API call:
https://newsdata.io/api/1/archive?apikey=pub_200592638f3f0a1a0b3548daf92b7304983f8&q=*&domain=7news&language=en&from_date=2023-10-01&to_date=2023-11-01&country=au&page=1696987851472814097
2023-11-02 19:44:37,915 [INFO] Response: 200
2023-11-02 19:44:37,917 [INFO] Gathering page 19 of 25
2023-11-02 19:44:37,920 [INFO] 
API call:
https://newsdata.io/api/1/archive?apikey=pub_200592638f3f0a1a0b3548daf92b7304983f8&q=*&domain=7news&language=en&from_date=2023-10-01&to_date=2023-11-01&country=au&page=1696894843083709338
2023-11-02 19:44:39,023 [INFO] Response: 200
2023-11-02 19:44:39,024 [INFO] Gathering page 20 of 25
2023-11-02 19:44:39,028 [INFO] 
API call:
https://newsdata.io/api/1/archive?apikey=pub_200592638f3f0a1a0b3548daf92b7304983f8&q=*&domain=7news&language=en&from_date=2023-10-01&to_date=2023-11-01&country=au&page=1696822545520693529
2023-11-02 19:44:40,383 [INFO] Response: 200
2023-11-02 19:44:40,385 [INFO] Gathering page 21 of 25
2023-11-02 19:44:40,389 [INFO] 
API call:
https://newsdata.io/api/1/archive?apikey=pub_200592638f3f0a1a0b3548daf92b7304983f8&q=*&domain=7news&language=en&from_date=2023-10-01&to_date=2023-11-01&country=au&page=1696642263017783866
2023-11-02 19:44:41,533 [INFO] Response: 200
2023-11-02 19:44:41,534 [INFO] Gathering page 22 of 25
2023-11-02 19:44:41,535 [INFO] 
API call:
https://newsdata.io/api/1/archive?apikey=pub_200592638f3f0a1a0b3548daf92b7304983f8&q=*&domain=7news&language=en&from_date=2023-10-01&to_date=2023-11-01&country=au&page=1696404167414317354
2023-11-02 19:44:42,918 [INFO] Response: 200
2023-11-02 19:44:42,919 [INFO] Gathering page 23 of 25
2023-11-02 19:44:42,920 [INFO] 
API call:
https://newsdata.io/api/1/archive?apikey=pub_200592638f3f0a1a0b3548daf92b7304983f8&q=*&domain=7news&language=en&from_date=2023-10-01&to_date=2023-11-01&country=au&page=1696308367707729160
2023-11-02 19:44:44,411 [INFO] Response: 200
2023-11-02 19:44:44,412 [INFO] Gathering page 24 of 25
2023-11-02 19:44:44,413 [INFO] 
API call:
https://newsdata.io/api/1/archive?apikey=pub_200592638f3f0a1a0b3548daf92b7304983f8&q=*&domain=7news&language=en&from_date=2023-10-01&to_date=2023-11-01&country=au&page=1696203852895731216
2023-11-02 19:44:46,165 [INFO] Response: 200
2023-11-02 19:44:46,166 [INFO] Gathering page 25 of 25
2023-11-02 19:44:46,168 [INFO] 
Compiling 25 pages of results...
2023-11-02 19:44:46,171 [INFO] All news articles gathered from 7news from 2023-10-01 to 2023-11-01!
2023-11-02 19:44:46,171 [INFO] Processing tables...
2023-11-02 19:44:46,284 [INFO] Tables have been processed.
2023-11-02 19:44:46,284 [INFO] 
Pushing results from 7news to Google BigQuery database...
2023-11-02 19:44:47,130 [INFO] Dataset dmrc-data.newsdataio already exists
2023-11-02 19:44:47,519 [INFO] Table exists
2023-11-02 19:44:54,069 [INFO] Loaded 9277 rows and 12 columns to dmrc-data.newsdataio.newsdata_oct2023_au
2023-11-02 19:44:54,330 [INFO] Table exists
2023-11-02 19:45:01,712 [INFO] Loaded 9309 rows and 2 columns to dmrc-data.newsdataio.newsdata_oct2023_au_categories
2023-11-02 19:45:02,008 [INFO] Table exists
2023-11-02 19:45:06,202 [INFO] Loaded 17329 rows and 2 columns to dmrc-data.newsdataio.newsdata_oct2023_au_keywords
2023-11-02 19:45:06,466 [INFO] Table exists
2023-11-02 19:45:18,382 [INFO] Loaded 10573 rows and 2 columns to dmrc-data.newsdataio.newsdata_oct2023_au_creators
2023-11-02 19:45:18,383 [INFO] 
-------------------------------------------------------------------------------------------------------
2023-11-02 19:45:18,383 [INFO] Gathering news articles from skynewsau from 2023-10-01 to 2023-11-01
2023-11-02 19:45:18,383 [INFO] 
API call:
https://newsdata.io/api/1/archive?apikey=pub_200592638f3f0a1a0b3548daf92b7304983f8&q=*&domain=skynewsau&language=en&from_date=2023-10-01&to_date=2023-11-01&country=au
2023-11-02 19:45:20,907 [INFO] Response: 200
2023-11-02 19:45:20,909 [INFO] Gathering page 1 of 21
2023-11-02 19:45:20,910 [INFO] 
API call:
https://newsdata.io/api/1/archive?apikey=pub_200592638f3f0a1a0b3548daf92b7304983f8&q=*&domain=skynewsau&language=en&from_date=2023-10-01&to_date=2023-11-01&country=au&page=1698733421028094371
2023-11-02 19:45:22,285 [INFO] Response: 200
2023-11-02 19:45:22,286 [INFO] Gathering page 2 of 21
2023-11-02 19:45:22,288 [INFO] 
API call:
https://newsdata.io/api/1/archive?apikey=pub_200592638f3f0a1a0b3548daf92b7304983f8&q=*&domain=skynewsau&language=en&from_date=2023-10-01&to_date=2023-11-01&country=au&page=1698630596123725340
2023-11-02 19:45:23,976 [INFO] Response: 200
2023-11-02 19:45:23,977 [INFO] Gathering page 3 of 21
2023-11-02 19:45:23,978 [INFO] 
API call:
https://newsdata.io/api/1/archive?apikey=pub_200592638f3f0a1a0b3548daf92b7304983f8&q=*&domain=skynewsau&language=en&from_date=2023-10-01&to_date=2023-11-01&country=au&page=1698478761010163229
2023-11-02 19:45:25,309 [INFO] Response: 200
2023-11-02 19:45:25,311 [INFO] Gathering page 4 of 21
2023-11-02 19:45:25,316 [INFO] 
API call:
https://newsdata.io/api/1/archive?apikey=pub_200592638f3f0a1a0b3548daf92b7304983f8&q=*&domain=skynewsau&language=en&from_date=2023-10-01&to_date=2023-11-01&country=au&page=1698293754115749507
2023-11-02 19:45:27,169 [INFO] Response: 200
2023-11-02 19:45:27,170 [INFO] Gathering page 5 of 21
2023-11-02 19:45:27,171 [INFO] 
API call:
https://newsdata.io/api/1/archive?apikey=pub_200592638f3f0a1a0b3548daf92b7304983f8&q=*&domain=skynewsau&language=en&from_date=2023-10-01&to_date=2023-11-01&country=au&page=1698213508066963179
2023-11-02 19:45:28,453 [INFO] Response: 200
2023-11-02 19:45:28,454 [INFO] Gathering page 6 of 21
2023-11-02 19:45:28,456 [INFO] 
API call:
https://newsdata.io/api/1/archive?apikey=pub_200592638f3f0a1a0b3548daf92b7304983f8&q=*&domain=skynewsau&language=en&from_date=2023-10-01&to_date=2023-11-01&country=au&page=1698041225999322849
2023-11-02 19:45:29,791 [INFO] Response: 200
2023-11-02 19:45:29,792 [INFO] Gathering page 7 of 21
2023-11-02 19:45:29,796 [INFO] 
API call:
https://newsdata.io/api/1/archive?apikey=pub_200592638f3f0a1a0b3548daf92b7304983f8&q=*&domain=skynewsau&language=en&from_date=2023-10-01&to_date=2023-11-01&country=au&page=1697879280691775519
2023-11-02 19:45:31,686 [INFO] Response: 200
2023-11-02 19:45:31,688 [INFO] Gathering page 8 of 21
2023-11-02 19:45:31,690 [INFO] 
API call:
https://newsdata.io/api/1/archive?apikey=pub_200592638f3f0a1a0b3548daf92b7304983f8&q=*&domain=skynewsau&language=en&from_date=2023-10-01&to_date=2023-11-01&country=au&page=1697712548051756207
2023-11-02 19:45:32,855 [INFO] Response: 200
2023-11-02 19:45:32,857 [INFO] Gathering page 9 of 21
2023-11-02 19:45:32,861 [INFO] 
API call:
https://newsdata.io/api/1/archive?apikey=pub_200592638f3f0a1a0b3548daf92b7304983f8&q=*&domain=skynewsau&language=en&from_date=2023-10-01&to_date=2023-11-01&country=au&page=1697619115487314671
2023-11-02 19:45:34,012 [INFO] Response: 200
2023-11-02 19:45:34,014 [INFO] Gathering page 10 of 21
2023-11-02 19:45:34,018 [INFO] 
API call:
https://newsdata.io/api/1/archive?apikey=pub_200592638f3f0a1a0b3548daf92b7304983f8&q=*&domain=skynewsau&language=en&from_date=2023-10-01&to_date=2023-11-01&country=au&page=1697580713622894170
2023-11-02 19:45:35,212 [INFO] Response: 200
2023-11-02 19:45:35,214 [INFO] Gathering page 11 of 21
2023-11-02 19:45:35,216 [INFO] 
API call:
https://newsdata.io/api/1/archive?apikey=pub_200592638f3f0a1a0b3548daf92b7304983f8&q=*&domain=skynewsau&language=en&from_date=2023-10-01&to_date=2023-11-01&country=au&page=1697442426607862644
2023-11-02 19:45:36,765 [INFO] Response: 200
2023-11-02 19:45:36,766 [INFO] Gathering page 12 of 21
2023-11-02 19:45:36,767 [INFO] 
API call:
https://newsdata.io/api/1/archive?apikey=pub_200592638f3f0a1a0b3548daf92b7304983f8&q=*&domain=skynewsau&language=en&from_date=2023-10-01&to_date=2023-11-01&country=au&page=1697260457780211633
2023-11-02 19:45:40,280 [INFO] Response: 200
2023-11-02 19:45:40,281 [INFO] Gathering page 13 of 21
2023-11-02 19:45:40,283 [INFO] 
API call:
https://newsdata.io/api/1/archive?apikey=pub_200592638f3f0a1a0b3548daf92b7304983f8&q=*&domain=skynewsau&language=en&from_date=2023-10-01&to_date=2023-11-01&country=au&page=1697099745820307582
2023-11-02 19:45:41,887 [INFO] Response: 200
2023-11-02 19:45:41,887 [INFO] Gathering page 14 of 21
2023-11-02 19:45:41,890 [INFO] 
API call:
https://newsdata.io/api/1/archive?apikey=pub_200592638f3f0a1a0b3548daf92b7304983f8&q=*&domain=skynewsau&language=en&from_date=2023-10-01&to_date=2023-11-01&country=au&page=1696984912887743470
2023-11-02 19:45:43,154 [INFO] Response: 200
2023-11-02 19:45:43,155 [INFO] Gathering page 15 of 21
2023-11-02 19:45:43,156 [INFO] 
API call:
https://newsdata.io/api/1/archive?apikey=pub_200592638f3f0a1a0b3548daf92b7304983f8&q=*&domain=skynewsau&language=en&from_date=2023-10-01&to_date=2023-11-01&country=au&page=1696834792659753588
2023-11-02 19:45:44,768 [INFO] Response: 200
2023-11-02 19:45:44,769 [INFO] Gathering page 16 of 21
2023-11-02 19:45:44,770 [INFO] 
API call:
https://newsdata.io/api/1/archive?apikey=pub_200592638f3f0a1a0b3548daf92b7304983f8&q=*&domain=skynewsau&language=en&from_date=2023-10-01&to_date=2023-11-01&country=au&page=1696730360523739703
2023-11-02 19:45:46,020 [INFO] Response: 200
2023-11-02 19:45:46,021 [INFO] Gathering page 17 of 21
2023-11-02 19:45:46,023 [INFO] 
API call:
https://newsdata.io/api/1/archive?apikey=pub_200592638f3f0a1a0b3548daf92b7304983f8&q=*&domain=skynewsau&language=en&from_date=2023-10-01&to_date=2023-11-01&country=au&page=1696561887842071090
2023-11-02 19:45:47,462 [INFO] Response: 200
2023-11-02 19:45:47,463 [INFO] Gathering page 18 of 21
2023-11-02 19:45:47,465 [INFO] 
API call:
https://newsdata.io/api/1/archive?apikey=pub_200592638f3f0a1a0b3548daf92b7304983f8&q=*&domain=skynewsau&language=en&from_date=2023-10-01&to_date=2023-11-01&country=au&page=1696458365283401268
2023-11-02 19:45:49,351 [INFO] Response: 200
2023-11-02 19:45:49,351 [INFO] Gathering page 19 of 21
2023-11-02 19:45:49,353 [INFO] 
API call:
https://newsdata.io/api/1/archive?apikey=pub_200592638f3f0a1a0b3548daf92b7304983f8&q=*&domain=skynewsau&language=en&from_date=2023-10-01&to_date=2023-11-01&country=au&page=1696302221475754513
2023-11-02 19:45:50,456 [INFO] Response: 200
2023-11-02 19:45:50,457 [INFO] Gathering page 20 of 21
2023-11-02 19:45:50,459 [INFO] 
API call:
https://newsdata.io/api/1/archive?apikey=pub_200592638f3f0a1a0b3548daf92b7304983f8&q=*&domain=skynewsau&language=en&from_date=2023-10-01&to_date=2023-11-01&country=au&page=1696227569187605553
2023-11-02 19:45:51,310 [INFO] Response: 200
2023-11-02 19:45:51,310 [INFO] Gathering page 21 of 21
2023-11-02 19:45:51,312 [INFO] 
Compiling 21 pages of results...
2023-11-02 19:45:51,316 [INFO] All news articles gathered from skynewsau from 2023-10-01 to 2023-11-01!
2023-11-02 19:45:51,317 [INFO] Processing tables...
2023-11-02 19:45:51,406 [INFO] Tables have been processed.
2023-11-02 19:45:51,406 [INFO] 
Pushing results from skynewsau to Google BigQuery database...
2023-11-02 19:45:52,261 [INFO] Dataset dmrc-data.newsdataio already exists
2023-11-02 19:45:52,543 [INFO] Table exists
2023-11-02 19:45:59,630 [INFO] Loaded 10287 rows and 12 columns to dmrc-data.newsdataio.newsdata_oct2023_au
2023-11-02 19:45:59,986 [INFO] Table exists
2023-11-02 19:46:04,686 [INFO] Loaded 10319 rows and 2 columns to dmrc-data.newsdataio.newsdata_oct2023_au_categories
2023-11-02 19:46:05,028 [INFO] Table exists
2023-11-02 19:46:15,773 [INFO] Loaded 24394 rows and 2 columns to dmrc-data.newsdataio.newsdata_oct2023_au_keywords
2023-11-02 19:46:16,107 [INFO] Table exists
2023-11-02 19:46:21,566 [INFO] Loaded 11583 rows and 2 columns to dmrc-data.newsdataio.newsdata_oct2023_au_creators
2023-11-02 19:46:21,566 [INFO] 
-------------------------------------------------------------------------------------------------------
2023-11-02 19:46:21,566 [INFO] Gathering news articles from sbs from 2023-10-01 to 2023-11-01
2023-11-02 19:46:21,567 [INFO] 
API call:
https://newsdata.io/api/1/archive?apikey=pub_200592638f3f0a1a0b3548daf92b7304983f8&q=*&domain=sbs&language=en&from_date=2023-10-01&to_date=2023-11-01&country=au
2023-11-02 19:46:22,941 [INFO] Response: 200
2023-11-02 19:46:22,943 [INFO] Gathering page 1 of 5
2023-11-02 19:46:22,947 [INFO] 
API call:
https://newsdata.io/api/1/archive?apikey=pub_200592638f3f0a1a0b3548daf92b7304983f8&q=*&domain=sbs&language=en&from_date=2023-10-01&to_date=2023-11-01&country=au&page=1698180692799762450
2023-11-02 19:46:24,082 [INFO] Response: 200
2023-11-02 19:46:24,083 [INFO] Gathering page 2 of 5
2023-11-02 19:46:24,085 [INFO] 
API call:
https://newsdata.io/api/1/archive?apikey=pub_200592638f3f0a1a0b3548daf92b7304983f8&q=*&domain=sbs&language=en&from_date=2023-10-01&to_date=2023-11-01&country=au&page=1697571136287720432
2023-11-02 19:46:25,470 [INFO] Response: 200
2023-11-02 19:46:25,471 [INFO] Gathering page 3 of 5
2023-11-02 19:46:25,472 [INFO] 
API call:
https://newsdata.io/api/1/archive?apikey=pub_200592638f3f0a1a0b3548daf92b7304983f8&q=*&domain=sbs&language=en&from_date=2023-10-01&to_date=2023-11-01&country=au&page=1696756397005762054
2023-11-02 19:46:27,165 [INFO] Response: 200
2023-11-02 19:46:27,167 [INFO] Gathering page 4 of 5
2023-11-02 19:46:27,216 [INFO] 
API call:
https://newsdata.io/api/1/archive?apikey=pub_200592638f3f0a1a0b3548daf92b7304983f8&q=*&domain=sbs&language=en&from_date=2023-10-01&to_date=2023-11-01&country=au&page=1696126000728859097
2023-11-02 19:46:28,015 [INFO] Response: 200
2023-11-02 19:46:28,016 [INFO] Gathering page 5 of 5
2023-11-02 19:46:28,017 [INFO] 
Compiling 5 pages of results...
2023-11-02 19:46:28,018 [INFO] All news articles gathered from sbs from 2023-10-01 to 2023-11-01!
2023-11-02 19:46:28,018 [INFO] Processing tables...
2023-11-02 19:46:28,055 [INFO] Tables have been processed.
2023-11-02 19:46:28,055 [INFO] 
Pushing results from sbs to Google BigQuery database...
2023-11-02 19:46:28,929 [INFO] Dataset dmrc-data.newsdataio already exists
2023-11-02 19:46:29,244 [INFO] Table exists
2023-11-02 19:46:34,039 [INFO] Loaded 10488 rows and 12 columns to dmrc-data.newsdataio.newsdata_oct2023_au
2023-11-02 19:46:34,436 [INFO] Table exists
2023-11-02 19:46:38,759 [INFO] Loaded 10520 rows and 2 columns to dmrc-data.newsdataio.newsdata_oct2023_au_categories
2023-11-02 19:46:39,139 [INFO] Table exists
2023-11-02 19:46:43,362 [INFO] Loaded 24658 rows and 2 columns to dmrc-data.newsdataio.newsdata_oct2023_au_keywords
2023-11-02 19:46:43,776 [INFO] Table exists
2023-11-02 19:46:48,627 [INFO] Loaded 11784 rows and 2 columns to dmrc-data.newsdataio.newsdata_oct2023_au_creators
2023-11-02 19:46:48,627 [INFO] 
-------------------------------------------------------------------------------------------------------
2023-11-02 19:46:48,627 [INFO] Gathering news articles from reneweconomy from 2023-10-01 to 2023-11-01
2023-11-02 19:46:48,628 [INFO] 
API call:
https://newsdata.io/api/1/archive?apikey=pub_200592638f3f0a1a0b3548daf92b7304983f8&q=*&domain=reneweconomy&language=en&from_date=2023-10-01&to_date=2023-11-01&country=au
2023-11-02 19:46:50,110 [INFO] Response: 200
2023-11-02 19:46:50,111 [INFO] Gathering page 1 of 3
2023-11-02 19:46:50,114 [INFO] 
API call:
https://newsdata.io/api/1/archive?apikey=pub_200592638f3f0a1a0b3548daf92b7304983f8&q=*&domain=reneweconomy&language=en&from_date=2023-10-01&to_date=2023-11-01&country=au&page=1697979851152832541
2023-11-02 19:46:51,534 [INFO] Response: 200
2023-11-02 19:46:51,536 [INFO] Gathering page 2 of 3
2023-11-02 19:46:51,540 [INFO] 
API call:
https://newsdata.io/api/1/archive?apikey=pub_200592638f3f0a1a0b3548daf92b7304983f8&q=*&domain=reneweconomy&language=en&from_date=2023-10-01&to_date=2023-11-01&country=au&page=1697082989351761484
2023-11-02 19:46:52,948 [INFO] Response: 200
2023-11-02 19:46:52,949 [INFO] Gathering page 3 of 3
2023-11-02 19:46:52,950 [INFO] 
Compiling 3 pages of results...
2023-11-02 19:46:52,952 [INFO] All news articles gathered from reneweconomy from 2023-10-01 to 2023-11-01!
2023-11-02 19:46:52,952 [INFO] Processing tables...
2023-11-02 19:46:53,006 [INFO] Tables have been processed.
2023-11-02 19:46:53,007 [INFO] 
Pushing results from reneweconomy to Google BigQuery database...
2023-11-02 19:46:54,025 [INFO] Dataset dmrc-data.newsdataio already exists
2023-11-02 19:46:54,300 [INFO] Table exists
2023-11-02 19:47:08,112 [INFO] Loaded 10636 rows and 12 columns to dmrc-data.newsdataio.newsdata_oct2023_au
2023-11-02 19:47:08,411 [INFO] Table exists
2023-11-02 19:47:16,600 [INFO] Loaded 10668 rows and 2 columns to dmrc-data.newsdataio.newsdata_oct2023_au_categories
2023-11-02 19:47:16,897 [INFO] Table exists
2023-11-02 19:47:22,027 [INFO] Loaded 25570 rows and 2 columns to dmrc-data.newsdataio.newsdata_oct2023_au_keywords
2023-11-02 19:47:22,355 [INFO] Table exists
2023-11-02 19:47:28,034 [INFO] Loaded 11934 rows and 2 columns to dmrc-data.newsdataio.newsdata_oct2023_au_creators
2023-11-02 19:47:28,034 [INFO] 
-------------------------------------------------------------------------------------------------------
2023-11-02 19:47:28,034 [INFO] Gathering news articles from womensagenda from 2023-10-01 to 2023-11-01
2023-11-02 19:47:28,034 [INFO] 
API call:
https://newsdata.io/api/1/archive?apikey=pub_200592638f3f0a1a0b3548daf92b7304983f8&q=*&domain=womensagenda&language=en&from_date=2023-10-01&to_date=2023-11-01&country=au
2023-11-02 19:47:29,730 [INFO] Response: 200
2023-11-02 19:47:29,732 [INFO] Gathering page 1 of 3
2023-11-02 19:47:29,733 [INFO] 
API call:
https://newsdata.io/api/1/archive?apikey=pub_200592638f3f0a1a0b3548daf92b7304983f8&q=*&domain=womensagenda&language=en&from_date=2023-10-01&to_date=2023-11-01&country=au&page=1698034219728001672
2023-11-02 19:47:31,378 [INFO] Response: 200
2023-11-02 19:47:31,379 [INFO] Gathering page 2 of 3
2023-11-02 19:47:31,386 [INFO] 
API call:
https://newsdata.io/api/1/archive?apikey=pub_200592638f3f0a1a0b3548daf92b7304983f8&q=*&domain=womensagenda&language=en&from_date=2023-10-01&to_date=2023-11-01&country=au&page=1696987730031518208
2023-11-02 19:47:32,766 [INFO] Response: 200
2023-11-02 19:47:32,767 [INFO] Gathering page 3 of 3
2023-11-02 19:47:32,769 [INFO] 
Compiling 3 pages of results...
2023-11-02 19:47:32,771 [INFO] All news articles gathered from womensagenda from 2023-10-01 to 2023-11-01!
2023-11-02 19:47:32,771 [INFO] Processing tables...
2023-11-02 19:47:32,833 [INFO] Tables have been processed.
2023-11-02 19:47:32,833 [INFO] 
Pushing results from womensagenda to Google BigQuery database...
2023-11-02 19:47:33,825 [INFO] Dataset dmrc-data.newsdataio already exists
2023-11-02 19:47:34,154 [INFO] Table exists
2023-11-02 19:47:39,930 [INFO] Loaded 10773 rows and 12 columns to dmrc-data.newsdataio.newsdata_oct2023_au
2023-11-02 19:47:40,254 [INFO] Table exists
2023-11-02 19:47:44,539 [INFO] Loaded 10805 rows and 2 columns to dmrc-data.newsdataio.newsdata_oct2023_au_categories
2023-11-02 19:47:44,846 [INFO] Table exists
2023-11-02 19:47:48,964 [INFO] Loaded 26425 rows and 2 columns to dmrc-data.newsdataio.newsdata_oct2023_au_keywords
2023-11-02 19:47:49,306 [INFO] Table exists
2023-11-02 19:47:55,312 [INFO] Loaded 12072 rows and 2 columns to dmrc-data.newsdataio.newsdata_oct2023_au_creators
2023-11-02 19:47:55,312 [INFO] 
-------------------------------------------------------------------------------------------------------
2023-11-02 19:47:55,313 [INFO] Gathering news articles from spectator from 2023-10-01 to 2023-11-01
2023-11-02 19:47:55,313 [INFO] 
API call:
https://newsdata.io/api/1/archive?apikey=pub_200592638f3f0a1a0b3548daf92b7304983f8&q=*&domain=spectator&language=en&from_date=2023-10-01&to_date=2023-11-01&country=au
2023-11-02 19:47:56,255 [INFO] Response: 200
2023-11-02 19:47:56,255 [INFO] Gathering page 1 of 0
2023-11-02 19:47:56,257 [INFO] No results for spectator during your specified timeframe!
2023-11-02 19:47:56,257 [INFO] 
-------------------------------------------------------------------------------------------------------
2023-11-02 19:47:56,257 [INFO] Gathering news articles from greenleft from 2023-10-01 to 2023-11-01
2023-11-02 19:47:56,257 [INFO] 
API call:
https://newsdata.io/api/1/archive?apikey=pub_200592638f3f0a1a0b3548daf92b7304983f8&q=*&domain=greenleft&language=en&from_date=2023-10-01&to_date=2023-11-01&country=au
2023-11-02 19:47:57,731 [INFO] Response: 200
2023-11-02 19:47:57,734 [INFO] Gathering page 1 of 3
2023-11-02 19:47:57,739 [INFO] 
API call:
https://newsdata.io/api/1/archive?apikey=pub_200592638f3f0a1a0b3548daf92b7304983f8&q=*&domain=greenleft&language=en&from_date=2023-10-01&to_date=2023-11-01&country=au&page=1698065100971868348
2023-11-02 19:48:00,838 [INFO] Response: 200
2023-11-02 19:48:00,839 [INFO] Gathering page 2 of 3
2023-11-02 19:48:00,841 [INFO] 
API call:
https://newsdata.io/api/1/archive?apikey=pub_200592638f3f0a1a0b3548daf92b7304983f8&q=*&domain=greenleft&language=en&from_date=2023-10-01&to_date=2023-11-01&country=au&page=1696823100371186113
2023-11-02 19:48:02,216 [INFO] Response: 200
2023-11-02 19:48:02,217 [INFO] Gathering page 3 of 3
2023-11-02 19:48:02,219 [INFO] 
Compiling 3 pages of results...
2023-11-02 19:48:02,220 [INFO] All news articles gathered from greenleft from 2023-10-01 to 2023-11-01!
2023-11-02 19:48:02,221 [INFO] Processing tables...
2023-11-02 19:48:02,266 [INFO] Tables have been processed.
2023-11-02 19:48:02,266 [INFO] 
Pushing results from greenleft to Google BigQuery database...
2023-11-02 19:48:03,569 [INFO] Dataset dmrc-data.newsdataio already exists
2023-11-02 19:48:03,923 [INFO] Table exists
2023-11-02 19:48:10,846 [INFO] Loaded 10897 rows and 12 columns to dmrc-data.newsdataio.newsdata_oct2023_au
2023-11-02 19:48:11,166 [INFO] Table exists
2023-11-02 19:48:15,582 [INFO] Loaded 10929 rows and 2 columns to dmrc-data.newsdataio.newsdata_oct2023_au_categories
2023-11-02 19:48:15,904 [INFO] Table exists
2023-11-02 19:48:23,319 [INFO] Loaded 26549 rows and 2 columns to dmrc-data.newsdataio.newsdata_oct2023_au_keywords
2023-11-02 19:48:23,666 [INFO] Table exists
2023-11-02 19:48:29,451 [INFO] Loaded 12214 rows and 2 columns to dmrc-data.newsdataio.newsdata_oct2023_au_creators
2023-11-02 19:48:29,451 [INFO] 
-------------------------------------------------------------------------------------------------------
2023-11-02 19:48:29,452 [INFO] Gathering news articles from rebelnews from 2023-10-01 to 2023-11-01
2023-11-02 19:48:29,452 [INFO] 
API call:
https://newsdata.io/api/1/archive?apikey=pub_200592638f3f0a1a0b3548daf92b7304983f8&q=*&domain=rebelnews&language=en&from_date=2023-10-01&to_date=2023-11-01&country=au
2023-11-02 19:48:31,078 [INFO] Response: 200
2023-11-02 19:48:31,079 [INFO] Gathering page 1 of 0
2023-11-02 19:48:31,080 [INFO] No results for rebelnews during your specified timeframe!
2023-11-02 19:48:31,080 [INFO] 
-------------------------------------------------------------------------------------------------------
2023-11-02 19:48:31,081 [INFO] Gathering news articles from quadrant from 2023-10-01 to 2023-11-01
2023-11-02 19:48:31,081 [INFO] 
API call:
https://newsdata.io/api/1/archive?apikey=pub_200592638f3f0a1a0b3548daf92b7304983f8&q=*&domain=quadrant&language=en&from_date=2023-10-01&to_date=2023-11-01&country=au
2023-11-02 19:48:32,257 [INFO] Response: 200
2023-11-02 19:48:32,257 [INFO] Gathering page 1 of 1
2023-11-02 19:48:32,259 [INFO] 
Compiling 1 pages of results...
2023-11-02 19:48:32,260 [INFO] All news articles gathered from quadrant from 2023-10-01 to 2023-11-01!
2023-11-02 19:48:32,261 [INFO] Processing tables...
2023-11-02 19:48:32,294 [INFO] Tables have been processed.
2023-11-02 19:48:32,295 [INFO] 
Pushing results from quadrant to Google BigQuery database...
2023-11-02 19:48:33,224 [INFO] Dataset dmrc-data.newsdataio already exists
2023-11-02 19:48:33,551 [INFO] Table exists
2023-11-02 19:48:38,983 [INFO] Loaded 10906 rows and 12 columns to dmrc-data.newsdataio.newsdata_oct2023_au
2023-11-02 19:48:39,326 [INFO] Table exists
2023-11-02 19:48:44,719 [INFO] Loaded 10938 rows and 2 columns to dmrc-data.newsdataio.newsdata_oct2023_au_categories
2023-11-02 19:48:45,096 [INFO] Table exists
2023-11-02 19:48:52,543 [INFO] Loaded 26558 rows and 2 columns to dmrc-data.newsdataio.newsdata_oct2023_au_keywords
2023-11-02 19:48:52,838 [INFO] Table exists
2023-11-02 19:48:57,299 [INFO] Loaded 12223 rows and 2 columns to dmrc-data.newsdataio.newsdata_oct2023_au_creators
2023-11-02 19:48:57,299 [INFO] 
-------------------------------------------------------------------------------------------------------
2023-11-02 19:48:57,299 [INFO] Gathering news articles from pedestrian from 2023-10-01 to 2023-11-01
2023-11-02 19:48:57,300 [INFO] 
API call:
https://newsdata.io/api/1/archive?apikey=pub_200592638f3f0a1a0b3548daf92b7304983f8&q=*&domain=pedestrian&language=en&from_date=2023-10-01&to_date=2023-11-01&country=au
2023-11-02 19:48:58,788 [INFO] Response: 200
2023-11-02 19:48:58,791 [INFO] Gathering page 1 of 6
2023-11-02 19:48:58,795 [INFO] 
API call:
https://newsdata.io/api/1/archive?apikey=pub_200592638f3f0a1a0b3548daf92b7304983f8&q=*&domain=pedestrian&language=en&from_date=2023-10-01&to_date=2023-11-01&country=au&page=1698368546851966615
2023-11-02 19:49:00,160 [INFO] Response: 200
2023-11-02 19:49:00,162 [INFO] Gathering page 2 of 6
2023-11-02 19:49:00,164 [INFO] 
API call:
https://newsdata.io/api/1/archive?apikey=pub_200592638f3f0a1a0b3548daf92b7304983f8&q=*&domain=pedestrian&language=en&from_date=2023-10-01&to_date=2023-11-01&country=au&page=1697975509207737524
2023-11-02 19:49:01,654 [INFO] Response: 200
2023-11-02 19:49:01,655 [INFO] Gathering page 3 of 6
2023-11-02 19:49:01,656 [INFO] 
API call:
https://newsdata.io/api/1/archive?apikey=pub_200592638f3f0a1a0b3548daf92b7304983f8&q=*&domain=pedestrian&language=en&from_date=2023-10-01&to_date=2023-11-01&country=au&page=1697511506943327500
2023-11-02 19:49:04,513 [INFO] Response: 200
2023-11-02 19:49:04,515 [INFO] Gathering page 4 of 6
2023-11-02 19:49:04,517 [INFO] 
API call:
https://newsdata.io/api/1/archive?apikey=pub_200592638f3f0a1a0b3548daf92b7304983f8&q=*&domain=pedestrian&language=en&from_date=2023-10-01&to_date=2023-11-01&country=au&page=1697084061407711582
2023-11-02 19:49:05,989 [INFO] Response: 200
2023-11-02 19:49:05,991 [INFO] Gathering page 5 of 6
2023-11-02 19:49:05,995 [INFO] 
API call:
https://newsdata.io/api/1/archive?apikey=pub_200592638f3f0a1a0b3548daf92b7304983f8&q=*&domain=pedestrian&language=en&from_date=2023-10-01&to_date=2023-11-01&country=au&page=1696565556143719000
2023-11-02 19:49:07,439 [INFO] Response: 200
2023-11-02 19:49:07,440 [INFO] Gathering page 6 of 6
2023-11-02 19:49:07,441 [INFO] 
Compiling 6 pages of results...
2023-11-02 19:49:07,442 [INFO] All news articles gathered from pedestrian from 2023-10-01 to 2023-11-01!
2023-11-02 19:49:07,442 [INFO] Processing tables...
2023-11-02 19:49:07,517 [INFO] Tables have been processed.
2023-11-02 19:49:07,518 [INFO] 
Pushing results from pedestrian to Google BigQuery database...
2023-11-02 19:49:08,359 [INFO] Dataset dmrc-data.newsdataio already exists
2023-11-02 19:49:08,667 [INFO] Table exists
2023-11-02 19:49:14,668 [INFO] Loaded 11187 rows and 12 columns to dmrc-data.newsdataio.newsdata_oct2023_au
2023-11-02 19:49:15,002 [INFO] Table exists
2023-11-02 19:49:20,528 [INFO] Loaded 11219 rows and 2 columns to dmrc-data.newsdataio.newsdata_oct2023_au_categories
2023-11-02 19:49:20,847 [INFO] Table exists
2023-11-02 19:49:28,533 [INFO] Loaded 27296 rows and 2 columns to dmrc-data.newsdataio.newsdata_oct2023_au_keywords
2023-11-02 19:49:28,831 [INFO] Table exists
2023-11-02 19:49:33,286 [INFO] Loaded 12504 rows and 2 columns to dmrc-data.newsdataio.newsdata_oct2023_au_creators
2023-11-02 19:49:33,286 [INFO] 
-------------------------------------------------------------------------------------------------------
2023-11-02 19:49:33,287 [INFO] Gathering news articles from michaelwest from 2023-10-01 to 2023-11-01
2023-11-02 19:49:33,287 [INFO] 
API call:
https://newsdata.io/api/1/archive?apikey=pub_200592638f3f0a1a0b3548daf92b7304983f8&q=*&domain=michaelwest&language=en&from_date=2023-10-01&to_date=2023-11-01&country=au
2023-11-02 19:49:34,691 [INFO] Response: 200
2023-11-02 19:49:34,692 [INFO] Gathering page 1 of 8
2023-11-02 19:49:34,693 [INFO] 
API call:
https://newsdata.io/api/1/archive?apikey=pub_200592638f3f0a1a0b3548daf92b7304983f8&q=*&domain=michaelwest&language=en&from_date=2023-10-01&to_date=2023-11-01&country=au&page=1698337800114578007
2023-11-02 19:49:36,212 [INFO] Response: 200
2023-11-02 19:49:36,214 [INFO] Gathering page 2 of 8
2023-11-02 19:49:36,219 [INFO] 
API call:
https://newsdata.io/api/1/archive?apikey=pub_200592638f3f0a1a0b3548daf92b7304983f8&q=*&domain=michaelwest&language=en&from_date=2023-10-01&to_date=2023-11-01&country=au&page=1698116546456093274
2023-11-02 19:49:37,563 [INFO] Response: 200
2023-11-02 19:49:37,563 [INFO] Gathering page 3 of 8
2023-11-02 19:49:37,565 [INFO] 
API call:
https://newsdata.io/api/1/archive?apikey=pub_200592638f3f0a1a0b3548daf92b7304983f8&q=*&domain=michaelwest&language=en&from_date=2023-10-01&to_date=2023-11-01&country=au&page=1697704255033053532
2023-11-02 19:49:39,383 [INFO] Response: 200
2023-11-02 19:49:39,384 [INFO] Gathering page 4 of 8
2023-11-02 19:49:39,385 [INFO] 
API call:
https://newsdata.io/api/1/archive?apikey=pub_200592638f3f0a1a0b3548daf92b7304983f8&q=*&domain=michaelwest&language=en&from_date=2023-10-01&to_date=2023-11-01&country=au&page=1697473800627860807
2023-11-02 19:49:40,742 [INFO] Response: 200
2023-11-02 19:49:40,746 [INFO] Gathering page 5 of 8
2023-11-02 19:49:40,751 [INFO] 
API call:
https://newsdata.io/api/1/archive?apikey=pub_200592638f3f0a1a0b3548daf92b7304983f8&q=*&domain=michaelwest&language=en&from_date=2023-10-01&to_date=2023-11-01&country=au&page=1697139047593296442
2023-11-02 19:49:42,157 [INFO] Response: 200
2023-11-02 19:49:42,159 [INFO] Gathering page 6 of 8
2023-11-02 19:49:42,160 [INFO] 
API call:
https://newsdata.io/api/1/archive?apikey=pub_200592638f3f0a1a0b3548daf92b7304983f8&q=*&domain=michaelwest&language=en&from_date=2023-10-01&to_date=2023-11-01&country=au&page=1696648401896392967
2023-11-02 19:49:43,481 [INFO] Response: 200
2023-11-02 19:49:43,482 [INFO] Gathering page 7 of 8
2023-11-02 19:49:43,484 [INFO] 
API call:
https://newsdata.io/api/1/archive?apikey=pub_200592638f3f0a1a0b3548daf92b7304983f8&q=*&domain=michaelwest&language=en&from_date=2023-10-01&to_date=2023-11-01&country=au&page=1696264200400884037
2023-11-02 19:49:44,509 [INFO] Response: 200
2023-11-02 19:49:44,510 [INFO] Gathering page 8 of 8
2023-11-02 19:49:44,513 [INFO] 
Compiling 8 pages of results...
2023-11-02 19:49:44,514 [INFO] All news articles gathered from michaelwest from 2023-10-01 to 2023-11-01!
2023-11-02 19:49:44,514 [INFO] Processing tables...
2023-11-02 19:49:44,565 [INFO] Tables have been processed.
2023-11-02 19:49:44,566 [INFO] 
Pushing results from michaelwest to Google BigQuery database...
2023-11-02 19:49:45,324 [INFO] Dataset dmrc-data.newsdataio already exists
2023-11-02 19:49:45,618 [INFO] Table exists
2023-11-02 19:49:51,757 [INFO] Loaded 11555 rows and 12 columns to dmrc-data.newsdataio.newsdata_oct2023_au
2023-11-02 19:49:52,060 [INFO] Table exists
2023-11-02 19:50:00,147 [INFO] Loaded 11587 rows and 2 columns to dmrc-data.newsdataio.newsdata_oct2023_au_categories
2023-11-02 19:50:00,543 [INFO] Table exists
2023-11-02 19:50:05,439 [INFO] Loaded 27692 rows and 2 columns to dmrc-data.newsdataio.newsdata_oct2023_au_keywords
2023-11-02 19:50:05,741 [INFO] Table exists
2023-11-02 19:50:10,182 [INFO] Loaded 12875 rows and 2 columns to dmrc-data.newsdataio.newsdata_oct2023_au_creators
2023-11-02 19:50:10,182 [INFO] 
-------------------------------------------------------------------------------------------------------
2023-11-02 19:50:10,183 [INFO] Gathering news articles from junkee from 2023-10-01 to 2023-11-01
2023-11-02 19:50:10,183 [INFO] 
API call:
https://newsdata.io/api/1/archive?apikey=pub_200592638f3f0a1a0b3548daf92b7304983f8&q=*&domain=junkee&language=en&from_date=2023-10-01&to_date=2023-11-01&country=au
2023-11-02 19:50:11,897 [INFO] Response: 200
2023-11-02 19:50:11,898 [INFO] Gathering page 1 of 1
2023-11-02 19:50:11,900 [INFO] 
Compiling 1 pages of results...
2023-11-02 19:50:11,901 [INFO] All news articles gathered from junkee from 2023-10-01 to 2023-11-01!
2023-11-02 19:50:11,901 [INFO] Processing tables...
2023-11-02 19:50:11,933 [INFO] Tables have been processed.
2023-11-02 19:50:11,933 [INFO] 
Pushing results from junkee to Google BigQuery database...
2023-11-02 19:50:12,724 [INFO] Dataset dmrc-data.newsdataio already exists
2023-11-02 19:50:13,037 [INFO] Table exists
2023-11-02 19:50:20,999 [INFO] Loaded 11594 rows and 12 columns to dmrc-data.newsdataio.newsdata_oct2023_au
2023-11-02 19:50:21,366 [INFO] Table exists
2023-11-02 19:50:25,897 [INFO] Loaded 11626 rows and 2 columns to dmrc-data.newsdataio.newsdata_oct2023_au_categories
2023-11-02 19:50:26,228 [INFO] Table exists
2023-11-02 19:50:30,162 [INFO] Loaded 27920 rows and 2 columns to dmrc-data.newsdataio.newsdata_oct2023_au_keywords
2023-11-02 19:50:30,482 [INFO] Table exists
2023-11-02 19:50:34,259 [INFO] Loaded 12914 rows and 2 columns to dmrc-data.newsdataio.newsdata_oct2023_au_creators
2023-11-02 19:50:34,259 [INFO] 
-------------------------------------------------------------------------------------------------------
2023-11-02 19:50:34,260 [INFO] Gathering news articles from dailymailuk from 2023-10-01 to 2023-11-01
2023-11-02 19:50:34,260 [INFO] 
API call:
https://newsdata.io/api/1/archive?apikey=pub_200592638f3f0a1a0b3548daf92b7304983f8&q=*&domain=dailymailuk&language=en&from_date=2023-10-01&to_date=2023-11-01&country=au
2023-11-02 19:50:35,731 [INFO] Response: 200
2023-11-02 19:50:35,732 [INFO] Gathering page 1 of 1
2023-11-02 19:50:35,735 [INFO] 
Compiling 1 pages of results...
2023-11-02 19:50:35,735 [INFO] All news articles gathered from dailymailuk from 2023-10-01 to 2023-11-01!
2023-11-02 19:50:35,735 [INFO] Processing tables...
2023-11-02 19:50:35,757 [INFO] Tables have been processed.
2023-11-02 19:50:35,757 [INFO] 
Pushing results from dailymailuk to Google BigQuery database...
2023-11-02 19:50:36,622 [INFO] Dataset dmrc-data.newsdataio already exists
2023-11-02 19:50:36,950 [INFO] Table exists
2023-11-02 19:50:41,553 [INFO] Loaded 11604 rows and 12 columns to dmrc-data.newsdataio.newsdata_oct2023_au
2023-11-02 19:50:41,962 [INFO] Table exists
2023-11-02 19:50:47,530 [INFO] Loaded 11636 rows and 2 columns to dmrc-data.newsdataio.newsdata_oct2023_au_categories
2023-11-02 19:50:47,845 [INFO] Table exists
2023-11-02 19:50:54,180 [INFO] Loaded 27930 rows and 2 columns to dmrc-data.newsdataio.newsdata_oct2023_au_keywords
2023-11-02 19:50:54,514 [INFO] Table exists
2023-11-02 19:51:00,706 [INFO] Loaded 12924 rows and 2 columns to dmrc-data.newsdataio.newsdata_oct2023_au_creators
2023-11-02 19:51:00,706 [INFO] 
-------------------------------------------------------------------------------------------------------
2023-11-02 19:51:00,707 [INFO] Gathering news articles from 6newsau from 2023-10-01 to 2023-11-01
2023-11-02 19:51:00,707 [INFO] 
API call:
https://newsdata.io/api/1/archive?apikey=pub_200592638f3f0a1a0b3548daf92b7304983f8&q=*&domain=6newsau&language=en&from_date=2023-10-01&to_date=2023-11-01&country=au
2023-11-02 19:51:01,857 [INFO] Response: 200
2023-11-02 19:51:01,859 [INFO] Gathering page 1 of 1
2023-11-02 19:51:01,863 [INFO] 
Compiling 1 pages of results...
2023-11-02 19:51:01,864 [INFO] All news articles gathered from 6newsau from 2023-10-01 to 2023-11-01!
2023-11-02 19:51:01,864 [INFO] Processing tables...
2023-11-02 19:51:01,917 [INFO] Tables have been processed.
2023-11-02 19:51:01,918 [INFO] 
Pushing results from 6newsau to Google BigQuery database...
2023-11-02 19:51:02,732 [INFO] Dataset dmrc-data.newsdataio already exists
2023-11-02 19:51:03,090 [INFO] Table exists
2023-11-02 19:51:07,723 [INFO] Loaded 11612 rows and 12 columns to dmrc-data.newsdataio.newsdata_oct2023_au
2023-11-02 19:51:08,031 [INFO] Table exists
2023-11-02 19:51:11,877 [INFO] Loaded 11644 rows and 2 columns to dmrc-data.newsdataio.newsdata_oct2023_au_categories
2023-11-02 19:51:12,238 [INFO] Table exists
2023-11-02 19:51:17,084 [INFO] Loaded 27948 rows and 2 columns to dmrc-data.newsdataio.newsdata_oct2023_au_keywords
2023-11-02 19:51:17,394 [INFO] Table exists
2023-11-02 19:51:21,648 [INFO] Loaded 12932 rows and 2 columns to dmrc-data.newsdataio.newsdata_oct2023_au_creators
2023-11-02 19:51:21,648 [INFO] 
-------------------------------------------------------------------------------------------------------
2023-11-02 19:51:21,648 [INFO] Gathering news articles from news from 2023-10-01 to 2023-11-01
2023-11-02 19:51:21,648 [INFO] 
API call:
https://newsdata.io/api/1/archive?apikey=pub_200592638f3f0a1a0b3548daf92b7304983f8&q=*&domain=news&language=en&from_date=2023-10-01&to_date=2023-11-01&country=au
2023-11-02 19:51:22,900 [INFO] Response: 200
2023-11-02 19:51:22,902 [INFO] Gathering page 1 of 24
2023-11-02 19:51:22,906 [INFO] 
API call:
https://newsdata.io/api/1/archive?apikey=pub_200592638f3f0a1a0b3548daf92b7304983f8&q=*&domain=news&language=en&from_date=2023-10-01&to_date=2023-11-01&country=au&page=1698785880591593316
2023-11-02 19:51:25,440 [INFO] Response: 200
2023-11-02 19:51:25,441 [INFO] Gathering page 2 of 24
2023-11-02 19:51:25,446 [INFO] 
API call:
https://newsdata.io/api/1/archive?apikey=pub_200592638f3f0a1a0b3548daf92b7304983f8&q=*&domain=news&language=en&from_date=2023-10-01&to_date=2023-11-01&country=au&page=1698700980247290388
2023-11-02 19:51:27,137 [INFO] Response: 200
2023-11-02 19:51:27,138 [INFO] Gathering page 3 of 24
2023-11-02 19:51:27,139 [INFO] 
API call:
https://newsdata.io/api/1/archive?apikey=pub_200592638f3f0a1a0b3548daf92b7304983f8&q=*&domain=news&language=en&from_date=2023-10-01&to_date=2023-11-01&country=au&page=1698548280295747981
2023-11-02 19:51:28,523 [INFO] Response: 200
2023-11-02 19:51:28,524 [INFO] Gathering page 4 of 24
2023-11-02 19:51:28,527 [INFO] 
API call:
https://newsdata.io/api/1/archive?apikey=pub_200592638f3f0a1a0b3548daf92b7304983f8&q=*&domain=news&language=en&from_date=2023-10-01&to_date=2023-11-01&country=au&page=1698355440003734933
2023-11-02 19:51:30,231 [INFO] Response: 200
2023-11-02 19:51:30,232 [INFO] Gathering page 5 of 24
2023-11-02 19:51:30,237 [INFO] 
API call:
https://newsdata.io/api/1/archive?apikey=pub_200592638f3f0a1a0b3548daf92b7304983f8&q=*&domain=news&language=en&from_date=2023-10-01&to_date=2023-11-01&country=au&page=1698210540763437208
2023-11-02 19:51:31,165 [INFO] Response: 200
2023-11-02 19:51:31,165 [INFO] Gathering page 6 of 24
2023-11-02 19:51:31,166 [INFO] 
API call:
https://newsdata.io/api/1/archive?apikey=pub_200592638f3f0a1a0b3548daf92b7304983f8&q=*&domain=news&language=en&from_date=2023-10-01&to_date=2023-11-01&country=au&page=1698096780147367271
2023-11-02 19:51:32,097 [INFO] Response: 200
2023-11-02 19:51:32,097 [INFO] Gathering page 7 of 24
2023-11-02 19:51:32,100 [INFO] 
API call:
https://newsdata.io/api/1/archive?apikey=pub_200592638f3f0a1a0b3548daf92b7304983f8&q=*&domain=news&language=en&from_date=2023-10-01&to_date=2023-11-01&country=au&page=1698034200551713274
2023-11-02 19:51:33,048 [INFO] Response: 200
2023-11-02 19:51:33,050 [INFO] Gathering page 8 of 24
2023-11-02 19:51:33,054 [INFO] 
API call:
https://newsdata.io/api/1/archive?apikey=pub_200592638f3f0a1a0b3548daf92b7304983f8&q=*&domain=news&language=en&from_date=2023-10-01&to_date=2023-11-01&country=au&page=1697899150930780319
2023-11-02 19:51:34,050 [INFO] Response: 200
2023-11-02 19:51:34,051 [INFO] Gathering page 9 of 24
2023-11-02 19:51:34,054 [INFO] 
API call:
https://newsdata.io/api/1/archive?apikey=pub_200592638f3f0a1a0b3548daf92b7304983f8&q=*&domain=news&language=en&from_date=2023-10-01&to_date=2023-11-01&country=au&page=1697743800891530190
2023-11-02 19:51:34,965 [INFO] Response: 200
2023-11-02 19:51:34,966 [INFO] Gathering page 10 of 24
2023-11-02 19:51:34,967 [INFO] 
API call:
https://newsdata.io/api/1/archive?apikey=pub_200592638f3f0a1a0b3548daf92b7304983f8&q=*&domain=news&language=en&from_date=2023-10-01&to_date=2023-11-01&country=au&page=1697681880030823159
2023-11-02 19:51:35,997 [INFO] Response: 200
2023-11-02 19:51:35,999 [INFO] Gathering page 11 of 24
2023-11-02 19:51:36,003 [INFO] 
API call:
https://newsdata.io/api/1/archive?apikey=pub_200592638f3f0a1a0b3548daf92b7304983f8&q=*&domain=news&language=en&from_date=2023-10-01&to_date=2023-11-01&country=au&page=1697597511631730156
2023-11-02 19:51:37,006 [INFO] Response: 200
2023-11-02 19:51:37,007 [INFO] Gathering page 12 of 24
2023-11-02 19:51:37,009 [INFO] 
API call:
https://newsdata.io/api/1/archive?apikey=pub_200592638f3f0a1a0b3548daf92b7304983f8&q=*&domain=news&language=en&from_date=2023-10-01&to_date=2023-11-01&country=au&page=1697502780695757769
2023-11-02 19:51:38,290 [INFO] Response: 200
2023-11-02 19:51:38,291 [INFO] Gathering page 13 of 24
2023-11-02 19:51:38,296 [INFO] 
API call:
https://newsdata.io/api/1/archive?apikey=pub_200592638f3f0a1a0b3548daf92b7304983f8&q=*&domain=news&language=en&from_date=2023-10-01&to_date=2023-11-01&country=au&page=1697333280887718827
2023-11-02 19:51:39,304 [INFO] Response: 200
2023-11-02 19:51:39,306 [INFO] Gathering page 14 of 24
2023-11-02 19:51:39,310 [INFO] 
API call:
https://newsdata.io/api/1/archive?apikey=pub_200592638f3f0a1a0b3548daf92b7304983f8&q=*&domain=news&language=en&from_date=2023-10-01&to_date=2023-11-01&country=au&page=1697159100965151398
2023-11-02 19:51:40,407 [INFO] Response: 200
2023-11-02 19:51:40,408 [INFO] Gathering page 15 of 24
2023-11-02 19:51:40,413 [INFO] 
API call:
https://newsdata.io/api/1/archive?apikey=pub_200592638f3f0a1a0b3548daf92b7304983f8&q=*&domain=news&language=en&from_date=2023-10-01&to_date=2023-11-01&country=au&page=1697061900095397918
2023-11-02 19:51:41,322 [INFO] Response: 200
2023-11-02 19:51:41,323 [INFO] Gathering page 16 of 24
2023-11-02 19:51:41,324 [INFO] 
API call:
https://newsdata.io/api/1/archive?apikey=pub_200592638f3f0a1a0b3548daf92b7304983f8&q=*&domain=news&language=en&from_date=2023-10-01&to_date=2023-11-01&country=au&page=1696928280060390755
2023-11-02 19:51:42,232 [INFO] Response: 200
2023-11-02 19:51:42,233 [INFO] Gathering page 17 of 24
2023-11-02 19:51:42,238 [INFO] 
API call:
https://newsdata.io/api/1/archive?apikey=pub_200592638f3f0a1a0b3548daf92b7304983f8&q=*&domain=news&language=en&from_date=2023-10-01&to_date=2023-11-01&country=au&page=1696867995554570414
2023-11-02 19:51:43,392 [INFO] Response: 200
2023-11-02 19:51:43,394 [INFO] Gathering page 18 of 24
2023-11-02 19:51:43,398 [INFO] 
API call:
https://newsdata.io/api/1/archive?apikey=pub_200592638f3f0a1a0b3548daf92b7304983f8&q=*&domain=news&language=en&from_date=2023-10-01&to_date=2023-11-01&country=au&page=1696710960017097150
2023-11-02 19:51:46,495 [INFO] Response: 200
2023-11-02 19:51:46,495 [INFO] Gathering page 19 of 24
2023-11-02 19:51:46,497 [INFO] 
API call:
https://newsdata.io/api/1/archive?apikey=pub_200592638f3f0a1a0b3548daf92b7304983f8&q=*&domain=news&language=en&from_date=2023-10-01&to_date=2023-11-01&country=au&page=1696568940623723561
2023-11-02 19:51:47,950 [INFO] Response: 200
2023-11-02 19:51:47,950 [INFO] Gathering page 20 of 24
2023-11-02 19:51:47,952 [INFO] 
API call:
https://newsdata.io/api/1/archive?apikey=pub_200592638f3f0a1a0b3548daf92b7304983f8&q=*&domain=news&language=en&from_date=2023-10-01&to_date=2023-11-01&country=au&page=1696496640745918197
2023-11-02 19:51:49,694 [INFO] Response: 200
2023-11-02 19:51:49,696 [INFO] Gathering page 21 of 24
2023-11-02 19:51:49,699 [INFO] 
API call:
https://newsdata.io/api/1/archive?apikey=pub_200592638f3f0a1a0b3548daf92b7304983f8&q=*&domain=news&language=en&from_date=2023-10-01&to_date=2023-11-01&country=au&page=1696327989711780174
2023-11-02 19:51:51,073 [INFO] Response: 200
2023-11-02 19:51:51,073 [INFO] Gathering page 22 of 24
2023-11-02 19:51:51,075 [INFO] 
API call:
https://newsdata.io/api/1/archive?apikey=pub_200592638f3f0a1a0b3548daf92b7304983f8&q=*&domain=news&language=en&from_date=2023-10-01&to_date=2023-11-01&country=au&page=1696222980947498344
2023-11-02 19:51:53,166 [INFO] Response: 200
2023-11-02 19:51:53,167 [INFO] Gathering page 23 of 24
2023-11-02 19:51:53,169 [INFO] 
API call:
https://newsdata.io/api/1/archive?apikey=pub_200592638f3f0a1a0b3548daf92b7304983f8&q=*&domain=news&language=en&from_date=2023-10-01&to_date=2023-11-01&country=au&page=1696123080199731248
2023-11-02 19:51:53,983 [INFO] Response: 200
2023-11-02 19:51:53,984 [INFO] Gathering page 24 of 24
2023-11-02 19:51:53,986 [INFO] 
Compiling 24 pages of results...
2023-11-02 19:51:53,991 [INFO] All news articles gathered from news from 2023-10-01 to 2023-11-01!
2023-11-02 19:51:53,992 [INFO] Processing tables...
2023-11-02 19:51:54,100 [INFO] Tables have been processed.
2023-11-02 19:51:54,100 [INFO] 
Pushing results from news to Google BigQuery database...
2023-11-02 19:51:54,926 [INFO] Dataset dmrc-data.newsdataio already exists
2023-11-02 19:51:55,265 [INFO] Table exists
2023-11-02 19:52:03,844 [INFO] Loaded 12765 rows and 12 columns to dmrc-data.newsdataio.newsdata_oct2023_au
2023-11-02 19:52:04,184 [INFO] Table exists
2023-11-02 19:52:09,147 [INFO] Loaded 12797 rows and 2 columns to dmrc-data.newsdataio.newsdata_oct2023_au_categories
2023-11-02 19:52:09,590 [INFO] Table exists
2023-11-02 19:52:13,764 [INFO] Loaded 29101 rows and 2 columns to dmrc-data.newsdataio.newsdata_oct2023_au_keywords
2023-11-02 19:52:14,072 [INFO] Table exists
2023-11-02 19:52:19,193 [INFO] Loaded 14085 rows and 2 columns to dmrc-data.newsdataio.newsdata_oct2023_au_creators
2023-11-02 19:52:19,194 [INFO] 
-------------------------------------------------------------------------------------------------------
2023-11-02 19:52:19,196 [INFO] Gathering news articles from heraldsun from 2023-10-01 to 2023-11-01
2023-11-02 19:52:19,197 [INFO] 
API call:
https://newsdata.io/api/1/archive?apikey=pub_200592638f3f0a1a0b3548daf92b7304983f8&q=*&domain=heraldsun&language=en&from_date=2023-10-01&to_date=2023-11-01&country=au
2023-11-02 19:52:20,756 [INFO] Response: 200
2023-11-02 19:52:20,757 [INFO] Gathering page 1 of 19
2023-11-02 19:52:20,758 [INFO] 
API call:
https://newsdata.io/api/1/archive?apikey=pub_200592638f3f0a1a0b3548daf92b7304983f8&q=*&domain=heraldsun&language=en&from_date=2023-10-01&to_date=2023-11-01&country=au&page=1698712518155750587
2023-11-02 19:52:22,850 [INFO] Response: 200
2023-11-02 19:52:22,851 [INFO] Gathering page 2 of 19
2023-11-02 19:52:22,852 [INFO] 
API call:
https://newsdata.io/api/1/archive?apikey=pub_200592638f3f0a1a0b3548daf92b7304983f8&q=*&domain=heraldsun&language=en&from_date=2023-10-01&to_date=2023-11-01&country=au&page=1698474288116380418
2023-11-02 19:52:23,994 [INFO] Response: 200
2023-11-02 19:52:23,996 [INFO] Gathering page 3 of 19
2023-11-02 19:52:23,999 [INFO] 
API call:
https://newsdata.io/api/1/archive?apikey=pub_200592638f3f0a1a0b3548daf92b7304983f8&q=*&domain=heraldsun&language=en&from_date=2023-10-01&to_date=2023-11-01&country=au&page=1698226200319770715
2023-11-02 19:52:25,307 [INFO] Response: 200
2023-11-02 19:52:25,308 [INFO] Gathering page 4 of 19
2023-11-02 19:52:25,318 [INFO] 
API call:
https://newsdata.io/api/1/archive?apikey=pub_200592638f3f0a1a0b3548daf92b7304983f8&q=*&domain=heraldsun&language=en&from_date=2023-10-01&to_date=2023-11-01&country=au&page=1698127990751727802
2023-11-02 19:52:26,303 [INFO] Response: 200
2023-11-02 19:52:26,304 [INFO] Gathering page 5 of 19
2023-11-02 19:52:26,310 [INFO] 
API call:
https://newsdata.io/api/1/archive?apikey=pub_200592638f3f0a1a0b3548daf92b7304983f8&q=*&domain=heraldsun&language=en&from_date=2023-10-01&to_date=2023-11-01&country=au&page=1698021360107351864
2023-11-02 19:52:27,249 [INFO] Response: 200
2023-11-02 19:52:27,250 [INFO] Gathering page 6 of 19
2023-11-02 19:52:27,251 [INFO] 
API call:
https://newsdata.io/api/1/archive?apikey=pub_200592638f3f0a1a0b3548daf92b7304983f8&q=*&domain=heraldsun&language=en&from_date=2023-10-01&to_date=2023-11-01&country=au&page=1697821990583892270
2023-11-02 19:52:29,118 [INFO] Response: 200
2023-11-02 19:52:29,118 [INFO] Gathering page 7 of 19
2023-11-02 19:52:29,120 [INFO] 
API call:
https://newsdata.io/api/1/archive?apikey=pub_200592638f3f0a1a0b3548daf92b7304983f8&q=*&domain=heraldsun&language=en&from_date=2023-10-01&to_date=2023-11-01&country=au&page=1697762285234953660
2023-11-02 19:52:30,452 [INFO] Response: 200
2023-11-02 19:52:30,454 [INFO] Gathering page 8 of 19
2023-11-02 19:52:30,458 [INFO] 
API call:
https://newsdata.io/api/1/archive?apikey=pub_200592638f3f0a1a0b3548daf92b7304983f8&q=*&domain=heraldsun&language=en&from_date=2023-10-01&to_date=2023-11-01&country=au&page=1697668750647982104
2023-11-02 19:52:32,051 [INFO] Response: 200
2023-11-02 19:52:32,051 [INFO] Gathering page 9 of 19
2023-11-02 19:52:32,052 [INFO] 
API call:
https://newsdata.io/api/1/archive?apikey=pub_200592638f3f0a1a0b3548daf92b7304983f8&q=*&domain=heraldsun&language=en&from_date=2023-10-01&to_date=2023-11-01&country=au&page=1697446860942548075
2023-11-02 19:52:33,139 [INFO] Response: 200
2023-11-02 19:52:33,140 [INFO] Gathering page 10 of 19
2023-11-02 19:52:33,142 [INFO] 
API call:
https://newsdata.io/api/1/archive?apikey=pub_200592638f3f0a1a0b3548daf92b7304983f8&q=*&domain=heraldsun&language=en&from_date=2023-10-01&to_date=2023-11-01&country=au&page=1697218750797690008
2023-11-02 19:52:34,307 [INFO] Response: 200
2023-11-02 19:52:34,307 [INFO] Gathering page 11 of 19
2023-11-02 19:52:34,309 [INFO] 
API call:
https://newsdata.io/api/1/archive?apikey=pub_200592638f3f0a1a0b3548daf92b7304983f8&q=*&domain=heraldsun&language=en&from_date=2023-10-01&to_date=2023-11-01&country=au&page=1697122331967748530
2023-11-02 19:52:36,069 [INFO] Response: 200
2023-11-02 19:52:36,070 [INFO] Gathering page 12 of 19
2023-11-02 19:52:36,071 [INFO] 
API call:
https://newsdata.io/api/1/archive?apikey=pub_200592638f3f0a1a0b3548daf92b7304983f8&q=*&domain=heraldsun&language=en&from_date=2023-10-01&to_date=2023-11-01&country=au&page=1697047989646902571
2023-11-02 19:52:37,549 [INFO] Response: 200
2023-11-02 19:52:37,549 [INFO] Gathering page 13 of 19
2023-11-02 19:52:37,551 [INFO] 
API call:
https://newsdata.io/api/1/archive?apikey=pub_200592638f3f0a1a0b3548daf92b7304983f8&q=*&domain=heraldsun&language=en&from_date=2023-10-01&to_date=2023-11-01&country=au&page=1696999492915742682
2023-11-02 19:52:38,625 [INFO] Response: 200
2023-11-02 19:52:38,625 [INFO] Gathering page 14 of 19
2023-11-02 19:52:38,627 [INFO] 
API call:
https://newsdata.io/api/1/archive?apikey=pub_200592638f3f0a1a0b3548daf92b7304983f8&q=*&domain=heraldsun&language=en&from_date=2023-10-01&to_date=2023-11-01&country=au&page=1696815549887744648
2023-11-02 19:52:39,999 [INFO] Response: 200
2023-11-02 19:52:40,000 [INFO] Gathering page 15 of 19
2023-11-02 19:52:40,003 [INFO] 
API call:
https://newsdata.io/api/1/archive?apikey=pub_200592638f3f0a1a0b3548daf92b7304983f8&q=*&domain=heraldsun&language=en&from_date=2023-10-01&to_date=2023-11-01&country=au&page=1696748481400049876
2023-11-02 19:52:41,548 [INFO] Response: 200
2023-11-02 19:52:41,548 [INFO] Gathering page 16 of 19
2023-11-02 19:52:41,550 [INFO] 
API call:
https://newsdata.io/api/1/archive?apikey=pub_200592638f3f0a1a0b3548daf92b7304983f8&q=*&domain=heraldsun&language=en&from_date=2023-10-01&to_date=2023-11-01&country=au&page=1696572360183616484
2023-11-02 19:52:42,529 [INFO] Response: 200
2023-11-02 19:52:42,530 [INFO] Gathering page 17 of 19
2023-11-02 19:52:42,532 [INFO] 
API call:
https://newsdata.io/api/1/archive?apikey=pub_200592638f3f0a1a0b3548daf92b7304983f8&q=*&domain=heraldsun&language=en&from_date=2023-10-01&to_date=2023-11-01&country=au&page=1696500788513719979
2023-11-02 19:52:43,973 [INFO] Response: 200
2023-11-02 19:52:43,974 [INFO] Gathering page 18 of 19
2023-11-02 19:52:43,975 [INFO] 
API call:
https://newsdata.io/api/1/archive?apikey=pub_200592638f3f0a1a0b3548daf92b7304983f8&q=*&domain=heraldsun&language=en&from_date=2023-10-01&to_date=2023-11-01&country=au&page=1696307040164435629
2023-11-02 19:52:46,268 [INFO] Response: 200
2023-11-02 19:52:46,269 [INFO] Gathering page 19 of 19
2023-11-02 19:52:46,273 [INFO] 
Compiling 19 pages of results...
2023-11-02 19:52:46,283 [INFO] All news articles gathered from heraldsun from 2023-10-01 to 2023-11-01!
2023-11-02 19:52:46,283 [INFO] Processing tables...
2023-11-02 19:52:46,350 [INFO] Tables have been processed.
2023-11-02 19:52:46,350 [INFO] 
Pushing results from heraldsun to Google BigQuery database...
2023-11-02 19:52:47,328 [INFO] Dataset dmrc-data.newsdataio already exists
2023-11-02 19:52:47,627 [INFO] Table exists
2023-11-02 19:52:52,999 [INFO] Loaded 13710 rows and 12 columns to dmrc-data.newsdataio.newsdata_oct2023_au
2023-11-02 19:52:53,317 [INFO] Table exists
2023-11-02 19:52:57,705 [INFO] Loaded 13861 rows and 2 columns to dmrc-data.newsdataio.newsdata_oct2023_au_categories
2023-11-02 19:52:58,066 [INFO] Table exists
2023-11-02 19:53:03,544 [INFO] Loaded 30822 rows and 2 columns to dmrc-data.newsdataio.newsdata_oct2023_au_keywords
2023-11-02 19:53:03,865 [INFO] Table exists
2023-11-02 19:53:08,832 [INFO] Loaded 15030 rows and 2 columns to dmrc-data.newsdataio.newsdata_oct2023_au_creators
2023-11-02 19:53:08,832 [INFO] 
-------------------------------------------------------------------------------------------------------
2023-11-02 19:53:08,833 [INFO] Gathering news articles from theaustralian from 2023-10-01 to 2023-11-01
2023-11-02 19:53:08,833 [INFO] 
API call:
https://newsdata.io/api/1/archive?apikey=pub_200592638f3f0a1a0b3548daf92b7304983f8&q=*&domain=theaustralian&language=en&from_date=2023-10-01&to_date=2023-11-01&country=au
2023-11-02 19:53:10,461 [INFO] Response: 200
2023-11-02 19:53:10,462 [INFO] Gathering page 1 of 4
2023-11-02 19:53:10,466 [INFO] 
API call:
https://newsdata.io/api/1/archive?apikey=pub_200592638f3f0a1a0b3548daf92b7304983f8&q=*&domain=theaustralian&language=en&from_date=2023-10-01&to_date=2023-11-01&country=au&page=1696528800527033519
2023-11-02 19:53:11,749 [INFO] Response: 200
2023-11-02 19:53:11,749 [INFO] Gathering page 2 of 4
2023-11-02 19:53:11,751 [INFO] 
API call:
https://newsdata.io/api/1/archive?apikey=pub_200592638f3f0a1a0b3548daf92b7304983f8&q=*&domain=theaustralian&language=en&from_date=2023-10-01&to_date=2023-11-01&country=au&page=1696393800515776471
2023-11-02 19:53:13,374 [INFO] Response: 200
2023-11-02 19:53:13,375 [INFO] Gathering page 3 of 4
2023-11-02 19:53:13,381 [INFO] 
API call:
https://newsdata.io/api/1/archive?apikey=pub_200592638f3f0a1a0b3548daf92b7304983f8&q=*&domain=theaustralian&language=en&from_date=2023-10-01&to_date=2023-11-01&country=au&page=1696179600095822927
2023-11-02 19:53:14,889 [INFO] Response: 200
2023-11-02 19:53:14,891 [INFO] Gathering page 4 of 4
2023-11-02 19:53:14,895 [INFO] 
Compiling 4 pages of results...
2023-11-02 19:53:14,896 [INFO] All news articles gathered from theaustralian from 2023-10-01 to 2023-11-01!
2023-11-02 19:53:14,896 [INFO] Processing tables...
2023-11-02 19:53:14,936 [INFO] Tables have been processed.
2023-11-02 19:53:14,936 [INFO] 
Pushing results from theaustralian to Google BigQuery database...
2023-11-02 19:53:16,163 [INFO] Dataset dmrc-data.newsdataio already exists
2023-11-02 19:53:16,479 [INFO] Table exists
2023-11-02 19:53:21,686 [INFO] Loaded 13864 rows and 12 columns to dmrc-data.newsdataio.newsdata_oct2023_au
2023-11-02 19:53:22,019 [INFO] Table exists
2023-11-02 19:53:26,603 [INFO] Loaded 14015 rows and 2 columns to dmrc-data.newsdataio.newsdata_oct2023_au_categories
2023-11-02 19:53:26,912 [INFO] Table exists
2023-11-02 19:53:31,635 [INFO] Loaded 31195 rows and 2 columns to dmrc-data.newsdataio.newsdata_oct2023_au_keywords
2023-11-02 19:53:31,941 [INFO] Table exists
2023-11-02 19:53:36,005 [INFO] Loaded 15184 rows and 2 columns to dmrc-data.newsdataio.newsdata_oct2023_au_creators
2023-11-02 19:53:36,005 [INFO] 
-------------------------------------------------------------------------------------------------------
2023-11-02 19:53:36,005 [INFO] Gathering news articles from thesaturdaypaper from 2023-10-01 to 2023-11-01
2023-11-02 19:53:36,005 [INFO] 
API call:
https://newsdata.io/api/1/archive?apikey=pub_200592638f3f0a1a0b3548daf92b7304983f8&q=*&domain=thesaturdaypaper&language=en&from_date=2023-10-01&to_date=2023-11-01&country=au
2023-11-02 19:53:38,317 [INFO] Response: 200
2023-11-02 19:53:38,319 [INFO] Gathering page 1 of 1
2023-11-02 19:53:38,321 [INFO] 
Compiling 1 pages of results...
2023-11-02 19:53:38,321 [INFO] All news articles gathered from thesaturdaypaper from 2023-10-01 to 2023-11-01!
2023-11-02 19:53:38,321 [INFO] Processing tables...
2023-11-02 19:53:38,372 [INFO] Tables have been processed.
2023-11-02 19:53:38,372 [INFO] 
Pushing results from thesaturdaypaper to Google BigQuery database...
2023-11-02 19:53:39,157 [INFO] Dataset dmrc-data.newsdataio already exists
2023-11-02 19:53:39,471 [INFO] Table exists
2023-11-02 19:53:44,307 [INFO] Loaded 13894 rows and 12 columns to dmrc-data.newsdataio.newsdata_oct2023_au
2023-11-02 19:53:44,616 [INFO] Table exists
2023-11-02 19:53:50,773 [INFO] Loaded 14045 rows and 2 columns to dmrc-data.newsdataio.newsdata_oct2023_au_categories
2023-11-02 19:53:51,046 [INFO] Table exists
2023-11-02 19:53:55,307 [INFO] Loaded 31225 rows and 2 columns to dmrc-data.newsdataio.newsdata_oct2023_au_keywords
2023-11-02 19:53:55,579 [INFO] Table exists
2023-11-02 19:54:00,323 [INFO] Loaded 15214 rows and 2 columns to dmrc-data.newsdataio.newsdata_oct2023_au_creators
2023-11-02 19:54:00,323 [INFO] 
-------------------------------------------------------------------------------------------------------
2023-11-02 19:54:00,323 [INFO] Gathering news articles from theklaxon from 2023-10-01 to 2023-11-01
2023-11-02 19:54:00,325 [INFO] 
API call:
https://newsdata.io/api/1/archive?apikey=pub_200592638f3f0a1a0b3548daf92b7304983f8&q=*&domain=theklaxon&language=en&from_date=2023-10-01&to_date=2023-11-01&country=au
2023-11-02 19:54:02,869 [INFO] Response: 200
2023-11-02 19:54:02,870 [INFO] Gathering page 1 of 1
2023-11-02 19:54:02,873 [INFO] 
Compiling 1 pages of results...
2023-11-02 19:54:02,873 [INFO] All news articles gathered from theklaxon from 2023-10-01 to 2023-11-01!
2023-11-02 19:54:02,874 [INFO] Processing tables...
2023-11-02 19:54:02,899 [INFO] Tables have been processed.
2023-11-02 19:54:02,899 [INFO] 
Pushing results from theklaxon to Google BigQuery database...
2023-11-02 19:54:03,728 [INFO] Dataset dmrc-data.newsdataio already exists
2023-11-02 19:54:04,006 [INFO] Table exists
2023-11-02 19:54:11,672 [INFO] Loaded 13903 rows and 12 columns to dmrc-data.newsdataio.newsdata_oct2023_au
2023-11-02 19:54:12,011 [INFO] Table exists
2023-11-02 19:54:19,121 [INFO] Loaded 14054 rows and 2 columns to dmrc-data.newsdataio.newsdata_oct2023_au_categories
2023-11-02 19:54:19,463 [INFO] Table exists
2023-11-02 19:54:24,010 [INFO] Loaded 31375 rows and 2 columns to dmrc-data.newsdataio.newsdata_oct2023_au_keywords
2023-11-02 19:54:24,407 [INFO] Table exists
2023-11-02 19:54:31,354 [INFO] Loaded 15223 rows and 2 columns to dmrc-data.newsdataio.newsdata_oct2023_au_creators
2023-11-02 19:54:31,355 [INFO] 
-------------------------------------------------------------------------------------------------------
2023-11-02 19:54:31,355 [INFO] Gathering news articles from redflag from 2023-10-01 to 2023-11-01
2023-11-02 19:54:31,355 [INFO] 
API call:
https://newsdata.io/api/1/archive?apikey=pub_200592638f3f0a1a0b3548daf92b7304983f8&q=*&domain=redflag&language=en&from_date=2023-10-01&to_date=2023-11-01&country=au
2023-11-02 19:54:32,088 [INFO] Response: 422
2023-11-02 19:54:32,089 [INFO] Domain redflag does not exist in the NewsdataIO database. Moving to next keyword.
2023-11-02 19:54:32,089 [INFO] 
Gather complete!
