2024-03-22 18:33:37,728 [INFO] Starting News Gatherer
2024-03-22 18:33:37,728 [INFO] Collecting news content from 36 domains.
2024-03-22 18:33:37,729 [INFO] 
-------------------------------------------------------------------------------------------------------
2024-03-22 18:33:37,729 [INFO] Gathering news articles from 7news from 2024-03-10 to 2024-03-17
2024-03-22 18:33:37,729 [INFO] 
API call:
https://newsdata.io/api/1/archive?apikey=pub_200592638f3f0a1a0b3548daf92b7304983f8&q=*&domain=7news&language=en&from_date=2024-03-10&to_date=2024-03-17&country=au
2024-03-22 18:33:39,528 [INFO] Response: 200
2024-03-22 18:33:39,529 [INFO] Gathering page 1 of 10
2024-03-22 18:33:39,531 [INFO] 
API call:
https://newsdata.io/api/1/archive?apikey=pub_200592638f3f0a1a0b3548daf92b7304983f8&q=*&domain=7news&language=en&from_date=2024-03-10&to_date=2024-03-17&country=au&page=1710549451671839634
2024-03-22 18:33:41,020 [INFO] Response: 200
2024-03-22 18:33:41,021 [INFO] Gathering page 2 of 10
2024-03-22 18:33:41,022 [INFO] 
API call:
https://newsdata.io/api/1/archive?apikey=pub_200592638f3f0a1a0b3548daf92b7304983f8&q=*&domain=7news&language=en&from_date=2024-03-10&to_date=2024-03-17&country=au&page=1710468489436014316
2024-03-22 18:33:42,342 [INFO] Response: 200
2024-03-22 18:33:42,343 [INFO] Gathering page 3 of 10
2024-03-22 18:33:42,344 [INFO] 
API call:
https://newsdata.io/api/1/archive?apikey=pub_200592638f3f0a1a0b3548daf92b7304983f8&q=*&domain=7news&language=en&from_date=2024-03-10&to_date=2024-03-17&country=au&page=1710406168271700221
2024-03-22 18:33:43,653 [INFO] Response: 200
2024-03-22 18:33:43,654 [INFO] Gathering page 4 of 10
2024-03-22 18:33:43,655 [INFO] 
API call:
https://newsdata.io/api/1/archive?apikey=pub_200592638f3f0a1a0b3548daf92b7304983f8&q=*&domain=7news&language=en&from_date=2024-03-10&to_date=2024-03-17&country=au&page=1710371026718543301
2024-03-22 18:33:44,923 [INFO] Response: 200
2024-03-22 18:33:44,923 [INFO] Gathering page 5 of 10
2024-03-22 18:33:44,924 [INFO] 
API call:
https://newsdata.io/api/1/archive?apikey=pub_200592638f3f0a1a0b3548daf92b7304983f8&q=*&domain=7news&language=en&from_date=2024-03-10&to_date=2024-03-17&country=au&page=1710291666728257442
2024-03-22 18:33:46,169 [INFO] Response: 200
2024-03-22 18:33:46,170 [INFO] Gathering page 6 of 10
2024-03-22 18:33:46,171 [INFO] 
API call:
https://newsdata.io/api/1/archive?apikey=pub_200592638f3f0a1a0b3548daf92b7304983f8&q=*&domain=7news&language=en&from_date=2024-03-10&to_date=2024-03-17&country=au&page=1710226126372651663
2024-03-22 18:33:47,482 [INFO] Response: 200
2024-03-22 18:33:47,485 [INFO] Gathering page 7 of 10
2024-03-22 18:33:47,485 [INFO] 
API call:
https://newsdata.io/api/1/archive?apikey=pub_200592638f3f0a1a0b3548daf92b7304983f8&q=*&domain=7news&language=en&from_date=2024-03-10&to_date=2024-03-17&country=au&page=1710192662953138665
2024-03-22 18:33:48,764 [INFO] Response: 200
2024-03-22 18:33:48,764 [INFO] Gathering page 8 of 10
2024-03-22 18:33:48,765 [INFO] 
API call:
https://newsdata.io/api/1/archive?apikey=pub_200592638f3f0a1a0b3548daf92b7304983f8&q=*&domain=7news&language=en&from_date=2024-03-10&to_date=2024-03-17&country=au&page=1710124513151200825
2024-03-22 18:33:50,008 [INFO] Response: 200
2024-03-22 18:33:50,009 [INFO] Gathering page 9 of 10
2024-03-22 18:33:50,010 [INFO] 
API call:
https://newsdata.io/api/1/archive?apikey=pub_200592638f3f0a1a0b3548daf92b7304983f8&q=*&domain=7news&language=en&from_date=2024-03-10&to_date=2024-03-17&country=au&page=1710048261878896866
2024-03-22 18:33:50,990 [INFO] Response: 200
2024-03-22 18:33:50,990 [INFO] Gathering page 10 of 10
2024-03-22 18:33:50,991 [INFO] 
Compiling 10 pages of results...
2024-03-22 18:33:50,993 [INFO] All news articles gathered from 7news from 2024-03-10 to 2024-03-17!
2024-03-22 18:33:50,993 [INFO] Processing tables...
2024-03-22 18:33:51,085 [INFO] Tables have been processed.
2024-03-22 18:33:51,085 [INFO] 
Pushing results from 7news to Google BigQuery database...
2024-03-22 18:33:52,354 [INFO] Dataset dmrc-data.newsdataio_2024 already exists
2024-03-22 18:33:52,714 [INFO] Table exists
2024-03-22 18:34:02,261 [INFO] Loaded 199436 rows and 12 columns to dmrc-data.newsdataio_2024.newsdata_nov2023_au
2024-03-22 18:34:02,617 [INFO] Table exists
2024-03-22 18:34:10,574 [INFO] Loaded 223394 rows and 2 columns to dmrc-data.newsdataio_2024.newsdata_nov2023_au_categories
2024-03-22 18:34:10,914 [INFO] Table exists
2024-03-22 18:34:19,093 [INFO] Loaded 438076 rows and 2 columns to dmrc-data.newsdataio_2024.newsdata_nov2023_au_keywords
2024-03-22 18:34:19,477 [INFO] Table exists
2024-03-22 18:34:24,621 [INFO] Loaded 240839 rows and 2 columns to dmrc-data.newsdataio_2024.newsdata_nov2023_au_creators
2024-03-22 18:34:24,622 [INFO] 
-------------------------------------------------------------------------------------------------------
2024-03-22 18:34:24,622 [INFO] Gathering news articles from skynewsau from 2024-03-10 to 2024-03-17
2024-03-22 18:34:24,622 [INFO] 
API call:
https://newsdata.io/api/1/archive?apikey=pub_200592638f3f0a1a0b3548daf92b7304983f8&q=*&domain=skynewsau&language=en&from_date=2024-03-10&to_date=2024-03-17&country=au
2024-03-22 18:34:25,398 [INFO] Response: 200
2024-03-22 18:34:25,398 [INFO] Gathering page 1 of 0
2024-03-22 18:34:25,400 [INFO] No results for skynewsau during your specified timeframe!
2024-03-22 18:34:25,400 [INFO] 
-------------------------------------------------------------------------------------------------------
2024-03-22 18:34:25,400 [INFO] Gathering news articles from sbs from 2024-03-10 to 2024-03-17
2024-03-22 18:34:25,401 [INFO] 
API call:
https://newsdata.io/api/1/archive?apikey=pub_200592638f3f0a1a0b3548daf92b7304983f8&q=*&domain=sbs&language=en&from_date=2024-03-10&to_date=2024-03-17&country=au
2024-03-22 18:34:26,785 [INFO] Response: 200
2024-03-22 18:34:26,786 [INFO] Gathering page 1 of 2
2024-03-22 18:34:26,787 [INFO] 
API call:
https://newsdata.io/api/1/archive?apikey=pub_200592638f3f0a1a0b3548daf92b7304983f8&q=*&domain=sbs&language=en&from_date=2024-03-10&to_date=2024-03-17&country=au&page=1710297412616954592
2024-03-22 18:34:28,548 [INFO] Response: 200
2024-03-22 18:34:28,549 [INFO] Gathering page 2 of 2
2024-03-22 18:34:28,550 [INFO] 
Compiling 2 pages of results...
2024-03-22 18:34:28,550 [INFO] All news articles gathered from sbs from 2024-03-10 to 2024-03-17!
2024-03-22 18:34:28,550 [INFO] Processing tables...
2024-03-22 18:34:28,580 [INFO] Tables have been processed.
2024-03-22 18:34:28,581 [INFO] 
Pushing results from sbs to Google BigQuery database...
2024-03-22 18:34:29,451 [INFO] Dataset dmrc-data.newsdataio_2024 already exists
2024-03-22 18:34:29,778 [INFO] Table exists
2024-03-22 18:34:35,804 [INFO] Loaded 199524 rows and 12 columns to dmrc-data.newsdataio_2024.newsdata_nov2023_au
2024-03-22 18:34:36,141 [INFO] Table exists
2024-03-22 18:34:41,523 [INFO] Loaded 223482 rows and 2 columns to dmrc-data.newsdataio_2024.newsdata_nov2023_au_categories
2024-03-22 18:34:41,859 [INFO] Table exists
2024-03-22 18:34:47,556 [INFO] Loaded 438223 rows and 2 columns to dmrc-data.newsdataio_2024.newsdata_nov2023_au_keywords
2024-03-22 18:34:47,890 [INFO] Table exists
2024-03-22 18:34:56,456 [INFO] Loaded 240927 rows and 2 columns to dmrc-data.newsdataio_2024.newsdata_nov2023_au_creators
2024-03-22 18:34:56,457 [INFO] 
-------------------------------------------------------------------------------------------------------
2024-03-22 18:34:56,457 [INFO] Gathering news articles from reneweconomy from 2024-03-10 to 2024-03-17
2024-03-22 18:34:56,457 [INFO] 
API call:
https://newsdata.io/api/1/archive?apikey=pub_200592638f3f0a1a0b3548daf92b7304983f8&q=*&domain=reneweconomy&language=en&from_date=2024-03-10&to_date=2024-03-17&country=au
2024-03-22 18:34:57,480 [INFO] Response: 200
2024-03-22 18:34:57,481 [INFO] Gathering page 1 of 1
2024-03-22 18:34:57,482 [INFO] 
Compiling 1 pages of results...
2024-03-22 18:34:57,482 [INFO] All news articles gathered from reneweconomy from 2024-03-10 to 2024-03-17!
2024-03-22 18:34:57,483 [INFO] Processing tables...
2024-03-22 18:34:57,499 [INFO] Tables have been processed.
2024-03-22 18:34:57,499 [INFO] 
Pushing results from reneweconomy to Google BigQuery database...
2024-03-22 18:34:58,252 [INFO] Dataset dmrc-data.newsdataio_2024 already exists
2024-03-22 18:34:58,586 [INFO] Table exists
2024-03-22 18:35:04,385 [INFO] Loaded 199560 rows and 12 columns to dmrc-data.newsdataio_2024.newsdata_nov2023_au
2024-03-22 18:35:04,718 [INFO] Table exists
2024-03-22 18:35:09,738 [INFO] Loaded 223518 rows and 2 columns to dmrc-data.newsdataio_2024.newsdata_nov2023_au_categories
2024-03-22 18:35:10,064 [INFO] Table exists
2024-03-22 18:35:15,224 [INFO] Loaded 438353 rows and 2 columns to dmrc-data.newsdataio_2024.newsdata_nov2023_au_keywords
2024-03-22 18:35:15,564 [INFO] Table exists
2024-03-22 18:35:20,121 [INFO] Loaded 240963 rows and 2 columns to dmrc-data.newsdataio_2024.newsdata_nov2023_au_creators
2024-03-22 18:35:20,122 [INFO] 
-------------------------------------------------------------------------------------------------------
2024-03-22 18:35:20,122 [INFO] Gathering news articles from womensagenda from 2024-03-10 to 2024-03-17
2024-03-22 18:35:20,122 [INFO] 
API call:
https://newsdata.io/api/1/archive?apikey=pub_200592638f3f0a1a0b3548daf92b7304983f8&q=*&domain=womensagenda&language=en&from_date=2024-03-10&to_date=2024-03-17&country=au
2024-03-22 18:35:21,533 [INFO] Response: 200
2024-03-22 18:35:21,537 [INFO] Gathering page 1 of 1
2024-03-22 18:35:21,538 [INFO] 
Compiling 1 pages of results...
2024-03-22 18:35:21,538 [INFO] All news articles gathered from womensagenda from 2024-03-10 to 2024-03-17!
2024-03-22 18:35:21,538 [INFO] Processing tables...
2024-03-22 18:35:21,565 [INFO] Tables have been processed.
2024-03-22 18:35:21,565 [INFO] 
Pushing results from womensagenda to Google BigQuery database...
2024-03-22 18:35:22,359 [INFO] Dataset dmrc-data.newsdataio_2024 already exists
2024-03-22 18:35:22,690 [INFO] Table exists
2024-03-22 18:35:27,913 [INFO] Loaded 199602 rows and 12 columns to dmrc-data.newsdataio_2024.newsdata_nov2023_au
2024-03-22 18:35:28,244 [INFO] Table exists
2024-03-22 18:35:32,655 [INFO] Loaded 223560 rows and 2 columns to dmrc-data.newsdataio_2024.newsdata_nov2023_au_categories
2024-03-22 18:35:32,974 [INFO] Table exists
2024-03-22 18:35:40,950 [INFO] Loaded 438618 rows and 2 columns to dmrc-data.newsdataio_2024.newsdata_nov2023_au_keywords
2024-03-22 18:35:41,282 [INFO] Table exists
2024-03-22 18:35:45,825 [INFO] Loaded 241011 rows and 2 columns to dmrc-data.newsdataio_2024.newsdata_nov2023_au_creators
2024-03-22 18:35:45,826 [INFO] 
-------------------------------------------------------------------------------------------------------
2024-03-22 18:35:45,826 [INFO] Gathering news articles from spectator_au from 2024-03-10 to 2024-03-17
2024-03-22 18:35:45,826 [INFO] 
API call:
https://newsdata.io/api/1/archive?apikey=pub_200592638f3f0a1a0b3548daf92b7304983f8&q=*&domain=spectator_au&language=en&from_date=2024-03-10&to_date=2024-03-17&country=au
2024-03-22 18:35:46,965 [INFO] Response: 200
2024-03-22 18:35:46,966 [INFO] Gathering page 1 of 2
2024-03-22 18:35:46,968 [INFO] 
API call:
https://newsdata.io/api/1/archive?apikey=pub_200592638f3f0a1a0b3548daf92b7304983f8&q=*&domain=spectator_au&language=en&from_date=2024-03-10&to_date=2024-03-17&country=au&page=1710349200642266746
2024-03-22 18:35:47,850 [INFO] Response: 200
2024-03-22 18:35:47,851 [INFO] Gathering page 2 of 2
2024-03-22 18:35:47,854 [INFO] 
Compiling 2 pages of results...
2024-03-22 18:35:47,855 [INFO] All news articles gathered from spectator_au from 2024-03-10 to 2024-03-17!
2024-03-22 18:35:47,855 [INFO] Processing tables...
2024-03-22 18:35:47,900 [INFO] Tables have been processed.
2024-03-22 18:35:47,900 [INFO] 
Pushing results from spectator_au to Google BigQuery database...
2024-03-22 18:35:48,860 [INFO] Dataset dmrc-data.newsdataio_2024 already exists
2024-03-22 18:35:49,181 [INFO] Table exists
2024-03-22 18:35:57,312 [INFO] Loaded 199695 rows and 12 columns to dmrc-data.newsdataio_2024.newsdata_nov2023_au
2024-03-22 18:35:57,650 [INFO] Table exists
2024-03-22 18:36:05,834 [INFO] Loaded 223653 rows and 2 columns to dmrc-data.newsdataio_2024.newsdata_nov2023_au_categories
2024-03-22 18:36:06,182 [INFO] Table exists
2024-03-22 18:36:12,812 [INFO] Loaded 438800 rows and 2 columns to dmrc-data.newsdataio_2024.newsdata_nov2023_au_keywords
2024-03-22 18:36:13,159 [INFO] Table exists
2024-03-22 18:36:18,624 [INFO] Loaded 241104 rows and 2 columns to dmrc-data.newsdataio_2024.newsdata_nov2023_au_creators
2024-03-22 18:36:18,625 [INFO] 
-------------------------------------------------------------------------------------------------------
2024-03-22 18:36:18,625 [INFO] Gathering news articles from greenleft from 2024-03-10 to 2024-03-17
2024-03-22 18:36:18,625 [INFO] 
API call:
https://newsdata.io/api/1/archive?apikey=pub_200592638f3f0a1a0b3548daf92b7304983f8&q=*&domain=greenleft&language=en&from_date=2024-03-10&to_date=2024-03-17&country=au
2024-03-22 18:36:20,017 [INFO] Response: 200
2024-03-22 18:36:20,018 [INFO] Gathering page 1 of 1
2024-03-22 18:36:20,018 [INFO] 
Compiling 1 pages of results...
2024-03-22 18:36:20,019 [INFO] All news articles gathered from greenleft from 2024-03-10 to 2024-03-17!
2024-03-22 18:36:20,019 [INFO] Processing tables...
2024-03-22 18:36:20,053 [INFO] Tables have been processed.
2024-03-22 18:36:20,053 [INFO] 
Pushing results from greenleft to Google BigQuery database...
2024-03-22 18:36:20,852 [INFO] Dataset dmrc-data.newsdataio_2024 already exists
2024-03-22 18:36:21,158 [INFO] Table exists
2024-03-22 18:36:26,719 [INFO] Loaded 199723 rows and 12 columns to dmrc-data.newsdataio_2024.newsdata_nov2023_au
2024-03-22 18:36:27,056 [INFO] Table exists
2024-03-22 18:36:32,733 [INFO] Loaded 223681 rows and 2 columns to dmrc-data.newsdataio_2024.newsdata_nov2023_au_categories
2024-03-22 18:36:33,169 [INFO] Table exists
2024-03-22 18:36:38,794 [INFO] Loaded 438828 rows and 2 columns to dmrc-data.newsdataio_2024.newsdata_nov2023_au_keywords
2024-03-22 18:36:39,104 [INFO] Table exists
2024-03-22 18:36:44,438 [INFO] Loaded 241144 rows and 2 columns to dmrc-data.newsdataio_2024.newsdata_nov2023_au_creators
2024-03-22 18:36:44,438 [INFO] 
-------------------------------------------------------------------------------------------------------
2024-03-22 18:36:44,438 [INFO] Gathering news articles from rebelnews from 2024-03-10 to 2024-03-17
2024-03-22 18:36:44,438 [INFO] 
API call:
https://newsdata.io/api/1/archive?apikey=pub_200592638f3f0a1a0b3548daf92b7304983f8&q=*&domain=rebelnews&language=en&from_date=2024-03-10&to_date=2024-03-17&country=au
2024-03-22 18:36:45,226 [INFO] Response: 200
2024-03-22 18:36:45,227 [INFO] Gathering page 1 of 0
2024-03-22 18:36:45,228 [INFO] No results for rebelnews during your specified timeframe!
2024-03-22 18:36:45,229 [INFO] 
-------------------------------------------------------------------------------------------------------
2024-03-22 18:36:45,229 [INFO] Gathering news articles from quadrant from 2024-03-10 to 2024-03-17
2024-03-22 18:36:45,229 [INFO] 
API call:
https://newsdata.io/api/1/archive?apikey=pub_200592638f3f0a1a0b3548daf92b7304983f8&q=*&domain=quadrant&language=en&from_date=2024-03-10&to_date=2024-03-17&country=au
2024-03-22 18:36:46,318 [INFO] Response: 200
2024-03-22 18:36:46,319 [INFO] Gathering page 1 of 1
2024-03-22 18:36:46,321 [INFO] 
Compiling 1 pages of results...
2024-03-22 18:36:46,322 [INFO] All news articles gathered from quadrant from 2024-03-10 to 2024-03-17!
2024-03-22 18:36:46,322 [INFO] Processing tables...
2024-03-22 18:36:46,347 [INFO] Tables have been processed.
2024-03-22 18:36:46,347 [INFO] 
Pushing results from quadrant to Google BigQuery database...
2024-03-22 18:36:47,153 [INFO] Dataset dmrc-data.newsdataio_2024 already exists
2024-03-22 18:36:47,675 [INFO] Table exists
2024-03-22 18:36:54,242 [INFO] Loaded 199730 rows and 12 columns to dmrc-data.newsdataio_2024.newsdata_nov2023_au
2024-03-22 18:36:54,544 [INFO] Table exists
2024-03-22 18:37:00,528 [INFO] Loaded 223688 rows and 2 columns to dmrc-data.newsdataio_2024.newsdata_nov2023_au_categories
2024-03-22 18:37:00,855 [INFO] Table exists
2024-03-22 18:37:06,383 [INFO] Loaded 438835 rows and 2 columns to dmrc-data.newsdataio_2024.newsdata_nov2023_au_keywords
2024-03-22 18:37:06,727 [INFO] Table exists
2024-03-22 18:37:11,875 [INFO] Loaded 241151 rows and 2 columns to dmrc-data.newsdataio_2024.newsdata_nov2023_au_creators
2024-03-22 18:37:11,876 [INFO] 
-------------------------------------------------------------------------------------------------------
2024-03-22 18:37:11,876 [INFO] Gathering news articles from pedestrian from 2024-03-10 to 2024-03-17
2024-03-22 18:37:11,876 [INFO] 
API call:
https://newsdata.io/api/1/archive?apikey=pub_200592638f3f0a1a0b3548daf92b7304983f8&q=*&domain=pedestrian&language=en&from_date=2024-03-10&to_date=2024-03-17&country=au
2024-03-22 18:37:13,532 [INFO] Response: 200
2024-03-22 18:37:13,534 [INFO] Gathering page 1 of 2
2024-03-22 18:37:13,535 [INFO] 
API call:
https://newsdata.io/api/1/archive?apikey=pub_200592638f3f0a1a0b3548daf92b7304983f8&q=*&domain=pedestrian&language=en&from_date=2024-03-10&to_date=2024-03-17&country=au&page=1710247614107223798
2024-03-22 18:37:14,809 [INFO] Response: 200
2024-03-22 18:37:14,811 [INFO] Gathering page 2 of 2
2024-03-22 18:37:14,813 [INFO] 
Compiling 2 pages of results...
2024-03-22 18:37:14,814 [INFO] All news articles gathered from pedestrian from 2024-03-10 to 2024-03-17!
2024-03-22 18:37:14,814 [INFO] Processing tables...
2024-03-22 18:37:14,839 [INFO] Tables have been processed.
2024-03-22 18:37:14,839 [INFO] 
Pushing results from pedestrian to Google BigQuery database...
2024-03-22 18:37:15,659 [INFO] Dataset dmrc-data.newsdataio_2024 already exists
2024-03-22 18:37:16,014 [INFO] Table exists
2024-03-22 18:37:23,155 [INFO] Loaded 199829 rows and 12 columns to dmrc-data.newsdataio_2024.newsdata_nov2023_au
2024-03-22 18:37:23,540 [INFO] Table exists
2024-03-22 18:37:29,181 [INFO] Loaded 223787 rows and 2 columns to dmrc-data.newsdataio_2024.newsdata_nov2023_au_categories
2024-03-22 18:37:29,513 [INFO] Table exists
2024-03-22 18:37:34,519 [INFO] Loaded 439149 rows and 2 columns to dmrc-data.newsdataio_2024.newsdata_nov2023_au_keywords
2024-03-22 18:37:34,949 [INFO] Table exists
2024-03-22 18:37:40,316 [INFO] Loaded 241250 rows and 2 columns to dmrc-data.newsdataio_2024.newsdata_nov2023_au_creators
2024-03-22 18:37:40,316 [INFO] 
-------------------------------------------------------------------------------------------------------
2024-03-22 18:37:40,317 [INFO] Gathering news articles from michaelwest from 2024-03-10 to 2024-03-17
2024-03-22 18:37:40,317 [INFO] 
API call:
https://newsdata.io/api/1/archive?apikey=pub_200592638f3f0a1a0b3548daf92b7304983f8&q=*&domain=michaelwest&language=en&from_date=2024-03-10&to_date=2024-03-17&country=au
2024-03-22 18:37:41,713 [INFO] Response: 200
2024-03-22 18:37:41,716 [INFO] Gathering page 1 of 2
2024-03-22 18:37:41,723 [INFO] 
API call:
https://newsdata.io/api/1/archive?apikey=pub_200592638f3f0a1a0b3548daf92b7304983f8&q=*&domain=michaelwest&language=en&from_date=2024-03-10&to_date=2024-03-17&country=au&page=1710295253798080763
2024-03-22 18:37:42,818 [INFO] Response: 200
2024-03-22 18:37:42,819 [INFO] Gathering page 2 of 2
2024-03-22 18:37:42,820 [INFO] 
Compiling 2 pages of results...
2024-03-22 18:37:42,820 [INFO] All news articles gathered from michaelwest from 2024-03-10 to 2024-03-17!
2024-03-22 18:37:42,820 [INFO] Processing tables...
2024-03-22 18:37:42,840 [INFO] Tables have been processed.
2024-03-22 18:37:42,840 [INFO] 
Pushing results from michaelwest to Google BigQuery database...
2024-03-22 18:37:43,656 [INFO] Dataset dmrc-data.newsdataio_2024 already exists
2024-03-22 18:37:43,983 [INFO] Table exists
2024-03-22 18:37:49,891 [INFO] Loaded 199918 rows and 12 columns to dmrc-data.newsdataio_2024.newsdata_nov2023_au
2024-03-22 18:37:50,222 [INFO] Table exists
2024-03-22 18:37:55,183 [INFO] Loaded 223876 rows and 2 columns to dmrc-data.newsdataio_2024.newsdata_nov2023_au_categories
2024-03-22 18:37:55,497 [INFO] Table exists
2024-03-22 18:38:00,242 [INFO] Loaded 439243 rows and 2 columns to dmrc-data.newsdataio_2024.newsdata_nov2023_au_keywords
2024-03-22 18:38:00,570 [INFO] Table exists
2024-03-22 18:38:05,629 [INFO] Loaded 241340 rows and 2 columns to dmrc-data.newsdataio_2024.newsdata_nov2023_au_creators
2024-03-22 18:38:05,630 [INFO] 
-------------------------------------------------------------------------------------------------------
2024-03-22 18:38:05,630 [INFO] Gathering news articles from junkee from 2024-03-10 to 2024-03-17
2024-03-22 18:38:05,630 [INFO] 
API call:
https://newsdata.io/api/1/archive?apikey=pub_200592638f3f0a1a0b3548daf92b7304983f8&q=*&domain=junkee&language=en&from_date=2024-03-10&to_date=2024-03-17&country=au
2024-03-22 18:38:06,756 [INFO] Response: 200
2024-03-22 18:38:06,757 [INFO] Gathering page 1 of 1
2024-03-22 18:38:06,760 [INFO] 
Compiling 1 pages of results...
2024-03-22 18:38:06,760 [INFO] All news articles gathered from junkee from 2024-03-10 to 2024-03-17!
2024-03-22 18:38:06,760 [INFO] Processing tables...
2024-03-22 18:38:06,777 [INFO] Tables have been processed.
2024-03-22 18:38:06,777 [INFO] 
Pushing results from junkee to Google BigQuery database...
2024-03-22 18:38:07,556 [INFO] Dataset dmrc-data.newsdataio_2024 already exists
2024-03-22 18:38:07,908 [INFO] Table exists
2024-03-22 18:38:15,907 [INFO] Loaded 199924 rows and 12 columns to dmrc-data.newsdataio_2024.newsdata_nov2023_au
2024-03-22 18:38:16,210 [INFO] Table exists
2024-03-22 18:38:21,015 [INFO] Loaded 223882 rows and 2 columns to dmrc-data.newsdataio_2024.newsdata_nov2023_au_categories
2024-03-22 18:38:21,333 [INFO] Table exists
2024-03-22 18:38:26,656 [INFO] Loaded 439302 rows and 2 columns to dmrc-data.newsdataio_2024.newsdata_nov2023_au_keywords
2024-03-22 18:38:26,967 [INFO] Table exists
2024-03-22 18:38:31,832 [INFO] Loaded 241347 rows and 2 columns to dmrc-data.newsdataio_2024.newsdata_nov2023_au_creators
2024-03-22 18:38:31,832 [INFO] 
-------------------------------------------------------------------------------------------------------
2024-03-22 18:38:31,832 [INFO] Gathering news articles from dailymailuk from 2024-03-10 to 2024-03-17
2024-03-22 18:38:31,833 [INFO] 
API call:
https://newsdata.io/api/1/archive?apikey=pub_200592638f3f0a1a0b3548daf92b7304983f8&q=*&domain=dailymailuk&language=en&from_date=2024-03-10&to_date=2024-03-17&country=au
2024-03-22 18:38:33,232 [INFO] Response: 200
2024-03-22 18:38:33,235 [INFO] Gathering page 1 of 1
2024-03-22 18:38:33,238 [INFO] 
Compiling 1 pages of results...
2024-03-22 18:38:33,239 [INFO] All news articles gathered from dailymailuk from 2024-03-10 to 2024-03-17!
2024-03-22 18:38:33,239 [INFO] Processing tables...
2024-03-22 18:38:33,261 [INFO] Tables have been processed.
2024-03-22 18:38:33,261 [INFO] 
Pushing results from dailymailuk to Google BigQuery database...
2024-03-22 18:38:34,053 [INFO] Dataset dmrc-data.newsdataio_2024 already exists
2024-03-22 18:38:34,408 [INFO] Table exists
2024-03-22 18:38:39,958 [INFO] Loaded 199963 rows and 12 columns to dmrc-data.newsdataio_2024.newsdata_nov2023_au
2024-03-22 18:38:40,290 [INFO] Table exists
2024-03-22 18:38:47,423 [INFO] Loaded 223921 rows and 2 columns to dmrc-data.newsdataio_2024.newsdata_nov2023_au_categories
2024-03-22 18:38:47,760 [INFO] Table exists
2024-03-22 18:38:52,778 [INFO] Loaded 439341 rows and 2 columns to dmrc-data.newsdataio_2024.newsdata_nov2023_au_keywords
2024-03-22 18:38:53,115 [INFO] Table exists
2024-03-22 18:38:58,810 [INFO] Loaded 241386 rows and 2 columns to dmrc-data.newsdataio_2024.newsdata_nov2023_au_creators
2024-03-22 18:38:58,811 [INFO] 
-------------------------------------------------------------------------------------------------------
2024-03-22 18:38:58,811 [INFO] Gathering news articles from 6newsau from 2024-03-10 to 2024-03-17
2024-03-22 18:38:58,811 [INFO] 
API call:
https://newsdata.io/api/1/archive?apikey=pub_200592638f3f0a1a0b3548daf92b7304983f8&q=*&domain=6newsau&language=en&from_date=2024-03-10&to_date=2024-03-17&country=au
2024-03-22 18:38:59,733 [INFO] Response: 200
2024-03-22 18:38:59,734 [INFO] Gathering page 1 of 1
2024-03-22 18:38:59,735 [INFO] 
Compiling 1 pages of results...
2024-03-22 18:38:59,735 [INFO] All news articles gathered from 6newsau from 2024-03-10 to 2024-03-17!
2024-03-22 18:38:59,735 [INFO] Processing tables...
2024-03-22 18:38:59,755 [INFO] Tables have been processed.
2024-03-22 18:38:59,755 [INFO] 
Pushing results from 6newsau to Google BigQuery database...
2024-03-22 18:39:00,760 [INFO] Dataset dmrc-data.newsdataio_2024 already exists
2024-03-22 18:39:01,112 [INFO] Table exists
2024-03-22 18:39:07,481 [INFO] Loaded 199964 rows and 12 columns to dmrc-data.newsdataio_2024.newsdata_nov2023_au
2024-03-22 18:39:07,812 [INFO] Table exists
2024-03-22 18:39:12,770 [INFO] Loaded 223922 rows and 2 columns to dmrc-data.newsdataio_2024.newsdata_nov2023_au_categories
2024-03-22 18:39:13,131 [INFO] Table exists
2024-03-22 18:39:17,939 [INFO] Loaded 439344 rows and 2 columns to dmrc-data.newsdataio_2024.newsdata_nov2023_au_keywords
2024-03-22 18:39:18,255 [INFO] Table exists
2024-03-22 18:39:23,529 [INFO] Loaded 241387 rows and 2 columns to dmrc-data.newsdataio_2024.newsdata_nov2023_au_creators
2024-03-22 18:39:23,529 [INFO] 
-------------------------------------------------------------------------------------------------------
2024-03-22 18:39:23,529 [INFO] Gathering news articles from news from 2024-03-10 to 2024-03-17
2024-03-22 18:39:23,529 [INFO] 
API call:
https://newsdata.io/api/1/archive?apikey=pub_200592638f3f0a1a0b3548daf92b7304983f8&q=*&domain=news&language=en&from_date=2024-03-10&to_date=2024-03-17&country=au
2024-03-22 18:39:24,876 [INFO] Response: 200
2024-03-22 18:39:24,878 [INFO] Gathering page 1 of 3
2024-03-22 18:39:24,881 [INFO] 
API call:
https://newsdata.io/api/1/archive?apikey=pub_200592638f3f0a1a0b3548daf92b7304983f8&q=*&domain=news&language=en&from_date=2024-03-10&to_date=2024-03-17&country=au&page=1710391500566418686
2024-03-22 18:39:26,426 [INFO] Response: 200
2024-03-22 18:39:26,429 [INFO] Gathering page 2 of 3
2024-03-22 18:39:26,431 [INFO] 
API call:
https://newsdata.io/api/1/archive?apikey=pub_200592638f3f0a1a0b3548daf92b7304983f8&q=*&domain=news&language=en&from_date=2024-03-10&to_date=2024-03-17&country=au&page=1710192840557423539
2024-03-22 18:39:27,512 [INFO] Response: 200
2024-03-22 18:39:27,513 [INFO] Gathering page 3 of 3
2024-03-22 18:39:27,514 [INFO] 
Compiling 3 pages of results...
2024-03-22 18:39:27,514 [INFO] All news articles gathered from news from 2024-03-10 to 2024-03-17!
2024-03-22 18:39:27,514 [INFO] Processing tables...
2024-03-22 18:39:27,552 [INFO] Tables have been processed.
2024-03-22 18:39:27,552 [INFO] 
Pushing results from news to Google BigQuery database...
2024-03-22 18:39:28,366 [INFO] Dataset dmrc-data.newsdataio_2024 already exists
2024-03-22 18:39:28,700 [INFO] Table exists
2024-03-22 18:39:35,448 [INFO] Loaded 200084 rows and 12 columns to dmrc-data.newsdataio_2024.newsdata_nov2023_au
2024-03-22 18:39:35,800 [INFO] Table exists
2024-03-22 18:39:40,215 [INFO] Loaded 224042 rows and 2 columns to dmrc-data.newsdataio_2024.newsdata_nov2023_au_categories
2024-03-22 18:39:40,539 [INFO] Table exists
2024-03-22 18:39:45,665 [INFO] Loaded 439464 rows and 2 columns to dmrc-data.newsdataio_2024.newsdata_nov2023_au_keywords
2024-03-22 18:39:46,012 [INFO] Table exists
2024-03-22 18:39:52,299 [INFO] Loaded 241507 rows and 2 columns to dmrc-data.newsdataio_2024.newsdata_nov2023_au_creators
2024-03-22 18:39:52,300 [INFO] 
-------------------------------------------------------------------------------------------------------
2024-03-22 18:39:52,300 [INFO] Gathering news articles from heraldsun from 2024-03-10 to 2024-03-17
2024-03-22 18:39:52,300 [INFO] 
API call:
https://newsdata.io/api/1/archive?apikey=pub_200592638f3f0a1a0b3548daf92b7304983f8&q=*&domain=heraldsun&language=en&from_date=2024-03-10&to_date=2024-03-17&country=au
2024-03-22 18:39:53,507 [INFO] Response: 422
2024-03-22 18:39:53,507 [INFO] Domain heraldsun does not exist in the NewsdataIO database. Moving to next keyword.
2024-03-22 18:39:53,508 [INFO] 
-------------------------------------------------------------------------------------------------------
2024-03-22 18:39:53,508 [INFO] Gathering news articles from theaustralian from 2024-03-10 to 2024-03-17
2024-03-22 18:39:53,508 [INFO] 
API call:
https://newsdata.io/api/1/archive?apikey=pub_200592638f3f0a1a0b3548daf92b7304983f8&q=*&domain=theaustralian&language=en&from_date=2024-03-10&to_date=2024-03-17&country=au
2024-03-22 18:39:54,277 [INFO] Response: 200
2024-03-22 18:39:54,278 [INFO] Gathering page 1 of 0
2024-03-22 18:39:54,279 [INFO] No results for theaustralian during your specified timeframe!
2024-03-22 18:39:54,279 [INFO] 
-------------------------------------------------------------------------------------------------------
2024-03-22 18:39:54,280 [INFO] Gathering news articles from thesaturdaypaper from 2024-03-10 to 2024-03-17
2024-03-22 18:39:54,280 [INFO] 
API call:
https://newsdata.io/api/1/archive?apikey=pub_200592638f3f0a1a0b3548daf92b7304983f8&q=*&domain=thesaturdaypaper&language=en&from_date=2024-03-10&to_date=2024-03-17&country=au
2024-03-22 18:39:55,354 [INFO] Response: 200
2024-03-22 18:39:55,355 [INFO] Gathering page 1 of 1
2024-03-22 18:39:55,357 [INFO] 
Compiling 1 pages of results...
2024-03-22 18:39:55,359 [INFO] All news articles gathered from thesaturdaypaper from 2024-03-10 to 2024-03-17!
2024-03-22 18:39:55,359 [INFO] Processing tables...
2024-03-22 18:39:55,375 [INFO] Tables have been processed.
2024-03-22 18:39:55,376 [INFO] 
Pushing results from thesaturdaypaper to Google BigQuery database...
2024-03-22 18:39:56,157 [INFO] Dataset dmrc-data.newsdataio_2024 already exists
2024-03-22 18:39:56,480 [INFO] Table exists
2024-03-22 18:40:02,357 [INFO] Loaded 200090 rows and 12 columns to dmrc-data.newsdataio_2024.newsdata_nov2023_au
2024-03-22 18:40:02,713 [INFO] Table exists
2024-03-22 18:40:07,677 [INFO] Loaded 224048 rows and 2 columns to dmrc-data.newsdataio_2024.newsdata_nov2023_au_categories
2024-03-22 18:40:08,017 [INFO] Table exists
2024-03-22 18:40:12,867 [INFO] Loaded 439470 rows and 2 columns to dmrc-data.newsdataio_2024.newsdata_nov2023_au_keywords
2024-03-22 18:40:13,203 [INFO] Table exists
2024-03-22 18:40:18,128 [INFO] Loaded 241513 rows and 2 columns to dmrc-data.newsdataio_2024.newsdata_nov2023_au_creators
2024-03-22 18:40:18,128 [INFO] 
-------------------------------------------------------------------------------------------------------
2024-03-22 18:40:18,129 [INFO] Gathering news articles from theklaxon from 2024-03-10 to 2024-03-17
2024-03-22 18:40:18,129 [INFO] 
API call:
https://newsdata.io/api/1/archive?apikey=pub_200592638f3f0a1a0b3548daf92b7304983f8&q=*&domain=theklaxon&language=en&from_date=2024-03-10&to_date=2024-03-17&country=au
2024-03-22 18:40:19,155 [INFO] Response: 200
2024-03-22 18:40:19,156 [INFO] Gathering page 1 of 1
2024-03-22 18:40:19,158 [INFO] 
Compiling 1 pages of results...
2024-03-22 18:40:19,159 [INFO] All news articles gathered from theklaxon from 2024-03-10 to 2024-03-17!
2024-03-22 18:40:19,159 [INFO] Processing tables...
2024-03-22 18:40:19,181 [INFO] Tables have been processed.
2024-03-22 18:40:19,181 [INFO] 
Pushing results from theklaxon to Google BigQuery database...
2024-03-22 18:40:19,953 [INFO] Dataset dmrc-data.newsdataio_2024 already exists
2024-03-22 18:40:20,294 [INFO] Table exists
2024-03-22 18:40:26,377 [INFO] Loaded 200091 rows and 12 columns to dmrc-data.newsdataio_2024.newsdata_nov2023_au
2024-03-22 18:40:26,688 [INFO] Table exists
2024-03-22 18:40:31,215 [INFO] Loaded 224049 rows and 2 columns to dmrc-data.newsdataio_2024.newsdata_nov2023_au_categories
2024-03-22 18:40:31,553 [INFO] Table exists
2024-03-22 18:40:38,768 [INFO] Loaded 439506 rows and 2 columns to dmrc-data.newsdataio_2024.newsdata_nov2023_au_keywords
2024-03-22 18:40:39,104 [INFO] Table exists
2024-03-22 18:40:43,809 [INFO] Loaded 241514 rows and 2 columns to dmrc-data.newsdataio_2024.newsdata_nov2023_au_creators
2024-03-22 18:40:43,810 [INFO] 
-------------------------------------------------------------------------------------------------------
2024-03-22 18:40:43,810 [INFO] Gathering news articles from redflag from 2024-03-10 to 2024-03-17
2024-03-22 18:40:43,810 [INFO] 
API call:
https://newsdata.io/api/1/archive?apikey=pub_200592638f3f0a1a0b3548daf92b7304983f8&q=*&domain=redflag&language=en&from_date=2024-03-10&to_date=2024-03-17&country=au
2024-03-22 18:40:44,499 [INFO] Response: 422
2024-03-22 18:40:44,500 [INFO] Domain redflag does not exist in the NewsdataIO database. Moving to next keyword.
2024-03-22 18:40:44,500 [INFO] 
-------------------------------------------------------------------------------------------------------
2024-03-22 18:40:44,500 [INFO] Gathering news articles from yahoo from 2024-03-10 to 2024-03-17
2024-03-22 18:40:44,500 [INFO] 
API call:
https://newsdata.io/api/1/archive?apikey=pub_200592638f3f0a1a0b3548daf92b7304983f8&q=*&domain=yahoo&language=en&from_date=2024-03-10&to_date=2024-03-17&country=au
2024-03-22 18:40:45,577 [INFO] Response: 200
2024-03-22 18:40:45,579 [INFO] Gathering page 1 of 4
2024-03-22 18:40:45,581 [INFO] 
API call:
https://newsdata.io/api/1/archive?apikey=pub_200592638f3f0a1a0b3548daf92b7304983f8&q=*&domain=yahoo&language=en&from_date=2024-03-10&to_date=2024-03-17&country=au&page=1710459728968731710
2024-03-22 18:40:46,413 [INFO] Response: 200
2024-03-22 18:40:46,414 [INFO] Gathering page 2 of 4
2024-03-22 18:40:46,421 [INFO] 
API call:
https://newsdata.io/api/1/archive?apikey=pub_200592638f3f0a1a0b3548daf92b7304983f8&q=*&domain=yahoo&language=en&from_date=2024-03-10&to_date=2024-03-17&country=au&page=1710288586108638731
2024-03-22 18:40:47,245 [INFO] Response: 200
2024-03-22 18:40:47,248 [INFO] Gathering page 3 of 4
2024-03-22 18:40:47,250 [INFO] 
API call:
https://newsdata.io/api/1/archive?apikey=pub_200592638f3f0a1a0b3548daf92b7304983f8&q=*&domain=yahoo&language=en&from_date=2024-03-10&to_date=2024-03-17&country=au&page=1710126038251881313
2024-03-22 18:40:48,052 [INFO] Response: 200
2024-03-22 18:40:48,053 [INFO] Gathering page 4 of 4
2024-03-22 18:40:48,055 [INFO] 
Compiling 4 pages of results...
2024-03-22 18:40:48,056 [INFO] All news articles gathered from yahoo from 2024-03-10 to 2024-03-17!
2024-03-22 18:40:48,057 [INFO] Processing tables...
2024-03-22 18:40:48,092 [INFO] Tables have been processed.
2024-03-22 18:40:48,092 [INFO] 
Pushing results from yahoo to Google BigQuery database...
2024-03-22 18:40:48,862 [INFO] Dataset dmrc-data.newsdataio_2024 already exists
2024-03-22 18:40:49,169 [INFO] Table exists
2024-03-22 18:40:57,900 [INFO] Loaded 200267 rows and 12 columns to dmrc-data.newsdataio_2024.newsdata_nov2023_au
2024-03-22 18:40:58,211 [INFO] Table exists
2024-03-22 18:41:03,667 [INFO] Loaded 224225 rows and 2 columns to dmrc-data.newsdataio_2024.newsdata_nov2023_au_categories
2024-03-22 18:41:03,987 [INFO] Table exists
2024-03-22 18:41:10,547 [INFO] Loaded 439682 rows and 2 columns to dmrc-data.newsdataio_2024.newsdata_nov2023_au_keywords
2024-03-22 18:41:10,933 [INFO] Table exists
2024-03-22 18:41:16,287 [INFO] Loaded 241690 rows and 2 columns to dmrc-data.newsdataio_2024.newsdata_nov2023_au_creators
2024-03-22 18:41:16,288 [INFO] 
-------------------------------------------------------------------------------------------------------
2024-03-22 18:41:16,288 [INFO] Gathering news articles from abc_net from 2024-03-10 to 2024-03-17
2024-03-22 18:41:16,288 [INFO] 
API call:
https://newsdata.io/api/1/archive?apikey=pub_200592638f3f0a1a0b3548daf92b7304983f8&q=*&domain=abc_net&language=en&from_date=2024-03-10&to_date=2024-03-17&country=au
2024-03-22 18:41:17,790 [INFO] Response: 200
2024-03-22 18:41:17,791 [INFO] Gathering page 1 of 11
2024-03-22 18:41:17,794 [INFO] 
API call:
https://newsdata.io/api/1/archive?apikey=pub_200592638f3f0a1a0b3548daf92b7304983f8&q=*&domain=abc_net&language=en&from_date=2024-03-10&to_date=2024-03-17&country=au&page=1710619782434189743
2024-03-22 18:41:19,090 [INFO] Response: 200
2024-03-22 18:41:19,093 [INFO] Gathering page 2 of 11
2024-03-22 18:41:19,096 [INFO] 
API call:
https://newsdata.io/api/1/archive?apikey=pub_200592638f3f0a1a0b3548daf92b7304983f8&q=*&domain=abc_net&language=en&from_date=2024-03-10&to_date=2024-03-17&country=au&page=1710537158134337972
2024-03-22 18:41:20,435 [INFO] Response: 200
2024-03-22 18:41:20,438 [INFO] Gathering page 3 of 11
2024-03-22 18:41:20,442 [INFO] 
API call:
https://newsdata.io/api/1/archive?apikey=pub_200592638f3f0a1a0b3548daf92b7304983f8&q=*&domain=abc_net&language=en&from_date=2024-03-10&to_date=2024-03-17&country=au&page=1710459422123108087
2024-03-22 18:41:21,746 [INFO] Response: 200
2024-03-22 18:41:21,747 [INFO] Gathering page 4 of 11
2024-03-22 18:41:21,749 [INFO] 
API call:
https://newsdata.io/api/1/archive?apikey=pub_200592638f3f0a1a0b3548daf92b7304983f8&q=*&domain=abc_net&language=en&from_date=2024-03-10&to_date=2024-03-17&country=au&page=1710397669449265409
2024-03-22 18:41:23,052 [INFO] Response: 200
2024-03-22 18:41:23,055 [INFO] Gathering page 5 of 11
2024-03-22 18:41:23,058 [INFO] 
API call:
https://newsdata.io/api/1/archive?apikey=pub_200592638f3f0a1a0b3548daf92b7304983f8&q=*&domain=abc_net&language=en&from_date=2024-03-10&to_date=2024-03-17&country=au&page=1710363473349061551
2024-03-22 18:41:24,353 [INFO] Response: 200
2024-03-22 18:41:24,355 [INFO] Gathering page 6 of 11
2024-03-22 18:41:24,356 [INFO] 
API call:
https://newsdata.io/api/1/archive?apikey=pub_200592638f3f0a1a0b3548daf92b7304983f8&q=*&domain=abc_net&language=en&from_date=2024-03-10&to_date=2024-03-17&country=au&page=1710293363556347026
2024-03-22 18:41:25,631 [INFO] Response: 200
2024-03-22 18:41:25,634 [INFO] Gathering page 7 of 11
2024-03-22 18:41:25,636 [INFO] 
API call:
https://newsdata.io/api/1/archive?apikey=pub_200592638f3f0a1a0b3548daf92b7304983f8&q=*&domain=abc_net&language=en&from_date=2024-03-10&to_date=2024-03-17&country=au&page=1710228003342382072
2024-03-22 18:41:26,904 [INFO] Response: 200
2024-03-22 18:41:26,905 [INFO] Gathering page 8 of 11
2024-03-22 18:41:26,906 [INFO] 
API call:
https://newsdata.io/api/1/archive?apikey=pub_200592638f3f0a1a0b3548daf92b7304983f8&q=*&domain=abc_net&language=en&from_date=2024-03-10&to_date=2024-03-17&country=au&page=1710187200658752989
2024-03-22 18:41:28,252 [INFO] Response: 200
2024-03-22 18:41:28,255 [INFO] Gathering page 9 of 11
2024-03-22 18:41:28,258 [INFO] 
API call:
https://newsdata.io/api/1/archive?apikey=pub_200592638f3f0a1a0b3548daf92b7304983f8&q=*&domain=abc_net&language=en&from_date=2024-03-10&to_date=2024-03-17&country=au&page=1710123970652903491
2024-03-22 18:41:29,574 [INFO] Response: 200
2024-03-22 18:41:29,575 [INFO] Gathering page 10 of 11
2024-03-22 18:41:29,576 [INFO] 
API call:
https://newsdata.io/api/1/archive?apikey=pub_200592638f3f0a1a0b3548daf92b7304983f8&q=*&domain=abc_net&language=en&from_date=2024-03-10&to_date=2024-03-17&country=au&page=1710045347561005334
2024-03-22 18:41:30,772 [INFO] Response: 200
2024-03-22 18:41:30,773 [INFO] Gathering page 11 of 11
2024-03-22 18:41:30,775 [INFO] 
Compiling 11 pages of results...
2024-03-22 18:41:30,776 [INFO] All news articles gathered from abc_net from 2024-03-10 to 2024-03-17!
2024-03-22 18:41:30,776 [INFO] Processing tables...
2024-03-22 18:41:30,850 [INFO] Tables have been processed.
2024-03-22 18:41:30,850 [INFO] 
Pushing results from abc_net to Google BigQuery database...
2024-03-22 18:41:31,661 [INFO] Dataset dmrc-data.newsdataio_2024 already exists
2024-03-22 18:41:31,996 [INFO] Table exists
2024-03-22 18:41:38,641 [INFO] Loaded 200779 rows and 12 columns to dmrc-data.newsdataio_2024.newsdata_nov2023_au
2024-03-22 18:41:38,983 [INFO] Table exists
2024-03-22 18:41:44,287 [INFO] Loaded 224737 rows and 2 columns to dmrc-data.newsdataio_2024.newsdata_nov2023_au_categories
2024-03-22 18:41:44,630 [INFO] Table exists
2024-03-22 18:41:50,935 [INFO] Loaded 441592 rows and 2 columns to dmrc-data.newsdataio_2024.newsdata_nov2023_au_keywords
2024-03-22 18:41:51,397 [INFO] Table exists
2024-03-22 18:41:57,337 [INFO] Loaded 242307 rows and 2 columns to dmrc-data.newsdataio_2024.newsdata_nov2023_au_creators
2024-03-22 18:41:57,337 [INFO] 
-------------------------------------------------------------------------------------------------------
2024-03-22 18:41:57,338 [INFO] Gathering news articles from canberratimes from 2024-03-10 to 2024-03-17
2024-03-22 18:41:57,338 [INFO] 
API call:
https://newsdata.io/api/1/archive?apikey=pub_200592638f3f0a1a0b3548daf92b7304983f8&q=*&domain=canberratimes&language=en&from_date=2024-03-10&to_date=2024-03-17&country=au
2024-03-22 18:41:58,711 [INFO] Response: 200
2024-03-22 18:41:58,712 [INFO] Gathering page 1 of 3
2024-03-22 18:41:58,715 [INFO] 
API call:
https://newsdata.io/api/1/archive?apikey=pub_200592638f3f0a1a0b3548daf92b7304983f8&q=*&domain=canberratimes&language=en&from_date=2024-03-10&to_date=2024-03-17&country=au&page=1710390293713004097
2024-03-22 18:42:00,010 [INFO] Response: 200
2024-03-22 18:42:00,012 [INFO] Gathering page 2 of 3
2024-03-22 18:42:00,013 [INFO] 
API call:
https://newsdata.io/api/1/archive?apikey=pub_200592638f3f0a1a0b3548daf92b7304983f8&q=*&domain=canberratimes&language=en&from_date=2024-03-10&to_date=2024-03-17&country=au&page=1710093600837126157
2024-03-22 18:42:00,936 [INFO] Response: 200
2024-03-22 18:42:00,937 [INFO] Gathering page 3 of 3
2024-03-22 18:42:00,937 [INFO] 
Compiling 3 pages of results...
2024-03-22 18:42:00,938 [INFO] All news articles gathered from canberratimes from 2024-03-10 to 2024-03-17!
2024-03-22 18:42:00,938 [INFO] Processing tables...
2024-03-22 18:42:00,991 [INFO] Tables have been processed.
2024-03-22 18:42:00,991 [INFO] 
Pushing results from canberratimes to Google BigQuery database...
2024-03-22 18:42:01,769 [INFO] Dataset dmrc-data.newsdataio_2024 already exists
2024-03-22 18:42:02,074 [INFO] Table exists
2024-03-22 18:42:08,809 [INFO] Loaded 200884 rows and 12 columns to dmrc-data.newsdataio_2024.newsdata_nov2023_au
2024-03-22 18:42:09,132 [INFO] Table exists
2024-03-22 18:42:13,910 [INFO] Loaded 224842 rows and 2 columns to dmrc-data.newsdataio_2024.newsdata_nov2023_au_categories
2024-03-22 18:42:14,282 [INFO] Table exists
2024-03-22 18:42:19,776 [INFO] Loaded 441697 rows and 2 columns to dmrc-data.newsdataio_2024.newsdata_nov2023_au_keywords
2024-03-22 18:42:20,102 [INFO] Table exists
2024-03-22 18:42:25,429 [INFO] Loaded 242415 rows and 2 columns to dmrc-data.newsdataio_2024.newsdata_nov2023_au_creators
2024-03-22 18:42:25,429 [INFO] 
-------------------------------------------------------------------------------------------------------
2024-03-22 18:42:25,429 [INFO] Gathering news articles from crikey from 2024-03-10 to 2024-03-17
2024-03-22 18:42:25,430 [INFO] 
API call:
https://newsdata.io/api/1/archive?apikey=pub_200592638f3f0a1a0b3548daf92b7304983f8&q=*&domain=crikey&language=en&from_date=2024-03-10&to_date=2024-03-17&country=au
2024-03-22 18:42:27,094 [INFO] Response: 200
2024-03-22 18:42:27,097 [INFO] Gathering page 1 of 1
2024-03-22 18:42:27,101 [INFO] 
Compiling 1 pages of results...
2024-03-22 18:42:27,101 [INFO] All news articles gathered from crikey from 2024-03-10 to 2024-03-17!
2024-03-22 18:42:27,102 [INFO] Processing tables...
2024-03-22 18:42:27,127 [INFO] Tables have been processed.
2024-03-22 18:42:27,127 [INFO] 
Pushing results from crikey to Google BigQuery database...
2024-03-22 18:42:27,963 [INFO] Dataset dmrc-data.newsdataio_2024 already exists
2024-03-22 18:42:28,325 [INFO] Table exists
2024-03-22 18:42:36,679 [INFO] Loaded 200926 rows and 12 columns to dmrc-data.newsdataio_2024.newsdata_nov2023_au
2024-03-22 18:42:37,019 [INFO] Table exists
2024-03-22 18:42:42,709 [INFO] Loaded 224886 rows and 2 columns to dmrc-data.newsdataio_2024.newsdata_nov2023_au_categories
2024-03-22 18:42:43,052 [INFO] Table exists
2024-03-22 18:42:47,841 [INFO] Loaded 442196 rows and 2 columns to dmrc-data.newsdataio_2024.newsdata_nov2023_au_keywords
2024-03-22 18:42:48,204 [INFO] Table exists
2024-03-22 18:42:53,001 [INFO] Loaded 242457 rows and 2 columns to dmrc-data.newsdataio_2024.newsdata_nov2023_au_creators
2024-03-22 18:42:53,001 [INFO] 
-------------------------------------------------------------------------------------------------------
2024-03-22 18:42:53,001 [INFO] Gathering news articles from theguardian from 2024-03-10 to 2024-03-17
2024-03-22 18:42:53,002 [INFO] 
API call:
https://newsdata.io/api/1/archive?apikey=pub_200592638f3f0a1a0b3548daf92b7304983f8&q=*&domain=theguardian&language=en&from_date=2024-03-10&to_date=2024-03-17&country=au
2024-03-22 18:42:54,555 [INFO] Response: 200
2024-03-22 18:42:54,560 [INFO] Gathering page 1 of 4
2024-03-22 18:42:54,563 [INFO] 
API call:
https://newsdata.io/api/1/archive?apikey=pub_200592638f3f0a1a0b3548daf92b7304983f8&q=*&domain=theguardian&language=en&from_date=2024-03-10&to_date=2024-03-17&country=au&page=1710428423174635823
2024-03-22 18:42:55,874 [INFO] Response: 200
2024-03-22 18:42:55,875 [INFO] Gathering page 2 of 4
2024-03-22 18:42:55,876 [INFO] 
API call:
https://newsdata.io/api/1/archive?apikey=pub_200592638f3f0a1a0b3548daf92b7304983f8&q=*&domain=theguardian&language=en&from_date=2024-03-10&to_date=2024-03-17&country=au&page=1710280804058555534
2024-03-22 18:42:57,169 [INFO] Response: 200
2024-03-22 18:42:57,172 [INFO] Gathering page 3 of 4
2024-03-22 18:42:57,173 [INFO] 
API call:
https://newsdata.io/api/1/archive?apikey=pub_200592638f3f0a1a0b3548daf92b7304983f8&q=*&domain=theguardian&language=en&from_date=2024-03-10&to_date=2024-03-17&country=au&page=1710134619914298277
2024-03-22 18:42:58,458 [INFO] Response: 200
2024-03-22 18:42:58,460 [INFO] Gathering page 4 of 4
2024-03-22 18:42:58,463 [INFO] 
Compiling 4 pages of results...
2024-03-22 18:42:58,464 [INFO] All news articles gathered from theguardian from 2024-03-10 to 2024-03-17!
2024-03-22 18:42:58,465 [INFO] Processing tables...
2024-03-22 18:42:58,513 [INFO] Tables have been processed.
2024-03-22 18:42:58,513 [INFO] 
Pushing results from theguardian to Google BigQuery database...
2024-03-22 18:42:59,261 [INFO] Dataset dmrc-data.newsdataio_2024 already exists
2024-03-22 18:42:59,631 [INFO] Table exists
2024-03-22 18:43:07,334 [INFO] Loaded 201101 rows and 12 columns to dmrc-data.newsdataio_2024.newsdata_nov2023_au
2024-03-22 18:43:07,670 [INFO] Table exists
2024-03-22 18:43:12,307 [INFO] Loaded 225061 rows and 2 columns to dmrc-data.newsdataio_2024.newsdata_nov2023_au_categories
2024-03-22 18:43:12,650 [INFO] Table exists
2024-03-22 18:43:18,409 [INFO] Loaded 443125 rows and 2 columns to dmrc-data.newsdataio_2024.newsdata_nov2023_au_keywords
2024-03-22 18:43:18,734 [INFO] Table exists
2024-03-22 18:43:23,918 [INFO] Loaded 242665 rows and 2 columns to dmrc-data.newsdataio_2024.newsdata_nov2023_au_creators
2024-03-22 18:43:23,919 [INFO] 
-------------------------------------------------------------------------------------------------------
2024-03-22 18:43:23,919 [INFO] Gathering news articles from independent_australia from 2024-03-10 to 2024-03-17
2024-03-22 18:43:23,919 [INFO] 
API call:
https://newsdata.io/api/1/archive?apikey=pub_200592638f3f0a1a0b3548daf92b7304983f8&q=*&domain=independent_australia&language=en&from_date=2024-03-10&to_date=2024-03-17&country=au
2024-03-22 18:43:24,829 [INFO] Response: 200
2024-03-22 18:43:24,829 [INFO] Gathering page 1 of 1
2024-03-22 18:43:24,832 [INFO] 
Compiling 1 pages of results...
2024-03-22 18:43:24,833 [INFO] All news articles gathered from independent_australia from 2024-03-10 to 2024-03-17!
2024-03-22 18:43:24,833 [INFO] Processing tables...
2024-03-22 18:43:24,854 [INFO] Tables have been processed.
2024-03-22 18:43:24,854 [INFO] 
Pushing results from independent_australia to Google BigQuery database...
2024-03-22 18:43:25,658 [INFO] Dataset dmrc-data.newsdataio_2024 already exists
2024-03-22 18:43:25,974 [INFO] Table exists
2024-03-22 18:43:31,169 [INFO] Loaded 201103 rows and 12 columns to dmrc-data.newsdataio_2024.newsdata_nov2023_au
2024-03-22 18:43:31,493 [INFO] Table exists
2024-03-22 18:43:39,126 [INFO] Loaded 225063 rows and 2 columns to dmrc-data.newsdataio_2024.newsdata_nov2023_au_categories
2024-03-22 18:43:39,476 [INFO] Table exists
2024-03-22 18:43:47,058 [INFO] Loaded 443127 rows and 2 columns to dmrc-data.newsdataio_2024.newsdata_nov2023_au_keywords
2024-03-22 18:43:47,380 [INFO] Table exists
2024-03-22 18:43:52,384 [INFO] Loaded 242667 rows and 2 columns to dmrc-data.newsdataio_2024.newsdata_nov2023_au_creators
2024-03-22 18:43:52,384 [INFO] 
-------------------------------------------------------------------------------------------------------
2024-03-22 18:43:52,384 [INFO] Gathering news articles from 9news_au from 2024-03-10 to 2024-03-17
2024-03-22 18:43:52,384 [INFO] 
API call:
https://newsdata.io/api/1/archive?apikey=pub_200592638f3f0a1a0b3548daf92b7304983f8&q=*&domain=9news_au&language=en&from_date=2024-03-10&to_date=2024-03-17&country=au
2024-03-22 18:43:53,714 [INFO] Response: 200
2024-03-22 18:43:53,717 [INFO] Gathering page 1 of 9
2024-03-22 18:43:53,720 [INFO] 
API call:
https://newsdata.io/api/1/archive?apikey=pub_200592638f3f0a1a0b3548daf92b7304983f8&q=*&domain=9news_au&language=en&from_date=2024-03-10&to_date=2024-03-17&country=au&page=1710540622268185506
2024-03-22 18:43:54,975 [INFO] Response: 200
2024-03-22 18:43:54,978 [INFO] Gathering page 2 of 9
2024-03-22 18:43:54,980 [INFO] 
API call:
https://newsdata.io/api/1/archive?apikey=pub_200592638f3f0a1a0b3548daf92b7304983f8&q=*&domain=9news_au&language=en&from_date=2024-03-10&to_date=2024-03-17&country=au&page=1710464580581555253
2024-03-22 18:43:56,240 [INFO] Response: 200
2024-03-22 18:43:56,241 [INFO] Gathering page 3 of 9
2024-03-22 18:43:56,242 [INFO] 
API call:
https://newsdata.io/api/1/archive?apikey=pub_200592638f3f0a1a0b3548daf92b7304983f8&q=*&domain=9news_au&language=en&from_date=2024-03-10&to_date=2024-03-17&country=au&page=1710401866749970279
2024-03-22 18:43:57,517 [INFO] Response: 200
2024-03-22 18:43:57,519 [INFO] Gathering page 4 of 9
2024-03-22 18:43:57,522 [INFO] 
API call:
https://newsdata.io/api/1/archive?apikey=pub_200592638f3f0a1a0b3548daf92b7304983f8&q=*&domain=9news_au&language=en&from_date=2024-03-10&to_date=2024-03-17&country=au&page=1710370021228543238
2024-03-22 18:43:58,800 [INFO] Response: 200
2024-03-22 18:43:58,801 [INFO] Gathering page 5 of 9
2024-03-22 18:43:58,804 [INFO] 
API call:
https://newsdata.io/api/1/archive?apikey=pub_200592638f3f0a1a0b3548daf92b7304983f8&q=*&domain=9news_au&language=en&from_date=2024-03-10&to_date=2024-03-17&country=au&page=1710298533659466145
2024-03-22 18:44:00,066 [INFO] Response: 200
2024-03-22 18:44:00,067 [INFO] Gathering page 6 of 9
2024-03-22 18:44:00,068 [INFO] 
API call:
https://newsdata.io/api/1/archive?apikey=pub_200592638f3f0a1a0b3548daf92b7304983f8&q=*&domain=9news_au&language=en&from_date=2024-03-10&to_date=2024-03-17&country=au&page=1710259380225727619
2024-03-22 18:44:01,400 [INFO] Response: 200
2024-03-22 18:44:01,403 [INFO] Gathering page 7 of 9
2024-03-22 18:44:01,404 [INFO] 
API call:
https://newsdata.io/api/1/archive?apikey=pub_200592638f3f0a1a0b3548daf92b7304983f8&q=*&domain=9news_au&language=en&from_date=2024-03-10&to_date=2024-03-17&country=au&page=1710205200216981238
2024-03-22 18:44:02,687 [INFO] Response: 200
2024-03-22 18:44:02,689 [INFO] Gathering page 8 of 9
2024-03-22 18:44:02,691 [INFO] 
API call:
https://newsdata.io/api/1/archive?apikey=pub_200592638f3f0a1a0b3548daf92b7304983f8&q=*&domain=9news_au&language=en&from_date=2024-03-10&to_date=2024-03-17&country=au&page=1710122580558617069
2024-03-22 18:44:03,957 [INFO] Response: 200
2024-03-22 18:44:03,961 [INFO] Gathering page 9 of 9
2024-03-22 18:44:03,962 [INFO] 
Compiling 9 pages of results...
2024-03-22 18:44:03,964 [INFO] All news articles gathered from 9news_au from 2024-03-10 to 2024-03-17!
2024-03-22 18:44:03,964 [INFO] Processing tables...
2024-03-22 18:44:04,029 [INFO] Tables have been processed.
2024-03-22 18:44:04,030 [INFO] 
Pushing results from 9news_au to Google BigQuery database...
2024-03-22 18:44:05,060 [INFO] Dataset dmrc-data.newsdataio_2024 already exists
2024-03-22 18:44:05,363 [INFO] Table exists
2024-03-22 18:44:12,147 [INFO] Loaded 201551 rows and 12 columns to dmrc-data.newsdataio_2024.newsdata_nov2023_au
2024-03-22 18:44:12,489 [INFO] Table exists
2024-03-22 18:44:17,871 [INFO] Loaded 225511 rows and 2 columns to dmrc-data.newsdataio_2024.newsdata_nov2023_au_categories
2024-03-22 18:44:18,189 [INFO] Table exists
2024-03-22 18:44:24,062 [INFO] Loaded 443575 rows and 2 columns to dmrc-data.newsdataio_2024.newsdata_nov2023_au_keywords
2024-03-22 18:44:24,407 [INFO] Table exists
2024-03-22 18:44:29,348 [INFO] Loaded 243115 rows and 2 columns to dmrc-data.newsdataio_2024.newsdata_nov2023_au_creators
2024-03-22 18:44:29,349 [INFO] 
-------------------------------------------------------------------------------------------------------
2024-03-22 18:44:29,349 [INFO] Gathering news articles from theconversation from 2024-03-10 to 2024-03-17
2024-03-22 18:44:29,350 [INFO] 
API call:
https://newsdata.io/api/1/archive?apikey=pub_200592638f3f0a1a0b3548daf92b7304983f8&q=*&domain=theconversation&language=en&from_date=2024-03-10&to_date=2024-03-17&country=au
2024-03-22 18:44:30,940 [INFO] Response: 200
2024-03-22 18:44:30,941 [INFO] Gathering page 1 of 3
2024-03-22 18:44:30,942 [INFO] 
API call:
https://newsdata.io/api/1/archive?apikey=pub_200592638f3f0a1a0b3548daf92b7304983f8&q=*&domain=theconversation&language=en&from_date=2024-03-10&to_date=2024-03-17&country=au&page=1710357295314385959
2024-03-22 18:44:32,410 [INFO] Response: 200
2024-03-22 18:44:32,411 [INFO] Gathering page 2 of 3
2024-03-22 18:44:32,411 [INFO] 
API call:
https://newsdata.io/api/1/archive?apikey=pub_200592638f3f0a1a0b3548daf92b7304983f8&q=*&domain=theconversation&language=en&from_date=2024-03-10&to_date=2024-03-17&country=au&page=1710188805018575060
2024-03-22 18:44:33,672 [INFO] Response: 200
2024-03-22 18:44:33,675 [INFO] Gathering page 3 of 3
2024-03-22 18:44:33,678 [INFO] 
Compiling 3 pages of results...
2024-03-22 18:44:33,680 [INFO] All news articles gathered from theconversation from 2024-03-10 to 2024-03-17!
2024-03-22 18:44:33,681 [INFO] Processing tables...
2024-03-22 18:44:33,722 [INFO] Tables have been processed.
2024-03-22 18:44:33,722 [INFO] 
Pushing results from theconversation to Google BigQuery database...
2024-03-22 18:44:34,564 [INFO] Dataset dmrc-data.newsdataio_2024 already exists
2024-03-22 18:44:34,896 [INFO] Table exists
2024-03-22 18:44:40,976 [INFO] Loaded 201681 rows and 12 columns to dmrc-data.newsdataio_2024.newsdata_nov2023_au
2024-03-22 18:44:41,297 [INFO] Table exists
2024-03-22 18:44:45,839 [INFO] Loaded 225643 rows and 2 columns to dmrc-data.newsdataio_2024.newsdata_nov2023_au_categories
2024-03-22 18:44:46,177 [INFO] Table exists
2024-03-22 18:44:52,473 [INFO] Loaded 443705 rows and 2 columns to dmrc-data.newsdataio_2024.newsdata_nov2023_au_keywords
2024-03-22 18:44:52,812 [INFO] Table exists
2024-03-22 18:44:58,400 [INFO] Loaded 243836 rows and 2 columns to dmrc-data.newsdataio_2024.newsdata_nov2023_au_creators
2024-03-22 18:44:58,401 [INFO] 
-------------------------------------------------------------------------------------------------------
2024-03-22 18:44:58,401 [INFO] Gathering news articles from thenewdaily from 2024-03-10 to 2024-03-17
2024-03-22 18:44:58,401 [INFO] 
API call:
https://newsdata.io/api/1/archive?apikey=pub_200592638f3f0a1a0b3548daf92b7304983f8&q=*&domain=thenewdaily&language=en&from_date=2024-03-10&to_date=2024-03-17&country=au
2024-03-22 18:44:59,180 [INFO] Response: 200
2024-03-22 18:44:59,181 [INFO] Gathering page 1 of 0
2024-03-22 18:44:59,182 [INFO] No results for thenewdaily during your specified timeframe!
2024-03-22 18:44:59,183 [INFO] 
-------------------------------------------------------------------------------------------------------
2024-03-22 18:44:59,183 [INFO] Gathering news articles from smh from 2024-03-10 to 2024-03-17
2024-03-22 18:44:59,183 [INFO] 
API call:
https://newsdata.io/api/1/archive?apikey=pub_200592638f3f0a1a0b3548daf92b7304983f8&q=*&domain=smh&language=en&from_date=2024-03-10&to_date=2024-03-17&country=au
2024-03-22 18:45:00,506 [INFO] Response: 200
2024-03-22 18:45:00,507 [INFO] Gathering page 1 of 31
2024-03-22 18:45:00,508 [INFO] 
API call:
https://newsdata.io/api/1/archive?apikey=pub_200592638f3f0a1a0b3548daf92b7304983f8&q=*&domain=smh&language=en&from_date=2024-03-10&to_date=2024-03-17&country=au&page=1710648723883959439
2024-03-22 18:45:01,874 [INFO] Response: 200
2024-03-22 18:45:01,875 [INFO] Gathering page 2 of 31
2024-03-22 18:45:01,875 [INFO] 
API call:
https://newsdata.io/api/1/archive?apikey=pub_200592638f3f0a1a0b3548daf92b7304983f8&q=*&domain=smh&language=en&from_date=2024-03-10&to_date=2024-03-17&country=au&page=1710620210912403797
2024-03-22 18:45:03,578 [INFO] Response: 200
2024-03-22 18:45:03,579 [INFO] Gathering page 3 of 31
2024-03-22 18:45:03,580 [INFO] 
API call:
https://newsdata.io/api/1/archive?apikey=pub_200592638f3f0a1a0b3548daf92b7304983f8&q=*&domain=smh&language=en&from_date=2024-03-10&to_date=2024-03-17&country=au&page=1710612000022504958
2024-03-22 18:45:04,978 [INFO] Response: 200
2024-03-22 18:45:04,979 [INFO] Gathering page 4 of 31
2024-03-22 18:45:04,979 [INFO] 
API call:
https://newsdata.io/api/1/archive?apikey=pub_200592638f3f0a1a0b3548daf92b7304983f8&q=*&domain=smh&language=en&from_date=2024-03-10&to_date=2024-03-17&country=au&page=1710552765308998436
2024-03-22 18:45:06,281 [INFO] Response: 200
2024-03-22 18:45:06,282 [INFO] Gathering page 5 of 31
2024-03-22 18:45:06,283 [INFO] 
API call:
https://newsdata.io/api/1/archive?apikey=pub_200592638f3f0a1a0b3548daf92b7304983f8&q=*&domain=smh&language=en&from_date=2024-03-10&to_date=2024-03-17&country=au&page=1710527400636633970
2024-03-22 18:45:07,773 [INFO] Response: 200
2024-03-22 18:45:07,777 [INFO] Gathering page 6 of 31
2024-03-22 18:45:07,780 [INFO] 
API call:
https://newsdata.io/api/1/archive?apikey=pub_200592638f3f0a1a0b3548daf92b7304983f8&q=*&domain=smh&language=en&from_date=2024-03-10&to_date=2024-03-17&country=au&page=1710499611847665104
2024-03-22 18:45:09,100 [INFO] Response: 200
2024-03-22 18:45:09,100 [INFO] Gathering page 7 of 31
2024-03-22 18:45:09,102 [INFO] 
API call:
https://newsdata.io/api/1/archive?apikey=pub_200592638f3f0a1a0b3548daf92b7304983f8&q=*&domain=smh&language=en&from_date=2024-03-10&to_date=2024-03-17&country=au&page=1710480605678862909
2024-03-22 18:45:10,383 [INFO] Response: 200
2024-03-22 18:45:10,386 [INFO] Gathering page 8 of 31
2024-03-22 18:45:10,389 [INFO] 
API call:
https://newsdata.io/api/1/archive?apikey=pub_200592638f3f0a1a0b3548daf92b7304983f8&q=*&domain=smh&language=en&from_date=2024-03-10&to_date=2024-03-17&country=au&page=1710466147506890928
2024-03-22 18:45:11,461 [INFO] Response: 200
2024-03-22 18:45:11,462 [INFO] Gathering page 9 of 31
2024-03-22 18:45:11,463 [INFO] 
API call:
https://newsdata.io/api/1/archive?apikey=pub_200592638f3f0a1a0b3548daf92b7304983f8&q=*&domain=smh&language=en&from_date=2024-03-10&to_date=2024-03-17&country=au&page=1710445590925068534
2024-03-22 18:45:12,723 [INFO] Response: 200
2024-03-22 18:45:12,726 [INFO] Gathering page 10 of 31
2024-03-22 18:45:12,728 [INFO] 
API call:
https://newsdata.io/api/1/archive?apikey=pub_200592638f3f0a1a0b3548daf92b7304983f8&q=*&domain=smh&language=en&from_date=2024-03-10&to_date=2024-03-17&country=au&page=1710439200451996617
2024-03-22 18:45:13,984 [INFO] Response: 200
2024-03-22 18:45:13,985 [INFO] Gathering page 11 of 31
2024-03-22 18:45:13,986 [INFO] 
API call:
https://newsdata.io/api/1/archive?apikey=pub_200592638f3f0a1a0b3548daf92b7304983f8&q=*&domain=smh&language=en&from_date=2024-03-10&to_date=2024-03-17&country=au&page=1710399600805683645
2024-03-22 18:45:15,099 [INFO] Response: 200
2024-03-22 18:45:15,101 [INFO] Gathering page 12 of 31
2024-03-22 18:45:15,102 [INFO] 
API call:
https://newsdata.io/api/1/archive?apikey=pub_200592638f3f0a1a0b3548daf92b7304983f8&q=*&domain=smh&language=en&from_date=2024-03-10&to_date=2024-03-17&country=au&page=1710393119568851461
2024-03-22 18:45:16,442 [INFO] Response: 200
2024-03-22 18:45:16,444 [INFO] Gathering page 13 of 31
2024-03-22 18:45:16,446 [INFO] 
API call:
https://newsdata.io/api/1/archive?apikey=pub_200592638f3f0a1a0b3548daf92b7304983f8&q=*&domain=smh&language=en&from_date=2024-03-10&to_date=2024-03-17&country=au&page=1710370085937551624
2024-03-22 18:45:17,736 [INFO] Response: 200
2024-03-22 18:45:17,738 [INFO] Gathering page 14 of 31
2024-03-22 18:45:17,740 [INFO] 
API call:
https://newsdata.io/api/1/archive?apikey=pub_200592638f3f0a1a0b3548daf92b7304983f8&q=*&domain=smh&language=en&from_date=2024-03-10&to_date=2024-03-17&country=au&page=1710352800766522845
2024-03-22 18:45:19,042 [INFO] Response: 200
2024-03-22 18:45:19,045 [INFO] Gathering page 15 of 31
2024-03-22 18:45:19,047 [INFO] 
API call:
https://newsdata.io/api/1/archive?apikey=pub_200592638f3f0a1a0b3548daf92b7304983f8&q=*&domain=smh&language=en&from_date=2024-03-10&to_date=2024-03-17&country=au&page=1710322917651769472
2024-03-22 18:45:20,147 [INFO] Response: 200
2024-03-22 18:45:20,148 [INFO] Gathering page 16 of 31
2024-03-22 18:45:20,151 [INFO] 
API call:
https://newsdata.io/api/1/archive?apikey=pub_200592638f3f0a1a0b3548daf92b7304983f8&q=*&domain=smh&language=en&from_date=2024-03-10&to_date=2024-03-17&country=au&page=1710308718109789686
2024-03-22 18:45:21,402 [INFO] Response: 200
2024-03-22 18:45:21,405 [INFO] Gathering page 17 of 31
2024-03-22 18:45:21,408 [INFO] 
API call:
https://newsdata.io/api/1/archive?apikey=pub_200592638f3f0a1a0b3548daf92b7304983f8&q=*&domain=smh&language=en&from_date=2024-03-10&to_date=2024-03-17&country=au&page=1710297011502560139
2024-03-22 18:45:22,701 [INFO] Response: 200
2024-03-22 18:45:22,702 [INFO] Gathering page 18 of 31
2024-03-22 18:45:22,703 [INFO] 
API call:
https://newsdata.io/api/1/archive?apikey=pub_200592638f3f0a1a0b3548daf92b7304983f8&q=*&domain=smh&language=en&from_date=2024-03-10&to_date=2024-03-17&country=au&page=1710276235056216684
2024-03-22 18:45:24,063 [INFO] Response: 200
2024-03-22 18:45:24,065 [INFO] Gathering page 19 of 31
2024-03-22 18:45:24,066 [INFO] 
API call:
https://newsdata.io/api/1/archive?apikey=pub_200592638f3f0a1a0b3548daf92b7304983f8&q=*&domain=smh&language=en&from_date=2024-03-10&to_date=2024-03-17&country=au&page=1710264600071331895
2024-03-22 18:45:25,158 [INFO] Response: 200
2024-03-22 18:45:25,160 [INFO] Gathering page 20 of 31
2024-03-22 18:45:25,161 [INFO] 
API call:
https://newsdata.io/api/1/archive?apikey=pub_200592638f3f0a1a0b3548daf92b7304983f8&q=*&domain=smh&language=en&from_date=2024-03-10&to_date=2024-03-17&country=au&page=1710233100356682501
2024-03-22 18:45:26,443 [INFO] Response: 200
2024-03-22 18:45:26,444 [INFO] Gathering page 21 of 31
2024-03-22 18:45:26,445 [INFO] 
API call:
https://newsdata.io/api/1/archive?apikey=pub_200592638f3f0a1a0b3548daf92b7304983f8&q=*&domain=smh&language=en&from_date=2024-03-10&to_date=2024-03-17&country=au&page=1710222846278887702
2024-03-22 18:45:27,699 [INFO] Response: 200
2024-03-22 18:45:27,700 [INFO] Gathering page 22 of 31
2024-03-22 18:45:27,702 [INFO] 
API call:
https://newsdata.io/api/1/archive?apikey=pub_200592638f3f0a1a0b3548daf92b7304983f8&q=*&domain=smh&language=en&from_date=2024-03-10&to_date=2024-03-17&country=au&page=1710212522133505240
2024-03-22 18:45:28,990 [INFO] Response: 200
2024-03-22 18:45:28,992 [INFO] Gathering page 23 of 31
2024-03-22 18:45:28,994 [INFO] 
API call:
https://newsdata.io/api/1/archive?apikey=pub_200592638f3f0a1a0b3548daf92b7304983f8&q=*&domain=smh&language=en&from_date=2024-03-10&to_date=2024-03-17&country=au&page=1710187194251405565
2024-03-22 18:45:30,317 [INFO] Response: 200
2024-03-22 18:45:30,318 [INFO] Gathering page 24 of 31
2024-03-22 18:45:30,320 [INFO] 
API call:
https://newsdata.io/api/1/archive?apikey=pub_200592638f3f0a1a0b3548daf92b7304983f8&q=*&domain=smh&language=en&from_date=2024-03-10&to_date=2024-03-17&country=au&page=1710162000942817677
2024-03-22 18:45:31,632 [INFO] Response: 200
2024-03-22 18:45:31,635 [INFO] Gathering page 25 of 31
2024-03-22 18:45:31,638 [INFO] 
API call:
https://newsdata.io/api/1/archive?apikey=pub_200592638f3f0a1a0b3548daf92b7304983f8&q=*&domain=smh&language=en&from_date=2024-03-10&to_date=2024-03-17&country=au&page=1710140392311023964
2024-03-22 18:45:32,714 [INFO] Response: 200
2024-03-22 18:45:32,715 [INFO] Gathering page 26 of 31
2024-03-22 18:45:32,716 [INFO] 
API call:
https://newsdata.io/api/1/archive?apikey=pub_200592638f3f0a1a0b3548daf92b7304983f8&q=*&domain=smh&language=en&from_date=2024-03-10&to_date=2024-03-17&country=au&page=1710130157260285538
2024-03-22 18:45:34,014 [INFO] Response: 200
2024-03-22 18:45:34,015 [INFO] Gathering page 27 of 31
2024-03-22 18:45:34,016 [INFO] 
API call:
https://newsdata.io/api/1/archive?apikey=pub_200592638f3f0a1a0b3548daf92b7304983f8&q=*&domain=smh&language=en&from_date=2024-03-10&to_date=2024-03-17&country=au&page=1710101199876776910
2024-03-22 18:45:35,291 [INFO] Response: 200
2024-03-22 18:45:35,293 [INFO] Gathering page 28 of 31
2024-03-22 18:45:35,296 [INFO] 
API call:
https://newsdata.io/api/1/archive?apikey=pub_200592638f3f0a1a0b3548daf92b7304983f8&q=*&domain=smh&language=en&from_date=2024-03-10&to_date=2024-03-17&country=au&page=1710093600210163917
2024-03-22 18:45:36,567 [INFO] Response: 200
2024-03-22 18:45:36,568 [INFO] Gathering page 29 of 31
2024-03-22 18:45:36,569 [INFO] 
API call:
https://newsdata.io/api/1/archive?apikey=pub_200592638f3f0a1a0b3548daf92b7304983f8&q=*&domain=smh&language=en&from_date=2024-03-10&to_date=2024-03-17&country=au&page=1710059611204120013
2024-03-22 18:45:37,647 [INFO] Response: 200
2024-03-22 18:45:37,648 [INFO] Gathering page 30 of 31
2024-03-22 18:45:37,650 [INFO] 
API call:
https://newsdata.io/api/1/archive?apikey=pub_200592638f3f0a1a0b3548daf92b7304983f8&q=*&domain=smh&language=en&from_date=2024-03-10&to_date=2024-03-17&country=au&page=1710038283651333211
2024-03-22 18:45:38,667 [INFO] Response: 200
2024-03-22 18:45:38,667 [INFO] Gathering page 31 of 31
2024-03-22 18:45:38,668 [INFO] 
Compiling 31 pages of results...
2024-03-22 18:45:38,670 [INFO] All news articles gathered from smh from 2024-03-10 to 2024-03-17!
2024-03-22 18:45:38,670 [INFO] Processing tables...
2024-03-22 18:45:38,847 [INFO] Tables have been processed.
2024-03-22 18:45:38,847 [INFO] 
Pushing results from smh to Google BigQuery database...
2024-03-22 18:45:39,663 [INFO] Dataset dmrc-data.newsdataio_2024 already exists
2024-03-22 18:45:39,998 [INFO] Table exists
2024-03-22 18:45:49,112 [INFO] Loaded 203200 rows and 12 columns to dmrc-data.newsdataio_2024.newsdata_nov2023_au
2024-03-22 18:45:49,458 [INFO] Table exists
2024-03-22 18:45:57,944 [INFO] Loaded 227162 rows and 2 columns to dmrc-data.newsdataio_2024.newsdata_nov2023_au_categories
2024-03-22 18:45:58,324 [INFO] Table exists
2024-03-22 18:46:03,202 [INFO] Loaded 445224 rows and 2 columns to dmrc-data.newsdataio_2024.newsdata_nov2023_au_keywords
2024-03-22 18:46:03,547 [INFO] Table exists
2024-03-22 18:46:09,504 [INFO] Loaded 245481 rows and 2 columns to dmrc-data.newsdataio_2024.newsdata_nov2023_au_creators
2024-03-22 18:46:09,505 [INFO] 
-------------------------------------------------------------------------------------------------------
2024-03-22 18:46:09,505 [INFO] Gathering news articles from thewest from 2024-03-10 to 2024-03-17
2024-03-22 18:46:09,505 [INFO] 
API call:
https://newsdata.io/api/1/archive?apikey=pub_200592638f3f0a1a0b3548daf92b7304983f8&q=*&domain=thewest&language=en&from_date=2024-03-10&to_date=2024-03-17&country=au
2024-03-22 18:46:10,732 [INFO] Response: 200
2024-03-22 18:46:10,734 [INFO] Gathering page 1 of 27
2024-03-22 18:46:10,735 [INFO] 
API call:
https://newsdata.io/api/1/archive?apikey=pub_200592638f3f0a1a0b3548daf92b7304983f8&q=*&domain=thewest&language=en&from_date=2024-03-10&to_date=2024-03-17&country=au&page=1710642438156077131
2024-03-22 18:46:11,804 [INFO] Response: 200
2024-03-22 18:46:11,806 [INFO] Gathering page 2 of 27
2024-03-22 18:46:11,808 [INFO] 
API call:
https://newsdata.io/api/1/archive?apikey=pub_200592638f3f0a1a0b3548daf92b7304983f8&q=*&domain=thewest&language=en&from_date=2024-03-10&to_date=2024-03-17&country=au&page=1710612000045410020
2024-03-22 18:46:13,066 [INFO] Response: 200
2024-03-22 18:46:13,070 [INFO] Gathering page 3 of 27
2024-03-22 18:46:13,072 [INFO] 
API call:
https://newsdata.io/api/1/archive?apikey=pub_200592638f3f0a1a0b3548daf92b7304983f8&q=*&domain=thewest&language=en&from_date=2024-03-10&to_date=2024-03-17&country=au&page=1710573934826068202
2024-03-22 18:46:14,162 [INFO] Response: 200
2024-03-22 18:46:14,164 [INFO] Gathering page 4 of 27
2024-03-22 18:46:14,166 [INFO] 
API call:
https://newsdata.io/api/1/archive?apikey=pub_200592638f3f0a1a0b3548daf92b7304983f8&q=*&domain=thewest&language=en&from_date=2024-03-10&to_date=2024-03-17&country=au&page=1710548133680889452
2024-03-22 18:46:15,291 [INFO] Response: 200
2024-03-22 18:46:15,293 [INFO] Gathering page 5 of 27
2024-03-22 18:46:15,295 [INFO] 
API call:
https://newsdata.io/api/1/archive?apikey=pub_200592638f3f0a1a0b3548daf92b7304983f8&q=*&domain=thewest&language=en&from_date=2024-03-10&to_date=2024-03-17&country=au&page=1710521656566474260
2024-03-22 18:46:16,372 [INFO] Response: 200
2024-03-22 18:46:16,372 [INFO] Gathering page 6 of 27
2024-03-22 18:46:16,373 [INFO] 
API call:
https://newsdata.io/api/1/archive?apikey=pub_200592638f3f0a1a0b3548daf92b7304983f8&q=*&domain=thewest&language=en&from_date=2024-03-10&to_date=2024-03-17&country=au&page=1710488580415975849
2024-03-22 18:46:17,459 [INFO] Response: 200
2024-03-22 18:46:17,461 [INFO] Gathering page 7 of 27
2024-03-22 18:46:17,463 [INFO] 
API call:
https://newsdata.io/api/1/archive?apikey=pub_200592638f3f0a1a0b3548daf92b7304983f8&q=*&domain=thewest&language=en&from_date=2024-03-10&to_date=2024-03-17&country=au&page=1710471123302878389
2024-03-22 18:46:18,524 [INFO] Response: 200
2024-03-22 18:46:18,526 [INFO] Gathering page 8 of 27
2024-03-22 18:46:18,528 [INFO] 
API call:
https://newsdata.io/api/1/archive?apikey=pub_200592638f3f0a1a0b3548daf92b7304983f8&q=*&domain=thewest&language=en&from_date=2024-03-10&to_date=2024-03-17&country=au&page=1710455696256617578
2024-03-22 18:46:19,610 [INFO] Response: 200
2024-03-22 18:46:19,612 [INFO] Gathering page 9 of 27
2024-03-22 18:46:19,615 [INFO] 
API call:
https://newsdata.io/api/1/archive?apikey=pub_200592638f3f0a1a0b3548daf92b7304983f8&q=*&domain=thewest&language=en&from_date=2024-03-10&to_date=2024-03-17&country=au&page=1710426711728008593
2024-03-22 18:46:20,755 [INFO] Response: 200
2024-03-22 18:46:20,756 [INFO] Gathering page 10 of 27
2024-03-22 18:46:20,758 [INFO] 
API call:
https://newsdata.io/api/1/archive?apikey=pub_200592638f3f0a1a0b3548daf92b7304983f8&q=*&domain=thewest&language=en&from_date=2024-03-10&to_date=2024-03-17&country=au&page=1710398727410446272
2024-03-22 18:46:21,811 [INFO] Response: 200
2024-03-22 18:46:21,812 [INFO] Gathering page 11 of 27
2024-03-22 18:46:21,813 [INFO] 
API call:
https://newsdata.io/api/1/archive?apikey=pub_200592638f3f0a1a0b3548daf92b7304983f8&q=*&domain=thewest&language=en&from_date=2024-03-10&to_date=2024-03-17&country=au&page=1710385200679850294
2024-03-22 18:46:23,082 [INFO] Response: 200
2024-03-22 18:46:23,083 [INFO] Gathering page 12 of 27
2024-03-22 18:46:23,086 [INFO] 
API call:
https://newsdata.io/api/1/archive?apikey=pub_200592638f3f0a1a0b3548daf92b7304983f8&q=*&domain=thewest&language=en&from_date=2024-03-10&to_date=2024-03-17&country=au&page=1710372562214511087
2024-03-22 18:46:24,158 [INFO] Response: 200
2024-03-22 18:46:24,159 [INFO] Gathering page 13 of 27
2024-03-22 18:46:24,159 [INFO] 
API call:
https://newsdata.io/api/1/archive?apikey=pub_200592638f3f0a1a0b3548daf92b7304983f8&q=*&domain=thewest&language=en&from_date=2024-03-10&to_date=2024-03-17&country=au&page=1710349200815992089
2024-03-22 18:46:25,213 [INFO] Response: 200
2024-03-22 18:46:25,215 [INFO] Gathering page 14 of 27
2024-03-22 18:46:25,218 [INFO] 
API call:
https://newsdata.io/api/1/archive?apikey=pub_200592638f3f0a1a0b3548daf92b7304983f8&q=*&domain=thewest&language=en&from_date=2024-03-10&to_date=2024-03-17&country=au&page=1710317217402326914
2024-03-22 18:46:26,282 [INFO] Response: 200
2024-03-22 18:46:26,284 [INFO] Gathering page 15 of 27
2024-03-22 18:46:26,287 [INFO] 
API call:
https://newsdata.io/api/1/archive?apikey=pub_200592638f3f0a1a0b3548daf92b7304983f8&q=*&domain=thewest&language=en&from_date=2024-03-10&to_date=2024-03-17&country=au&page=1710300895643664540
2024-03-22 18:46:27,382 [INFO] Response: 200
2024-03-22 18:46:27,385 [INFO] Gathering page 16 of 27
2024-03-22 18:46:27,387 [INFO] 
API call:
https://newsdata.io/api/1/archive?apikey=pub_200592638f3f0a1a0b3548daf92b7304983f8&q=*&domain=thewest&language=en&from_date=2024-03-10&to_date=2024-03-17&country=au&page=1710288706822520572
2024-03-22 18:46:28,476 [INFO] Response: 200
2024-03-22 18:46:28,477 [INFO] Gathering page 17 of 27
2024-03-22 18:46:28,478 [INFO] 
API call:
https://newsdata.io/api/1/archive?apikey=pub_200592638f3f0a1a0b3548daf92b7304983f8&q=*&domain=thewest&language=en&from_date=2024-03-10&to_date=2024-03-17&country=au&page=1710256886205818463
2024-03-22 18:46:29,542 [INFO] Response: 200
2024-03-22 18:46:29,544 [INFO] Gathering page 18 of 27
2024-03-22 18:46:29,547 [INFO] 
API call:
https://newsdata.io/api/1/archive?apikey=pub_200592638f3f0a1a0b3548daf92b7304983f8&q=*&domain=thewest&language=en&from_date=2024-03-10&to_date=2024-03-17&country=au&page=1710225720730284754
2024-03-22 18:46:30,884 [INFO] Response: 200
2024-03-22 18:46:30,885 [INFO] Gathering page 19 of 27
2024-03-22 18:46:30,886 [INFO] 
API call:
https://newsdata.io/api/1/archive?apikey=pub_200592638f3f0a1a0b3548daf92b7304983f8&q=*&domain=thewest&language=en&from_date=2024-03-10&to_date=2024-03-17&country=au&page=1710213240464087573
2024-03-22 18:46:31,923 [INFO] Response: 200
2024-03-22 18:46:31,924 [INFO] Gathering page 20 of 27
2024-03-22 18:46:31,925 [INFO] 
API call:
https://newsdata.io/api/1/archive?apikey=pub_200592638f3f0a1a0b3548daf92b7304983f8&q=*&domain=thewest&language=en&from_date=2024-03-10&to_date=2024-03-17&country=au&page=1710198917883479092
2024-03-22 18:46:33,032 [INFO] Response: 200
2024-03-22 18:46:33,035 [INFO] Gathering page 21 of 27
2024-03-22 18:46:33,038 [INFO] 
API call:
https://newsdata.io/api/1/archive?apikey=pub_200592638f3f0a1a0b3548daf92b7304983f8&q=*&domain=thewest&language=en&from_date=2024-03-10&to_date=2024-03-17&country=au&page=1710172800623663474
2024-03-22 18:46:34,083 [INFO] Response: 200
2024-03-22 18:46:34,085 [INFO] Gathering page 22 of 27
2024-03-22 18:46:34,088 [INFO] 
API call:
https://newsdata.io/api/1/archive?apikey=pub_200592638f3f0a1a0b3548daf92b7304983f8&q=*&domain=thewest&language=en&from_date=2024-03-10&to_date=2024-03-17&country=au&page=1710141174142873389
2024-03-22 18:46:35,138 [INFO] Response: 200
2024-03-22 18:46:35,140 [INFO] Gathering page 23 of 27
2024-03-22 18:46:35,141 [INFO] 
API call:
https://newsdata.io/api/1/archive?apikey=pub_200592638f3f0a1a0b3548daf92b7304983f8&q=*&domain=thewest&language=en&from_date=2024-03-10&to_date=2024-03-17&country=au&page=1710125585469260519
2024-03-22 18:46:36,228 [INFO] Response: 200
2024-03-22 18:46:36,229 [INFO] Gathering page 24 of 27
2024-03-22 18:46:36,230 [INFO] 
API call:
https://newsdata.io/api/1/archive?apikey=pub_200592638f3f0a1a0b3548daf92b7304983f8&q=*&domain=thewest&language=en&from_date=2024-03-10&to_date=2024-03-17&country=au&page=1710105491157414020
2024-03-22 18:46:37,354 [INFO] Response: 200
2024-03-22 18:46:37,355 [INFO] Gathering page 25 of 27
2024-03-22 18:46:37,356 [INFO] 
API call:
https://newsdata.io/api/1/archive?apikey=pub_200592638f3f0a1a0b3548daf92b7304983f8&q=*&domain=thewest&language=en&from_date=2024-03-10&to_date=2024-03-17&country=au&page=1710082987922011408
2024-03-22 18:46:38,408 [INFO] Response: 200
2024-03-22 18:46:38,410 [INFO] Gathering page 26 of 27
2024-03-22 18:46:38,412 [INFO] 
API call:
https://newsdata.io/api/1/archive?apikey=pub_200592638f3f0a1a0b3548daf92b7304983f8&q=*&domain=thewest&language=en&from_date=2024-03-10&to_date=2024-03-17&country=au&page=1710040676866165179
2024-03-22 18:46:39,446 [INFO] Response: 200
2024-03-22 18:46:39,446 [INFO] Gathering page 27 of 27
2024-03-22 18:46:39,448 [INFO] 
Compiling 27 pages of results...
2024-03-22 18:46:39,451 [INFO] All news articles gathered from thewest from 2024-03-10 to 2024-03-17!
2024-03-22 18:46:39,451 [INFO] Processing tables...
2024-03-22 18:46:39,547 [INFO] Tables have been processed.
2024-03-22 18:46:39,547 [INFO] 
Pushing results from thewest to Google BigQuery database...
2024-03-22 18:46:40,364 [INFO] Dataset dmrc-data.newsdataio_2024 already exists
2024-03-22 18:46:40,693 [INFO] Table exists
2024-03-22 18:46:48,162 [INFO] Loaded 204526 rows and 12 columns to dmrc-data.newsdataio_2024.newsdata_nov2023_au
2024-03-22 18:46:48,474 [INFO] Table exists
2024-03-22 18:46:53,078 [INFO] Loaded 228488 rows and 2 columns to dmrc-data.newsdataio_2024.newsdata_nov2023_au_categories
2024-03-22 18:46:53,408 [INFO] Table exists
2024-03-22 18:46:58,436 [INFO] Loaded 446550 rows and 2 columns to dmrc-data.newsdataio_2024.newsdata_nov2023_au_keywords
2024-03-22 18:46:58,745 [INFO] Table exists
2024-03-22 18:47:04,532 [INFO] Loaded 246865 rows and 2 columns to dmrc-data.newsdataio_2024.newsdata_nov2023_au_creators
2024-03-22 18:47:04,533 [INFO] 
-------------------------------------------------------------------------------------------------------
2024-03-22 18:47:04,533 [INFO] Gathering news articles from aap from 2024-03-10 to 2024-03-17
2024-03-22 18:47:04,533 [INFO] 
API call:
https://newsdata.io/api/1/archive?apikey=pub_200592638f3f0a1a0b3548daf92b7304983f8&q=*&domain=aap&language=en&from_date=2024-03-10&to_date=2024-03-17&country=au
2024-03-22 18:47:05,768 [INFO] Response: 200
2024-03-22 18:47:05,771 [INFO] Gathering page 1 of 5
2024-03-22 18:47:05,773 [INFO] 
API call:
https://newsdata.io/api/1/archive?apikey=pub_200592638f3f0a1a0b3548daf92b7304983f8&q=*&domain=aap&language=en&from_date=2024-03-10&to_date=2024-03-17&country=au&page=1710437238892706599
2024-03-22 18:47:06,905 [INFO] Response: 200
2024-03-22 18:47:06,907 [INFO] Gathering page 2 of 5
2024-03-22 18:47:06,909 [INFO] 
API call:
https://newsdata.io/api/1/archive?apikey=pub_200592638f3f0a1a0b3548daf92b7304983f8&q=*&domain=aap&language=en&from_date=2024-03-10&to_date=2024-03-17&country=au&page=1710370753444388689
2024-03-22 18:47:08,083 [INFO] Response: 200
2024-03-22 18:47:08,083 [INFO] Gathering page 3 of 5
2024-03-22 18:47:08,092 [INFO] 
API call:
https://newsdata.io/api/1/archive?apikey=pub_200592638f3f0a1a0b3548daf92b7304983f8&q=*&domain=aap&language=en&from_date=2024-03-10&to_date=2024-03-17&country=au&page=1710252328335850170
2024-03-22 18:47:09,228 [INFO] Response: 200
2024-03-22 18:47:09,228 [INFO] Gathering page 4 of 5
2024-03-22 18:47:09,229 [INFO] 
API call:
https://newsdata.io/api/1/archive?apikey=pub_200592638f3f0a1a0b3548daf92b7304983f8&q=*&domain=aap&language=en&from_date=2024-03-10&to_date=2024-03-17&country=au&page=1710184325217043785
2024-03-22 18:47:10,277 [INFO] Response: 200
2024-03-22 18:47:10,278 [INFO] Gathering page 5 of 5
2024-03-22 18:47:10,279 [INFO] 
Compiling 5 pages of results...
2024-03-22 18:47:10,280 [INFO] All news articles gathered from aap from 2024-03-10 to 2024-03-17!
2024-03-22 18:47:10,280 [INFO] Processing tables...
2024-03-22 18:47:10,311 [INFO] Tables have been processed.
2024-03-22 18:47:10,312 [INFO] 
Pushing results from aap to Google BigQuery database...
2024-03-22 18:47:11,177 [INFO] Dataset dmrc-data.newsdataio_2024 already exists
2024-03-22 18:47:11,539 [INFO] Table exists
2024-03-22 18:47:18,816 [INFO] Loaded 204766 rows and 12 columns to dmrc-data.newsdataio_2024.newsdata_nov2023_au
2024-03-22 18:47:19,168 [INFO] Table exists
2024-03-22 18:47:24,747 [INFO] Loaded 228728 rows and 2 columns to dmrc-data.newsdataio_2024.newsdata_nov2023_au_categories
2024-03-22 18:47:25,243 [INFO] Table exists
2024-03-22 18:47:31,093 [INFO] Loaded 447006 rows and 2 columns to dmrc-data.newsdataio_2024.newsdata_nov2023_au_keywords
2024-03-22 18:47:31,406 [INFO] Table exists
2024-03-22 18:47:38,804 [INFO] Loaded 247105 rows and 2 columns to dmrc-data.newsdataio_2024.newsdata_nov2023_au_creators
2024-03-22 18:47:38,804 [INFO] 
-------------------------------------------------------------------------------------------------------
2024-03-22 18:47:38,804 [INFO] Gathering news articles from theage from 2024-03-10 to 2024-03-17
2024-03-22 18:47:38,804 [INFO] 
API call:
https://newsdata.io/api/1/archive?apikey=pub_200592638f3f0a1a0b3548daf92b7304983f8&q=*&domain=theage&language=en&from_date=2024-03-10&to_date=2024-03-17&country=au
2024-03-22 18:47:40,181 [INFO] Response: 200
2024-03-22 18:47:40,184 [INFO] Gathering page 1 of 34
2024-03-22 18:47:40,186 [INFO] 
API call:
https://newsdata.io/api/1/archive?apikey=pub_200592638f3f0a1a0b3548daf92b7304983f8&q=*&domain=theage&language=en&from_date=2024-03-10&to_date=2024-03-17&country=au&page=1710637598518569906
2024-03-22 18:47:41,454 [INFO] Response: 200
2024-03-22 18:47:41,455 [INFO] Gathering page 2 of 34
2024-03-22 18:47:41,456 [INFO] 
API call:
https://newsdata.io/api/1/archive?apikey=pub_200592638f3f0a1a0b3548daf92b7304983f8&q=*&domain=theage&language=en&from_date=2024-03-10&to_date=2024-03-17&country=au&page=1710612000906556968
2024-03-22 18:47:42,764 [INFO] Response: 200
2024-03-22 18:47:42,765 [INFO] Gathering page 3 of 34
2024-03-22 18:47:42,766 [INFO] 
API call:
https://newsdata.io/api/1/archive?apikey=pub_200592638f3f0a1a0b3548daf92b7304983f8&q=*&domain=theage&language=en&from_date=2024-03-10&to_date=2024-03-17&country=au&page=1710576000188253381
2024-03-22 18:47:43,874 [INFO] Response: 200
2024-03-22 18:47:43,876 [INFO] Gathering page 4 of 34
2024-03-22 18:47:43,877 [INFO] 
API call:
https://newsdata.io/api/1/archive?apikey=pub_200592638f3f0a1a0b3548daf92b7304983f8&q=*&domain=theage&language=en&from_date=2024-03-10&to_date=2024-03-17&country=au&page=1710550554155389378
2024-03-22 18:47:44,966 [INFO] Response: 200
2024-03-22 18:47:44,967 [INFO] Gathering page 5 of 34
2024-03-22 18:47:44,969 [INFO] 
API call:
https://newsdata.io/api/1/archive?apikey=pub_200592638f3f0a1a0b3548daf92b7304983f8&q=*&domain=theage&language=en&from_date=2024-03-10&to_date=2024-03-17&country=au&page=1710527400923703783
2024-03-22 18:47:46,517 [INFO] Response: 200
2024-03-22 18:47:46,519 [INFO] Gathering page 6 of 34
2024-03-22 18:47:46,520 [INFO] 
API call:
https://newsdata.io/api/1/archive?apikey=pub_200592638f3f0a1a0b3548daf92b7304983f8&q=*&domain=theage&language=en&from_date=2024-03-10&to_date=2024-03-17&country=au&page=1710525600190748302
2024-03-22 18:47:47,789 [INFO] Response: 200
2024-03-22 18:47:47,790 [INFO] Gathering page 7 of 34
2024-03-22 18:47:47,791 [INFO] 
API call:
https://newsdata.io/api/1/archive?apikey=pub_200592638f3f0a1a0b3548daf92b7304983f8&q=*&domain=theage&language=en&from_date=2024-03-10&to_date=2024-03-17&country=au&page=1710483908870975054
2024-03-22 18:47:49,052 [INFO] Response: 200
2024-03-22 18:47:49,055 [INFO] Gathering page 8 of 34
2024-03-22 18:47:49,057 [INFO] 
API call:
https://newsdata.io/api/1/archive?apikey=pub_200592638f3f0a1a0b3548daf92b7304983f8&q=*&domain=theage&language=en&from_date=2024-03-10&to_date=2024-03-17&country=au&page=1710477000458053276
2024-03-22 18:47:50,365 [INFO] Response: 200
2024-03-22 18:47:50,366 [INFO] Gathering page 9 of 34
2024-03-22 18:47:50,369 [INFO] 
API call:
https://newsdata.io/api/1/archive?apikey=pub_200592638f3f0a1a0b3548daf92b7304983f8&q=*&domain=theage&language=en&from_date=2024-03-10&to_date=2024-03-17&country=au&page=1710463278376149704
2024-03-22 18:47:51,457 [INFO] Response: 200
2024-03-22 18:47:51,459 [INFO] Gathering page 10 of 34
2024-03-22 18:47:51,461 [INFO] 
API call:
https://newsdata.io/api/1/archive?apikey=pub_200592638f3f0a1a0b3548daf92b7304983f8&q=*&domain=theage&language=en&from_date=2024-03-10&to_date=2024-03-17&country=au&page=1710448635275080352
2024-03-22 18:47:52,736 [INFO] Response: 200
2024-03-22 18:47:52,737 [INFO] Gathering page 11 of 34
2024-03-22 18:47:52,738 [INFO] 
API call:
https://newsdata.io/api/1/archive?apikey=pub_200592638f3f0a1a0b3548daf92b7304983f8&q=*&domain=theage&language=en&from_date=2024-03-10&to_date=2024-03-17&country=au&page=1710439200192304127
2024-03-22 18:47:54,023 [INFO] Response: 200
2024-03-22 18:47:54,025 [INFO] Gathering page 12 of 34
2024-03-22 18:47:54,026 [INFO] 
API call:
https://newsdata.io/api/1/archive?apikey=pub_200592638f3f0a1a0b3548daf92b7304983f8&q=*&domain=theage&language=en&from_date=2024-03-10&to_date=2024-03-17&country=au&page=1710402746076305816
2024-03-22 18:47:55,120 [INFO] Response: 200
2024-03-22 18:47:55,123 [INFO] Gathering page 13 of 34
2024-03-22 18:47:55,124 [INFO] 
API call:
https://newsdata.io/api/1/archive?apikey=pub_200592638f3f0a1a0b3548daf92b7304983f8&q=*&domain=theage&language=en&from_date=2024-03-10&to_date=2024-03-17&country=au&page=1710393544140663738
2024-03-22 18:47:56,209 [INFO] Response: 200
2024-03-22 18:47:56,210 [INFO] Gathering page 14 of 34
2024-03-22 18:47:56,211 [INFO] 
API call:
https://newsdata.io/api/1/archive?apikey=pub_200592638f3f0a1a0b3548daf92b7304983f8&q=*&domain=theage&language=en&from_date=2024-03-10&to_date=2024-03-17&country=au&page=1710380722230950844
2024-03-22 18:47:57,305 [INFO] Response: 200
2024-03-22 18:47:57,307 [INFO] Gathering page 15 of 34
2024-03-22 18:47:57,309 [INFO] 
API call:
https://newsdata.io/api/1/archive?apikey=pub_200592638f3f0a1a0b3548daf92b7304983f8&q=*&domain=theage&language=en&from_date=2024-03-10&to_date=2024-03-17&country=au&page=1710357762725776117
2024-03-22 18:47:58,575 [INFO] Response: 200
2024-03-22 18:47:58,578 [INFO] Gathering page 16 of 34
2024-03-22 18:47:58,580 [INFO] 
API call:
https://newsdata.io/api/1/archive?apikey=pub_200592638f3f0a1a0b3548daf92b7304983f8&q=*&domain=theage&language=en&from_date=2024-03-10&to_date=2024-03-17&country=au&page=1710352800286886376
2024-03-22 18:47:59,869 [INFO] Response: 200
2024-03-22 18:47:59,870 [INFO] Gathering page 17 of 34
2024-03-22 18:47:59,873 [INFO] 
API call:
https://newsdata.io/api/1/archive?apikey=pub_200592638f3f0a1a0b3548daf92b7304983f8&q=*&domain=theage&language=en&from_date=2024-03-10&to_date=2024-03-17&country=au&page=1710323653746182350
2024-03-22 18:48:01,177 [INFO] Response: 200
2024-03-22 18:48:01,179 [INFO] Gathering page 18 of 34
2024-03-22 18:48:01,180 [INFO] 
API call:
https://newsdata.io/api/1/archive?apikey=pub_200592638f3f0a1a0b3548daf92b7304983f8&q=*&domain=theage&language=en&from_date=2024-03-10&to_date=2024-03-17&country=au&page=1710309949323634112
2024-03-22 18:48:02,292 [INFO] Response: 200
2024-03-22 18:48:02,294 [INFO] Gathering page 19 of 34
2024-03-22 18:48:02,295 [INFO] 
API call:
https://newsdata.io/api/1/archive?apikey=pub_200592638f3f0a1a0b3548daf92b7304983f8&q=*&domain=theage&language=en&from_date=2024-03-10&to_date=2024-03-17&country=au&page=1710304276208982042
2024-03-22 18:48:03,559 [INFO] Response: 200
2024-03-22 18:48:03,562 [INFO] Gathering page 20 of 34
2024-03-22 18:48:03,564 [INFO] 
API call:
https://newsdata.io/api/1/archive?apikey=pub_200592638f3f0a1a0b3548daf92b7304983f8&q=*&domain=theage&language=en&from_date=2024-03-10&to_date=2024-03-17&country=au&page=1710290982136346143
2024-03-22 18:48:04,680 [INFO] Response: 200
2024-03-22 18:48:04,682 [INFO] Gathering page 21 of 34
2024-03-22 18:48:04,685 [INFO] 
API call:
https://newsdata.io/api/1/archive?apikey=pub_200592638f3f0a1a0b3548daf92b7304983f8&q=*&domain=theage&language=en&from_date=2024-03-10&to_date=2024-03-17&country=au&page=1710270000692528100
2024-03-22 18:48:05,952 [INFO] Response: 200
2024-03-22 18:48:05,953 [INFO] Gathering page 22 of 34
2024-03-22 18:48:05,955 [INFO] 
API call:
https://newsdata.io/api/1/archive?apikey=pub_200592638f3f0a1a0b3548daf92b7304983f8&q=*&domain=theage&language=en&from_date=2024-03-10&to_date=2024-03-17&country=au&page=1710248400715515371
2024-03-22 18:48:07,018 [INFO] Response: 200
2024-03-22 18:48:07,019 [INFO] Gathering page 23 of 34
2024-03-22 18:48:07,020 [INFO] 
API call:
https://newsdata.io/api/1/archive?apikey=pub_200592638f3f0a1a0b3548daf92b7304983f8&q=*&domain=theage&language=en&from_date=2024-03-10&to_date=2024-03-17&country=au&page=1710224604333922905
2024-03-22 18:48:08,058 [INFO] Response: 200
2024-03-22 18:48:08,058 [INFO] Gathering page 24 of 34
2024-03-22 18:48:08,059 [INFO] 
API call:
https://newsdata.io/api/1/archive?apikey=pub_200592638f3f0a1a0b3548daf92b7304983f8&q=*&domain=theage&language=en&from_date=2024-03-10&to_date=2024-03-17&country=au&page=1710219000538496155
2024-03-22 18:48:09,127 [INFO] Response: 200
2024-03-22 18:48:09,129 [INFO] Gathering page 25 of 34
2024-03-22 18:48:09,130 [INFO] 
API call:
https://newsdata.io/api/1/archive?apikey=pub_200592638f3f0a1a0b3548daf92b7304983f8&q=*&domain=theage&language=en&from_date=2024-03-10&to_date=2024-03-17&country=au&page=1710198037874953519
2024-03-22 18:48:10,210 [INFO] Response: 200
2024-03-22 18:48:10,211 [INFO] Gathering page 26 of 34
2024-03-22 18:48:10,212 [INFO] 
API call:
https://newsdata.io/api/1/archive?apikey=pub_200592638f3f0a1a0b3548daf92b7304983f8&q=*&domain=theage&language=en&from_date=2024-03-10&to_date=2024-03-17&country=au&page=1710180000133237668
2024-03-22 18:48:11,279 [INFO] Response: 200
2024-03-22 18:48:11,281 [INFO] Gathering page 27 of 34
2024-03-22 18:48:11,284 [INFO] 
API call:
https://newsdata.io/api/1/archive?apikey=pub_200592638f3f0a1a0b3548daf92b7304983f8&q=*&domain=theage&language=en&from_date=2024-03-10&to_date=2024-03-17&country=au&page=1710143634562583615
2024-03-22 18:48:12,651 [INFO] Response: 200
2024-03-22 18:48:12,653 [INFO] Gathering page 28 of 34
2024-03-22 18:48:12,655 [INFO] 
API call:
https://newsdata.io/api/1/archive?apikey=pub_200592638f3f0a1a0b3548daf92b7304983f8&q=*&domain=theage&language=en&from_date=2024-03-10&to_date=2024-03-17&country=au&page=1710132248596084054
2024-03-22 18:48:13,936 [INFO] Response: 200
2024-03-22 18:48:13,938 [INFO] Gathering page 29 of 34
2024-03-22 18:48:13,939 [INFO] 
API call:
https://newsdata.io/api/1/archive?apikey=pub_200592638f3f0a1a0b3548daf92b7304983f8&q=*&domain=theage&language=en&from_date=2024-03-10&to_date=2024-03-17&country=au&page=1710110793830320561
2024-03-22 18:48:15,035 [INFO] Response: 200
2024-03-22 18:48:15,038 [INFO] Gathering page 30 of 34
2024-03-22 18:48:15,039 [INFO] 
API call:
https://newsdata.io/api/1/archive?apikey=pub_200592638f3f0a1a0b3548daf92b7304983f8&q=*&domain=theage&language=en&from_date=2024-03-10&to_date=2024-03-17&country=au&page=1710095400118266824
2024-03-22 18:48:16,310 [INFO] Response: 200
2024-03-22 18:48:16,312 [INFO] Gathering page 31 of 34
2024-03-22 18:48:16,312 [INFO] 
API call:
https://newsdata.io/api/1/archive?apikey=pub_200592638f3f0a1a0b3548daf92b7304983f8&q=*&domain=theage&language=en&from_date=2024-03-10&to_date=2024-03-17&country=au&page=1710064673246702223
2024-03-22 18:48:17,389 [INFO] Response: 200
2024-03-22 18:48:17,391 [INFO] Gathering page 32 of 34
2024-03-22 18:48:17,393 [INFO] 
API call:
https://newsdata.io/api/1/archive?apikey=pub_200592638f3f0a1a0b3548daf92b7304983f8&q=*&domain=theage&language=en&from_date=2024-03-10&to_date=2024-03-17&country=au&page=1710056165421093738
2024-03-22 18:48:18,486 [INFO] Response: 200
2024-03-22 18:48:18,488 [INFO] Gathering page 33 of 34
2024-03-22 18:48:18,489 [INFO] 
API call:
https://newsdata.io/api/1/archive?apikey=pub_200592638f3f0a1a0b3548daf92b7304983f8&q=*&domain=theage&language=en&from_date=2024-03-10&to_date=2024-03-17&country=au&page=1710030549273624215
2024-03-22 18:48:19,309 [INFO] Response: 200
2024-03-22 18:48:19,309 [INFO] Gathering page 34 of 34
2024-03-22 18:48:19,312 [INFO] 
Compiling 34 pages of results...
2024-03-22 18:48:19,317 [INFO] All news articles gathered from theage from 2024-03-10 to 2024-03-17!
2024-03-22 18:48:19,317 [INFO] Processing tables...
2024-03-22 18:48:19,505 [INFO] Tables have been processed.
2024-03-22 18:48:19,505 [INFO] 
Pushing results from theage to Google BigQuery database...
2024-03-22 18:48:20,365 [INFO] Dataset dmrc-data.newsdataio_2024 already exists
2024-03-22 18:48:20,681 [INFO] Table exists
2024-03-22 18:48:29,154 [INFO] Loaded 206424 rows and 12 columns to dmrc-data.newsdataio_2024.newsdata_nov2023_au
2024-03-22 18:48:29,472 [INFO] Table exists
2024-03-22 18:48:34,183 [INFO] Loaded 230386 rows and 2 columns to dmrc-data.newsdataio_2024.newsdata_nov2023_au_categories
2024-03-22 18:48:34,548 [INFO] Table exists
2024-03-22 18:48:44,266 [INFO] Loaded 448664 rows and 2 columns to dmrc-data.newsdataio_2024.newsdata_nov2023_au_keywords
2024-03-22 18:48:44,591 [INFO] Table exists
2024-03-22 18:48:49,598 [INFO] Loaded 248902 rows and 2 columns to dmrc-data.newsdataio_2024.newsdata_nov2023_au_creators
2024-03-22 18:48:49,599 [INFO] 
-------------------------------------------------------------------------------------------------------
2024-03-22 18:48:49,599 [INFO] Gathering news articles from vice from 2024-03-10 to 2024-03-17
2024-03-22 18:48:49,599 [INFO] 
API call:
https://newsdata.io/api/1/archive?apikey=pub_200592638f3f0a1a0b3548daf92b7304983f8&q=*&domain=vice&language=en&from_date=2024-03-10&to_date=2024-03-17&country=au
2024-03-22 18:48:50,742 [INFO] Response: 200
2024-03-22 18:48:50,742 [INFO] Gathering page 1 of 1
2024-03-22 18:48:50,743 [INFO] 
Compiling 1 pages of results...
2024-03-22 18:48:50,744 [INFO] All news articles gathered from vice from 2024-03-10 to 2024-03-17!
2024-03-22 18:48:50,744 [INFO] Processing tables...
2024-03-22 18:48:50,767 [INFO] Tables have been processed.
2024-03-22 18:48:50,767 [INFO] 
Pushing results from vice to Google BigQuery database...
2024-03-22 18:48:51,561 [INFO] Dataset dmrc-data.newsdataio_2024 already exists
2024-03-22 18:48:51,917 [INFO] Table exists
2024-03-22 18:49:00,549 [INFO] Loaded 206435 rows and 12 columns to dmrc-data.newsdataio_2024.newsdata_nov2023_au
2024-03-22 18:49:00,886 [INFO] Table exists
2024-03-22 18:49:08,443 [INFO] Loaded 230397 rows and 2 columns to dmrc-data.newsdataio_2024.newsdata_nov2023_au_categories
2024-03-22 18:49:08,751 [INFO] Table exists
2024-03-22 18:49:16,025 [INFO] Loaded 448735 rows and 2 columns to dmrc-data.newsdataio_2024.newsdata_nov2023_au_keywords
2024-03-22 18:49:16,350 [INFO] Table exists
2024-03-22 18:49:21,771 [INFO] Loaded 248924 rows and 2 columns to dmrc-data.newsdataio_2024.newsdata_nov2023_au_creators
2024-03-22 18:49:21,772 [INFO] 
-------------------------------------------------------------------------------------------------------
2024-03-22 18:49:21,772 [INFO] Gathering news articles from couriermail from 2024-03-10 to 2024-03-17
2024-03-22 18:49:21,772 [INFO] 
API call:
https://newsdata.io/api/1/archive?apikey=pub_200592638f3f0a1a0b3548daf92b7304983f8&q=*&domain=couriermail&language=en&from_date=2024-03-10&to_date=2024-03-17&country=au
2024-03-22 18:49:22,613 [INFO] Response: 200
2024-03-22 18:49:22,613 [INFO] Gathering page 1 of 0
2024-03-22 18:49:22,614 [INFO] No results for couriermail during your specified timeframe!
2024-03-22 18:49:22,615 [INFO] 
-------------------------------------------------------------------------------------------------------
2024-03-22 18:49:22,615 [INFO] Gathering news articles from junkee from 2024-03-10 to 2024-03-17
2024-03-22 18:49:22,615 [INFO] 
API call:
https://newsdata.io/api/1/archive?apikey=pub_200592638f3f0a1a0b3548daf92b7304983f8&q=*&domain=junkee&language=en&from_date=2024-03-10&to_date=2024-03-17&country=au
2024-03-22 18:49:23,508 [INFO] Response: 200
2024-03-22 18:49:23,509 [INFO] Gathering page 1 of 1
2024-03-22 18:49:23,512 [INFO] 
Compiling 1 pages of results...
2024-03-22 18:49:23,513 [INFO] All news articles gathered from junkee from 2024-03-10 to 2024-03-17!
2024-03-22 18:49:23,513 [INFO] Processing tables...
2024-03-22 18:49:23,538 [INFO] Tables have been processed.
2024-03-22 18:49:23,539 [INFO] 
Pushing results from junkee to Google BigQuery database...
2024-03-22 18:49:24,664 [INFO] Dataset dmrc-data.newsdataio_2024 already exists
2024-03-22 18:49:25,055 [INFO] Table exists
2024-03-22 18:49:30,581 [INFO] Loaded 206441 rows and 12 columns to dmrc-data.newsdataio_2024.newsdata_nov2023_au
2024-03-22 18:49:30,925 [INFO] Table exists
2024-03-22 18:49:35,367 [INFO] Loaded 230403 rows and 2 columns to dmrc-data.newsdataio_2024.newsdata_nov2023_au_categories
2024-03-22 18:49:35,704 [INFO] Table exists
2024-03-22 18:49:41,147 [INFO] Loaded 448794 rows and 2 columns to dmrc-data.newsdataio_2024.newsdata_nov2023_au_keywords
2024-03-22 18:49:41,493 [INFO] Table exists
2024-03-22 18:49:47,480 [INFO] Loaded 248931 rows and 2 columns to dmrc-data.newsdataio_2024.newsdata_nov2023_au_creators
2024-03-22 18:49:47,480 [INFO] 
Gather complete!
